[ 2019-06-18T18:47:17+08:00 ] ::1 /A00/Public/static/css/core/%7B$Think.const.ADMIN_IMAGHES_PATH%7Dcore/mws-body-bg.png
INFO: [ app_init ] --START--
INFO: Run Behavior\BuildLiteBehavior [ RunTime:0.000030s ]
INFO: [ app_init ] --END-- [ RunTime:0.000622s ]

[ 2019-06-18T18:47:23+08:00 ] ::1 /A00/Public/static/H-ui/lib/html5.js
INFO: [ app_init ] --START--
INFO: Run Behavior\BuildLiteBehavior [ RunTime:0.000013s ]
INFO: [ app_init ] --END-- [ RunTime:0.000685s ]
INFO: [ app_begin ] --START--
INFO: Run Behavior\ReadHtmlCacheBehavior [ RunTime:0.001007s ]
INFO: [ app_begin ] --END-- [ RunTime:0.001094s ]
ERR: 无法加载控制器:Public

[ 2019-06-18T18:47:23+08:00 ] ::1 /A00/Public/static/css/core/%7B$Think.const.ADMIN_IMAGHES_PATH%7Dcore/mws-body-bg.png
INFO: [ app_init ] --START--
INFO: Run Behavior\BuildLiteBehavior [ RunTime:0.000027s ]
INFO: [ app_init ] --END-- [ RunTime:0.000734s ]

[ 2019-06-18T18:47:27+08:00 ] ::1 /A00/Public/static/H-ui/lib/html5.js
INFO: [ app_init ] --START--
INFO: Run Behavior\BuildLiteBehavior [ RunTime:0.000014s ]
INFO: [ app_init ] --END-- [ RunTime:0.000448s ]
INFO: [ app_begin ] --START--
INFO: Run Behavior\ReadHtmlCacheBehavior [ RunTime:0.001267s ]
INFO: [ app_begin ] --END-- [ RunTime:0.001345s ]
ERR: 无法加载控制器:Public

[ 2019-06-18T18:47:27+08:00 ] ::1 /A00/Public/static/css/core/%7B$Think.const.ADMIN_IMAGHES_PATH%7Dcore/mws-body-bg.png
INFO: [ app_init ] --START--
INFO: Run Behavior\BuildLiteBehavior [ RunTime:0.000015s ]
INFO: [ app_init ] --END-- [ RunTime:0.000669s ]

[ 2019-06-18T18:59:14+08:00 ] ::1 /A00/Public/static/H-ui/lib/html5.js
INFO: [ app_init ] --START--
INFO: Run Behavior\BuildLiteBehavior [ RunTime:0.000013s ]
INFO: [ app_init ] --END-- [ RunTime:0.000501s ]
INFO: [ app_begin ] --START--
INFO: Run Behavior\ReadHtmlCacheBehavior [ RunTime:0.000739s ]
INFO: [ app_begin ] --END-- [ RunTime:0.000786s ]
ERR: 无法加载控制器:Public

[ 2019-06-18T18:59:14+08:00 ] ::1 /A00/Public/static/css/core/%7B$Think.const.ADMIN_IMAGHES_PATH%7Dcore/mws-body-bg.png
INFO: [ app_init ] --START--
INFO: Run Behavior\BuildLiteBehavior [ RunTime:0.000028s ]
INFO: [ app_init ] --END-- [ RunTime:0.000721s ]

[ 2019-06-18T18:59:16+08:00 ] ::1 /A00/Public/static/H-ui/lib/html5.js
INFO: [ app_init ] --START--
INFO: Run Behavior\BuildLiteBehavior [ RunTime:0.000014s ]
INFO: [ app_init ] --END-- [ RunTime:0.000371s ]
INFO: [ app_begin ] --START--
INFO: Run Behavior\ReadHtmlCacheBehavior [ RunTime:0.000571s ]
INFO: [ app_begin ] --END-- [ RunTime:0.000614s ]
ERR: 无法加载控制器:Public

[ 2019-06-18T18:59:28+08:00 ] ::1 /A00/Public/static/H-ui/lib/html5.js
INFO: [ app_init ] --START--
INFO: Run Behavior\BuildLiteBehavior [ RunTime:0.000013s ]
INFO: [ app_init ] --END-- [ RunTime:0.000457s ]
INFO: [ app_begin ] --START--
INFO: Run Behavior\ReadHtmlCacheBehavior [ RunTime:0.000719s ]
INFO: [ app_begin ] --END-- [ RunTime:0.000770s ]
ERR: 无法加载控制器:Public

[ 2019-06-18T18:59:34+08:00 ] ::1 /A00/Public/static/H-ui/lib/html5.js
INFO: [ app_init ] --START--
INFO: Run Behavior\BuildLiteBehavior [ RunTime:0.000019s ]
INFO: [ app_init ] --END-- [ RunTime:0.000797s ]
INFO: [ app_begin ] --START--
INFO: Run Behavior\ReadHtmlCacheBehavior [ RunTime:0.000802s ]
INFO: [ app_begin ] --END-- [ RunTime:0.000871s ]
ERR: 无法加载控制器:Public

[ 2019-06-18T18:59:34+08:00 ] ::1 /A00/Public/static/css/core/%7B$Think.const.ADMIN_IMAGHES_PATH%7Dcore/mws-body-bg.png
INFO: [ app_init ] --START--
INFO: Run Behavior\BuildLiteBehavior [ RunTime:0.000024s ]
INFO: [ app_init ] --END-- [ RunTime:0.000823s ]

[ 2019-06-18T19:00:18+08:00 ] ::1 /A00/Public/static/H-ui/lib/html5.js
INFO: [ app_init ] --START--
INFO: Run Behavior\BuildLiteBehavior [ RunTime:0.000013s ]
INFO: [ app_init ] --END-- [ RunTime:0.000447s ]
INFO: [ app_begin ] --START--
INFO: Run Behavior\ReadHtmlCacheBehavior [ RunTime:0.000694s ]
INFO: [ app_begin ] --END-- [ RunTime:0.000744s ]
ERR: 无法加载控制器:Public

[ 2019-06-18T19:00:18+08:00 ] ::1 /A00/Public/static/css/core/%7B$Think.const.ADMIN_IMAGHES_PATH%7Dcore/mws-body-bg.png
INFO: [ app_init ] --START--
INFO: Run Behavior\BuildLiteBehavior [ RunTime:0.000027s ]
INFO: [ app_init ] --END-- [ RunTime:0.000608s ]

[ 2019-06-18T19:00:26+08:00 ] ::1 /A00/Public/static/H-ui/lib/html5.js
INFO: [ app_init ] --START--
INFO: Run Behavior\BuildLiteBehavior [ RunTime:0.000032s ]
INFO: [ app_init ] --END-- [ RunTime:0.000445s ]
INFO: [ app_begin ] --START--
INFO: Run Behavior\ReadHtmlCacheBehavior [ RunTime:0.000658s ]
INFO: [ app_begin ] --END-- [ RunTime:0.000702s ]
ERR: 无法加载控制器:Public

[ 2019-06-18T19:00:26+08:00 ] ::1 /A00/Public/static/css/core/%7B$Think.const.ADMIN_IMAGHES_PATH%7Dcore/mws-body-bg.png
INFO: [ app_init ] --START--
INFO: Run Behavior\BuildLiteBehavior [ RunTime:0.000026s ]
INFO: [ app_init ] --END-- [ RunTime:0.000579s ]

[ 2019-06-18T19:00:35+08:00 ] ::1 /A00/Public/static/H-ui/lib/html5.js
INFO: [ app_init ] --START--
INFO: Run Behavior\BuildLiteBehavior [ RunTime:0.000011s ]
INFO: [ app_init ] --END-- [ RunTime:0.000308s ]
INFO: [ app_begin ] --START--
INFO: Run Behavior\ReadHtmlCacheBehavior [ RunTime:0.000507s ]
INFO: [ app_begin ] --END-- [ RunTime:0.000546s ]
ERR: 无法加载控制器:Public

[ 2019-06-18T19:00:35+08:00 ] ::1 /A00/Public/static/css/core/%7B$Think.const.ADMIN_IMAGHES_PATH%7Dcore/mws-body-bg.png
INFO: [ app_init ] --START--
INFO: Run Behavior\BuildLiteBehavior [ RunTime:0.000012s ]
INFO: [ app_init ] --END-- [ RunTime:0.000351s ]

[ 2019-06-18T19:00:37+08:00 ] ::1 /A00/Public/static/H-ui/lib/html5.js
INFO: [ app_init ] --START--
INFO: Run Behavior\BuildLiteBehavior [ RunTime:0.000026s ]
INFO: [ app_init ] --END-- [ RunTime:0.000356s ]
INFO: [ app_begin ] --START--
INFO: Run Behavior\ReadHtmlCacheBehavior [ RunTime:0.000572s ]
INFO: [ app_begin ] --END-- [ RunTime:0.000654s ]
ERR: 无法加载控制器:Public

[ 2019-06-18T19:00:46+08:00 ] ::1 /A00/Public/static/H-ui/lib/html5.js
INFO: [ app_init ] --START--
INFO: Run Behavior\BuildLiteBehavior [ RunTime:0.000012s ]
INFO: [ app_init ] --END-- [ RunTime:0.000335s ]
INFO: [ app_begin ] --START--
INFO: Run Behavior\ReadHtmlCacheBehavior [ RunTime:0.000586s ]
INFO: [ app_begin ] --END-- [ RunTime:0.000631s ]
ERR: 无法加载控制器:Public

[ 2019-06-18T19:00:52+08:00 ] ::1 /A00/Public/static/H-ui/lib/html5.js
INFO: [ app_init ] --START--
INFO: Run Behavior\BuildLiteBehavior [ RunTime:0.000011s ]
INFO: [ app_init ] --END-- [ RunTime:0.000524s ]
INFO: [ app_begin ] --START--
INFO: Run Behavior\ReadHtmlCacheBehavior [ RunTime:0.000544s ]
INFO: [ app_begin ] --END-- [ RunTime:0.000588s ]
ERR: 无法加载控制器:Public

[ 2019-06-18T19:00:52+08:00 ] ::1 /A00/Public/static/css/core/%7B$Think.const.ADMIN_IMAGHES_PATH%7Dcore/mws-body-bg.png
INFO: [ app_init ] --START--
INFO: Run Behavior\BuildLiteBehavior [ RunTime:0.000024s ]
INFO: [ app_init ] --END-- [ RunTime:0.000639s ]

[ 2019-06-18T19:01:37+08:00 ] ::1 /A00/Public/static/css/core/%7B$Think.const.ADMIN_IMAGHES_PATH%7Dcore/mws-body-bg.png
INFO: [ app_init ] --START--
INFO: Run Behavior\BuildLiteBehavior [ RunTime:0.000012s ]
INFO: [ app_init ] --END-- [ RunTime:0.000375s ]

[ 2019-06-18T19:02:04+08:00 ] ::1 /A00/Public/static/H-ui/lib/html5.js
INFO: [ app_init ] --START--
INFO: Run Behavior\BuildLiteBehavior [ RunTime:0.000012s ]
INFO: [ app_init ] --END-- [ RunTime:0.000504s ]
INFO: [ app_begin ] --START--
INFO: Run Behavior\ReadHtmlCacheBehavior [ RunTime:0.000753s ]
INFO: [ app_begin ] --END-- [ RunTime:0.000909s ]
ERR: 无法加载控制器:Public

[ 2019-06-18T19:02:04+08:00 ] ::1 /A00/Public/static/css/core/%7B$Think.const.ADMIN_IMAGHES_PATH%7Dcore/mws-body-bg.png
INFO: [ app_init ] --START--
INFO: Run Behavior\BuildLiteBehavior [ RunTime:0.000015s ]
INFO: [ app_init ] --END-- [ RunTime:0.000511s ]

[ 2019-06-18T19:02:06+08:00 ] ::1 /A00/Public/static/H-ui/lib/html5.js
INFO: [ app_init ] --START--
INFO: Run Behavior\BuildLiteBehavior [ RunTime:0.000011s ]
INFO: [ app_init ] --END-- [ RunTime:0.000318s ]
INFO: [ app_begin ] --START--
INFO: Run Behavior\ReadHtmlCacheBehavior [ RunTime:0.000609s ]
INFO: [ app_begin ] --END-- [ RunTime:0.000668s ]
ERR: 无法加载控制器:Public

[ 2019-06-18T19:02:12+08:00 ] ::1 /A00/Public/static/H-ui/lib/html5.js
INFO: [ app_init ] --START--
INFO: Run Behavior\BuildLiteBehavior [ RunTime:0.000011s ]
INFO: [ app_init ] --END-- [ RunTime:0.000312s ]
INFO: [ app_begin ] --START--
INFO: Run Behavior\ReadHtmlCacheBehavior [ RunTime:0.000523s ]
INFO: [ app_begin ] --END-- [ RunTime:0.000565s ]
ERR: 无法加载控制器:Public

[ 2019-06-18T19:02:16+08:00 ] ::1 /A00/Public/static/H-ui/lib/html5.js
INFO: [ app_init ] --START--
INFO: Run Behavior\BuildLiteBehavior [ RunTime:0.000012s ]
INFO: [ app_init ] --END-- [ RunTime:0.000390s ]
INFO: [ app_begin ] --START--
INFO: Run Behavior\ReadHtmlCacheBehavior [ RunTime:0.000959s ]
INFO: [ app_begin ] --END-- [ RunTime:0.001027s ]
ERR: 无法加载控制器:Public

[ 2019-06-18T19:02:17+08:00 ] ::1 /A00/Public/static/css/core/%7B$Think.const.ADMIN_IMAGHES_PATH%7Dcore/mws-body-bg.png
INFO: [ app_init ] --START--
INFO: Run Behavior\BuildLiteBehavior [ RunTime:0.000013s ]
INFO: [ app_init ] --END-- [ RunTime:0.000493s ]

[ 2019-06-18T19:02:49+08:00 ] ::1 /A00/Public/static/css/core/%7B$Think.const.ADMIN_IMAGHES_PATH%7Dcore/mws-body-bg.png
INFO: [ app_init ] --START--
INFO: Run Behavior\BuildLiteBehavior [ RunTime:0.000033s ]
INFO: [ app_init ] --END-- [ RunTime:0.000478s ]

[ 2019-06-18T19:02:53+08:00 ] ::1 /A00/Public/static/H-ui/lib/html5.js
INFO: [ app_init ] --START--
INFO: Run Behavior\BuildLiteBehavior [ RunTime:0.000013s ]
INFO: [ app_init ] --END-- [ RunTime:0.000582s ]
INFO: [ app_begin ] --START--
INFO: Run Behavior\ReadHtmlCacheBehavior [ RunTime:0.000728s ]
INFO: [ app_begin ] --END-- [ RunTime:0.000774s ]
ERR: 无法加载控制器:Public

[ 2019-06-18T19:02:53+08:00 ] ::1 /A00/Public/static/css/core/%7B$Think.const.ADMIN_IMAGHES_PATH%7Dcore/mws-body-bg.png
INFO: [ app_init ] --START--
INFO: Run Behavior\BuildLiteBehavior [ RunTime:0.000019s ]
INFO: [ app_init ] --END-- [ RunTime:0.000455s ]

[ 2019-06-18T19:03:23+08:00 ] ::1 /A00/Public/static/H-ui/lib/html5.js
INFO: [ app_init ] --START--
INFO: Run Behavior\BuildLiteBehavior [ RunTime:0.000013s ]
INFO: [ app_init ] --END-- [ RunTime:0.000435s ]
INFO: [ app_begin ] --START--
INFO: Run Behavior\ReadHtmlCacheBehavior [ RunTime:0.001296s ]
INFO: [ app_begin ] --END-- [ RunTime:0.001460s ]
ERR: 无法加载控制器:Public

[ 2019-06-18T19:03:24+08:00 ] ::1 /A00/Public/static/css/core/%7B$Think.const.ADMIN_IMAGHES_PATH%7Dcore/mws-body-bg.png
INFO: [ app_init ] --START--
INFO: Run Behavior\BuildLiteBehavior [ RunTime:0.000030s ]
INFO: [ app_init ] --END-- [ RunTime:0.001020s ]

[ 2019-06-18T19:03:25+08:00 ] ::1 /A00/Public/static/H-ui/lib/html5.js
INFO: [ app_init ] --START--
INFO: Run Behavior\BuildLiteBehavior [ RunTime:0.000012s ]
INFO: [ app_init ] --END-- [ RunTime:0.000535s ]
INFO: [ app_begin ] --START--
INFO: Run Behavior\ReadHtmlCacheBehavior [ RunTime:0.000996s ]
INFO: [ app_begin ] --END-- [ RunTime:0.001081s ]
ERR: 无法加载控制器:Public

[ 2019-06-18T19:03:33+08:00 ] ::1 /A00/Public/static/H-ui/lib/html5.js
INFO: [ app_init ] --START--
INFO: Run Behavior\BuildLiteBehavior [ RunTime:0.000011s ]
INFO: [ app_init ] --END-- [ RunTime:0.000385s ]
INFO: [ app_begin ] --START--
INFO: Run Behavior\ReadHtmlCacheBehavior [ RunTime:0.000968s ]
INFO: [ app_begin ] --END-- [ RunTime:0.001032s ]
ERR: 无法加载控制器:Public

[ 2019-06-18T19:03:38+08:00 ] ::1 /A00/Public/static/H-ui/lib/html5.js
INFO: [ app_init ] --START--
INFO: Run Behavior\BuildLiteBehavior [ RunTime:0.000030s ]
INFO: [ app_init ] --END-- [ RunTime:0.000336s ]
INFO: [ app_begin ] --START--
INFO: Run Behavior\ReadHtmlCacheBehavior [ RunTime:0.001106s ]
INFO: [ app_begin ] --END-- [ RunTime:0.001194s ]
ERR: 无法加载控制器:Public

[ 2019-06-18T19:03:38+08:00 ] ::1 /A00/Public/static/css/core/%7B$Think.const.ADMIN_IMAGHES_PATH%7Dcore/mws-body-bg.png
INFO: [ app_init ] --START--
INFO: Run Behavior\BuildLiteBehavior [ RunTime:0.000020s ]
INFO: [ app_init ] --END-- [ RunTime:0.000623s ]

[ 2019-06-18T19:04:02+08:00 ] ::1 /A00/Public/static/H-ui/lib/html5.js
INFO: [ app_init ] --START--
INFO: Run Behavior\BuildLiteBehavior [ RunTime:0.000013s ]
INFO: [ app_init ] --END-- [ RunTime:0.000459s ]
INFO: [ app_begin ] --START--
INFO: Run Behavior\ReadHtmlCacheBehavior [ RunTime:0.000615s ]
INFO: [ app_begin ] --END-- [ RunTime:0.000681s ]
ERR: 无法加载控制器:Public

[ 2019-06-18T19:04:03+08:00 ] ::1 /A00/Public/static/css/core/%7B$Think.const.ADMIN_IMAGHES_PATH%7Dcore/mws-body-bg.png
INFO: [ app_init ] --START--
INFO: Run Behavior\BuildLiteBehavior [ RunTime:0.000015s ]
INFO: [ app_init ] --END-- [ RunTime:0.000592s ]

[ 2019-06-18T19:06:26+08:00 ] ::1 /A00/Public/static/css/core/%7B$Think.const.ADMIN_IMAGHES_PATH%7Dcore/mws-body-bg.png
INFO: [ app_init ] --START--
INFO: Run Behavior\BuildLiteBehavior [ RunTime:0.000011s ]
INFO: [ app_init ] --END-- [ RunTime:0.000317s ]

[ 2019-06-18T19:06:31+08:00 ] ::1 /A00/Public/static/css/core/%7B$Think.const.ADMIN_IMAGHES_PATH%7Dcore/mws-body-bg.png
INFO: [ app_init ] --START--
INFO: Run Behavior\BuildLiteBehavior [ RunTime:0.000011s ]
INFO: [ app_init ] --END-- [ RunTime:0.000310s ]

[ 2019-06-18T19:06:43+08:00 ] ::1 /A00/Public/static/H-ui/lib/html5.js
INFO: [ app_init ] --START--
INFO: Run Behavior\BuildLiteBehavior [ RunTime:0.000016s ]
INFO: [ app_init ] --END-- [ RunTime:0.000491s ]
INFO: [ app_begin ] --START--
INFO: Run Behavior\ReadHtmlCacheBehavior [ RunTime:0.000765s ]
INFO: [ app_begin ] --END-- [ RunTime:0.000828s ]
ERR: 无法加载控制器:Public

[ 2019-06-18T19:06:43+08:00 ] ::1 /A00/Public/static/css/core/%7B$Think.const.ADMIN_IMAGHES_PATH%7Dcore/mws-body-bg.png
INFO: [ app_init ] --START--
INFO: Run Behavior\BuildLiteBehavior [ RunTime:0.000030s ]
INFO: [ app_init ] --END-- [ RunTime:0.000528s ]

[ 2019-06-18T19:10:03+08:00 ] ::1 /A00/Public/static/H-ui/lib/html5.js
INFO: [ app_init ] --START--
INFO: Run Behavior\BuildLiteBehavior [ RunTime:0.000013s ]
INFO: [ app_init ] --END-- [ RunTime:0.000422s ]
INFO: [ app_begin ] --START--
INFO: Run Behavior\ReadHtmlCacheBehavior [ RunTime:0.000962s ]
INFO: [ app_begin ] --END-- [ RunTime:0.001016s ]
ERR: 无法加载控制器:Public

[ 2019-06-18T19:10:03+08:00 ] ::1 /A00/Public/static/css/core/%7B$Think.const.ADMIN_IMAGHES_PATH%7Dcore/mws-body-bg.png
INFO: [ app_init ] --START--
INFO: Run Behavior\BuildLiteBehavior [ RunTime:0.000012s ]
INFO: [ app_init ] --END-- [ RunTime:0.000361s ]

[ 2019-06-18T19:10:04+08:00 ] ::1 /A00/Public/static/H-ui/lib/html5.js
INFO: [ app_init ] --START--
INFO: Run Behavior\BuildLiteBehavior [ RunTime:0.000013s ]
INFO: [ app_init ] --END-- [ RunTime:0.000463s ]
INFO: [ app_begin ] --START--
INFO: Run Behavior\ReadHtmlCacheBehavior [ RunTime:0.000597s ]
INFO: [ app_begin ] --END-- [ RunTime:0.000645s ]
ERR: 无法加载控制器:Public

[ 2019-06-18T19:10:10+08:00 ] ::1 /A00/Public/static/H-ui/lib/html5.js
INFO: [ app_init ] --START--
INFO: Run Behavior\BuildLiteBehavior [ RunTime:0.000012s ]
INFO: [ app_init ] --END-- [ RunTime:0.000405s ]
INFO: [ app_begin ] --START--
INFO: Run Behavior\ReadHtmlCacheBehavior [ RunTime:0.000559s ]
INFO: [ app_begin ] --END-- [ RunTime:0.000603s ]
ERR: 无法加载控制器:Public

[ 2019-06-18T19:10:14+08:00 ] ::1 /A00/Public/static/H-ui/lib/html5.js
INFO: [ app_init ] --START--
INFO: Run Behavior\BuildLiteBehavior [ RunTime:0.000012s ]
INFO: [ app_init ] --END-- [ RunTime:0.000399s ]
INFO: [ app_begin ] --START--
INFO: Run Behavior\ReadHtmlCacheBehavior [ RunTime:0.001253s ]
INFO: [ app_begin ] --END-- [ RunTime:0.001354s ]
ERR: 无法加载控制器:Public

[ 2019-06-18T19:10:14+08:00 ] ::1 /A00/Public/static/css/core/%7B$Think.const.ADMIN_IMAGHES_PATH%7Dcore/mws-body-bg.png
INFO: [ app_init ] --START--
INFO: Run Behavior\BuildLiteBehavior [ RunTime:0.000024s ]
INFO: [ app_init ] --END-- [ RunTime:0.000619s ]

[ 2019-06-18T19:10:35+08:00 ] ::1 /A00/Public/static/css/core/%7B$Think.const.ADMIN_IMAGHES_PATH%7Dcore/mws-body-bg.png
INFO: [ app_init ] --START--
INFO: Run Behavior\BuildLiteBehavior [ RunTime:0.000022s ]
INFO: [ app_init ] --END-- [ RunTime:0.000838s ]

[ 2019-06-18T19:10:40+08:00 ] ::1 /A00/Public/static/H-ui/lib/html5.js
INFO: [ app_init ] --START--
INFO: Run Behavior\BuildLiteBehavior [ RunTime:0.000026s ]
INFO: [ app_init ] --END-- [ RunTime:0.000680s ]
INFO: [ app_begin ] --START--
INFO: Run Behavior\ReadHtmlCacheBehavior [ RunTime:0.000667s ]
INFO: [ app_begin ] --END-- [ RunTime:0.000722s ]
ERR: 无法加载控制器:Public

[ 2019-06-18T19:10:40+08:00 ] ::1 /A00/Public/static/css/core/%7B$Think.const.ADMIN_IMAGHES_PATH%7Dcore/mws-body-bg.png
INFO: [ app_init ] --START--
INFO: Run Behavior\BuildLiteBehavior [ RunTime:0.000027s ]
INFO: [ app_init ] --END-- [ RunTime:0.000437s ]

[ 2019-06-18T19:10:46+08:00 ] ::1 /A00/Public/static/H-ui/lib/html5.js
INFO: [ app_init ] --START--
INFO: Run Behavior\BuildLiteBehavior [ RunTime:0.000031s ]
INFO: [ app_init ] --END-- [ RunTime:0.000655s ]
INFO: [ app_begin ] --START--
INFO: Run Behavior\ReadHtmlCacheBehavior [ RunTime:0.001161s ]
INFO: [ app_begin ] --END-- [ RunTime:0.001325s ]
ERR: 无法加载控制器:Public

[ 2019-06-18T19:10:47+08:00 ] ::1 /A00/Public/static/H-ui/lib/jquery/1.9.1/jquery.min.map
INFO: [ app_init ] --START--
INFO: Run Behavior\BuildLiteBehavior [ RunTime:0.000019s ]
INFO: [ app_init ] --END-- [ RunTime:0.001092s ]
INFO: [ app_begin ] --START--
INFO: Run Behavior\ReadHtmlCacheBehavior [ RunTime:0.001188s ]
INFO: [ app_begin ] --END-- [ RunTime:0.001299s ]
ERR: 无法加载控制器:Public

[ 2019-06-18T19:10:51+08:00 ] ::1 /A00/Public/static/H-ui/lib/html5.js
INFO: [ app_init ] --START--
INFO: Run Behavior\BuildLiteBehavior [ RunTime:0.000020s ]
INFO: [ app_init ] --END-- [ RunTime:0.000534s ]
INFO: [ app_begin ] --START--
INFO: Run Behavior\ReadHtmlCacheBehavior [ RunTime:0.000900s ]
INFO: [ app_begin ] --END-- [ RunTime:0.000982s ]
ERR: 无法加载控制器:Public

[ 2019-06-18T19:11:06+08:00 ] ::1 /A00/Public/static/H-ui/lib/html5.js
INFO: [ app_init ] --START--
INFO: Run Behavior\BuildLiteBehavior [ RunTime:0.000023s ]
INFO: [ app_init ] --END-- [ RunTime:0.002704s ]
INFO: [ app_begin ] --START--
INFO: Run Behavior\ReadHtmlCacheBehavior [ RunTime:0.003148s ]
INFO: [ app_begin ] --END-- [ RunTime:0.003863s ]
ERR: 无法加载控制器:Public

[ 2019-06-18T19:11:07+08:00 ] ::1 /A00/Public/static/css/core/%7B$Think.const.ADMIN_IMAGHES_PATH%7Dcore/mws-body-bg.png
INFO: [ app_init ] --START--
INFO: Run Behavior\BuildLiteBehavior [ RunTime:0.000023s ]
INFO: [ app_init ] --END-- [ RunTime:0.000939s ]

[ 2019-06-18T19:11:07+08:00 ] ::1 /A00/Public/static/H-ui/lib/jquery/1.9.1/jquery.min.map
INFO: [ app_init ] --START--
INFO: Run Behavior\BuildLiteBehavior [ RunTime:0.000025s ]
INFO: [ app_init ] --END-- [ RunTime:0.000850s ]
INFO: [ app_begin ] --START--
INFO: Run Behavior\ReadHtmlCacheBehavior [ RunTime:0.001117s ]
INFO: [ app_begin ] --END-- [ RunTime:0.001209s ]
ERR: 无法加载控制器:Public

[ 2019-06-18T19:11:27+08:00 ] ::1 /A00/Public/static/css/core/%7B$Think.const.ADMIN_IMAGHES_PATH%7Dcore/mws-body-bg.png
INFO: [ app_init ] --START--
INFO: Run Behavior\BuildLiteBehavior [ RunTime:0.000018s ]
INFO: [ app_init ] --END-- [ RunTime:0.000383s ]

[ 2019-06-18T19:11:32+08:00 ] ::1 /A00/Public/static/css/core/%7B$Think.const.ADMIN_IMAGHES_PATH%7Dcore/mws-body-bg.png
INFO: [ app_init ] --START--
INFO: Run Behavior\BuildLiteBehavior [ RunTime:0.000013s ]
INFO: [ app_init ] --END-- [ RunTime:0.000384s ]

[ 2019-06-18T19:11:38+08:00 ] ::1 /A00/Public/static/css/core/%7B$Think.const.ADMIN_IMAGHES_PATH%7Dcore/mws-body-bg.png
INFO: [ app_init ] --START--
INFO: Run Behavior\BuildLiteBehavior [ RunTime:0.000011s ]
INFO: [ app_init ] --END-- [ RunTime:0.000328s ]

[ 2019-06-18T19:11:47+08:00 ] ::1 /A00/Public/static/H-ui/lib/html5.js
INFO: [ app_init ] --START--
INFO: Run Behavior\BuildLiteBehavior [ RunTime:0.000011s ]
INFO: [ app_init ] --END-- [ RunTime:0.000353s ]
INFO: [ app_begin ] --START--
INFO: Run Behavior\ReadHtmlCacheBehavior [ RunTime:0.000534s ]
INFO: [ app_begin ] --END-- [ RunTime:0.000573s ]
ERR: 无法加载控制器:Public

[ 2019-06-18T19:11:47+08:00 ] ::1 /A00/Public/static/H-ui/lib/html5.js
INFO: [ app_init ] --START--
INFO: Run Behavior\BuildLiteBehavior [ RunTime:0.000018s ]
INFO: [ app_init ] --END-- [ RunTime:0.000555s ]
INFO: [ app_begin ] --START--
INFO: Run Behavior\ReadHtmlCacheBehavior [ RunTime:0.000768s ]
INFO: [ app_begin ] --END-- [ RunTime:0.000829s ]
ERR: 无法加载控制器:Public

[ 2019-06-18T19:11:47+08:00 ] ::1 /A00/Public/static/css/core/%7B$Think.const.ADMIN_IMAGHES_PATH%7Dcore/mws-body-bg.png
INFO: [ app_init ] --START--
INFO: Run Behavior\BuildLiteBehavior [ RunTime:0.000013s ]
INFO: [ app_init ] --END-- [ RunTime:0.000475s ]

[ 2019-06-18T19:12:01+08:00 ] ::1 /A00/Public/static/H-ui/lib/html5.js
INFO: [ app_init ] --START--
INFO: Run Behavior\BuildLiteBehavior [ RunTime:0.000030s ]
INFO: [ app_init ] --END-- [ RunTime:0.000972s ]
INFO: [ app_begin ] --START--
INFO: Run Behavior\ReadHtmlCacheBehavior [ RunTime:0.001105s ]
INFO: [ app_begin ] --END-- [ RunTime:0.001247s ]
ERR: 无法加载控制器:Public

[ 2019-06-18T19:12:01+08:00 ] ::1 /A00/Public/static/css/core/%7B$Think.const.ADMIN_IMAGHES_PATH%7Dcore/mws-body-bg.png
INFO: [ app_init ] --START--
INFO: Run Behavior\BuildLiteBehavior [ RunTime:0.000017s ]
INFO: [ app_init ] --END-- [ RunTime:0.000679s ]

[ 2019-06-18T19:12:11+08:00 ] ::1 /A00/Public/static/H-ui/lib/html5.js
INFO: [ app_init ] --START--
INFO: Run Behavior\BuildLiteBehavior [ RunTime:0.000016s ]
INFO: [ app_init ] --END-- [ RunTime:0.000469s ]
INFO: [ app_begin ] --START--
INFO: Run Behavior\ReadHtmlCacheBehavior [ RunTime:0.000934s ]
INFO: [ app_begin ] --END-- [ RunTime:0.000999s ]
ERR: 无法加载控制器:Public

[ 2019-06-18T19:12:11+08:00 ] ::1 /A00/Public/static/css/core/%7B$Think.const.ADMIN_IMAGHES_PATH%7Dcore/mws-body-bg.png
INFO: [ app_init ] --START--
INFO: Run Behavior\BuildLiteBehavior [ RunTime:0.000011s ]
INFO: [ app_init ] --END-- [ RunTime:0.000331s ]

[ 2019-06-18T19:12:26+08:00 ] ::1 /A00/Public/static/H-ui/lib/html5.js
INFO: [ app_init ] --START--
INFO: Run Behavior\BuildLiteBehavior [ RunTime:0.000012s ]
INFO: [ app_init ] --END-- [ RunTime:0.000334s ]
INFO: [ app_begin ] --START--
INFO: Run Behavior\ReadHtmlCacheBehavior [ RunTime:0.000828s ]
INFO: [ app_begin ] --END-- [ RunTime:0.000919s ]
ERR: 无法加载控制器:Public

[ 2019-06-18T19:12:26+08:00 ] ::1 /A00/Public/static/css/core/%7B$Think.const.ADMIN_IMAGHES_PATH%7Dcore/mws-body-bg.png
INFO: [ app_init ] --START--
INFO: Run Behavior\BuildLiteBehavior [ RunTime:0.000019s ]
INFO: [ app_init ] --END-- [ RunTime:0.000539s ]

[ 2019-06-18T19:12:33+08:00 ] ::1 /A00/Public/static/css/core/%7B$Think.const.ADMIN_IMAGHES_PATH%7Dcore/mws-body-bg.png
INFO: [ app_init ] --START--
INFO: Run Behavior\BuildLiteBehavior [ RunTime:0.000011s ]
INFO: [ app_init ] --END-- [ RunTime:0.000400s ]

[ 2019-06-18T19:13:21+08:00 ] ::1 /A00/Public/static/css/core/%7B$Think.const.ADMIN_IMAGHES_PATH%7Dcore/mws-body-bg.png
INFO: [ app_init ] --START--
INFO: Run Behavior\BuildLiteBehavior [ RunTime:0.000021s ]
INFO: [ app_init ] --END-- [ RunTime:0.000548s ]

[ 2019-06-18T19:13:32+08:00 ] ::1 /A00/Public/static/H-ui/lib/html5.js
INFO: [ app_init ] --START--
INFO: Run Behavior\BuildLiteBehavior [ RunTime:0.000018s ]
INFO: [ app_init ] --END-- [ RunTime:0.000618s ]
INFO: [ app_begin ] --START--
INFO: Run Behavior\ReadHtmlCacheBehavior [ RunTime:0.001018s ]
INFO: [ app_begin ] --END-- [ RunTime:0.001128s ]
ERR: 无法加载控制器:Public

[ 2019-06-18T19:13:32+08:00 ] ::1 /A00/Public/static/H-ui/lib/html5.js
INFO: [ app_init ] --START--
INFO: Run Behavior\BuildLiteBehavior [ RunTime:0.000028s ]
INFO: [ app_init ] --END-- [ RunTime:0.000442s ]
INFO: [ app_begin ] --START--
INFO: Run Behavior\ReadHtmlCacheBehavior [ RunTime:0.000876s ]
INFO: [ app_begin ] --END-- [ RunTime:0.000985s ]
ERR: 无法加载控制器:Public

[ 2019-06-18T19:13:32+08:00 ] ::1 /A00/Public/static/css/core/%7B$Think.const.ADMIN_IMAGHES_PATH%7Dcore/mws-body-bg.png
INFO: [ app_init ] --START--
INFO: Run Behavior\BuildLiteBehavior [ RunTime:0.000018s ]
INFO: [ app_init ] --END-- [ RunTime:0.000537s ]

[ 2019-06-18T19:13:34+08:00 ] ::1 /A00/Public/static/H-ui/lib/html5.js
INFO: [ app_init ] --START--
INFO: Run Behavior\BuildLiteBehavior [ RunTime:0.000024s ]
INFO: [ app_init ] --END-- [ RunTime:0.000690s ]
INFO: [ app_begin ] --START--
INFO: Run Behavior\ReadHtmlCacheBehavior [ RunTime:0.001058s ]
INFO: [ app_begin ] --END-- [ RunTime:0.001219s ]
ERR: 无法加载控制器:Public

[ 2019-06-18T19:13:34+08:00 ] ::1 /A00/Public/static/H-ui/lib/html5.js
INFO: [ app_init ] --START--
INFO: Run Behavior\BuildLiteBehavior [ RunTime:0.000012s ]
INFO: [ app_init ] --END-- [ RunTime:0.000372s ]
INFO: [ app_begin ] --START--
INFO: Run Behavior\ReadHtmlCacheBehavior [ RunTime:0.000562s ]
INFO: [ app_begin ] --END-- [ RunTime:0.000626s ]
ERR: 无法加载控制器:Public

[ 2019-06-18T19:13:34+08:00 ] ::1 /A00/Public/static/css/core/%7B$Think.const.ADMIN_IMAGHES_PATH%7Dcore/mws-body-bg.png
INFO: [ app_init ] --START--
INFO: Run Behavior\BuildLiteBehavior [ RunTime:0.000017s ]
INFO: [ app_init ] --END-- [ RunTime:0.000553s ]

[ 2019-06-18T19:13:44+08:00 ] ::1 /A00/Public/static/H-ui/lib/html5.js
INFO: [ app_init ] --START--
INFO: Run Behavior\BuildLiteBehavior [ RunTime:0.000054s ]
INFO: [ app_init ] --END-- [ RunTime:0.000676s ]
INFO: [ app_begin ] --START--
INFO: Run Behavior\ReadHtmlCacheBehavior [ RunTime:0.000795s ]
INFO: [ app_begin ] --END-- [ RunTime:0.000864s ]
ERR: 无法加载控制器:Public

[ 2019-06-18T19:13:44+08:00 ] ::1 /A00/Public/static/css/core/%7B$Think.const.ADMIN_IMAGHES_PATH%7Dcore/mws-body-bg.png
INFO: [ app_init ] --START--
INFO: Run Behavior\BuildLiteBehavior [ RunTime:0.000011s ]
INFO: [ app_init ] --END-- [ RunTime:0.000332s ]

[ 2019-06-18T19:15:21+08:00 ] ::1 /A00/Public/static/H-ui/lib/html5.js
INFO: [ app_init ] --START--
INFO: Run Behavior\BuildLiteBehavior [ RunTime:0.000018s ]
INFO: [ app_init ] --END-- [ RunTime:0.000725s ]
INFO: [ app_begin ] --START--
INFO: Run Behavior\ReadHtmlCacheBehavior [ RunTime:0.001118s ]
INFO: [ app_begin ] --END-- [ RunTime:0.001232s ]
ERR: 无法加载控制器:Public

[ 2019-06-18T19:15:21+08:00 ] ::1 /A00/Public/static/H-ui/lib/html5.js
INFO: [ app_init ] --START--
INFO: Run Behavior\BuildLiteBehavior [ RunTime:0.000011s ]
INFO: [ app_init ] --END-- [ RunTime:0.000322s ]
INFO: [ app_begin ] --START--
INFO: Run Behavior\ReadHtmlCacheBehavior [ RunTime:0.001118s ]
INFO: [ app_begin ] --END-- [ RunTime:0.001259s ]
ERR: 无法加载控制器:Public

[ 2019-06-18T19:15:21+08:00 ] ::1 /A00/Public/static/css/core/%7B$Think.const.ADMIN_IMAGHES_PATH%7Dcore/mws-body-bg.png
INFO: [ app_init ] --START--
INFO: Run Behavior\BuildLiteBehavior [ RunTime:0.000014s ]
INFO: [ app_init ] --END-- [ RunTime:0.000353s ]

[ 2019-06-18T19:15:23+08:00 ] ::1 /A00/Public/static/css/core/%7B$Think.const.ADMIN_IMAGHES_PATH%7Dcore/mws-body-bg.png
INFO: [ app_init ] --START--
INFO: Run Behavior\BuildLiteBehavior [ RunTime:0.000020s ]
INFO: [ app_init ] --END-- [ RunTime:0.000473s ]

[ 2019-06-18T19:15:32+08:00 ] ::1 /A00/Public/static/H-ui/lib/html5.js
INFO: [ app_init ] --START--
INFO: Run Behavior\BuildLiteBehavior [ RunTime:0.000025s ]
INFO: [ app_init ] --END-- [ RunTime:0.000755s ]
INFO: [ app_begin ] --START--
INFO: Run Behavior\ReadHtmlCacheBehavior [ RunTime:0.000751s ]
INFO: [ app_begin ] --END-- [ RunTime:0.000821s ]
ERR: 无法加载控制器:Public

[ 2019-06-18T19:15:32+08:00 ] ::1 /A00/Public/static/H-ui/lib/html5.js
INFO: [ app_init ] --START--
INFO: Run Behavior\BuildLiteBehavior [ RunTime:0.000018s ]
INFO: [ app_init ] --END-- [ RunTime:0.000514s ]
INFO: [ app_begin ] --START--
INFO: Run Behavior\ReadHtmlCacheBehavior [ RunTime:0.001011s ]
INFO: [ app_begin ] --END-- [ RunTime:0.001094s ]
ERR: 无法加载控制器:Public

[ 2019-06-18T19:15:32+08:00 ] ::1 /A00/Public/static/css/core/%7B$Think.const.ADMIN_IMAGHES_PATH%7Dcore/mws-body-bg.png
INFO: [ app_init ] --START--
INFO: Run Behavior\BuildLiteBehavior [ RunTime:0.000032s ]
INFO: [ app_init ] --END-- [ RunTime:0.001029s ]

[ 2019-06-18T19:15:34+08:00 ] ::1 /A00/Public/static/H-ui/lib/html5.js
INFO: [ app_init ] --START--
INFO: Run Behavior\BuildLiteBehavior [ RunTime:0.000014s ]
INFO: [ app_init ] --END-- [ RunTime:0.000705s ]
INFO: [ app_begin ] --START--
INFO: Run Behavior\ReadHtmlCacheBehavior [ RunTime:0.001466s ]
INFO: [ app_begin ] --END-- [ RunTime:0.001597s ]
ERR: 无法加载控制器:Public

[ 2019-06-18T19:15:34+08:00 ] ::1 /A00/Public/static/H-ui/lib/html5.js
INFO: [ app_init ] --START--
INFO: Run Behavior\BuildLiteBehavior [ RunTime:0.000013s ]
INFO: [ app_init ] --END-- [ RunTime:0.000389s ]
INFO: [ app_begin ] --START--
INFO: Run Behavior\ReadHtmlCacheBehavior [ RunTime:0.000649s ]
INFO: [ app_begin ] --END-- [ RunTime:0.000702s ]
ERR: 无法加载控制器:Public

[ 2019-06-18T19:15:34+08:00 ] ::1 /A00/Public/static/css/core/%7B$Think.const.ADMIN_IMAGHES_PATH%7Dcore/mws-body-bg.png
INFO: [ app_init ] --START--
INFO: Run Behavior\BuildLiteBehavior [ RunTime:0.000012s ]
INFO: [ app_init ] --END-- [ RunTime:0.000369s ]

[ 2019-06-18T19:15:42+08:00 ] ::1 /A00/Public/static/H-ui/lib/html5.js
INFO: [ app_init ] --START--
INFO: Run Behavior\BuildLiteBehavior [ RunTime:0.000025s ]
INFO: [ app_init ] --END-- [ RunTime:0.000657s ]
INFO: [ app_begin ] --START--
INFO: Run Behavior\ReadHtmlCacheBehavior [ RunTime:0.001160s ]
INFO: [ app_begin ] --END-- [ RunTime:0.001244s ]
ERR: 无法加载控制器:Public

[ 2019-06-18T19:15:42+08:00 ] ::1 /A00/Public/static/H-ui/lib/html5.js
INFO: [ app_init ] --START--
INFO: Run Behavior\BuildLiteBehavior [ RunTime:0.000028s ]
INFO: [ app_init ] --END-- [ RunTime:0.000521s ]
INFO: [ app_begin ] --START--
INFO: Run Behavior\ReadHtmlCacheBehavior [ RunTime:0.000711s ]
INFO: [ app_begin ] --END-- [ RunTime:0.000767s ]
ERR: 无法加载控制器:Public

[ 2019-06-18T19:15:42+08:00 ] ::1 /A00/Public/static/css/core/%7B$Think.const.ADMIN_IMAGHES_PATH%7Dcore/mws-body-bg.png
INFO: [ app_init ] --START--
INFO: Run Behavior\BuildLiteBehavior [ RunTime:0.000012s ]
INFO: [ app_init ] --END-- [ RunTime:0.000414s ]

[ 2019-06-18T19:15:54+08:00 ] ::1 /A00/Public/static/H-ui/lib/html5.js
INFO: [ app_init ] --START--
INFO: Run Behavior\BuildLiteBehavior [ RunTime:0.000012s ]
INFO: [ app_init ] --END-- [ RunTime:0.000448s ]
INFO: [ app_begin ] --START--
INFO: Run Behavior\ReadHtmlCacheBehavior [ RunTime:0.000949s ]
INFO: [ app_begin ] --END-- [ RunTime:0.001020s ]
ERR: 无法加载控制器:Public

[ 2019-06-18T19:15:54+08:00 ] ::1 /A00/Public/static/H-ui/lib/html5.js
INFO: [ app_init ] --START--
INFO: Run Behavior\BuildLiteBehavior [ RunTime:0.000020s ]
INFO: [ app_init ] --END-- [ RunTime:0.000626s ]
INFO: [ app_begin ] --START--
INFO: Run Behavior\ReadHtmlCacheBehavior [ RunTime:0.000948s ]
INFO: [ app_begin ] --END-- [ RunTime:0.001026s ]
ERR: 无法加载控制器:Public

[ 2019-06-18T19:15:54+08:00 ] ::1 /A00/Public/static/css/core/%7B$Think.const.ADMIN_IMAGHES_PATH%7Dcore/mws-body-bg.png
INFO: [ app_init ] --START--
INFO: Run Behavior\BuildLiteBehavior [ RunTime:0.000012s ]
INFO: [ app_init ] --END-- [ RunTime:0.000329s ]

[ 2019-06-18T19:15:59+08:00 ] ::1 /A00/Public/static/H-ui/lib/html5.js
INFO: [ app_init ] --START--
INFO: Run Behavior\BuildLiteBehavior [ RunTime:0.000014s ]
INFO: [ app_init ] --END-- [ RunTime:0.000490s ]
INFO: [ app_begin ] --START--
INFO: Run Behavior\ReadHtmlCacheBehavior [ RunTime:0.000537s ]
INFO: [ app_begin ] --END-- [ RunTime:0.000593s ]
ERR: 无法加载控制器:Public

[ 2019-06-18T19:15:59+08:00 ] ::1 /A00/Public/static/css/core/%7B$Think.const.ADMIN_IMAGHES_PATH%7Dcore/mws-body-bg.png
INFO: [ app_init ] --START--
INFO: Run Behavior\BuildLiteBehavior [ RunTime:0.000011s ]
INFO: [ app_init ] --END-- [ RunTime:0.000313s ]

[ 2019-06-18T19:16:01+08:00 ] ::1 /A00/Public/static/H-ui/lib/html5.js
INFO: [ app_init ] --START--
INFO: Run Behavior\BuildLiteBehavior [ RunTime:0.000040s ]
INFO: [ app_init ] --END-- [ RunTime:0.001101s ]
INFO: [ app_begin ] --START--
INFO: Run Behavior\ReadHtmlCacheBehavior [ RunTime:0.000728s ]
INFO: [ app_begin ] --END-- [ RunTime:0.000829s ]
ERR: 无法加载控制器:Public

[ 2019-06-18T19:16:01+08:00 ] ::1 /A00/Public/static/css/core/%7B$Think.const.ADMIN_IMAGHES_PATH%7Dcore/mws-body-bg.png
INFO: [ app_init ] --START--
INFO: Run Behavior\BuildLiteBehavior [ RunTime:0.000017s ]
INFO: [ app_init ] --END-- [ RunTime:0.000525s ]

[ 2019-06-18T19:16:02+08:00 ] ::1 /A00/Public/static/H-ui/lib/html5.js
INFO: [ app_init ] --START--
INFO: Run Behavior\BuildLiteBehavior [ RunTime:0.000021s ]
INFO: [ app_init ] --END-- [ RunTime:0.000573s ]
INFO: [ app_begin ] --START--
INFO: Run Behavior\ReadHtmlCacheBehavior [ RunTime:0.001122s ]
INFO: [ app_begin ] --END-- [ RunTime:0.001228s ]
ERR: 无法加载控制器:Public

[ 2019-06-18T19:16:02+08:00 ] ::1 /A00/Public/static/H-ui/lib/html5.js
INFO: [ app_init ] --START--
INFO: Run Behavior\BuildLiteBehavior [ RunTime:0.000023s ]
INFO: [ app_init ] --END-- [ RunTime:0.000796s ]
INFO: [ app_begin ] --START--
INFO: Run Behavior\ReadHtmlCacheBehavior [ RunTime:0.000825s ]
INFO: [ app_begin ] --END-- [ RunTime:0.000892s ]
ERR: 无法加载控制器:Public

[ 2019-06-18T19:16:02+08:00 ] ::1 /A00/Public/static/css/core/%7B$Think.const.ADMIN_IMAGHES_PATH%7Dcore/mws-body-bg.png
INFO: [ app_init ] --START--
INFO: Run Behavior\BuildLiteBehavior [ RunTime:0.000029s ]
INFO: [ app_init ] --END-- [ RunTime:0.000384s ]

[ 2019-06-18T19:16:09+08:00 ] ::1 /A00/Public/static/H-ui/lib/html5.js
INFO: [ app_init ] --START--
INFO: Run Behavior\BuildLiteBehavior [ RunTime:0.000020s ]
INFO: [ app_init ] --END-- [ RunTime:0.000671s ]
INFO: [ app_begin ] --START--
INFO: Run Behavior\ReadHtmlCacheBehavior [ RunTime:0.000975s ]
INFO: [ app_begin ] --END-- [ RunTime:0.001087s ]
ERR: 无法加载控制器:Public

[ 2019-06-18T19:16:09+08:00 ] ::1 /A00/Public/static/css/core/%7B$Think.const.ADMIN_IMAGHES_PATH%7Dcore/mws-body-bg.png
INFO: [ app_init ] --START--
INFO: Run Behavior\BuildLiteBehavior [ RunTime:0.000012s ]
INFO: [ app_init ] --END-- [ RunTime:0.000485s ]

[ 2019-06-18T19:16:11+08:00 ] ::1 /A00/Public/static/H-ui/lib/html5.js
INFO: [ app_init ] --START--
INFO: Run Behavior\BuildLiteBehavior [ RunTime:0.000013s ]
INFO: [ app_init ] --END-- [ RunTime:0.000576s ]
INFO: [ app_begin ] --START--
INFO: Run Behavior\ReadHtmlCacheBehavior [ RunTime:0.000932s ]
INFO: [ app_begin ] --END-- [ RunTime:0.001018s ]
ERR: 无法加载控制器:Public

[ 2019-06-18T19:16:11+08:00 ] ::1 /A00/Public/static/H-ui/lib/html5.js
INFO: [ app_init ] --START--
INFO: Run Behavior\BuildLiteBehavior [ RunTime:0.000020s ]
INFO: [ app_init ] --END-- [ RunTime:0.000797s ]
INFO: [ app_begin ] --START--
INFO: Run Behavior\ReadHtmlCacheBehavior [ RunTime:0.001019s ]
INFO: [ app_begin ] --END-- [ RunTime:0.001089s ]
ERR: 无法加载控制器:Public

[ 2019-06-18T19:16:11+08:00 ] ::1 /A00/Public/static/css/core/%7B$Think.const.ADMIN_IMAGHES_PATH%7Dcore/mws-body-bg.png
INFO: [ app_init ] --START--
INFO: Run Behavior\BuildLiteBehavior [ RunTime:0.000022s ]
INFO: [ app_init ] --END-- [ RunTime:0.000634s ]

[ 2019-06-18T19:16:18+08:00 ] ::1 /A00/Public/static/H-ui/lib/html5.js
INFO: [ app_init ] --START--
INFO: Run Behavior\BuildLiteBehavior [ RunTime:0.000017s ]
INFO: [ app_init ] --END-- [ RunTime:0.000605s ]
INFO: [ app_begin ] --START--
INFO: Run Behavior\ReadHtmlCacheBehavior [ RunTime:0.001134s ]
INFO: [ app_begin ] --END-- [ RunTime:0.001272s ]
ERR: 无法加载控制器:Public

[ 2019-06-18T19:16:18+08:00 ] ::1 /A00/Public/static/H-ui/lib/html5.js
INFO: [ app_init ] --START--
INFO: Run Behavior\BuildLiteBehavior [ RunTime:0.000018s ]
INFO: [ app_init ] --END-- [ RunTime:0.000536s ]
INFO: [ app_begin ] --START--
INFO: Run Behavior\ReadHtmlCacheBehavior [ RunTime:0.000876s ]
INFO: [ app_begin ] --END-- [ RunTime:0.000941s ]
ERR: 无法加载控制器:Public

[ 2019-06-18T19:16:18+08:00 ] ::1 /A00/Public/static/css/core/%7B$Think.const.ADMIN_IMAGHES_PATH%7Dcore/mws-body-bg.png
INFO: [ app_init ] --START--
INFO: Run Behavior\BuildLiteBehavior [ RunTime:0.000020s ]
INFO: [ app_init ] --END-- [ RunTime:0.000595s ]

[ 2019-06-18T19:16:19+08:00 ] ::1 /A00/Public/static/H-ui/lib/html5.js
INFO: [ app_init ] --START--
INFO: Run Behavior\BuildLiteBehavior [ RunTime:0.000020s ]
INFO: [ app_init ] --END-- [ RunTime:0.000718s ]
INFO: [ app_begin ] --START--
INFO: Run Behavior\ReadHtmlCacheBehavior [ RunTime:0.000864s ]
INFO: [ app_begin ] --END-- [ RunTime:0.000943s ]
ERR: 无法加载控制器:Public

[ 2019-06-18T19:16:19+08:00 ] ::1 /A00/Public/static/H-ui/lib/html5.js
INFO: [ app_init ] --START--
INFO: Run Behavior\BuildLiteBehavior [ RunTime:0.000012s ]
INFO: [ app_init ] --END-- [ RunTime:0.000350s ]
INFO: [ app_begin ] --START--
INFO: Run Behavior\ReadHtmlCacheBehavior [ RunTime:0.000586s ]
INFO: [ app_begin ] --END-- [ RunTime:0.000644s ]
ERR: 无法加载控制器:Public

[ 2019-06-18T19:16:19+08:00 ] ::1 /A00/Public/static/css/core/%7B$Think.const.ADMIN_IMAGHES_PATH%7Dcore/mws-body-bg.png
INFO: [ app_init ] --START--
INFO: Run Behavior\BuildLiteBehavior [ RunTime:0.000030s ]
INFO: [ app_init ] --END-- [ RunTime:0.000415s ]

[ 2019-06-18T19:16:22+08:00 ] ::1 /A00/Public/static/H-ui/lib/html5.js
INFO: [ app_init ] --START--
INFO: Run Behavior\BuildLiteBehavior [ RunTime:0.000012s ]
INFO: [ app_init ] --END-- [ RunTime:0.000392s ]
INFO: [ app_begin ] --START--
INFO: Run Behavior\ReadHtmlCacheBehavior [ RunTime:0.000803s ]
INFO: [ app_begin ] --END-- [ RunTime:0.000868s ]
ERR: 无法加载控制器:Public

[ 2019-06-18T19:16:22+08:00 ] ::1 /A00/Public/static/H-ui/lib/html5.js
INFO: [ app_init ] --START--
INFO: Run Behavior\BuildLiteBehavior [ RunTime:0.000022s ]
INFO: [ app_init ] --END-- [ RunTime:0.000486s ]
INFO: [ app_begin ] --START--
INFO: Run Behavior\ReadHtmlCacheBehavior [ RunTime:0.001363s ]
INFO: [ app_begin ] --END-- [ RunTime:0.001522s ]
ERR: 无法加载控制器:Public

[ 2019-06-18T19:16:22+08:00 ] ::1 /A00/Public/static/css/core/%7B$Think.const.ADMIN_IMAGHES_PATH%7Dcore/mws-body-bg.png
INFO: [ app_init ] --START--
INFO: Run Behavior\BuildLiteBehavior [ RunTime:0.000012s ]
INFO: [ app_init ] --END-- [ RunTime:0.000386s ]

[ 2019-06-18T19:16:23+08:00 ] ::1 /A00/Public/static/H-ui/lib/html5.js
INFO: [ app_init ] --START--
INFO: Run Behavior\BuildLiteBehavior [ RunTime:0.000041s ]
INFO: [ app_init ] --END-- [ RunTime:0.000510s ]
INFO: [ app_begin ] --START--
INFO: Run Behavior\ReadHtmlCacheBehavior [ RunTime:0.000538s ]
INFO: [ app_begin ] --END-- [ RunTime:0.000584s ]
ERR: 无法加载控制器:Public

[ 2019-06-18T19:16:23+08:00 ] ::1 /A00/Public/static/css/core/%7B$Think.const.ADMIN_IMAGHES_PATH%7Dcore/mws-body-bg.png
INFO: [ app_init ] --START--
INFO: Run Behavior\BuildLiteBehavior [ RunTime:0.000013s ]
INFO: [ app_init ] --END-- [ RunTime:0.000466s ]

[ 2019-06-18T19:16:25+08:00 ] ::1 /A00/Public/static/H-ui/lib/html5.js
INFO: [ app_init ] --START--
INFO: Run Behavior\BuildLiteBehavior [ RunTime:0.000015s ]
INFO: [ app_init ] --END-- [ RunTime:0.000496s ]
INFO: [ app_begin ] --START--
INFO: Run Behavior\ReadHtmlCacheBehavior [ RunTime:0.001036s ]
INFO: [ app_begin ] --END-- [ RunTime:0.001186s ]
ERR: 无法加载控制器:Public

[ 2019-06-18T19:16:25+08:00 ] ::1 /A00/Public/static/H-ui/lib/html5.js
INFO: [ app_init ] --START--
INFO: Run Behavior\BuildLiteBehavior [ RunTime:0.000017s ]
INFO: [ app_init ] --END-- [ RunTime:0.000478s ]
INFO: [ app_begin ] --START--
INFO: Run Behavior\ReadHtmlCacheBehavior [ RunTime:0.000872s ]
INFO: [ app_begin ] --END-- [ RunTime:0.000955s ]
ERR: 无法加载控制器:Public

[ 2019-06-18T19:16:25+08:00 ] ::1 /A00/Public/static/css/core/%7B$Think.const.ADMIN_IMAGHES_PATH%7Dcore/mws-body-bg.png
INFO: [ app_init ] --START--
INFO: Run Behavior\BuildLiteBehavior [ RunTime:0.000021s ]
INFO: [ app_init ] --END-- [ RunTime:0.001023s ]

[ 2019-06-18T19:16:26+08:00 ] ::1 /A00/Public/static/H-ui/lib/html5.js
INFO: [ app_init ] --START--
INFO: Run Behavior\BuildLiteBehavior [ RunTime:0.000012s ]
INFO: [ app_init ] --END-- [ RunTime:0.000341s ]
INFO: [ app_begin ] --START--
INFO: Run Behavior\ReadHtmlCacheBehavior [ RunTime:0.000789s ]
INFO: [ app_begin ] --END-- [ RunTime:0.000856s ]
ERR: 无法加载控制器:Public

[ 2019-06-18T19:16:27+08:00 ] ::1 /A00/Public/static/css/core/%7B$Think.const.ADMIN_IMAGHES_PATH%7Dcore/mws-body-bg.png
INFO: [ app_init ] --START--
INFO: Run Behavior\BuildLiteBehavior [ RunTime:0.000018s ]
INFO: [ app_init ] --END-- [ RunTime:0.000549s ]

[ 2019-06-18T19:16:30+08:00 ] ::1 /A00/Public/static/H-ui/lib/html5.js
INFO: [ app_init ] --START--
INFO: Run Behavior\BuildLiteBehavior [ RunTime:0.000022s ]
INFO: [ app_init ] --END-- [ RunTime:0.000678s ]
INFO: [ app_begin ] --START--
INFO: Run Behavior\ReadHtmlCacheBehavior [ RunTime:0.001421s ]
INFO: [ app_begin ] --END-- [ RunTime:0.001522s ]
ERR: 无法加载控制器:Public

[ 2019-06-18T19:16:30+08:00 ] ::1 /A00/Public/static/css/core/%7B$Think.const.ADMIN_IMAGHES_PATH%7Dcore/mws-body-bg.png
INFO: [ app_init ] --START--
INFO: Run Behavior\BuildLiteBehavior [ RunTime:0.000095s ]
INFO: [ app_init ] --END-- [ RunTime:0.001479s ]

[ 2019-06-18T19:16:30+08:00 ] ::1 /A00/Public/static/H-ui/lib/jquery/1.9.1/jquery.min.map
INFO: [ app_init ] --START--
INFO: Run Behavior\BuildLiteBehavior [ RunTime:0.000013s ]
INFO: [ app_init ] --END-- [ RunTime:0.000411s ]
INFO: [ app_begin ] --START--
INFO: Run Behavior\ReadHtmlCacheBehavior [ RunTime:0.000697s ]
INFO: [ app_begin ] --END-- [ RunTime:0.000754s ]
ERR: 无法加载控制器:Public

[ 2019-06-18T19:16:33+08:00 ] ::1 /A00/Public/static/H-ui/lib/html5.js
INFO: [ app_init ] --START--
INFO: Run Behavior\BuildLiteBehavior [ RunTime:0.000029s ]
INFO: [ app_init ] --END-- [ RunTime:0.000836s ]
INFO: [ app_begin ] --START--
INFO: Run Behavior\ReadHtmlCacheBehavior [ RunTime:0.001056s ]
INFO: [ app_begin ] --END-- [ RunTime:0.001180s ]
ERR: 无法加载控制器:Public

[ 2019-06-18T19:16:33+08:00 ] ::1 /A00/Public/static/css/core/%7B$Think.const.ADMIN_IMAGHES_PATH%7Dcore/mws-body-bg.png
INFO: [ app_init ] --START--
INFO: Run Behavior\BuildLiteBehavior [ RunTime:0.000028s ]
INFO: [ app_init ] --END-- [ RunTime:0.000535s ]

[ 2019-06-18T19:16:33+08:00 ] ::1 /A00/Public/static/H-ui/lib/jquery/1.9.1/jquery.min.map
INFO: [ app_init ] --START--
INFO: Run Behavior\BuildLiteBehavior [ RunTime:0.000013s ]
INFO: [ app_init ] --END-- [ RunTime:0.000398s ]
INFO: [ app_begin ] --START--
INFO: Run Behavior\ReadHtmlCacheBehavior [ RunTime:0.000712s ]
INFO: [ app_begin ] --END-- [ RunTime:0.000779s ]
ERR: 无法加载控制器:Public

[ 2019-06-18T19:16:43+08:00 ] ::1 /A00/Public/static/css/core/%7B$Think.const.ADMIN_IMAGHES_PATH%7Dcore/mws-body-bg.png
INFO: [ app_init ] --START--
INFO: Run Behavior\BuildLiteBehavior [ RunTime:0.000011s ]
INFO: [ app_init ] --END-- [ RunTime:0.000315s ]

[ 2019-06-18T19:16:51+08:00 ] ::1 /A00/Public/static/H-ui/lib/html5.js
INFO: [ app_init ] --START--
INFO: Run Behavior\BuildLiteBehavior [ RunTime:0.000026s ]
INFO: [ app_init ] --END-- [ RunTime:0.000666s ]
INFO: [ app_begin ] --START--
INFO: Run Behavior\ReadHtmlCacheBehavior [ RunTime:0.000600s ]
INFO: [ app_begin ] --END-- [ RunTime:0.000657s ]
ERR: 无法加载控制器:Public

[ 2019-06-18T19:16:51+08:00 ] ::1 /A00/Public/static/css/core/%7B$Think.const.ADMIN_IMAGHES_PATH%7Dcore/mws-body-bg.png
INFO: [ app_init ] --START--
INFO: Run Behavior\BuildLiteBehavior [ RunTime:0.000011s ]
INFO: [ app_init ] --END-- [ RunTime:0.000312s ]

[ 2019-06-18T19:16:55+08:00 ] ::1 /A00/Public/static/H-ui/lib/html5.js
INFO: [ app_init ] --START--
INFO: Run Behavior\BuildLiteBehavior [ RunTime:0.000013s ]
INFO: [ app_init ] --END-- [ RunTime:0.000374s ]
INFO: [ app_begin ] --START--
INFO: Run Behavior\ReadHtmlCacheBehavior [ RunTime:0.001286s ]
INFO: [ app_begin ] --END-- [ RunTime:0.001364s ]
ERR: 无法加载控制器:Public

[ 2019-06-18T19:16:55+08:00 ] ::1 /A00/Public/static/css/core/%7B$Think.const.ADMIN_IMAGHES_PATH%7Dcore/mws-body-bg.png
INFO: [ app_init ] --START--
INFO: Run Behavior\BuildLiteBehavior [ RunTime:0.000017s ]
INFO: [ app_init ] --END-- [ RunTime:0.000505s ]

[ 2019-06-18T19:17:31+08:00 ] ::1 /A00/Public/static/H-ui/lib/html5.js
INFO: [ app_init ] --START--
INFO: Run Behavior\BuildLiteBehavior [ RunTime:0.000012s ]
INFO: [ app_init ] --END-- [ RunTime:0.000374s ]
INFO: [ app_begin ] --START--
INFO: Run Behavior\ReadHtmlCacheBehavior [ RunTime:0.000557s ]
INFO: [ app_begin ] --END-- [ RunTime:0.000599s ]
ERR: 无法加载控制器:Public

[ 2019-06-18T19:17:31+08:00 ] ::1 /A00/Public/static/css/core/%7B$Think.const.ADMIN_IMAGHES_PATH%7Dcore/mws-body-bg.png
INFO: [ app_init ] --START--
INFO: Run Behavior\BuildLiteBehavior [ RunTime:0.000015s ]
INFO: [ app_init ] --END-- [ RunTime:0.000594s ]

[ 2019-06-18T19:17:35+08:00 ] ::1 /A00/Public/static/css/core/%7B$Think.const.ADMIN_IMAGHES_PATH%7Dcore/mws-body-bg.png
INFO: [ app_init ] --START--
INFO: Run Behavior\BuildLiteBehavior [ RunTime:0.000010s ]
INFO: [ app_init ] --END-- [ RunTime:0.000364s ]

[ 2019-06-18T19:17:45+08:00 ] ::1 /A00/Public/static/H-ui/lib/html5.js
INFO: [ app_init ] --START--
INFO: Run Behavior\BuildLiteBehavior [ RunTime:0.000013s ]
INFO: [ app_init ] --END-- [ RunTime:0.000390s ]
INFO: [ app_begin ] --START--
INFO: Run Behavior\ReadHtmlCacheBehavior [ RunTime:0.000894s ]
INFO: [ app_begin ] --END-- [ RunTime:0.000964s ]
ERR: 无法加载控制器:Public

[ 2019-06-18T19:17:45+08:00 ] ::1 /A00/Public/static/css/core/%7B$Think.const.ADMIN_IMAGHES_PATH%7Dcore/mws-body-bg.png
INFO: [ app_init ] --START--
INFO: Run Behavior\BuildLiteBehavior [ RunTime:0.000011s ]
INFO: [ app_init ] --END-- [ RunTime:0.000320s ]

[ 2019-06-18T19:17:47+08:00 ] ::1 /A00/Public/static/H-ui/lib/html5.js
INFO: [ app_init ] --START--
INFO: Run Behavior\BuildLiteBehavior [ RunTime:0.000013s ]
INFO: [ app_init ] --END-- [ RunTime:0.000377s ]
INFO: [ app_begin ] --START--
INFO: Run Behavior\ReadHtmlCacheBehavior [ RunTime:0.000871s ]
INFO: [ app_begin ] --END-- [ RunTime:0.000921s ]
ERR: 无法加载控制器:Public

[ 2019-06-18T19:17:54+08:00 ] ::1 /A00/Public/static/H-ui/lib/html5.js
INFO: [ app_init ] --START--
INFO: Run Behavior\BuildLiteBehavior [ RunTime:0.000011s ]
INFO: [ app_init ] --END-- [ RunTime:0.000309s ]
INFO: [ app_begin ] --START--
INFO: Run Behavior\ReadHtmlCacheBehavior [ RunTime:0.000627s ]
INFO: [ app_begin ] --END-- [ RunTime:0.000674s ]
ERR: 无法加载控制器:Public

[ 2019-06-18T19:18:15+08:00 ] ::1 /A00/Public/static/H-ui/lib/html5.js
INFO: [ app_init ] --START--
INFO: Run Behavior\BuildLiteBehavior [ RunTime:0.000030s ]
INFO: [ app_init ] --END-- [ RunTime:0.000509s ]
INFO: [ app_begin ] --START--
INFO: Run Behavior\ReadHtmlCacheBehavior [ RunTime:0.000615s ]
INFO: [ app_begin ] --END-- [ RunTime:0.000672s ]
ERR: 无法加载控制器:Public

[ 2019-06-18T19:18:15+08:00 ] ::1 /A00/Public/static/css/core/%7B$Think.const.ADMIN_IMAGHES_PATH%7Dcore/mws-body-bg.png
INFO: [ app_init ] --START--
INFO: Run Behavior\BuildLiteBehavior [ RunTime:0.000012s ]
INFO: [ app_init ] --END-- [ RunTime:0.000376s ]

[ 2019-06-18T19:18:21+08:00 ] ::1 /A00/Public/static/H-ui/lib/html5.js
INFO: [ app_init ] --START--
INFO: Run Behavior\BuildLiteBehavior [ RunTime:0.000030s ]
INFO: [ app_init ] --END-- [ RunTime:0.000343s ]
INFO: [ app_begin ] --START--
INFO: Run Behavior\ReadHtmlCacheBehavior [ RunTime:0.000504s ]
INFO: [ app_begin ] --END-- [ RunTime:0.000543s ]
ERR: 无法加载控制器:Public

[ 2019-06-18T19:18:21+08:00 ] ::1 /A00/Public/static/css/core/%7B$Think.const.ADMIN_IMAGHES_PATH%7Dcore/mws-body-bg.png
INFO: [ app_init ] --START--
INFO: Run Behavior\BuildLiteBehavior [ RunTime:0.000011s ]
INFO: [ app_init ] --END-- [ RunTime:0.000369s ]

[ 2019-06-18T19:18:27+08:00 ] ::1 /A00/Public/static/H-ui/lib/html5.js
INFO: [ app_init ] --START--
INFO: Run Behavior\BuildLiteBehavior [ RunTime:0.000013s ]
INFO: [ app_init ] --END-- [ RunTime:0.000365s ]
INFO: [ app_begin ] --START--
INFO: Run Behavior\ReadHtmlCacheBehavior [ RunTime:0.000786s ]
INFO: [ app_begin ] --END-- [ RunTime:0.000860s ]
ERR: 无法加载控制器:Public

[ 2019-06-18T19:18:28+08:00 ] ::1 /A00/Public/static/css/core/%7B$Think.const.ADMIN_IMAGHES_PATH%7Dcore/mws-body-bg.png
INFO: [ app_init ] --START--
INFO: Run Behavior\BuildLiteBehavior [ RunTime:0.000020s ]
INFO: [ app_init ] --END-- [ RunTime:0.000634s ]

[ 2019-06-18T19:18:29+08:00 ] ::1 /A00/Public/static/H-ui/lib/html5.js
INFO: [ app_init ] --START--
INFO: Run Behavior\BuildLiteBehavior [ RunTime:0.000012s ]
INFO: [ app_init ] --END-- [ RunTime:0.000405s ]
INFO: [ app_begin ] --START--
INFO: Run Behavior\ReadHtmlCacheBehavior [ RunTime:0.000504s ]
INFO: [ app_begin ] --END-- [ RunTime:0.000542s ]
ERR: 无法加载控制器:Public

[ 2019-06-18T19:18:29+08:00 ] ::1 /A00/Public/static/css/core/%7B$Think.const.ADMIN_IMAGHES_PATH%7Dcore/mws-body-bg.png
INFO: [ app_init ] --START--
INFO: Run Behavior\BuildLiteBehavior [ RunTime:0.000011s ]
INFO: [ app_init ] --END-- [ RunTime:0.000318s ]

[ 2019-06-18T19:18:30+08:00 ] ::1 /A00/Public/static/H-ui/lib/html5.js
INFO: [ app_init ] --START--
INFO: Run Behavior\BuildLiteBehavior [ RunTime:0.000011s ]
INFO: [ app_init ] --END-- [ RunTime:0.000409s ]
INFO: [ app_begin ] --START--
INFO: Run Behavior\ReadHtmlCacheBehavior [ RunTime:0.000514s ]
INFO: [ app_begin ] --END-- [ RunTime:0.000554s ]
ERR: 无法加载控制器:Public

[ 2019-06-18T19:18:30+08:00 ] ::1 /A00/Public/static/css/core/%7B$Think.const.ADMIN_IMAGHES_PATH%7Dcore/mws-body-bg.png
INFO: [ app_init ] --START--
INFO: Run Behavior\BuildLiteBehavior [ RunTime:0.000012s ]
INFO: [ app_init ] --END-- [ RunTime:0.000371s ]

[ 2019-06-18T19:18:32+08:00 ] ::1 /A00/Public/static/H-ui/lib/html5.js
INFO: [ app_init ] --START--
INFO: Run Behavior\BuildLiteBehavior [ RunTime:0.000011s ]
INFO: [ app_init ] --END-- [ RunTime:0.000305s ]
INFO: [ app_begin ] --START--
INFO: Run Behavior\ReadHtmlCacheBehavior [ RunTime:0.000772s ]
INFO: [ app_begin ] --END-- [ RunTime:0.000890s ]
ERR: 无法加载控制器:Public

[ 2019-06-18T19:18:32+08:00 ] ::1 /A00/Public/static/css/core/%7B$Think.const.ADMIN_IMAGHES_PATH%7Dcore/mws-body-bg.png
INFO: [ app_init ] --START--
INFO: Run Behavior\BuildLiteBehavior [ RunTime:0.000035s ]
INFO: [ app_init ] --END-- [ RunTime:0.000358s ]

[ 2019-06-18T19:18:40+08:00 ] ::1 /A00/Public/static/H-ui/lib/html5.js
INFO: [ app_init ] --START--
INFO: Run Behavior\BuildLiteBehavior [ RunTime:0.000011s ]
INFO: [ app_init ] --END-- [ RunTime:0.000415s ]
INFO: [ app_begin ] --START--
INFO: Run Behavior\ReadHtmlCacheBehavior [ RunTime:0.000606s ]
INFO: [ app_begin ] --END-- [ RunTime:0.000651s ]
ERR: 无法加载控制器:Public

[ 2019-06-18T19:18:40+08:00 ] ::1 /A00/Public/static/css/core/%7B$Think.const.ADMIN_IMAGHES_PATH%7Dcore/mws-body-bg.png
INFO: [ app_init ] --START--
INFO: Run Behavior\BuildLiteBehavior [ RunTime:0.000027s ]
INFO: [ app_init ] --END-- [ RunTime:0.000525s ]

[ 2019-06-18T19:21:44+08:00 ] ::1 /A00/Public/static/H-ui/lib/html5.js
INFO: [ app_init ] --START--
INFO: Run Behavior\BuildLiteBehavior [ RunTime:0.000013s ]
INFO: [ app_init ] --END-- [ RunTime:0.000401s ]
INFO: [ app_begin ] --START--
INFO: Run Behavior\ReadHtmlCacheBehavior [ RunTime:0.000649s ]
INFO: [ app_begin ] --END-- [ RunTime:0.000704s ]
ERR: 无法加载控制器:Public

[ 2019-06-18T19:21:44+08:00 ] ::1 /A00/Public/static/css/core/%7B$Think.const.ADMIN_IMAGHES_PATH%7Dcore/mws-body-bg.png
INFO: [ app_init ] --START--
INFO: Run Behavior\BuildLiteBehavior [ RunTime:0.000012s ]
INFO: [ app_init ] --END-- [ RunTime:0.000343s ]

[ 2019-06-18T19:21:48+08:00 ] ::1 /A00/Public/static/H-ui/lib/html5.js
INFO: [ app_init ] --START--
INFO: Run Behavior\BuildLiteBehavior [ RunTime:0.000012s ]
INFO: [ app_init ] --END-- [ RunTime:0.000372s ]
INFO: [ app_begin ] --START--
INFO: Run Behavior\ReadHtmlCacheBehavior [ RunTime:0.001075s ]
INFO: [ app_begin ] --END-- [ RunTime:0.001171s ]
ERR: 无法加载控制器:Public

[ 2019-06-18T19:21:48+08:00 ] ::1 /A00/Public/static/css/core/%7B$Think.const.ADMIN_IMAGHES_PATH%7Dcore/mws-body-bg.png
INFO: [ app_init ] --START--
INFO: Run Behavior\BuildLiteBehavior [ RunTime:0.000028s ]
INFO: [ app_init ] --END-- [ RunTime:0.000571s ]

[ 2019-06-18T19:21:49+08:00 ] ::1 /A00/Public/static/H-ui/lib/html5.js
INFO: [ app_init ] --START--
INFO: Run Behavior\BuildLiteBehavior [ RunTime:0.000013s ]
INFO: [ app_init ] --END-- [ RunTime:0.000420s ]
INFO: [ app_begin ] --START--
INFO: Run Behavior\ReadHtmlCacheBehavior [ RunTime:0.000648s ]
INFO: [ app_begin ] --END-- [ RunTime:0.000707s ]
ERR: 无法加载控制器:Public

[ 2019-06-18T19:21:50+08:00 ] ::1 /A00/Public/static/css/core/%7B$Think.const.ADMIN_IMAGHES_PATH%7Dcore/mws-body-bg.png
INFO: [ app_init ] --START--
INFO: Run Behavior\BuildLiteBehavior [ RunTime:0.000012s ]
INFO: [ app_init ] --END-- [ RunTime:0.000330s ]

[ 2019-06-18T19:21:51+08:00 ] ::1 /A00/Public/static/H-ui/lib/html5.js
INFO: [ app_init ] --START--
INFO: Run Behavior\BuildLiteBehavior [ RunTime:0.000011s ]
INFO: [ app_init ] --END-- [ RunTime:0.000330s ]
INFO: [ app_begin ] --START--
INFO: Run Behavior\ReadHtmlCacheBehavior [ RunTime:0.000562s ]
INFO: [ app_begin ] --END-- [ RunTime:0.000604s ]
ERR: 无法加载控制器:Public

[ 2019-06-18T19:21:51+08:00 ] ::1 /A00/Public/static/css/core/%7B$Think.const.ADMIN_IMAGHES_PATH%7Dcore/mws-body-bg.png
INFO: [ app_init ] --START--
INFO: Run Behavior\BuildLiteBehavior [ RunTime:0.000013s ]
INFO: [ app_init ] --END-- [ RunTime:0.000335s ]

[ 2019-06-18T19:21:52+08:00 ] ::1 /A00/Public/static/H-ui/lib/html5.js
INFO: [ app_init ] --START--
INFO: Run Behavior\BuildLiteBehavior [ RunTime:0.000013s ]
INFO: [ app_init ] --END-- [ RunTime:0.000393s ]
INFO: [ app_begin ] --START--
INFO: Run Behavior\ReadHtmlCacheBehavior [ RunTime:0.000848s ]
INFO: [ app_begin ] --END-- [ RunTime:0.000919s ]
ERR: 无法加载控制器:Public

[ 2019-06-18T19:21:52+08:00 ] ::1 /A00/Public/static/css/core/%7B$Think.const.ADMIN_IMAGHES_PATH%7Dcore/mws-body-bg.png
INFO: [ app_init ] --START--
INFO: Run Behavior\BuildLiteBehavior [ RunTime:0.000012s ]
INFO: [ app_init ] --END-- [ RunTime:0.000335s ]

[ 2019-06-18T19:21:53+08:00 ] ::1 /A00/Public/static/H-ui/lib/html5.js
INFO: [ app_init ] --START--
INFO: Run Behavior\BuildLiteBehavior [ RunTime:0.000012s ]
INFO: [ app_init ] --END-- [ RunTime:0.000363s ]
INFO: [ app_begin ] --START--
INFO: Run Behavior\ReadHtmlCacheBehavior [ RunTime:0.000758s ]
INFO: [ app_begin ] --END-- [ RunTime:0.000811s ]
ERR: 无法加载控制器:Public

[ 2019-06-18T19:21:53+08:00 ] ::1 /A00/Public/static/css/core/%7B$Think.const.ADMIN_IMAGHES_PATH%7Dcore/mws-body-bg.png
INFO: [ app_init ] --START--
INFO: Run Behavior\BuildLiteBehavior [ RunTime:0.000026s ]
INFO: [ app_init ] --END-- [ RunTime:0.000369s ]

[ 2019-06-18T19:21:56+08:00 ] ::1 /A00/Public/static/H-ui/lib/html5.js
INFO: [ app_init ] --START--
INFO: Run Behavior\BuildLiteBehavior [ RunTime:0.000025s ]
INFO: [ app_init ] --END-- [ RunTime:0.000382s ]
INFO: [ app_begin ] --START--
INFO: Run Behavior\ReadHtmlCacheBehavior [ RunTime:0.000692s ]
INFO: [ app_begin ] --END-- [ RunTime:0.000753s ]
ERR: 无法加载控制器:Public

[ 2019-06-18T19:21:56+08:00 ] ::1 /A00/Public/static/css/core/%7B$Think.const.ADMIN_IMAGHES_PATH%7Dcore/mws-body-bg.png
INFO: [ app_init ] --START--
INFO: Run Behavior\BuildLiteBehavior [ RunTime:0.000013s ]
INFO: [ app_init ] --END-- [ RunTime:0.000430s ]

[ 2019-06-18T19:23:33+08:00 ] ::1 /A00/Public/static/H-ui/lib/html5.js
INFO: [ app_init ] --START--
INFO: Run Behavior\BuildLiteBehavior [ RunTime:0.000014s ]
INFO: [ app_init ] --END-- [ RunTime:0.000405s ]
INFO: [ app_begin ] --START--
INFO: Run Behavior\ReadHtmlCacheBehavior [ RunTime:0.000722s ]
INFO: [ app_begin ] --END-- [ RunTime:0.000784s ]
ERR: 无法加载控制器:Public

[ 2019-06-18T19:23:33+08:00 ] ::1 /A00/Public/static/css/core/%7B$Think.const.ADMIN_IMAGHES_PATH%7Dcore/mws-body-bg.png
INFO: [ app_init ] --START--
INFO: Run Behavior\BuildLiteBehavior [ RunTime:0.000012s ]
INFO: [ app_init ] --END-- [ RunTime:0.000557s ]

[ 2019-06-18T19:26:54+08:00 ] ::1 /A00/Public/static/css/core/%7B$Think.const.ADMIN_IMAGHES_PATH%7Dcore/mws-body-bg.png
INFO: [ app_init ] --START--
INFO: Run Behavior\BuildLiteBehavior [ RunTime:0.000012s ]
INFO: [ app_init ] --END-- [ RunTime:0.000331s ]

[ 2019-06-18T19:27:01+08:00 ] ::1 /A00/Public/static/H-ui/lib/html5.js
INFO: [ app_init ] --START--
INFO: Run Behavior\BuildLiteBehavior [ RunTime:0.000012s ]
INFO: [ app_init ] --END-- [ RunTime:0.000372s ]
INFO: [ app_begin ] --START--
INFO: Run Behavior\ReadHtmlCacheBehavior [ RunTime:0.000578s ]
INFO: [ app_begin ] --END-- [ RunTime:0.000629s ]
ERR: 无法加载控制器:Public

[ 2019-06-18T19:27:01+08:00 ] ::1 /A00/Public/static/css/core/%7B$Think.const.ADMIN_IMAGHES_PATH%7Dcore/mws-body-bg.png
INFO: [ app_init ] --START--
INFO: Run Behavior\BuildLiteBehavior [ RunTime:0.000011s ]
INFO: [ app_init ] --END-- [ RunTime:0.000322s ]

[ 2019-06-18T19:27:04+08:00 ] ::1 /A00/Public/static/H-ui/lib/html5.js
INFO: [ app_init ] --START--
INFO: Run Behavior\BuildLiteBehavior [ RunTime:0.000019s ]
INFO: [ app_init ] --END-- [ RunTime:0.000526s ]
INFO: [ app_begin ] --START--
INFO: Run Behavior\ReadHtmlCacheBehavior [ RunTime:0.000593s ]
INFO: [ app_begin ] --END-- [ RunTime:0.000659s ]
ERR: 无法加载控制器:Public

[ 2019-06-18T19:29:08+08:00 ] ::1 /A00/Public/static/H-ui/lib/html5.js
INFO: [ app_init ] --START--
INFO: Run Behavior\BuildLiteBehavior [ RunTime:0.000016s ]
INFO: [ app_init ] --END-- [ RunTime:0.000530s ]
INFO: [ app_begin ] --START--
INFO: Run Behavior\ReadHtmlCacheBehavior [ RunTime:0.000956s ]
INFO: [ app_begin ] --END-- [ RunTime:0.001007s ]
ERR: 无法加载控制器:Public

[ 2019-06-18T19:29:08+08:00 ] ::1 /A00/Public/static/css/core/%7B$Think.const.ADMIN_IMAGHES_PATH%7Dcore/mws-body-bg.png
INFO: [ app_init ] --START--
INFO: Run Behavior\BuildLiteBehavior [ RunTime:0.000014s ]
INFO: [ app_init ] --END-- [ RunTime:0.000506s ]

[ 2019-06-18T19:29:09+08:00 ] ::1 /A00/Public/static/H-ui/lib/html5.js
INFO: [ app_init ] --START--
INFO: Run Behavior\BuildLiteBehavior [ RunTime:0.000011s ]
INFO: [ app_init ] --END-- [ RunTime:0.000340s ]
INFO: [ app_begin ] --START--
INFO: Run Behavior\ReadHtmlCacheBehavior [ RunTime:0.000700s ]
INFO: [ app_begin ] --END-- [ RunTime:0.000752s ]
ERR: 无法加载控制器:Public

[ 2019-06-18T19:29:54+08:00 ] ::1 /A00/Public/static/H-ui/lib/html5.js
INFO: [ app_init ] --START--
INFO: Run Behavior\BuildLiteBehavior [ RunTime:0.000013s ]
INFO: [ app_init ] --END-- [ RunTime:0.000413s ]
INFO: [ app_begin ] --START--
INFO: Run Behavior\ReadHtmlCacheBehavior [ RunTime:0.000614s ]
INFO: [ app_begin ] --END-- [ RunTime:0.000670s ]
ERR: 无法加载控制器:Public

[ 2019-06-18T19:29:54+08:00 ] ::1 /A00/Public/static/css/core/%7B$Think.const.ADMIN_IMAGHES_PATH%7Dcore/mws-body-bg.png
INFO: [ app_init ] --START--
INFO: Run Behavior\BuildLiteBehavior [ RunTime:0.000012s ]
INFO: [ app_init ] --END-- [ RunTime:0.000384s ]

[ 2019-06-18T19:30:05+08:00 ] ::1 /A00/Public/static/H-ui/lib/html5.js
INFO: [ app_init ] --START--
INFO: Run Behavior\BuildLiteBehavior [ RunTime:0.000012s ]
INFO: [ app_init ] --END-- [ RunTime:0.000374s ]
INFO: [ app_begin ] --START--
INFO: Run Behavior\ReadHtmlCacheBehavior [ RunTime:0.000649s ]
INFO: [ app_begin ] --END-- [ RunTime:0.000692s ]
ERR: 无法加载控制器:Public

[ 2019-06-18T19:30:13+08:00 ] ::1 /A00/Public/static/H-ui/lib/html5.js
INFO: [ app_init ] --START--
INFO: Run Behavior\BuildLiteBehavior [ RunTime:0.000011s ]
INFO: [ app_init ] --END-- [ RunTime:0.000319s ]
INFO: [ app_begin ] --START--
INFO: Run Behavior\ReadHtmlCacheBehavior [ RunTime:0.000536s ]
INFO: [ app_begin ] --END-- [ RunTime:0.000595s ]
ERR: 无法加载控制器:Public

[ 2019-06-18T19:30:18+08:00 ] ::1 /A00/Public/static/H-ui/lib/html5.js
INFO: [ app_init ] --START--
INFO: Run Behavior\BuildLiteBehavior [ RunTime:0.000012s ]
INFO: [ app_init ] --END-- [ RunTime:0.000336s ]
INFO: [ app_begin ] --START--
INFO: Run Behavior\ReadHtmlCacheBehavior [ RunTime:0.001253s ]
INFO: [ app_begin ] --END-- [ RunTime:0.001375s ]
ERR: 无法加载控制器:Public

[ 2019-06-18T19:30:18+08:00 ] ::1 /A00/Public/static/css/core/%7B$Think.const.ADMIN_IMAGHES_PATH%7Dcore/mws-body-bg.png
INFO: [ app_init ] --START--
INFO: Run Behavior\BuildLiteBehavior [ RunTime:0.000012s ]
INFO: [ app_init ] --END-- [ RunTime:0.000354s ]

[ 2019-06-18T19:30:29+08:00 ] ::1 /A00/Public/static/H-ui/lib/html5.js
INFO: [ app_init ] --START--
INFO: Run Behavior\BuildLiteBehavior [ RunTime:0.000012s ]
INFO: [ app_init ] --END-- [ RunTime:0.000325s ]
INFO: [ app_begin ] --START--
INFO: Run Behavior\ReadHtmlCacheBehavior [ RunTime:0.000633s ]
INFO: [ app_begin ] --END-- [ RunTime:0.000675s ]
ERR: 无法加载控制器:Public

[ 2019-06-18T19:30:29+08:00 ] ::1 /A00/Public/static/css/core/%7B$Think.const.ADMIN_IMAGHES_PATH%7Dcore/mws-body-bg.png
INFO: [ app_init ] --START--
INFO: Run Behavior\BuildLiteBehavior [ RunTime:0.000015s ]
INFO: [ app_init ] --END-- [ RunTime:0.000540s ]

[ 2019-06-18T19:30:31+08:00 ] ::1 /A00/Public/static/H-ui/lib/html5.js
INFO: [ app_init ] --START--
INFO: Run Behavior\BuildLiteBehavior [ RunTime:0.000029s ]
INFO: [ app_init ] --END-- [ RunTime:0.000385s ]
INFO: [ app_begin ] --START--
INFO: Run Behavior\ReadHtmlCacheBehavior [ RunTime:0.000603s ]
INFO: [ app_begin ] --END-- [ RunTime:0.000646s ]
ERR: 无法加载控制器:Public

[ 2019-06-18T19:30:31+08:00 ] ::1 /A00/Public/static/css/core/%7B$Think.const.ADMIN_IMAGHES_PATH%7Dcore/mws-body-bg.png
INFO: [ app_init ] --START--
INFO: Run Behavior\BuildLiteBehavior [ RunTime:0.000012s ]
INFO: [ app_init ] --END-- [ RunTime:0.000328s ]

[ 2019-06-18T19:30:32+08:00 ] ::1 /A00/Public/static/H-ui/lib/html5.js
INFO: [ app_init ] --START--
INFO: Run Behavior\BuildLiteBehavior [ RunTime:0.000023s ]
INFO: [ app_init ] --END-- [ RunTime:0.000528s ]
INFO: [ app_begin ] --START--
INFO: Run Behavior\ReadHtmlCacheBehavior [ RunTime:0.000667s ]
INFO: [ app_begin ] --END-- [ RunTime:0.000720s ]
ERR: 无法加载控制器:Public

[ 2019-06-18T19:30:32+08:00 ] ::1 /A00/Public/static/css/core/%7B$Think.const.ADMIN_IMAGHES_PATH%7Dcore/mws-body-bg.png
INFO: [ app_init ] --START--
INFO: Run Behavior\BuildLiteBehavior [ RunTime:0.000028s ]
INFO: [ app_init ] --END-- [ RunTime:0.000428s ]

[ 2019-06-18T19:30:33+08:00 ] ::1 /A00/Public/static/H-ui/lib/html5.js
INFO: [ app_init ] --START--
INFO: Run Behavior\BuildLiteBehavior [ RunTime:0.000040s ]
INFO: [ app_init ] --END-- [ RunTime:0.000544s ]
INFO: [ app_begin ] --START--
INFO: Run Behavior\ReadHtmlCacheBehavior [ RunTime:0.000545s ]
INFO: [ app_begin ] --END-- [ RunTime:0.000593s ]
ERR: 无法加载控制器:Public

[ 2019-06-18T19:30:34+08:00 ] ::1 /A00/Public/static/css/core/%7B$Think.const.ADMIN_IMAGHES_PATH%7Dcore/mws-body-bg.png
INFO: [ app_init ] --START--
INFO: Run Behavior\BuildLiteBehavior [ RunTime:0.000012s ]
INFO: [ app_init ] --END-- [ RunTime:0.000336s ]

[ 2019-06-18T19:30:34+08:00 ] ::1 /A00/Public/static/H-ui/lib/html5.js
INFO: [ app_init ] --START--
INFO: Run Behavior\BuildLiteBehavior [ RunTime:0.000013s ]
INFO: [ app_init ] --END-- [ RunTime:0.000402s ]
INFO: [ app_begin ] --START--
INFO: Run Behavior\ReadHtmlCacheBehavior [ RunTime:0.000540s ]
INFO: [ app_begin ] --END-- [ RunTime:0.000579s ]
ERR: 无法加载控制器:Public

[ 2019-06-18T19:30:34+08:00 ] ::1 /A00/Public/static/css/core/%7B$Think.const.ADMIN_IMAGHES_PATH%7Dcore/mws-body-bg.png
INFO: [ app_init ] --START--
INFO: Run Behavior\BuildLiteBehavior [ RunTime:0.000012s ]
INFO: [ app_init ] --END-- [ RunTime:0.000423s ]

[ 2019-06-18T19:33:00+08:00 ] ::1 /A00/Public/static/H-ui/lib/html5.js
INFO: [ app_init ] --START--
INFO: Run Behavior\BuildLiteBehavior [ RunTime:0.000013s ]
INFO: [ app_init ] --END-- [ RunTime:0.000424s ]
INFO: [ app_begin ] --START--
INFO: Run Behavior\ReadHtmlCacheBehavior [ RunTime:0.001016s ]
INFO: [ app_begin ] --END-- [ RunTime:0.001084s ]
ERR: 无法加载控制器:Public

[ 2019-06-18T19:33:01+08:00 ] ::1 /A00/Public/static/css/core/%7B$Think.const.ADMIN_IMAGHES_PATH%7Dcore/mws-body-bg.png
INFO: [ app_init ] --START--
INFO: Run Behavior\BuildLiteBehavior [ RunTime:0.000012s ]
INFO: [ app_init ] --END-- [ RunTime:0.000442s ]

[ 2019-06-18T19:33:03+08:00 ] ::1 /A00/Public/static/H-ui/lib/html5.js
INFO: [ app_init ] --START--
INFO: Run Behavior\BuildLiteBehavior [ RunTime:0.000011s ]
INFO: [ app_init ] --END-- [ RunTime:0.000375s ]
INFO: [ app_begin ] --START--
INFO: Run Behavior\ReadHtmlCacheBehavior [ RunTime:0.000563s ]
INFO: [ app_begin ] --END-- [ RunTime:0.000621s ]
ERR: 无法加载控制器:Public

[ 2019-06-18T19:33:15+08:00 ] ::1 /A00/Public/static/H-ui/lib/html5.js
INFO: [ app_init ] --START--
INFO: Run Behavior\BuildLiteBehavior [ RunTime:0.000012s ]
INFO: [ app_init ] --END-- [ RunTime:0.000509s ]
INFO: [ app_begin ] --START--
INFO: Run Behavior\ReadHtmlCacheBehavior [ RunTime:0.001105s ]
INFO: [ app_begin ] --END-- [ RunTime:0.001198s ]
ERR: 无法加载控制器:Public

[ 2019-06-18T19:33:19+08:00 ] ::1 /A00/Public/static/H-ui/lib/html5.js
INFO: [ app_init ] --START--
INFO: Run Behavior\BuildLiteBehavior [ RunTime:0.000014s ]
INFO: [ app_init ] --END-- [ RunTime:0.000499s ]
INFO: [ app_begin ] --START--
INFO: Run Behavior\ReadHtmlCacheBehavior [ RunTime:0.000915s ]
INFO: [ app_begin ] --END-- [ RunTime:0.000972s ]
ERR: 无法加载控制器:Public

[ 2019-06-18T19:33:19+08:00 ] ::1 /A00/Public/static/css/core/%7B$Think.const.ADMIN_IMAGHES_PATH%7Dcore/mws-body-bg.png
INFO: [ app_init ] --START--
INFO: Run Behavior\BuildLiteBehavior [ RunTime:0.000016s ]
INFO: [ app_init ] --END-- [ RunTime:0.000583s ]

[ 2019-06-18T19:33:20+08:00 ] ::1 /A00/Public/static/H-ui/lib/html5.js
INFO: [ app_init ] --START--
INFO: Run Behavior\BuildLiteBehavior [ RunTime:0.000014s ]
INFO: [ app_init ] --END-- [ RunTime:0.000910s ]
INFO: [ app_begin ] --START--
INFO: Run Behavior\ReadHtmlCacheBehavior [ RunTime:0.000802s ]
INFO: [ app_begin ] --END-- [ RunTime:0.000875s ]
ERR: 无法加载控制器:Public

[ 2019-06-18T19:34:18+08:00 ] ::1 /A00/Public/static/H-ui/lib/html5.js
INFO: [ app_init ] --START--
INFO: Run Behavior\BuildLiteBehavior [ RunTime:0.000010s ]
INFO: [ app_init ] --END-- [ RunTime:0.000310s ]
INFO: [ app_begin ] --START--
INFO: Run Behavior\ReadHtmlCacheBehavior [ RunTime:0.000668s ]
INFO: [ app_begin ] --END-- [ RunTime:0.000709s ]
ERR: 无法加载控制器:Public

[ 2019-06-18T19:34:18+08:00 ] ::1 /A00/Public/static/css/core/%7B$Think.const.ADMIN_IMAGHES_PATH%7Dcore/mws-body-bg.png
INFO: [ app_init ] --START--
INFO: Run Behavior\BuildLiteBehavior [ RunTime:0.000041s ]
INFO: [ app_init ] --END-- [ RunTime:0.000388s ]

[ 2019-06-18T19:34:19+08:00 ] ::1 /A00/Public/static/H-ui/lib/html5.js
INFO: [ app_init ] --START--
INFO: Run Behavior\BuildLiteBehavior [ RunTime:0.000013s ]
INFO: [ app_init ] --END-- [ RunTime:0.000471s ]
INFO: [ app_begin ] --START--
INFO: Run Behavior\ReadHtmlCacheBehavior [ RunTime:0.000998s ]
INFO: [ app_begin ] --END-- [ RunTime:0.001053s ]
ERR: 无法加载控制器:Public

[ 2019-06-18T19:34:19+08:00 ] ::1 /A00/Public/static/css/core/%7B$Think.const.ADMIN_IMAGHES_PATH%7Dcore/mws-body-bg.png
INFO: [ app_init ] --START--
INFO: Run Behavior\BuildLiteBehavior [ RunTime:0.000014s ]
INFO: [ app_init ] --END-- [ RunTime:0.000364s ]

[ 2019-06-18T19:36:01+08:00 ] ::1 /A00/Public/static/H-ui/lib/html5.js
INFO: [ app_init ] --START--
INFO: Run Behavior\BuildLiteBehavior [ RunTime:0.000013s ]
INFO: [ app_init ] --END-- [ RunTime:0.000460s ]
INFO: [ app_begin ] --START--
INFO: Run Behavior\ReadHtmlCacheBehavior [ RunTime:0.000741s ]
INFO: [ app_begin ] --END-- [ RunTime:0.000790s ]
ERR: 无法加载控制器:Public

[ 2019-06-18T19:36:01+08:00 ] ::1 /A00/Public/static/css/core/%7B$Think.const.ADMIN_IMAGHES_PATH%7Dcore/mws-body-bg.png
INFO: [ app_init ] --START--
INFO: Run Behavior\BuildLiteBehavior [ RunTime:0.000014s ]
INFO: [ app_init ] --END-- [ RunTime:0.000414s ]

[ 2019-06-18T19:36:03+08:00 ] ::1 /A00/Public/static/css/core/%7B$Think.const.ADMIN_IMAGHES_PATH%7Dcore/mws-body-bg.png
INFO: [ app_init ] --START--
INFO: Run Behavior\BuildLiteBehavior [ RunTime:0.000011s ]
INFO: [ app_init ] --END-- [ RunTime:0.000320s ]

[ 2019-06-18T19:36:08+08:00 ] ::1 /A00/Public/static/H-ui/lib/html5.js
INFO: [ app_init ] --START--
INFO: Run Behavior\BuildLiteBehavior [ RunTime:0.000010s ]
INFO: [ app_init ] --END-- [ RunTime:0.000331s ]
INFO: [ app_begin ] --START--
INFO: Run Behavior\ReadHtmlCacheBehavior [ RunTime:0.000712s ]
INFO: [ app_begin ] --END-- [ RunTime:0.000796s ]
ERR: 无法加载控制器:Public

[ 2019-06-18T19:36:08+08:00 ] ::1 /A00/Public/static/css/core/%7B$Think.const.ADMIN_IMAGHES_PATH%7Dcore/mws-body-bg.png
INFO: [ app_init ] --START--
INFO: Run Behavior\BuildLiteBehavior [ RunTime:0.000012s ]
INFO: [ app_init ] --END-- [ RunTime:0.000348s ]

[ 2019-06-18T19:36:12+08:00 ] ::1 /A00/Public/static/H-ui/lib/html5.js
INFO: [ app_init ] --START--
INFO: Run Behavior\BuildLiteBehavior [ RunTime:0.000012s ]
INFO: [ app_init ] --END-- [ RunTime:0.000428s ]
INFO: [ app_begin ] --START--
INFO: Run Behavior\ReadHtmlCacheBehavior [ RunTime:0.000643s ]
INFO: [ app_begin ] --END-- [ RunTime:0.000695s ]
ERR: 无法加载控制器:Public

[ 2019-06-18T19:36:27+08:00 ] ::1 /A00/Public/static/H-ui/lib/html5.js
INFO: [ app_init ] --START--
INFO: Run Behavior\BuildLiteBehavior [ RunTime:0.000011s ]
INFO: [ app_init ] --END-- [ RunTime:0.000413s ]
INFO: [ app_begin ] --START--
INFO: Run Behavior\ReadHtmlCacheBehavior [ RunTime:0.000673s ]
INFO: [ app_begin ] --END-- [ RunTime:0.000715s ]
ERR: 无法加载控制器:Public

[ 2019-06-18T19:36:35+08:00 ] ::1 /A00/Public/static/H-ui/lib/html5.js
INFO: [ app_init ] --START--
INFO: Run Behavior\BuildLiteBehavior [ RunTime:0.000012s ]
INFO: [ app_init ] --END-- [ RunTime:0.000392s ]
INFO: [ app_begin ] --START--
INFO: Run Behavior\ReadHtmlCacheBehavior [ RunTime:0.000576s ]
INFO: [ app_begin ] --END-- [ RunTime:0.000627s ]
ERR: 无法加载控制器:Public

[ 2019-06-18T19:36:35+08:00 ] ::1 /A00/Public/static/css/core/%7B$Think.const.ADMIN_IMAGHES_PATH%7Dcore/mws-body-bg.png
INFO: [ app_init ] --START--
INFO: Run Behavior\BuildLiteBehavior [ RunTime:0.000013s ]
INFO: [ app_init ] --END-- [ RunTime:0.000564s ]

[ 2019-06-18T19:36:37+08:00 ] ::1 /A00/Public/static/H-ui/lib/html5.js
INFO: [ app_init ] --START--
INFO: Run Behavior\BuildLiteBehavior [ RunTime:0.000011s ]
INFO: [ app_init ] --END-- [ RunTime:0.000313s ]
INFO: [ app_begin ] --START--
INFO: Run Behavior\ReadHtmlCacheBehavior [ RunTime:0.000501s ]
INFO: [ app_begin ] --END-- [ RunTime:0.000539s ]
ERR: 无法加载控制器:Public

[ 2019-06-18T19:36:38+08:00 ] ::1 /A00/Public/static/css/core/%7B$Think.const.ADMIN_IMAGHES_PATH%7Dcore/mws-body-bg.png
INFO: [ app_init ] --START--
INFO: Run Behavior\BuildLiteBehavior [ RunTime:0.000011s ]
INFO: [ app_init ] --END-- [ RunTime:0.000336s ]

[ 2019-06-18T19:36:40+08:00 ] ::1 /A00/Public/static/H-ui/lib/html5.js
INFO: [ app_init ] --START--
INFO: Run Behavior\BuildLiteBehavior [ RunTime:0.000011s ]
INFO: [ app_init ] --END-- [ RunTime:0.000519s ]
INFO: [ app_begin ] --START--
INFO: Run Behavior\ReadHtmlCacheBehavior [ RunTime:0.000723s ]
INFO: [ app_begin ] --END-- [ RunTime:0.000784s ]
ERR: 无法加载控制器:Public

[ 2019-06-18T19:36:42+08:00 ] ::1 /A00/Public/static/H-ui/lib/html5.js
INFO: [ app_init ] --START--
INFO: Run Behavior\BuildLiteBehavior [ RunTime:0.000011s ]
INFO: [ app_init ] --END-- [ RunTime:0.000327s ]
INFO: [ app_begin ] --START--
INFO: Run Behavior\ReadHtmlCacheBehavior [ RunTime:0.000550s ]
INFO: [ app_begin ] --END-- [ RunTime:0.000597s ]
ERR: 无法加载控制器:Public

[ 2019-06-18T19:36:42+08:00 ] ::1 /A00/Public/static/css/core/%7B$Think.const.ADMIN_IMAGHES_PATH%7Dcore/mws-body-bg.png
INFO: [ app_init ] --START--
INFO: Run Behavior\BuildLiteBehavior [ RunTime:0.000012s ]
INFO: [ app_init ] --END-- [ RunTime:0.000322s ]

[ 2019-06-18T19:36:43+08:00 ] ::1 /A00/Public/static/H-ui/lib/html5.js
INFO: [ app_init ] --START--
INFO: Run Behavior\BuildLiteBehavior [ RunTime:0.000013s ]
INFO: [ app_init ] --END-- [ RunTime:0.000619s ]
INFO: [ app_begin ] --START--
INFO: Run Behavior\ReadHtmlCacheBehavior [ RunTime:0.000518s ]
INFO: [ app_begin ] --END-- [ RunTime:0.000583s ]
ERR: 无法加载控制器:Public

[ 2019-06-18T19:36:43+08:00 ] ::1 /A00/Public/static/css/core/%7B$Think.const.ADMIN_IMAGHES_PATH%7Dcore/mws-body-bg.png
INFO: [ app_init ] --START--
INFO: Run Behavior\BuildLiteBehavior [ RunTime:0.000013s ]
INFO: [ app_init ] --END-- [ RunTime:0.000401s ]

[ 2019-06-18T19:36:44+08:00 ] ::1 /A00/Public/static/H-ui/lib/html5.js
INFO: [ app_init ] --START--
INFO: Run Behavior\BuildLiteBehavior [ RunTime:0.000031s ]
INFO: [ app_init ] --END-- [ RunTime:0.000720s ]
INFO: [ app_begin ] --START--
INFO: Run Behavior\ReadHtmlCacheBehavior [ RunTime:0.000587s ]
INFO: [ app_begin ] --END-- [ RunTime:0.000636s ]
ERR: 无法加载控制器:Public

[ 2019-06-18T19:36:44+08:00 ] ::1 /A00/Public/static/css/core/%7B$Think.const.ADMIN_IMAGHES_PATH%7Dcore/mws-body-bg.png
INFO: [ app_init ] --START--
INFO: Run Behavior\BuildLiteBehavior [ RunTime:0.000011s ]
INFO: [ app_init ] --END-- [ RunTime:0.000383s ]

[ 2019-06-18T19:37:29+08:00 ] ::1 /A00/Public/static/H-ui/lib/html5.js
INFO: [ app_init ] --START--
INFO: Run Behavior\BuildLiteBehavior [ RunTime:0.000014s ]
INFO: [ app_init ] --END-- [ RunTime:0.000350s ]
INFO: [ app_begin ] --START--
INFO: Run Behavior\ReadHtmlCacheBehavior [ RunTime:0.000595s ]
INFO: [ app_begin ] --END-- [ RunTime:0.000639s ]
ERR: 无法加载控制器:Public

[ 2019-06-18T19:37:29+08:00 ] ::1 /A00/Public/static/css/core/%7B$Think.const.ADMIN_IMAGHES_PATH%7Dcore/mws-body-bg.png
INFO: [ app_init ] --START--
INFO: Run Behavior\BuildLiteBehavior [ RunTime:0.000027s ]
INFO: [ app_init ] --END-- [ RunTime:0.000733s ]

[ 2019-06-18T19:37:31+08:00 ] ::1 /A00/Public/static/H-ui/lib/html5.js
INFO: [ app_init ] --START--
INFO: Run Behavior\BuildLiteBehavior [ RunTime:0.000012s ]
INFO: [ app_init ] --END-- [ RunTime:0.000469s ]
INFO: [ app_begin ] --START--
INFO: Run Behavior\ReadHtmlCacheBehavior [ RunTime:0.000720s ]
INFO: [ app_begin ] --END-- [ RunTime:0.000762s ]
ERR: 无法加载控制器:Public

[ 2019-06-18T19:37:37+08:00 ] ::1 /A00/Public/static/H-ui/lib/html5.js
INFO: [ app_init ] --START--
INFO: Run Behavior\BuildLiteBehavior [ RunTime:0.000013s ]
INFO: [ app_init ] --END-- [ RunTime:0.000521s ]
INFO: [ app_begin ] --START--
INFO: Run Behavior\ReadHtmlCacheBehavior [ RunTime:0.001187s ]
INFO: [ app_begin ] --END-- [ RunTime:0.001239s ]
ERR: 无法加载控制器:Public

[ 2019-06-18T19:37:56+08:00 ] ::1 /A00/Public/static/H-ui/lib/html5.js
INFO: [ app_init ] --START--
INFO: Run Behavior\BuildLiteBehavior [ RunTime:0.000012s ]
INFO: [ app_init ] --END-- [ RunTime:0.000562s ]
INFO: [ app_begin ] --START--
INFO: Run Behavior\ReadHtmlCacheBehavior [ RunTime:0.000804s ]
INFO: [ app_begin ] --END-- [ RunTime:0.000850s ]
ERR: 无法加载控制器:Public

[ 2019-06-18T19:37:56+08:00 ] ::1 /A00/Public/static/css/core/%7B$Think.const.ADMIN_IMAGHES_PATH%7Dcore/mws-body-bg.png
INFO: [ app_init ] --START--
INFO: Run Behavior\BuildLiteBehavior [ RunTime:0.000013s ]
INFO: [ app_init ] --END-- [ RunTime:0.000364s ]

[ 2019-06-18T19:37:57+08:00 ] ::1 /A00/Public/static/H-ui/lib/html5.js
INFO: [ app_init ] --START--
INFO: Run Behavior\BuildLiteBehavior [ RunTime:0.000013s ]
INFO: [ app_init ] --END-- [ RunTime:0.000331s ]
INFO: [ app_begin ] --START--
INFO: Run Behavior\ReadHtmlCacheBehavior [ RunTime:0.000666s ]
INFO: [ app_begin ] --END-- [ RunTime:0.000713s ]
ERR: 无法加载控制器:Public

[ 2019-06-18T19:39:25+08:00 ] ::1 /A00/Public/static/H-ui/lib/html5.js
INFO: [ app_init ] --START--
INFO: Run Behavior\BuildLiteBehavior [ RunTime:0.000026s ]
INFO: [ app_init ] --END-- [ RunTime:0.000695s ]
INFO: [ app_begin ] --START--
INFO: Run Behavior\ReadHtmlCacheBehavior [ RunTime:0.000766s ]
INFO: [ app_begin ] --END-- [ RunTime:0.000819s ]
ERR: 无法加载控制器:Public

[ 2019-06-18T19:39:25+08:00 ] ::1 /A00/Public/static/css/core/%7B$Think.const.ADMIN_IMAGHES_PATH%7Dcore/mws-body-bg.png
INFO: [ app_init ] --START--
INFO: Run Behavior\BuildLiteBehavior [ RunTime:0.000012s ]
INFO: [ app_init ] --END-- [ RunTime:0.000417s ]

[ 2019-06-18T19:39:27+08:00 ] ::1 /A00/Public/static/H-ui/lib/html5.js
INFO: [ app_init ] --START--
INFO: Run Behavior\BuildLiteBehavior [ RunTime:0.000017s ]
INFO: [ app_init ] --END-- [ RunTime:0.000515s ]
INFO: [ app_begin ] --START--
INFO: Run Behavior\ReadHtmlCacheBehavior [ RunTime:0.001775s ]
INFO: [ app_begin ] --END-- [ RunTime:0.001847s ]
ERR: 无法加载控制器:Public

[ 2019-06-18T19:41:23+08:00 ] ::1 /A00/Public/static/H-ui/lib/html5.js
INFO: [ app_init ] --START--
INFO: Run Behavior\BuildLiteBehavior [ RunTime:0.000026s ]
INFO: [ app_init ] --END-- [ RunTime:0.000668s ]
INFO: [ app_begin ] --START--
INFO: Run Behavior\ReadHtmlCacheBehavior [ RunTime:0.001130s ]
INFO: [ app_begin ] --END-- [ RunTime:0.001218s ]
ERR: 无法加载控制器:Public

[ 2019-06-18T19:41:23+08:00 ] ::1 /A00/Public/static/css/core/%7B$Think.const.ADMIN_IMAGHES_PATH%7Dcore/mws-body-bg.png
INFO: [ app_init ] --START--
INFO: Run Behavior\BuildLiteBehavior [ RunTime:0.000016s ]
INFO: [ app_init ] --END-- [ RunTime:0.000497s ]

[ 2019-06-18T19:41:24+08:00 ] ::1 /A00/Public/static/H-ui/lib/html5.js
INFO: [ app_init ] --START--
INFO: Run Behavior\BuildLiteBehavior [ RunTime:0.000040s ]
INFO: [ app_init ] --END-- [ RunTime:0.000621s ]
INFO: [ app_begin ] --START--
INFO: Run Behavior\ReadHtmlCacheBehavior [ RunTime:0.000751s ]
INFO: [ app_begin ] --END-- [ RunTime:0.000801s ]
ERR: 无法加载控制器:Public

[ 2019-06-18T19:41:31+08:00 ] ::1 /A00/Public/static/H-ui/lib/html5.js
INFO: [ app_init ] --START--
INFO: Run Behavior\BuildLiteBehavior [ RunTime:0.000015s ]
INFO: [ app_init ] --END-- [ RunTime:0.000564s ]
INFO: [ app_begin ] --START--
INFO: Run Behavior\ReadHtmlCacheBehavior [ RunTime:0.000632s ]
INFO: [ app_begin ] --END-- [ RunTime:0.000688s ]
ERR: 无法加载控制器:Public

[ 2019-06-18T19:41:31+08:00 ] ::1 /A00/Public/static/css/core/%7B$Think.const.ADMIN_IMAGHES_PATH%7Dcore/mws-body-bg.png
INFO: [ app_init ] --START--
INFO: Run Behavior\BuildLiteBehavior [ RunTime:0.000011s ]
INFO: [ app_init ] --END-- [ RunTime:0.000329s ]

[ 2019-06-18T19:41:33+08:00 ] ::1 /A00/Public/static/H-ui/lib/html5.js
INFO: [ app_init ] --START--
INFO: Run Behavior\BuildLiteBehavior [ RunTime:0.000021s ]
INFO: [ app_init ] --END-- [ RunTime:0.000696s ]
INFO: [ app_begin ] --START--
INFO: Run Behavior\ReadHtmlCacheBehavior [ RunTime:0.001062s ]
INFO: [ app_begin ] --END-- [ RunTime:0.001172s ]
ERR: 无法加载控制器:Public

[ 2019-06-18T19:41:34+08:00 ] ::1 /A00/Public/static/css/core/%7B$Think.const.ADMIN_IMAGHES_PATH%7Dcore/mws-body-bg.png
INFO: [ app_init ] --START--
INFO: Run Behavior\BuildLiteBehavior [ RunTime:0.000026s ]
INFO: [ app_init ] --END-- [ RunTime:0.000690s ]

[ 2019-06-18T19:41:35+08:00 ] ::1 /A00/Public/static/H-ui/lib/html5.js
INFO: [ app_init ] --START--
INFO: Run Behavior\BuildLiteBehavior [ RunTime:0.000016s ]
INFO: [ app_init ] --END-- [ RunTime:0.000550s ]
INFO: [ app_begin ] --START--
INFO: Run Behavior\ReadHtmlCacheBehavior [ RunTime:0.001064s ]
INFO: [ app_begin ] --END-- [ RunTime:0.001195s ]
ERR: 无法加载控制器:Public

[ 2019-06-18T19:41:43+08:00 ] ::1 /A00/Public/static/H-ui/lib/html5.js
INFO: [ app_init ] --START--
INFO: Run Behavior\BuildLiteBehavior [ RunTime:0.000010s ]
INFO: [ app_init ] --END-- [ RunTime:0.000314s ]
INFO: [ app_begin ] --START--
INFO: Run Behavior\ReadHtmlCacheBehavior [ RunTime:0.000593s ]
INFO: [ app_begin ] --END-- [ RunTime:0.000633s ]
ERR: 无法加载控制器:Public

[ 2019-06-18T19:41:43+08:00 ] ::1 /A00/Public/static/css/core/%7B$Think.const.ADMIN_IMAGHES_PATH%7Dcore/mws-body-bg.png
INFO: [ app_init ] --START--
INFO: Run Behavior\BuildLiteBehavior [ RunTime:0.000012s ]
INFO: [ app_init ] --END-- [ RunTime:0.000336s ]

[ 2019-06-18T19:41:53+08:00 ] ::1 /A00/Public/static/H-ui/lib/html5.js
INFO: [ app_init ] --START--
INFO: Run Behavior\BuildLiteBehavior [ RunTime:0.000012s ]
INFO: [ app_init ] --END-- [ RunTime:0.000374s ]
INFO: [ app_begin ] --START--
INFO: Run Behavior\ReadHtmlCacheBehavior [ RunTime:0.000907s ]
INFO: [ app_begin ] --END-- [ RunTime:0.000949s ]
ERR: 无法加载控制器:Public

[ 2019-06-18T19:41:53+08:00 ] ::1 /A00/Public/static/css/core/%7B$Think.const.ADMIN_IMAGHES_PATH%7Dcore/mws-body-bg.png
INFO: [ app_init ] --START--
INFO: Run Behavior\BuildLiteBehavior [ RunTime:0.000013s ]
INFO: [ app_init ] --END-- [ RunTime:0.000370s ]

[ 2019-06-18T19:42:09+08:00 ] ::1 /A00/Public/static/H-ui/lib/html5.js
INFO: [ app_init ] --START--
INFO: Run Behavior\BuildLiteBehavior [ RunTime:0.000020s ]
INFO: [ app_init ] --END-- [ RunTime:0.000504s ]
INFO: [ app_begin ] --START--
INFO: Run Behavior\ReadHtmlCacheBehavior [ RunTime:0.000665s ]
INFO: [ app_begin ] --END-- [ RunTime:0.000716s ]
ERR: 无法加载控制器:Public

[ 2019-06-18T19:42:09+08:00 ] ::1 /A00/Public/static/css/core/%7B$Think.const.ADMIN_IMAGHES_PATH%7Dcore/mws-body-bg.png
INFO: [ app_init ] --START--
INFO: Run Behavior\BuildLiteBehavior [ RunTime:0.000014s ]
INFO: [ app_init ] --END-- [ RunTime:0.000365s ]

[ 2019-06-18T19:42:10+08:00 ] ::1 /A00/Public/static/H-ui/lib/html5.js
INFO: [ app_init ] --START--
INFO: Run Behavior\BuildLiteBehavior [ RunTime:0.000011s ]
INFO: [ app_init ] --END-- [ RunTime:0.000542s ]
INFO: [ app_begin ] --START--
INFO: Run Behavior\ReadHtmlCacheBehavior [ RunTime:0.000881s ]
INFO: [ app_begin ] --END-- [ RunTime:0.000962s ]
ERR: 无法加载控制器:Public

[ 2019-06-18T19:42:18+08:00 ] ::1 /A00/Public/static/H-ui/lib/html5.js
INFO: [ app_init ] --START--
INFO: Run Behavior\BuildLiteBehavior [ RunTime:0.000010s ]
INFO: [ app_init ] --END-- [ RunTime:0.000322s ]
INFO: [ app_begin ] --START--
INFO: Run Behavior\ReadHtmlCacheBehavior [ RunTime:0.000551s ]
INFO: [ app_begin ] --END-- [ RunTime:0.000595s ]
ERR: 无法加载控制器:Public

[ 2019-06-18T19:42:18+08:00 ] ::1 /A00/Public/static/css/core/%7B$Think.const.ADMIN_IMAGHES_PATH%7Dcore/mws-body-bg.png
INFO: [ app_init ] --START--
INFO: Run Behavior\BuildLiteBehavior [ RunTime:0.000011s ]
INFO: [ app_init ] --END-- [ RunTime:0.000331s ]

[ 2019-06-18T19:42:28+08:00 ] ::1 /A00/Public/static/H-ui/lib/html5.js
INFO: [ app_init ] --START--
INFO: Run Behavior\BuildLiteBehavior [ RunTime:0.000013s ]
INFO: [ app_init ] --END-- [ RunTime:0.000660s ]
INFO: [ app_begin ] --START--
INFO: Run Behavior\ReadHtmlCacheBehavior [ RunTime:0.000577s ]
INFO: [ app_begin ] --END-- [ RunTime:0.000634s ]
ERR: 无法加载控制器:Public

[ 2019-06-18T19:42:28+08:00 ] ::1 /A00/Public/static/css/core/%7B$Think.const.ADMIN_IMAGHES_PATH%7Dcore/mws-body-bg.png
INFO: [ app_init ] --START--
INFO: Run Behavior\BuildLiteBehavior [ RunTime:0.000014s ]
INFO: [ app_init ] --END-- [ RunTime:0.000478s ]

[ 2019-06-18T19:42:30+08:00 ] ::1 /A00/Public/static/H-ui/lib/html5.js
INFO: [ app_init ] --START--
INFO: Run Behavior\BuildLiteBehavior [ RunTime:0.000010s ]
INFO: [ app_init ] --END-- [ RunTime:0.000346s ]
INFO: [ app_begin ] --START--
INFO: Run Behavior\ReadHtmlCacheBehavior [ RunTime:0.000794s ]
INFO: [ app_begin ] --END-- [ RunTime:0.000843s ]
ERR: 无法加载控制器:Public

[ 2019-06-18T19:42:30+08:00 ] ::1 /A00/Public/static/css/core/%7B$Think.const.ADMIN_IMAGHES_PATH%7Dcore/mws-body-bg.png
INFO: [ app_init ] --START--
INFO: Run Behavior\BuildLiteBehavior [ RunTime:0.000012s ]
INFO: [ app_init ] --END-- [ RunTime:0.000371s ]

[ 2019-06-18T19:42:34+08:00 ] ::1 /A00/Public/static/H-ui/lib/html5.js
INFO: [ app_init ] --START--
INFO: Run Behavior\BuildLiteBehavior [ RunTime:0.000026s ]
INFO: [ app_init ] --END-- [ RunTime:0.000405s ]
INFO: [ app_begin ] --START--
INFO: Run Behavior\ReadHtmlCacheBehavior [ RunTime:0.000642s ]
INFO: [ app_begin ] --END-- [ RunTime:0.000686s ]
ERR: 无法加载控制器:Public

[ 2019-06-18T19:42:34+08:00 ] ::1 /A00/Public/static/css/core/%7B$Think.const.ADMIN_IMAGHES_PATH%7Dcore/mws-body-bg.png
INFO: [ app_init ] --START--
INFO: Run Behavior\BuildLiteBehavior [ RunTime:0.000013s ]
INFO: [ app_init ] --END-- [ RunTime:0.000412s ]

[ 2019-06-18T19:42:47+08:00 ] ::1 /A00/Public/static/H-ui/lib/html5.js
INFO: [ app_init ] --START--
INFO: Run Behavior\BuildLiteBehavior [ RunTime:0.000026s ]
INFO: [ app_init ] --END-- [ RunTime:0.000767s ]
INFO: [ app_begin ] --START--
INFO: Run Behavior\ReadHtmlCacheBehavior [ RunTime:0.000600s ]
INFO: [ app_begin ] --END-- [ RunTime:0.000642s ]
ERR: 无法加载控制器:Public

[ 2019-06-18T19:45:10+08:00 ] ::1 /A00/Public/static/css/core/%7B$Think.const.ADMIN_IMAGHES_PATH%7Dcore/mws-body-bg.png
INFO: [ app_init ] --START--
INFO: Run Behavior\BuildLiteBehavior [ RunTime:0.000012s ]
INFO: [ app_init ] --END-- [ RunTime:0.000366s ]

