[ 2019-06-03T18:30:27+08:00 ] ::1 /A00/Public/static/css/core/%7B$Think.const.ADMIN_IMAGHES_PATH%7Dcore/mws-body-bg.png
INFO: [ app_init ] --START--
INFO: Run Behavior\BuildLiteBehavior [ RunTime:0.000018s ]
INFO: [ app_init ] --END-- [ RunTime:0.000558s ]

[ 2019-06-03T18:30:32+08:00 ] ::1 /A00/Public/static/css/core/%7B$Think.const.ADMIN_IMAGHES_PATH%7Dcore/mws-body-bg.png
INFO: [ app_init ] --START--
INFO: Run Behavior\BuildLiteBehavior [ RunTime:0.000023s ]
INFO: [ app_init ] --END-- [ RunTime:0.000654s ]

[ 2019-06-03T18:30:36+08:00 ] ::1 /A00/Public/static/css/core/%7B$Think.const.ADMIN_IMAGHES_PATH%7Dcore/mws-body-bg.png
INFO: [ app_init ] --START--
INFO: Run Behavior\BuildLiteBehavior [ RunTime:0.000013s ]
INFO: [ app_init ] --END-- [ RunTime:0.000436s ]

[ 2019-06-03T18:31:16+08:00 ] ::1 /A00/Public/static/css/core/%7B$Think.const.ADMIN_IMAGHES_PATH%7Dcore/mws-body-bg.png
INFO: [ app_init ] --START--
INFO: Run Behavior\BuildLiteBehavior [ RunTime:0.000013s ]
INFO: [ app_init ] --END-- [ RunTime:0.000456s ]

[ 2019-06-03T18:33:33+08:00 ] ::1 /A00/Public/static/css/core/%7B$Think.const.ADMIN_IMAGHES_PATH%7Dcore/mws-body-bg.png
INFO: [ app_init ] --START--
INFO: Run Behavior\BuildLiteBehavior [ RunTime:0.000013s ]
INFO: [ app_init ] --END-- [ RunTime:0.000424s ]

[ 2019-06-03T18:34:21+08:00 ] ::1 /A00/Public/static/css/core/%7B$Think.const.ADMIN_IMAGHES_PATH%7Dcore/mws-body-bg.png
INFO: [ app_init ] --START--
INFO: Run Behavior\BuildLiteBehavior [ RunTime:0.000020s ]
INFO: [ app_init ] --END-- [ RunTime:0.000651s ]

[ 2019-06-03T18:35:11+08:00 ] ::1 /A00/Public/static/css/core/%7B$Think.const.ADMIN_IMAGHES_PATH%7Dcore/mws-body-bg.png
INFO: [ app_init ] --START--
INFO: Run Behavior\BuildLiteBehavior [ RunTime:0.000019s ]
INFO: [ app_init ] --END-- [ RunTime:0.000623s ]

[ 2019-06-03T18:36:07+08:00 ] ::1 /A00/Public/static/css/core/%7B$Think.const.ADMIN_IMAGHES_PATH%7Dcore/mws-body-bg.png
INFO: [ app_init ] --START--
INFO: Run Behavior\BuildLiteBehavior [ RunTime:0.000013s ]
INFO: [ app_init ] --END-- [ RunTime:0.000377s ]

[ 2019-06-03T18:37:30+08:00 ] ::1 /A00/Public/static/css/core/%7B$Think.const.ADMIN_IMAGHES_PATH%7Dcore/mws-body-bg.png
INFO: [ app_init ] --START--
INFO: Run Behavior\BuildLiteBehavior [ RunTime:0.000025s ]
INFO: [ app_init ] --END-- [ RunTime:0.000765s ]

[ 2019-06-03T18:47:39+08:00 ] ::1 /A00/Public/static/css/core/%7B$Think.const.ADMIN_IMAGHES_PATH%7Dcore/mws-body-bg.png
INFO: [ app_init ] --START--
INFO: Run Behavior\BuildLiteBehavior [ RunTime:0.000013s ]
INFO: [ app_init ] --END-- [ RunTime:0.000420s ]

[ 2019-06-03T18:49:57+08:00 ] ::1 /A00/Public/static/css/core/%7B$Think.const.ADMIN_IMAGHES_PATH%7Dcore/mws-body-bg.png
INFO: [ app_init ] --START--
INFO: Run Behavior\BuildLiteBehavior [ RunTime:0.000020s ]
INFO: [ app_init ] --END-- [ RunTime:0.000627s ]

[ 2019-06-03T18:50:22+08:00 ] ::1 /A00/Public/static/css/core/%7B$Think.const.ADMIN_IMAGHES_PATH%7Dcore/mws-body-bg.png
INFO: [ app_init ] --START--
INFO: Run Behavior\BuildLiteBehavior [ RunTime:0.000021s ]
INFO: [ app_init ] --END-- [ RunTime:0.000638s ]

[ 2019-06-03T18:50:46+08:00 ] ::1 /A00/Public/static/css/core/%7B$Think.const.ADMIN_IMAGHES_PATH%7Dcore/mws-body-bg.png
INFO: [ app_init ] --START--
INFO: Run Behavior\BuildLiteBehavior [ RunTime:0.000040s ]
INFO: [ app_init ] --END-- [ RunTime:0.000651s ]

[ 2019-06-03T18:52:21+08:00 ] ::1 /A00/Public/static/css/core/%7B$Think.const.ADMIN_IMAGHES_PATH%7Dcore/mws-body-bg.png
INFO: [ app_init ] --START--
INFO: Run Behavior\BuildLiteBehavior [ RunTime:0.000014s ]
INFO: [ app_init ] --END-- [ RunTime:0.000634s ]

[ 2019-06-03T18:52:23+08:00 ] ::1 /A00/Public/static/css/core/%7B$Think.const.ADMIN_IMAGHES_PATH%7Dcore/mws-body-bg.png
INFO: [ app_init ] --START--
INFO: Run Behavior\BuildLiteBehavior [ RunTime:0.000011s ]
INFO: [ app_init ] --END-- [ RunTime:0.000373s ]

[ 2019-06-03T18:54:34+08:00 ] ::1 /A00/Public/static/css/core/%7B$Think.const.ADMIN_IMAGHES_PATH%7Dcore/mws-body-bg.png
INFO: [ app_init ] --START--
INFO: Run Behavior\BuildLiteBehavior [ RunTime:0.000018s ]
INFO: [ app_init ] --END-- [ RunTime:0.000557s ]

[ 2019-06-03T18:55:51+08:00 ] ::1 /A00/Public/static/css/core/%7B$Think.const.ADMIN_IMAGHES_PATH%7Dcore/mws-body-bg.png
INFO: [ app_init ] --START--
INFO: Run Behavior\BuildLiteBehavior [ RunTime:0.000021s ]
INFO: [ app_init ] --END-- [ RunTime:0.000451s ]

[ 2019-06-03T18:57:51+08:00 ] ::1 /A00/Public/static/css/core/%7B$Think.const.ADMIN_IMAGHES_PATH%7Dcore/mws-body-bg.png
INFO: [ app_init ] --START--
INFO: Run Behavior\BuildLiteBehavior [ RunTime:0.000025s ]
INFO: [ app_init ] --END-- [ RunTime:0.000974s ]

[ 2019-06-03T18:58:58+08:00 ] ::1 /A00/Public/static/css/core/%7B$Think.const.ADMIN_IMAGHES_PATH%7Dcore/mws-body-bg.png
INFO: [ app_init ] --START--
INFO: Run Behavior\BuildLiteBehavior [ RunTime:0.000014s ]
INFO: [ app_init ] --END-- [ RunTime:0.000445s ]

[ 2019-06-03T18:59:38+08:00 ] ::1 /A00/Public/static/css/core/%7B$Think.const.ADMIN_IMAGHES_PATH%7Dcore/mws-body-bg.png
INFO: [ app_init ] --START--
INFO: Run Behavior\BuildLiteBehavior [ RunTime:0.000023s ]
INFO: [ app_init ] --END-- [ RunTime:0.000655s ]

[ 2019-06-03T18:59:56+08:00 ] ::1 /A00/Public/static/css/core/%7B$Think.const.ADMIN_IMAGHES_PATH%7Dcore/mws-body-bg.png
INFO: [ app_init ] --START--
INFO: Run Behavior\BuildLiteBehavior [ RunTime:0.000014s ]
INFO: [ app_init ] --END-- [ RunTime:0.000458s ]

[ 2019-06-03T19:03:45+08:00 ] ::1 /A00/Public/static/css/core/%7B$Think.const.ADMIN_IMAGHES_PATH%7Dcore/mws-body-bg.png
INFO: [ app_init ] --START--
INFO: Run Behavior\BuildLiteBehavior [ RunTime:0.000020s ]
INFO: [ app_init ] --END-- [ RunTime:0.000562s ]

[ 2019-06-03T19:05:11+08:00 ] ::1 /A00/Public/static/css/core/%7B$Think.const.ADMIN_IMAGHES_PATH%7Dcore/mws-body-bg.png
INFO: [ app_init ] --START--
INFO: Run Behavior\BuildLiteBehavior [ RunTime:0.000013s ]
INFO: [ app_init ] --END-- [ RunTime:0.000380s ]

[ 2019-06-03T19:06:18+08:00 ] ::1 /A00/Public/static/css/core/%7B$Think.const.ADMIN_IMAGHES_PATH%7Dcore/mws-body-bg.png
INFO: [ app_init ] --START--
INFO: Run Behavior\BuildLiteBehavior [ RunTime:0.000014s ]
INFO: [ app_init ] --END-- [ RunTime:0.000483s ]

[ 2019-06-03T19:10:12+08:00 ] ::1 /A00/Public/static/css/core/%7B$Think.const.ADMIN_IMAGHES_PATH%7Dcore/mws-body-bg.png
INFO: [ app_init ] --START--
INFO: Run Behavior\BuildLiteBehavior [ RunTime:0.000012s ]
INFO: [ app_init ] --END-- [ RunTime:0.000371s ]

[ 2019-06-03T19:13:47+08:00 ] ::1 /A00/Public/static/css/core/%7B$Think.const.ADMIN_IMAGHES_PATH%7Dcore/mws-body-bg.png
INFO: [ app_init ] --START--
INFO: Run Behavior\BuildLiteBehavior [ RunTime:0.000013s ]
INFO: [ app_init ] --END-- [ RunTime:0.000444s ]

[ 2019-06-03T19:13:50+08:00 ] ::1 /A00/Public/static/css/core/%7B$Think.const.ADMIN_IMAGHES_PATH%7Dcore/mws-body-bg.png
INFO: [ app_init ] --START--
INFO: Run Behavior\BuildLiteBehavior [ RunTime:0.000025s ]
INFO: [ app_init ] --END-- [ RunTime:0.000874s ]

[ 2019-06-03T19:18:58+08:00 ] ::1 /A00/Public/static/css/core/%7B$Think.const.ADMIN_IMAGHES_PATH%7Dcore/mws-body-bg.png
INFO: [ app_init ] --START--
INFO: Run Behavior\BuildLiteBehavior [ RunTime:0.000059s ]
INFO: [ app_init ] --END-- [ RunTime:0.000615s ]

[ 2019-06-03T19:19:28+08:00 ] ::1 /A00/Public/static/css/core/%7B$Think.const.ADMIN_IMAGHES_PATH%7Dcore/mws-body-bg.png
INFO: [ app_init ] --START--
INFO: Run Behavior\BuildLiteBehavior [ RunTime:0.000013s ]
INFO: [ app_init ] --END-- [ RunTime:0.000434s ]

[ 2019-06-03T19:20:38+08:00 ] ::1 /A00/Public/static/css/core/%7B$Think.const.ADMIN_IMAGHES_PATH%7Dcore/mws-body-bg.png
INFO: [ app_init ] --START--
INFO: Run Behavior\BuildLiteBehavior [ RunTime:0.000050s ]
INFO: [ app_init ] --END-- [ RunTime:0.001315s ]

[ 2019-06-03T19:21:26+08:00 ] ::1 /A00/Public/static/css/core/%7B$Think.const.ADMIN_IMAGHES_PATH%7Dcore/mws-body-bg.png
INFO: [ app_init ] --START--
INFO: Run Behavior\BuildLiteBehavior [ RunTime:0.000037s ]
INFO: [ app_init ] --END-- [ RunTime:0.000659s ]

[ 2019-06-03T19:22:57+08:00 ] ::1 /A00/Public/static/css/core/%7B$Think.const.ADMIN_IMAGHES_PATH%7Dcore/mws-body-bg.png
INFO: [ app_init ] --START--
INFO: Run Behavior\BuildLiteBehavior [ RunTime:0.000025s ]
INFO: [ app_init ] --END-- [ RunTime:0.000567s ]

[ 2019-06-03T19:27:53+08:00 ] ::1 /A00/Public/static/css/core/%7B$Think.const.ADMIN_IMAGHES_PATH%7Dcore/mws-body-bg.png
INFO: [ app_init ] --START--
INFO: Run Behavior\BuildLiteBehavior [ RunTime:0.000013s ]
INFO: [ app_init ] --END-- [ RunTime:0.000440s ]

[ 2019-06-03T19:30:34+08:00 ] ::1 /A00/Public/static/css/core/%7B$Think.const.ADMIN_IMAGHES_PATH%7Dcore/mws-body-bg.png
INFO: [ app_init ] --START--
INFO: Run Behavior\BuildLiteBehavior [ RunTime:0.000013s ]
INFO: [ app_init ] --END-- [ RunTime:0.000374s ]

[ 2019-06-03T19:30:46+08:00 ] ::1 /A00/Public/static/css/core/%7B$Think.const.ADMIN_IMAGHES_PATH%7Dcore/mws-body-bg.png
INFO: [ app_init ] --START--
INFO: Run Behavior\BuildLiteBehavior [ RunTime:0.000030s ]
INFO: [ app_init ] --END-- [ RunTime:0.000528s ]

[ 2019-06-03T19:30:58+08:00 ] ::1 /A00/Public/static/css/core/%7B$Think.const.ADMIN_IMAGHES_PATH%7Dcore/mws-body-bg.png
INFO: [ app_init ] --START--
INFO: Run Behavior\BuildLiteBehavior [ RunTime:0.000013s ]
INFO: [ app_init ] --END-- [ RunTime:0.000438s ]

[ 2019-06-03T19:30:58+08:00 ] ::1 /A00/Public/static/css/core/%7B$Think.const.ADMIN_IMAGHES_PATH%7Dcore/mws-body-bg.png
INFO: [ app_init ] --START--
INFO: Run Behavior\BuildLiteBehavior [ RunTime:0.000045s ]
INFO: [ app_init ] --END-- [ RunTime:0.000949s ]

[ 2019-06-03T19:30:59+08:00 ] ::1 /A00/Public/static/css/core/%7B$Think.const.ADMIN_IMAGHES_PATH%7Dcore/mws-body-bg.png
INFO: [ app_init ] --START--
INFO: Run Behavior\BuildLiteBehavior [ RunTime:0.000020s ]
INFO: [ app_init ] --END-- [ RunTime:0.000544s ]

[ 2019-06-03T19:30:59+08:00 ] ::1 /A00/Public/static/css/core/%7B$Think.const.ADMIN_IMAGHES_PATH%7Dcore/mws-body-bg.png
INFO: [ app_init ] --START--
INFO: Run Behavior\BuildLiteBehavior [ RunTime:0.000029s ]
INFO: [ app_init ] --END-- [ RunTime:0.000460s ]

[ 2019-06-03T19:30:59+08:00 ] ::1 /A00/Public/static/css/core/%7B$Think.const.ADMIN_IMAGHES_PATH%7Dcore/mws-body-bg.png
INFO: [ app_init ] --START--
INFO: Run Behavior\BuildLiteBehavior [ RunTime:0.000039s ]
INFO: [ app_init ] --END-- [ RunTime:0.000578s ]

[ 2019-06-03T19:30:59+08:00 ] ::1 /A00/Public/static/css/core/%7B$Think.const.ADMIN_IMAGHES_PATH%7Dcore/mws-body-bg.png
INFO: [ app_init ] --START--
INFO: Run Behavior\BuildLiteBehavior [ RunTime:0.000028s ]
INFO: [ app_init ] --END-- [ RunTime:0.000617s ]

[ 2019-06-03T19:31:00+08:00 ] ::1 /A00/Public/static/css/core/%7B$Think.const.ADMIN_IMAGHES_PATH%7Dcore/mws-body-bg.png
INFO: [ app_init ] --START--
INFO: Run Behavior\BuildLiteBehavior [ RunTime:0.000013s ]
INFO: [ app_init ] --END-- [ RunTime:0.000421s ]

[ 2019-06-03T19:31:22+08:00 ] ::1 /A00/Public/static/css/core/%7B$Think.const.ADMIN_IMAGHES_PATH%7Dcore/mws-body-bg.png
INFO: [ app_init ] --START--
INFO: Run Behavior\BuildLiteBehavior [ RunTime:0.000036s ]
INFO: [ app_init ] --END-- [ RunTime:0.000816s ]

[ 2019-06-03T19:31:38+08:00 ] ::1 /A00/Public/static/css/core/%7B$Think.const.ADMIN_IMAGHES_PATH%7Dcore/mws-body-bg.png
INFO: [ app_init ] --START--
INFO: Run Behavior\BuildLiteBehavior [ RunTime:0.000019s ]
INFO: [ app_init ] --END-- [ RunTime:0.000589s ]

[ 2019-06-03T19:31:41+08:00 ] ::1 /A00/Public/static/css/core/%7B$Think.const.ADMIN_IMAGHES_PATH%7Dcore/mws-body-bg.png
INFO: [ app_init ] --START--
INFO: Run Behavior\BuildLiteBehavior [ RunTime:0.000056s ]
INFO: [ app_init ] --END-- [ RunTime:0.000612s ]

[ 2019-06-03T19:32:13+08:00 ] ::1 /A00/Public/static/css/core/%7B$Think.const.ADMIN_IMAGHES_PATH%7Dcore/mws-body-bg.png
INFO: [ app_init ] --START--
INFO: Run Behavior\BuildLiteBehavior [ RunTime:0.000016s ]
INFO: [ app_init ] --END-- [ RunTime:0.000459s ]

[ 2019-06-03T19:32:32+08:00 ] ::1 /A00/Public/static/css/core/%7B$Think.const.ADMIN_IMAGHES_PATH%7Dcore/mws-body-bg.png
INFO: [ app_init ] --START--
INFO: Run Behavior\BuildLiteBehavior [ RunTime:0.000020s ]
INFO: [ app_init ] --END-- [ RunTime:0.000580s ]

[ 2019-06-03T19:32:33+08:00 ] ::1 /A00/Public/static/css/core/%7B$Think.const.ADMIN_IMAGHES_PATH%7Dcore/mws-body-bg.png
INFO: [ app_init ] --START--
INFO: Run Behavior\BuildLiteBehavior [ RunTime:0.000013s ]
INFO: [ app_init ] --END-- [ RunTime:0.000407s ]

[ 2019-06-03T19:32:33+08:00 ] ::1 /A00/Public/static/css/core/%7B$Think.const.ADMIN_IMAGHES_PATH%7Dcore/mws-body-bg.png
INFO: [ app_init ] --START--
INFO: Run Behavior\BuildLiteBehavior [ RunTime:0.000018s ]
INFO: [ app_init ] --END-- [ RunTime:0.000394s ]

[ 2019-06-03T19:32:33+08:00 ] ::1 /A00/Public/static/css/core/%7B$Think.const.ADMIN_IMAGHES_PATH%7Dcore/mws-body-bg.png
INFO: [ app_init ] --START--
INFO: Run Behavior\BuildLiteBehavior [ RunTime:0.000028s ]
INFO: [ app_init ] --END-- [ RunTime:0.000677s ]

[ 2019-06-03T19:32:34+08:00 ] ::1 /A00/Public/static/css/core/%7B$Think.const.ADMIN_IMAGHES_PATH%7Dcore/mws-body-bg.png
INFO: [ app_init ] --START--
INFO: Run Behavior\BuildLiteBehavior [ RunTime:0.000018s ]
INFO: [ app_init ] --END-- [ RunTime:0.000635s ]

[ 2019-06-03T19:40:40+08:00 ] ::1 /A00/Public/static/css/core/%7B$Think.const.ADMIN_IMAGHES_PATH%7Dcore/mws-body-bg.png
INFO: [ app_init ] --START--
INFO: Run Behavior\BuildLiteBehavior [ RunTime:0.000012s ]
INFO: [ app_init ] --END-- [ RunTime:0.000386s ]

[ 2019-06-03T19:40:43+08:00 ] ::1 /A00/Public/static/css/core/%7B$Think.const.ADMIN_IMAGHES_PATH%7Dcore/mws-body-bg.png
INFO: [ app_init ] --START--
INFO: Run Behavior\BuildLiteBehavior [ RunTime:0.000014s ]
INFO: [ app_init ] --END-- [ RunTime:0.000447s ]

[ 2019-06-03T19:41:43+08:00 ] ::1 /A00/Public/static/css/core/%7B$Think.const.ADMIN_IMAGHES_PATH%7Dcore/mws-body-bg.png
INFO: [ app_init ] --START--
INFO: Run Behavior\BuildLiteBehavior [ RunTime:0.000014s ]
INFO: [ app_init ] --END-- [ RunTime:0.000465s ]

[ 2019-06-03T19:43:04+08:00 ] ::1 /A00/Public/static/css/core/%7B$Think.const.ADMIN_IMAGHES_PATH%7Dcore/mws-body-bg.png
INFO: [ app_init ] --START--
INFO: Run Behavior\BuildLiteBehavior [ RunTime:0.000017s ]
INFO: [ app_init ] --END-- [ RunTime:0.000662s ]

[ 2019-06-03T19:44:26+08:00 ] ::1 /A00/Public/static/css/core/%7B$Think.const.ADMIN_IMAGHES_PATH%7Dcore/mws-body-bg.png
INFO: [ app_init ] --START--
INFO: Run Behavior\BuildLiteBehavior [ RunTime:0.000020s ]
INFO: [ app_init ] --END-- [ RunTime:0.000587s ]

[ 2019-06-03T19:45:56+08:00 ] ::1 /A00/Public/static/css/core/%7B$Think.const.ADMIN_IMAGHES_PATH%7Dcore/mws-body-bg.png
INFO: [ app_init ] --START--
INFO: Run Behavior\BuildLiteBehavior [ RunTime:0.000021s ]
INFO: [ app_init ] --END-- [ RunTime:0.000653s ]

[ 2019-06-03T19:47:28+08:00 ] ::1 /A00/Public/static/css/core/%7B$Think.const.ADMIN_IMAGHES_PATH%7Dcore/mws-body-bg.png
INFO: [ app_init ] --START--
INFO: Run Behavior\BuildLiteBehavior [ RunTime:0.000012s ]
INFO: [ app_init ] --END-- [ RunTime:0.000361s ]

[ 2019-06-03T19:47:31+08:00 ] ::1 /A00/Public/static/css/core/%7B$Think.const.ADMIN_IMAGHES_PATH%7Dcore/mws-body-bg.png
INFO: [ app_init ] --START--
INFO: Run Behavior\BuildLiteBehavior [ RunTime:0.000013s ]
INFO: [ app_init ] --END-- [ RunTime:0.000377s ]

[ 2019-06-03T19:49:13+08:00 ] ::1 /A00/Public/static/css/core/%7B$Think.const.ADMIN_IMAGHES_PATH%7Dcore/mws-body-bg.png
INFO: [ app_init ] --START--
INFO: Run Behavior\BuildLiteBehavior [ RunTime:0.000018s ]
INFO: [ app_init ] --END-- [ RunTime:0.000668s ]

[ 2019-06-03T19:50:14+08:00 ] ::1 /A00/index.php
INFO: [ app_init ] --START--
INFO: Run Behavior\BuildLiteBehavior [ RunTime:0.000012s ]
INFO: [ app_init ] --END-- [ RunTime:0.000587s ]
INFO: [ app_begin ] --START--
INFO: Run Behavior\ReadHtmlCacheBehavior [ RunTime:0.000796s ]
INFO: [ app_begin ] --END-- [ RunTime:0.000840s ]
INFO: [ view_parse ] --START--
INFO: [ template_filter ] --START--
INFO: Run Behavior\ContentReplaceBehavior [ RunTime:0.000050s ]
INFO: [ template_filter ] --END-- [ RunTime:0.000087s ]
INFO: Run Behavior\ParseTemplateBehavior [ RunTime:0.097955s ]
INFO: [ view_parse ] --END-- [ RunTime:0.098064s ]
INFO: [ view_filter ] --START--
INFO: Run Behavior\WriteHtmlCacheBehavior [ RunTime:0.000518s ]
INFO: [ view_filter ] --END-- [ RunTime:0.000547s ]
INFO: [ app_end ] --START--
INFO: Run Behavior\ShowPageTraceBehavior [ RunTime:0.000855s ]
INFO: [ app_end ] --END-- [ RunTime:0.000888s ]

[ 2019-06-03T19:50:19+08:00 ] ::1 /A00/Public/static/css/core/%7B$Think.const.ADMIN_IMAGHES_PATH%7Dcore/mws-body-bg.png
INFO: [ app_init ] --START--
INFO: Run Behavior\BuildLiteBehavior [ RunTime:0.000023s ]
INFO: [ app_init ] --END-- [ RunTime:0.000568s ]

[ 2019-06-03T19:51:10+08:00 ] ::1 /A00/Public/static/css/core/%7B$Think.const.ADMIN_IMAGHES_PATH%7Dcore/mws-body-bg.png
INFO: [ app_init ] --START--
INFO: Run Behavior\BuildLiteBehavior [ RunTime:0.000013s ]
INFO: [ app_init ] --END-- [ RunTime:0.000421s ]

[ 2019-06-03T19:51:57+08:00 ] ::1 /A00/Public/static/css/core/%7B$Think.const.ADMIN_IMAGHES_PATH%7Dcore/mws-body-bg.png
INFO: [ app_init ] --START--
INFO: Run Behavior\BuildLiteBehavior [ RunTime:0.000013s ]
INFO: [ app_init ] --END-- [ RunTime:0.000479s ]

[ 2019-06-03T19:52:05+08:00 ] ::1 /A00/Public/static/css/core/%7B$Think.const.ADMIN_IMAGHES_PATH%7Dcore/mws-body-bg.png
INFO: [ app_init ] --START--
INFO: Run Behavior\BuildLiteBehavior [ RunTime:0.000023s ]
INFO: [ app_init ] --END-- [ RunTime:0.000825s ]

[ 2019-06-03T19:52:08+08:00 ] ::1 /A00/Public/static/css/core/%7B$Think.const.ADMIN_IMAGHES_PATH%7Dcore/mws-body-bg.png
INFO: [ app_init ] --START--
INFO: Run Behavior\BuildLiteBehavior [ RunTime:0.000027s ]
INFO: [ app_init ] --END-- [ RunTime:0.001750s ]

[ 2019-06-03T19:56:47+08:00 ] ::1 /A00/Public/static/css/core/%7B$Think.const.ADMIN_IMAGHES_PATH%7Dcore/mws-body-bg.png
INFO: [ app_init ] --START--
INFO: Run Behavior\BuildLiteBehavior [ RunTime:0.000013s ]
INFO: [ app_init ] --END-- [ RunTime:0.000559s ]

[ 2019-06-03T19:56:49+08:00 ] ::1 /A00/Public/static/css/core/%7B$Think.const.ADMIN_IMAGHES_PATH%7Dcore/mws-body-bg.png
INFO: [ app_init ] --START--
INFO: Run Behavior\BuildLiteBehavior [ RunTime:0.000014s ]
INFO: [ app_init ] --END-- [ RunTime:0.000427s ]

[ 2019-06-03T19:57:03+08:00 ] ::1 /A00/Public/static/css/core/%7B$Think.const.ADMIN_IMAGHES_PATH%7Dcore/mws-body-bg.png
INFO: [ app_init ] --START--
INFO: Run Behavior\BuildLiteBehavior [ RunTime:0.000013s ]
INFO: [ app_init ] --END-- [ RunTime:0.000457s ]

[ 2019-06-03T19:57:47+08:00 ] ::1 /A00/Public/static/css/core/%7B$Think.const.ADMIN_IMAGHES_PATH%7Dcore/mws-body-bg.png
INFO: [ app_init ] --START--
INFO: Run Behavior\BuildLiteBehavior [ RunTime:0.000020s ]
INFO: [ app_init ] --END-- [ RunTime:0.000436s ]

[ 2019-06-03T19:58:42+08:00 ] ::1 /A00/Public/static/css/core/%7B$Think.const.ADMIN_IMAGHES_PATH%7Dcore/mws-body-bg.png
INFO: [ app_init ] --START--
INFO: Run Behavior\BuildLiteBehavior [ RunTime:0.000012s ]
INFO: [ app_init ] --END-- [ RunTime:0.000396s ]

[ 2019-06-03T19:59:54+08:00 ] ::1 /A00/Public/static/css/core/%7B$Think.const.ADMIN_IMAGHES_PATH%7Dcore/mws-body-bg.png
INFO: [ app_init ] --START--
INFO: Run Behavior\BuildLiteBehavior [ RunTime:0.000032s ]
INFO: [ app_init ] --END-- [ RunTime:0.000399s ]

[ 2019-06-03T20:01:19+08:00 ] ::1 /A00/Public/static/css/core/%7B$Think.const.ADMIN_IMAGHES_PATH%7Dcore/mws-body-bg.png
INFO: [ app_init ] --START--
INFO: Run Behavior\BuildLiteBehavior [ RunTime:0.000015s ]
INFO: [ app_init ] --END-- [ RunTime:0.000631s ]

[ 2019-06-03T20:02:04+08:00 ] ::1 /A00/Public/static/css/core/%7B$Think.const.ADMIN_IMAGHES_PATH%7Dcore/mws-body-bg.png
INFO: [ app_init ] --START--
INFO: Run Behavior\BuildLiteBehavior [ RunTime:0.000021s ]
INFO: [ app_init ] --END-- [ RunTime:0.000656s ]

[ 2019-06-03T20:02:30+08:00 ] ::1 /A00/Public/static/css/core/%7B$Think.const.ADMIN_IMAGHES_PATH%7Dcore/mws-body-bg.png
INFO: [ app_init ] --START--
INFO: Run Behavior\BuildLiteBehavior [ RunTime:0.000030s ]
INFO: [ app_init ] --END-- [ RunTime:0.002352s ]

[ 2019-06-03T20:02:50+08:00 ] ::1 /A00/Public/static/css/core/%7B$Think.const.ADMIN_IMAGHES_PATH%7Dcore/mws-body-bg.png
INFO: [ app_init ] --START--
INFO: Run Behavior\BuildLiteBehavior [ RunTime:0.000023s ]
INFO: [ app_init ] --END-- [ RunTime:0.000847s ]

[ 2019-06-03T20:08:41+08:00 ] ::1 /A00/Public/H-ui/lib/html5.js
INFO: [ app_init ] --START--
INFO: Run Behavior\BuildLiteBehavior [ RunTime:0.000021s ]
INFO: [ app_init ] --END-- [ RunTime:0.000959s ]
INFO: [ app_begin ] --START--
INFO: Run Behavior\ReadHtmlCacheBehavior [ RunTime:0.000972s ]
INFO: [ app_begin ] --END-- [ RunTime:0.001055s ]
ERR: 无法加载控制器:Public

[ 2019-06-03T20:08:41+08:00 ] ::1 /A00/Public/H-ui/lib/respond.min.js
INFO: [ app_init ] --START--
INFO: Run Behavior\BuildLiteBehavior [ RunTime:0.000018s ]
INFO: [ app_init ] --END-- [ RunTime:0.001000s ]
INFO: [ app_begin ] --START--
INFO: Run Behavior\ReadHtmlCacheBehavior [ RunTime:0.001228s ]
INFO: [ app_begin ] --END-- [ RunTime:0.001299s ]
ERR: 无法加载控制器:Public

[ 2019-06-03T20:08:41+08:00 ] ::1 /A00/Public/H-ui/static/h-ui/css/H-ui.css
INFO: [ app_init ] --START--
INFO: Run Behavior\BuildLiteBehavior [ RunTime:0.000018s ]
INFO: [ app_init ] --END-- [ RunTime:0.000631s ]
INFO: [ app_begin ] --START--
INFO: Run Behavior\ReadHtmlCacheBehavior [ RunTime:0.001195s ]
INFO: [ app_begin ] --END-- [ RunTime:0.001278s ]
ERR: 无法加载控制器:Public

[ 2019-06-03T20:08:41+08:00 ] ::1 /A00/Public/H-ui/lib/Hui-iconfont/1.0.8/iconfont.css
INFO: [ app_init ] --START--
INFO: Run Behavior\BuildLiteBehavior [ RunTime:0.000021s ]
INFO: [ app_init ] --END-- [ RunTime:0.000762s ]
INFO: [ app_begin ] --START--
INFO: Run Behavior\ReadHtmlCacheBehavior [ RunTime:0.001277s ]
INFO: [ app_begin ] --END-- [ RunTime:0.001369s ]
ERR: 无法加载控制器:Public

[ 2019-06-03T20:08:41+08:00 ] ::1 /A00/Public/H-ui/lib/jquery/1.9.1/jquery.min.js
INFO: [ app_init ] --START--
INFO: Run Behavior\BuildLiteBehavior [ RunTime:0.000025s ]
INFO: [ app_init ] --END-- [ RunTime:0.004336s ]
INFO: [ app_begin ] --START--
INFO: Run Behavior\ReadHtmlCacheBehavior [ RunTime:0.001329s ]
INFO: [ app_begin ] --END-- [ RunTime:0.001428s ]
ERR: 无法加载控制器:Public

[ 2019-06-03T20:08:41+08:00 ] ::1 /A00/Public/H-ui/lib/layer/2.4/layer.js
INFO: [ app_init ] --START--
INFO: Run Behavior\BuildLiteBehavior [ RunTime:0.000021s ]
INFO: [ app_init ] --END-- [ RunTime:0.000721s ]
INFO: [ app_begin ] --START--
INFO: Run Behavior\ReadHtmlCacheBehavior [ RunTime:0.001542s ]
INFO: [ app_begin ] --END-- [ RunTime:0.001626s ]
ERR: 无法加载控制器:Public

[ 2019-06-03T20:08:41+08:00 ] ::1 /A00/Public/static/css/core/%7B$Think.const.ADMIN_IMAGHES_PATH%7Dcore/mws-body-bg.png
INFO: [ app_init ] --START--
INFO: Run Behavior\BuildLiteBehavior [ RunTime:0.000020s ]
INFO: [ app_init ] --END-- [ RunTime:0.000624s ]

[ 2019-06-03T20:08:58+08:00 ] ::1 /A00/Public/H-ui/static/h-ui/css/H-ui.css
INFO: [ app_init ] --START--
INFO: Run Behavior\BuildLiteBehavior [ RunTime:0.000023s ]
INFO: [ app_init ] --END-- [ RunTime:0.000690s ]
INFO: [ app_begin ] --START--
INFO: Run Behavior\ReadHtmlCacheBehavior [ RunTime:0.001009s ]
INFO: [ app_begin ] --END-- [ RunTime:0.001092s ]
ERR: 无法加载控制器:Public

[ 2019-06-03T20:08:58+08:00 ] ::1 /A00/Public/H-ui/lib/Hui-iconfont/1.0.8/iconfont.css
INFO: [ app_init ] --START--
INFO: Run Behavior\BuildLiteBehavior [ RunTime:0.000019s ]
INFO: [ app_init ] --END-- [ RunTime:0.000698s ]
INFO: [ app_begin ] --START--
INFO: Run Behavior\ReadHtmlCacheBehavior [ RunTime:0.001034s ]
INFO: [ app_begin ] --END-- [ RunTime:0.001107s ]
ERR: 无法加载控制器:Public

[ 2019-06-03T20:08:58+08:00 ] ::1 /A00/Public/H-ui/lib/html5.js
INFO: [ app_init ] --START--
INFO: Run Behavior\BuildLiteBehavior [ RunTime:0.000028s ]
INFO: [ app_init ] --END-- [ RunTime:0.000627s ]
INFO: [ app_begin ] --START--
INFO: Run Behavior\ReadHtmlCacheBehavior [ RunTime:0.000959s ]
INFO: [ app_begin ] --END-- [ RunTime:0.001056s ]
ERR: 无法加载控制器:Public

[ 2019-06-03T20:08:58+08:00 ] ::1 /A00/Public/H-ui/lib/jquery/1.9.1/jquery.min.js
INFO: [ app_init ] --START--
INFO: Run Behavior\BuildLiteBehavior [ RunTime:0.000020s ]
INFO: [ app_init ] --END-- [ RunTime:0.002086s ]
INFO: [ app_begin ] --START--
INFO: Run Behavior\ReadHtmlCacheBehavior [ RunTime:0.001347s ]
INFO: [ app_begin ] --END-- [ RunTime:0.001484s ]
ERR: 无法加载控制器:Public

[ 2019-06-03T20:08:58+08:00 ] ::1 /A00/Public/H-ui/lib/respond.min.js
INFO: [ app_init ] --START--
INFO: Run Behavior\BuildLiteBehavior [ RunTime:0.000052s ]
INFO: [ app_init ] --END-- [ RunTime:0.002186s ]
INFO: [ app_begin ] --START--
INFO: Run Behavior\ReadHtmlCacheBehavior [ RunTime:0.001218s ]
INFO: [ app_begin ] --END-- [ RunTime:0.001321s ]
ERR: 无法加载控制器:Public

[ 2019-06-03T20:08:58+08:00 ] ::1 /A00/Public/H-ui/lib/layer/2.4/layer.js
INFO: [ app_init ] --START--
INFO: Run Behavior\BuildLiteBehavior [ RunTime:0.000030s ]
INFO: [ app_init ] --END-- [ RunTime:0.001748s ]
INFO: [ app_begin ] --START--
INFO: Run Behavior\ReadHtmlCacheBehavior [ RunTime:0.001327s ]
INFO: [ app_begin ] --END-- [ RunTime:0.001436s ]
ERR: 无法加载控制器:Public

[ 2019-06-03T20:08:58+08:00 ] ::1 /A00/Public/H-ui/lib/html5.js
INFO: [ app_init ] --START--
INFO: Run Behavior\BuildLiteBehavior [ RunTime:0.000016s ]
INFO: [ app_init ] --END-- [ RunTime:0.000502s ]
INFO: [ app_begin ] --START--
INFO: Run Behavior\ReadHtmlCacheBehavior [ RunTime:0.001501s ]
INFO: [ app_begin ] --END-- [ RunTime:0.001614s ]
ERR: 无法加载控制器:Public

[ 2019-06-03T20:08:58+08:00 ] ::1 /A00/Public/H-ui/lib/respond.min.js
INFO: [ app_init ] --START--
INFO: Run Behavior\BuildLiteBehavior [ RunTime:0.000013s ]
INFO: [ app_init ] --END-- [ RunTime:0.000416s ]
INFO: [ app_begin ] --START--
INFO: Run Behavior\ReadHtmlCacheBehavior [ RunTime:0.000846s ]
INFO: [ app_begin ] --END-- [ RunTime:0.000904s ]
ERR: 无法加载控制器:Public

[ 2019-06-03T20:08:59+08:00 ] ::1 /A00/Public/H-ui/static/h-ui/css/H-ui.css
INFO: [ app_init ] --START--
INFO: Run Behavior\BuildLiteBehavior [ RunTime:0.000014s ]
INFO: [ app_init ] --END-- [ RunTime:0.000446s ]
INFO: [ app_begin ] --START--
INFO: Run Behavior\ReadHtmlCacheBehavior [ RunTime:0.000686s ]
INFO: [ app_begin ] --END-- [ RunTime:0.000755s ]
ERR: 无法加载控制器:Public

[ 2019-06-03T20:08:59+08:00 ] ::1 /A00/Public/H-ui/lib/Hui-iconfont/1.0.8/iconfont.css
INFO: [ app_init ] --START--
INFO: Run Behavior\BuildLiteBehavior [ RunTime:0.000012s ]
INFO: [ app_init ] --END-- [ RunTime:0.000484s ]
INFO: [ app_begin ] --START--
INFO: Run Behavior\ReadHtmlCacheBehavior [ RunTime:0.001008s ]
INFO: [ app_begin ] --END-- [ RunTime:0.001168s ]
ERR: 无法加载控制器:Public

[ 2019-06-03T20:08:59+08:00 ] ::1 /A00/Public/H-ui/lib/jquery/1.9.1/jquery.min.js
INFO: [ app_init ] --START--
INFO: Run Behavior\BuildLiteBehavior [ RunTime:0.000020s ]
INFO: [ app_init ] --END-- [ RunTime:0.000574s ]
INFO: [ app_begin ] --START--
INFO: Run Behavior\ReadHtmlCacheBehavior [ RunTime:0.001353s ]
INFO: [ app_begin ] --END-- [ RunTime:0.001543s ]
ERR: 无法加载控制器:Public

[ 2019-06-03T20:08:59+08:00 ] ::1 /A00/Public/H-ui/lib/layer/2.4/layer.js
INFO: [ app_init ] --START--
INFO: Run Behavior\BuildLiteBehavior [ RunTime:0.000021s ]
INFO: [ app_init ] --END-- [ RunTime:0.000628s ]
INFO: [ app_begin ] --START--
INFO: Run Behavior\ReadHtmlCacheBehavior [ RunTime:0.000884s ]
INFO: [ app_begin ] --END-- [ RunTime:0.000947s ]
ERR: 无法加载控制器:Public

[ 2019-06-03T20:08:59+08:00 ] ::1 /A00/Public/static/css/core/%7B$Think.const.ADMIN_IMAGHES_PATH%7Dcore/mws-body-bg.png
INFO: [ app_init ] --START--
INFO: Run Behavior\BuildLiteBehavior [ RunTime:0.000013s ]
INFO: [ app_init ] --END-- [ RunTime:0.000419s ]

[ 2019-06-03T20:09:07+08:00 ] ::1 /A00/Public/H-ui/lib/layer/2.4/layer.js
INFO: [ app_init ] --START--
INFO: Run Behavior\BuildLiteBehavior [ RunTime:0.000018s ]
INFO: [ app_init ] --END-- [ RunTime:0.000571s ]
INFO: [ app_begin ] --START--
INFO: Run Behavior\ReadHtmlCacheBehavior [ RunTime:0.000983s ]
INFO: [ app_begin ] --END-- [ RunTime:0.001071s ]
ERR: 无法加载控制器:Public

[ 2019-06-03T20:09:07+08:00 ] ::1 /A00/Public/H-ui/lib/respond.min.js
INFO: [ app_init ] --START--
INFO: Run Behavior\BuildLiteBehavior [ RunTime:0.000019s ]
INFO: [ app_init ] --END-- [ RunTime:0.000528s ]
INFO: [ app_begin ] --START--
INFO: Run Behavior\ReadHtmlCacheBehavior [ RunTime:0.000885s ]
INFO: [ app_begin ] --END-- [ RunTime:0.000968s ]
ERR: 无法加载控制器:Public

[ 2019-06-03T20:09:07+08:00 ] ::1 /A00/Public/H-ui/lib/jquery/1.9.1/jquery.min.js
INFO: [ app_init ] --START--
INFO: Run Behavior\BuildLiteBehavior [ RunTime:0.000026s ]
INFO: [ app_init ] --END-- [ RunTime:0.000861s ]
INFO: [ app_begin ] --START--
INFO: Run Behavior\ReadHtmlCacheBehavior [ RunTime:0.001018s ]
INFO: [ app_begin ] --END-- [ RunTime:0.001093s ]
ERR: 无法加载控制器:Public

[ 2019-06-03T20:09:07+08:00 ] ::1 /A00/Public/H-ui/lib/html5.js
INFO: [ app_init ] --START--
INFO: Run Behavior\BuildLiteBehavior [ RunTime:0.000012s ]
INFO: [ app_init ] --END-- [ RunTime:0.000444s ]
INFO: [ app_begin ] --START--
INFO: Run Behavior\ReadHtmlCacheBehavior [ RunTime:0.000679s ]
INFO: [ app_begin ] --END-- [ RunTime:0.000720s ]
ERR: 无法加载控制器:Public

[ 2019-06-03T20:09:07+08:00 ] ::1 /A00/Public/H-ui/lib/Hui-iconfont/1.0.8/iconfont.css
INFO: [ app_init ] --START--
INFO: Run Behavior\BuildLiteBehavior [ RunTime:0.000026s ]
INFO: [ app_init ] --END-- [ RunTime:0.000670s ]
INFO: [ app_begin ] --START--
INFO: Run Behavior\ReadHtmlCacheBehavior [ RunTime:0.001485s ]
INFO: [ app_begin ] --END-- [ RunTime:0.001575s ]
ERR: 无法加载控制器:Public

[ 2019-06-03T20:09:07+08:00 ] ::1 /A00/Public/H-ui/static/h-ui/css/H-ui.css
INFO: [ app_init ] --START--
INFO: Run Behavior\BuildLiteBehavior [ RunTime:0.000028s ]
INFO: [ app_init ] --END-- [ RunTime:0.000760s ]
INFO: [ app_begin ] --START--
INFO: Run Behavior\ReadHtmlCacheBehavior [ RunTime:0.001000s ]
INFO: [ app_begin ] --END-- [ RunTime:0.001104s ]
ERR: 无法加载控制器:Public

[ 2019-06-03T20:09:08+08:00 ] ::1 /A00/Public/H-ui/static/h-ui/css/H-ui.css
INFO: [ app_init ] --START--
INFO: Run Behavior\BuildLiteBehavior [ RunTime:0.000034s ]
INFO: [ app_init ] --END-- [ RunTime:0.000767s ]
INFO: [ app_begin ] --START--
INFO: Run Behavior\ReadHtmlCacheBehavior [ RunTime:0.004827s ]
INFO: [ app_begin ] --END-- [ RunTime:0.005077s ]
ERR: 无法加载控制器:Public

[ 2019-06-03T20:09:08+08:00 ] ::1 /A00/Public/H-ui/lib/Hui-iconfont/1.0.8/iconfont.css
INFO: [ app_init ] --START--
INFO: Run Behavior\BuildLiteBehavior [ RunTime:0.000021s ]
INFO: [ app_init ] --END-- [ RunTime:0.000619s ]
INFO: [ app_begin ] --START--
INFO: Run Behavior\ReadHtmlCacheBehavior [ RunTime:0.002396s ]
INFO: [ app_begin ] --END-- [ RunTime:0.002536s ]
ERR: 无法加载控制器:Public

[ 2019-06-03T20:09:08+08:00 ] ::1 /A00/Public/static/css/core/%7B$Think.const.ADMIN_IMAGHES_PATH%7Dcore/mws-body-bg.png
INFO: [ app_init ] --START--
INFO: Run Behavior\BuildLiteBehavior [ RunTime:0.000012s ]
INFO: [ app_init ] --END-- [ RunTime:0.000355s ]

[ 2019-06-03T20:11:35+08:00 ] ::1 /A00/Public/static/H-ui/lib/html5.js
INFO: [ app_init ] --START--
INFO: Run Behavior\BuildLiteBehavior [ RunTime:0.000024s ]
INFO: [ app_init ] --END-- [ RunTime:0.000925s ]
INFO: [ app_begin ] --START--
INFO: Run Behavior\ReadHtmlCacheBehavior [ RunTime:0.001618s ]
INFO: [ app_begin ] --END-- [ RunTime:0.001743s ]
ERR: 无法加载控制器:Public

[ 2019-06-03T20:11:35+08:00 ] ::1 /A00/Public/static/css/core/%7B$Think.const.ADMIN_IMAGHES_PATH%7Dcore/mws-body-bg.png
INFO: [ app_init ] --START--
INFO: Run Behavior\BuildLiteBehavior [ RunTime:0.000018s ]
INFO: [ app_init ] --END-- [ RunTime:0.001011s ]

[ 2019-06-03T20:11:35+08:00 ] ::1 /A00/Public/static/H-ui/lib/jquery/1.9.1/jquery.min.map
INFO: [ app_init ] --START--
INFO: Run Behavior\BuildLiteBehavior [ RunTime:0.000024s ]
INFO: [ app_init ] --END-- [ RunTime:0.000763s ]
INFO: [ app_begin ] --START--
INFO: Run Behavior\ReadHtmlCacheBehavior [ RunTime:0.001231s ]
INFO: [ app_begin ] --END-- [ RunTime:0.001322s ]
ERR: 无法加载控制器:Public

[ 2019-06-03T20:11:47+08:00 ] ::1 /A00/Public/static/H-ui/lib/html5.js
INFO: [ app_init ] --START--
INFO: Run Behavior\BuildLiteBehavior [ RunTime:0.000055s ]
INFO: [ app_init ] --END-- [ RunTime:0.000776s ]
INFO: [ app_begin ] --START--
INFO: Run Behavior\ReadHtmlCacheBehavior [ RunTime:0.000866s ]
INFO: [ app_begin ] --END-- [ RunTime:0.000918s ]
ERR: 无法加载控制器:Public

[ 2019-06-03T20:11:47+08:00 ] ::1 /A00/Public/static/H-ui/lib/html5.js
INFO: [ app_init ] --START--
INFO: Run Behavior\BuildLiteBehavior [ RunTime:0.000015s ]
INFO: [ app_init ] --END-- [ RunTime:0.000638s ]
INFO: [ app_begin ] --START--
INFO: Run Behavior\ReadHtmlCacheBehavior [ RunTime:0.000621s ]
INFO: [ app_begin ] --END-- [ RunTime:0.000675s ]
ERR: 无法加载控制器:Public

[ 2019-06-03T20:11:47+08:00 ] ::1 /A00/Public/static/css/core/%7B$Think.const.ADMIN_IMAGHES_PATH%7Dcore/mws-body-bg.png
INFO: [ app_init ] --START--
INFO: Run Behavior\BuildLiteBehavior [ RunTime:0.000020s ]
INFO: [ app_init ] --END-- [ RunTime:0.000475s ]

[ 2019-06-03T20:12:05+08:00 ] ::1 /A00/Public/static/H-ui/lib/html5.js
INFO: [ app_init ] --START--
INFO: Run Behavior\BuildLiteBehavior [ RunTime:0.000016s ]
INFO: [ app_init ] --END-- [ RunTime:0.000650s ]
INFO: [ app_begin ] --START--
INFO: Run Behavior\ReadHtmlCacheBehavior [ RunTime:0.001237s ]
INFO: [ app_begin ] --END-- [ RunTime:0.001300s ]
ERR: 无法加载控制器:Public

[ 2019-06-03T20:12:05+08:00 ] ::1 /A00/Public/static/css/core/%7B$Think.const.ADMIN_IMAGHES_PATH%7Dcore/mws-body-bg.png
INFO: [ app_init ] --START--
INFO: Run Behavior\BuildLiteBehavior [ RunTime:0.000151s ]
INFO: [ app_init ] --END-- [ RunTime:0.000788s ]

[ 2019-06-03T20:12:05+08:00 ] ::1 /A00/Public/static/H-ui/lib/html5.js
INFO: [ app_init ] --START--
INFO: Run Behavior\BuildLiteBehavior [ RunTime:0.000013s ]
INFO: [ app_init ] --END-- [ RunTime:0.000444s ]
INFO: [ app_begin ] --START--
INFO: Run Behavior\ReadHtmlCacheBehavior [ RunTime:0.001147s ]
INFO: [ app_begin ] --END-- [ RunTime:0.001210s ]
ERR: 无法加载控制器:Public

[ 2019-06-03T20:12:06+08:00 ] ::1 /A00/Public/static/css/core/%7B$Think.const.ADMIN_IMAGHES_PATH%7Dcore/mws-body-bg.png
INFO: [ app_init ] --START--
INFO: Run Behavior\BuildLiteBehavior [ RunTime:0.000065s ]
INFO: [ app_init ] --END-- [ RunTime:0.000848s ]

[ 2019-06-03T20:13:18+08:00 ] ::1 /A00/Public/static/H-ui/lib/html5.js
INFO: [ app_init ] --START--
INFO: Run Behavior\BuildLiteBehavior [ RunTime:0.000027s ]
INFO: [ app_init ] --END-- [ RunTime:0.000875s ]
INFO: [ app_begin ] --START--
INFO: Run Behavior\ReadHtmlCacheBehavior [ RunTime:0.000981s ]
INFO: [ app_begin ] --END-- [ RunTime:0.001030s ]
ERR: 无法加载控制器:Public

[ 2019-06-03T20:13:18+08:00 ] ::1 /A00/Public/static/css/core/%7B$Think.const.ADMIN_IMAGHES_PATH%7Dcore/mws-body-bg.png
INFO: [ app_init ] --START--
INFO: Run Behavior\BuildLiteBehavior [ RunTime:0.000014s ]
INFO: [ app_init ] --END-- [ RunTime:0.000433s ]

[ 2019-06-03T20:14:21+08:00 ] ::1 /A00/Public/static/H-ui/lib/html5.js
INFO: [ app_init ] --START--
INFO: Run Behavior\BuildLiteBehavior [ RunTime:0.000027s ]
INFO: [ app_init ] --END-- [ RunTime:0.000776s ]
INFO: [ app_begin ] --START--
INFO: Run Behavior\ReadHtmlCacheBehavior [ RunTime:0.000946s ]
INFO: [ app_begin ] --END-- [ RunTime:0.001003s ]
ERR: 无法加载控制器:Public

[ 2019-06-03T20:14:21+08:00 ] ::1 /A00/Public/static/css/core/%7B$Think.const.ADMIN_IMAGHES_PATH%7Dcore/mws-body-bg.png
INFO: [ app_init ] --START--
INFO: Run Behavior\BuildLiteBehavior [ RunTime:0.000024s ]
INFO: [ app_init ] --END-- [ RunTime:0.000841s ]

[ 2019-06-03T20:15:04+08:00 ] ::1 /A00/Public/static/H-ui/lib/html5.js
INFO: [ app_init ] --START--
INFO: Run Behavior\BuildLiteBehavior [ RunTime:0.000014s ]
INFO: [ app_init ] --END-- [ RunTime:0.000502s ]
INFO: [ app_begin ] --START--
INFO: Run Behavior\ReadHtmlCacheBehavior [ RunTime:0.000927s ]
INFO: [ app_begin ] --END-- [ RunTime:0.000988s ]
ERR: 无法加载控制器:Public

[ 2019-06-03T20:15:04+08:00 ] ::1 /A00/Public/static/css/core/%7B$Think.const.ADMIN_IMAGHES_PATH%7Dcore/mws-body-bg.png
INFO: [ app_init ] --START--
INFO: Run Behavior\BuildLiteBehavior [ RunTime:0.000014s ]
INFO: [ app_init ] --END-- [ RunTime:0.000469s ]

[ 2019-06-03T20:16:00+08:00 ] ::1 /A00/Public/static/H-ui/lib/html5.js
INFO: [ app_init ] --START--
INFO: Run Behavior\BuildLiteBehavior [ RunTime:0.000013s ]
INFO: [ app_init ] --END-- [ RunTime:0.000472s ]
INFO: [ app_begin ] --START--
INFO: Run Behavior\ReadHtmlCacheBehavior [ RunTime:0.000816s ]
INFO: [ app_begin ] --END-- [ RunTime:0.000868s ]
ERR: 无法加载控制器:Public

[ 2019-06-03T20:16:00+08:00 ] ::1 /A00/Public/static/css/core/%7B$Think.const.ADMIN_IMAGHES_PATH%7Dcore/mws-body-bg.png
INFO: [ app_init ] --START--
INFO: Run Behavior\BuildLiteBehavior [ RunTime:0.000012s ]
INFO: [ app_init ] --END-- [ RunTime:0.000427s ]

[ 2019-06-03T20:16:21+08:00 ] ::1 /A00/Public/static/H-ui/lib/html5.js
INFO: [ app_init ] --START--
INFO: Run Behavior\BuildLiteBehavior [ RunTime:0.000045s ]
INFO: [ app_init ] --END-- [ RunTime:0.000806s ]
INFO: [ app_begin ] --START--
INFO: Run Behavior\ReadHtmlCacheBehavior [ RunTime:0.001003s ]
INFO: [ app_begin ] --END-- [ RunTime:0.001057s ]
ERR: 无法加载控制器:Public

[ 2019-06-03T20:16:21+08:00 ] ::1 /A00/Public/static/css/core/%7B$Think.const.ADMIN_IMAGHES_PATH%7Dcore/mws-body-bg.png
INFO: [ app_init ] --START--
INFO: Run Behavior\BuildLiteBehavior [ RunTime:0.000020s ]
INFO: [ app_init ] --END-- [ RunTime:0.000604s ]

[ 2019-06-03T20:16:39+08:00 ] ::1 /A00/Public/static/H-ui/lib/html5.js
INFO: [ app_init ] --START--
INFO: Run Behavior\BuildLiteBehavior [ RunTime:0.000014s ]
INFO: [ app_init ] --END-- [ RunTime:0.000502s ]
INFO: [ app_begin ] --START--
INFO: Run Behavior\ReadHtmlCacheBehavior [ RunTime:0.000946s ]
INFO: [ app_begin ] --END-- [ RunTime:0.001003s ]
ERR: 无法加载控制器:Public

[ 2019-06-03T20:16:39+08:00 ] ::1 /A00/Public/static/css/core/%7B$Think.const.ADMIN_IMAGHES_PATH%7Dcore/mws-body-bg.png
INFO: [ app_init ] --START--
INFO: Run Behavior\BuildLiteBehavior [ RunTime:0.000012s ]
INFO: [ app_init ] --END-- [ RunTime:0.000384s ]

[ 2019-06-03T20:17:22+08:00 ] ::1 /A00/Public/static/H-ui/lib/html5.js
INFO: [ app_init ] --START--
INFO: Run Behavior\BuildLiteBehavior [ RunTime:0.000024s ]
INFO: [ app_init ] --END-- [ RunTime:0.000591s ]
INFO: [ app_begin ] --START--
INFO: Run Behavior\ReadHtmlCacheBehavior [ RunTime:0.001157s ]
INFO: [ app_begin ] --END-- [ RunTime:0.001239s ]
ERR: 无法加载控制器:Public

[ 2019-06-03T20:17:22+08:00 ] ::1 /A00/Public/static/css/core/%7B$Think.const.ADMIN_IMAGHES_PATH%7Dcore/mws-body-bg.png
INFO: [ app_init ] --START--
INFO: Run Behavior\BuildLiteBehavior [ RunTime:0.000014s ]
INFO: [ app_init ] --END-- [ RunTime:0.000450s ]

[ 2019-06-03T20:17:36+08:00 ] ::1 /A00/Public/static/H-ui/lib/html5.js
INFO: [ app_init ] --START--
INFO: Run Behavior\BuildLiteBehavior [ RunTime:0.000013s ]
INFO: [ app_init ] --END-- [ RunTime:0.000504s ]
INFO: [ app_begin ] --START--
INFO: Run Behavior\ReadHtmlCacheBehavior [ RunTime:0.000890s ]
INFO: [ app_begin ] --END-- [ RunTime:0.000943s ]
ERR: 无法加载控制器:Public

[ 2019-06-03T20:17:36+08:00 ] ::1 /A00/Public/static/css/core/%7B$Think.const.ADMIN_IMAGHES_PATH%7Dcore/mws-body-bg.png
INFO: [ app_init ] --START--
INFO: Run Behavior\BuildLiteBehavior [ RunTime:0.000020s ]
INFO: [ app_init ] --END-- [ RunTime:0.000655s ]

[ 2019-06-03T20:17:58+08:00 ] ::1 /A00/Public/static/H-ui/lib/html5.js
INFO: [ app_init ] --START--
INFO: Run Behavior\BuildLiteBehavior [ RunTime:0.000039s ]
INFO: [ app_init ] --END-- [ RunTime:0.000746s ]
INFO: [ app_begin ] --START--
INFO: Run Behavior\ReadHtmlCacheBehavior [ RunTime:0.001229s ]
INFO: [ app_begin ] --END-- [ RunTime:0.001321s ]
ERR: 无法加载控制器:Public

[ 2019-06-03T20:17:58+08:00 ] ::1 /A00/Public/static/css/core/%7B$Think.const.ADMIN_IMAGHES_PATH%7Dcore/mws-body-bg.png
INFO: [ app_init ] --START--
INFO: Run Behavior\BuildLiteBehavior [ RunTime:0.000013s ]
INFO: [ app_init ] --END-- [ RunTime:0.000425s ]

