[ 2019-03-05T23:03:40+08:00 ] 127.0.0.1 /A00/dashboard.html
INFO: [ app_init ] --START--
INFO: Run Behavior\BuildLiteBehavior [ RunTime:0.000011s ]
INFO: [ app_init ] --END-- [ RunTime:0.000318s ]
INFO: [ app_begin ] --START--
INFO: Run Behavior\ReadHtmlCacheBehavior [ RunTime:0.000517s ]
INFO: [ app_begin ] --END-- [ RunTime:0.000558s ]
ERR: 无法加载控制器:Dashboard

[ 2019-03-05T23:55:51+08:00 ] 127.0.0.1 /A00/Public/static/plugins/images/core/mws-dark-bg.png
INFO: [ app_init ] --START--
INFO: Run Behavior\BuildLiteBehavior [ RunTime:0.000013s ]
INFO: [ app_init ] --END-- [ RunTime:0.000455s ]

[ 2019-03-05T23:58:27+08:00 ] 127.0.0.1 /A00/Public/static/images/profile.jpg
INFO: [ app_init ] --START--
INFO: Run Behavior\BuildLiteBehavior [ RunTime:0.000018s ]
INFO: [ app_init ] --END-- [ RunTime:0.000510s ]

[ 2019-03-05T23:58:27+08:00 ] 127.0.0.1 /A00/Public/static/plugins/images/core/mws-dark-bg.png
INFO: [ app_init ] --START--
INFO: Run Behavior\BuildLiteBehavior [ RunTime:0.000014s ]
INFO: [ app_init ] --END-- [ RunTime:0.000372s ]

[ 2019-03-05T23:59:27+08:00 ] 127.0.0.1 /A00/Public/static/images/profile.jpg
INFO: [ app_init ] --START--
INFO: Run Behavior\BuildLiteBehavior [ RunTime:0.000012s ]
INFO: [ app_init ] --END-- [ RunTime:0.000377s ]

[ 2019-03-05T23:59:28+08:00 ] 127.0.0.1 /A00/Public/static/plugins/images/core/mws-dark-bg.png
INFO: [ app_init ] --START--
INFO: Run Behavior\BuildLiteBehavior [ RunTime:0.000012s ]
INFO: [ app_init ] --END-- [ RunTime:0.000386s ]

[ 2019-03-05T23:59:49+08:00 ] 127.0.0.1 /A00/Public/static/images/profile.jpg
INFO: [ app_init ] --START--
INFO: Run Behavior\BuildLiteBehavior [ RunTime:0.000022s ]
INFO: [ app_init ] --END-- [ RunTime:0.000503s ]

[ 2019-03-05T23:59:49+08:00 ] 127.0.0.1 /A00/Public/static/plugins/images/core/mws-dark-bg.png
INFO: [ app_init ] --START--
INFO: Run Behavior\BuildLiteBehavior [ RunTime:0.000013s ]
INFO: [ app_init ] --END-- [ RunTime:0.000429s ]

