[ 2019-06-27T19:04:06+08:00 ] ::1 /A00/admin.php
INFO: [ app_init ] --START--
INFO: Run Behavior\BuildLiteBehavior [ RunTime:0.000022s ]
INFO: [ app_init ] --END-- [ RunTime:0.010741s ]
INFO: [ app_begin ] --START--
INFO: Run Behavior\ReadHtmlCacheBehavior [ RunTime:0.013417s ]
INFO: [ app_begin ] --END-- [ RunTime:0.013496s ]
INFO: [ view_parse ] --START--
INFO: [ template_filter ] --START--
INFO: Run Behavior\ContentReplaceBehavior [ RunTime:0.014996s ]
INFO: [ template_filter ] --END-- [ RunTime:0.015048s ]
INFO: Run Behavior\ParseTemplateBehavior [ RunTime:0.082480s ]
INFO: [ view_parse ] --END-- [ RunTime:0.082539s ]
INFO: [ view_filter ] --START--
INFO: Run Behavior\WriteHtmlCacheBehavior [ RunTime:0.005777s ]
INFO: [ view_filter ] --END-- [ RunTime:0.005811s ]
INFO: [ app_end ] --START--
INFO: Run Behavior\ShowPageTraceBehavior [ RunTime:0.025452s ]
INFO: [ app_end ] --END-- [ RunTime:0.025535s ]

[ 2019-06-27T19:04:11+08:00 ] ::1 /A00/admin.php/Index/checkLoginIn.html
INFO: [ app_init ] --START--
INFO: Run Behavior\BuildLiteBehavior [ RunTime:0.000021s ]
INFO: [ app_init ] --END-- [ RunTime:0.000590s ]
INFO: [ app_begin ] --START--
INFO: Run Behavior\ReadHtmlCacheBehavior [ RunTime:0.000661s ]
INFO: [ app_begin ] --END-- [ RunTime:0.000745s ]
NOTIC: [2048] Declaration of Common\Model\BaseModel::select() should be compatible with Think\Model::select($options = Array) D:\phpStudy\WWW\A00\Application\Common\Model\BaseModel.class.php 第 11 行.
SQL: SHOW COLUMNS FROM `a00_users` [ RunTime:0.0019s ]
SQL: select * from a00_users where   username='aaa'  [ RunTime:0.0008s ]
INFO: [ view_parse ] --START--
INFO: [ template_filter ] --START--
INFO: Run Behavior\ContentReplaceBehavior [ RunTime:0.000195s ]
INFO: [ template_filter ] --END-- [ RunTime:0.000246s ]
INFO: Run Behavior\ParseTemplateBehavior [ RunTime:0.097150s ]
INFO: [ view_parse ] --END-- [ RunTime:0.097208s ]
INFO: [ view_filter ] --START--
INFO: Run Behavior\WriteHtmlCacheBehavior [ RunTime:0.000425s ]
INFO: [ view_filter ] --END-- [ RunTime:0.000461s ]
INFO: [ app_end ] --START--
INFO: Run Behavior\ShowPageTraceBehavior [ RunTime:0.000792s ]
INFO: [ app_end ] --END-- [ RunTime:0.000856s ]

[ 2019-06-27T19:04:14+08:00 ] ::1 /A00/admin.php/Priviledges/showPriviledgesList.html
INFO: [ app_init ] --START--
INFO: Run Behavior\BuildLiteBehavior [ RunTime:0.000020s ]
INFO: [ app_init ] --END-- [ RunTime:0.000473s ]
INFO: [ app_begin ] --START--
INFO: Run Behavior\ReadHtmlCacheBehavior [ RunTime:0.000943s ]
INFO: [ app_begin ] --END-- [ RunTime:0.000990s ]
NOTIC: [2048] Declaration of Common\Model\BaseModel::select() should be compatible with Think\Model::select($options = Array) D:\phpStudy\WWW\A00\Application\Common\Model\BaseModel.class.php 第 11 行.
SQL: SHOW COLUMNS FROM `a00_log` [ RunTime:0.0008s ]
SQL: SHOW COLUMNS FROM `a00_users` [ RunTime:0.0010s ]
SQL: select * from a00_users where `id` =1  and `user_del`=0 [ RunTime:0.0006s ]
NOTIC: [8] Undefined index: p D:\phpStudy\WWW\A00\Application\Admin\Controller\PriviledgesController.class.php 第 22 行.
SQL: SHOW COLUMNS FROM `a00_prevelidge` [ RunTime:0.0008s ]
SQL: select * from  a00_prevelidge where `prevelidge_del`=0  [ RunTime:0.0004s ]
SQL: select * from a00_prevelidge where `prevelidge_del`=0 order by prevelidge_id limit  0  ,10 [ RunTime:0.0008s ]
INFO: [ view_parse ] --START--
INFO: [ template_filter ] --START--
INFO: Run Behavior\ContentReplaceBehavior [ RunTime:0.000182s ]
INFO: [ template_filter ] --END-- [ RunTime:0.000229s ]
NOTIC: [8] Undefined variable: show D:\phpStudy\WWW\A00\Runtime\Cache\Admin\58175ecf9f6bc46fb6f3d28ef7120082.php 第 461 行.
INFO: Run Behavior\ParseTemplateBehavior [ RunTime:0.053927s ]
INFO: [ view_parse ] --END-- [ RunTime:0.053968s ]
INFO: [ view_filter ] --START--
INFO: Run Behavior\WriteHtmlCacheBehavior [ RunTime:0.000652s ]
INFO: [ view_filter ] --END-- [ RunTime:0.000703s ]
INFO: [ app_end ] --START--
INFO: Run Behavior\ShowPageTraceBehavior [ RunTime:0.000798s ]
INFO: [ app_end ] --END-- [ RunTime:0.000845s ]

[ 2019-06-27T19:04:16+08:00 ] ::1 /A00/admin.php/Priviledges/showSinglePriviledge?prevelidgeId=1
INFO: [ app_init ] --START--
INFO: Run Behavior\BuildLiteBehavior [ RunTime:0.000048s ]
INFO: [ app_init ] --END-- [ RunTime:0.000492s ]
INFO: [ app_begin ] --START--
INFO: Run Behavior\ReadHtmlCacheBehavior [ RunTime:0.000689s ]
INFO: [ app_begin ] --END-- [ RunTime:0.000776s ]
NOTIC: [2048] Declaration of Common\Model\BaseModel::select() should be compatible with Think\Model::select($options = Array) D:\phpStudy\WWW\A00\Application\Common\Model\BaseModel.class.php 第 11 行.
SQL: SHOW COLUMNS FROM `a00_log` [ RunTime:0.0007s ]
SQL: SHOW COLUMNS FROM `a00_users` [ RunTime:0.0006s ]
SQL: select * from a00_users where `id` =1  and `user_del`=0 [ RunTime:0.0004s ]
SQL: SHOW COLUMNS FROM `a00_prevelidge` [ RunTime:0.0008s ]
SQL: select * from a00_prevelidge where prevelidge_id=1 [ RunTime:0.0003s ]
SQL: SHOW COLUMNS FROM `a00_users` [ RunTime:0.0009s ]
SQL: select * from a00_users where id=1 [ RunTime:0.0004s ]
INFO: [ view_parse ] --START--
INFO: [ template_filter ] --START--
INFO: Run Behavior\ContentReplaceBehavior [ RunTime:0.000073s ]
INFO: [ template_filter ] --END-- [ RunTime:0.000114s ]
INFO: Run Behavior\ParseTemplateBehavior [ RunTime:0.043714s ]
INFO: [ view_parse ] --END-- [ RunTime:0.043758s ]
INFO: [ view_filter ] --START--
INFO: Run Behavior\WriteHtmlCacheBehavior [ RunTime:0.000318s ]
INFO: [ view_filter ] --END-- [ RunTime:0.000347s ]
INFO: [ app_end ] --START--
INFO: Run Behavior\ShowPageTraceBehavior [ RunTime:0.000658s ]
INFO: [ app_end ] --END-- [ RunTime:0.000692s ]

[ 2019-06-27T19:04:21+08:00 ] ::1 /A00/admin.php/Priviledges/showPriviledgesList.html
INFO: [ app_init ] --START--
INFO: Run Behavior\BuildLiteBehavior [ RunTime:0.000036s ]
INFO: [ app_init ] --END-- [ RunTime:0.000603s ]
INFO: [ app_begin ] --START--
INFO: Run Behavior\ReadHtmlCacheBehavior [ RunTime:0.000845s ]
INFO: [ app_begin ] --END-- [ RunTime:0.000901s ]
NOTIC: [2048] Declaration of Common\Model\BaseModel::select() should be compatible with Think\Model::select($options = Array) D:\phpStudy\WWW\A00\Application\Common\Model\BaseModel.class.php 第 11 行.
SQL: SHOW COLUMNS FROM `a00_log` [ RunTime:0.0007s ]
SQL: SHOW COLUMNS FROM `a00_users` [ RunTime:0.0006s ]
SQL: select * from a00_users where `id` =1  and `user_del`=0 [ RunTime:0.0004s ]
NOTIC: [8] Undefined index: p D:\phpStudy\WWW\A00\Application\Admin\Controller\PriviledgesController.class.php 第 22 行.
SQL: SHOW COLUMNS FROM `a00_prevelidge` [ RunTime:0.0006s ]
SQL: select * from  a00_prevelidge where `prevelidge_del`=0  [ RunTime:0.0003s ]
SQL: select * from a00_prevelidge where `prevelidge_del`=0 order by prevelidge_id limit  0  ,10 [ RunTime:0.0003s ]
INFO: [ view_parse ] --START--
INFO: [ template_filter ] --START--
INFO: Run Behavior\ContentReplaceBehavior [ RunTime:0.000134s ]
INFO: [ template_filter ] --END-- [ RunTime:0.000175s ]
NOTIC: [8] Undefined variable: show D:\phpStudy\WWW\A00\Runtime\Cache\Admin\58175ecf9f6bc46fb6f3d28ef7120082.php 第 461 行.
INFO: Run Behavior\ParseTemplateBehavior [ RunTime:0.014361s ]
INFO: [ view_parse ] --END-- [ RunTime:0.014395s ]
INFO: [ view_filter ] --START--
INFO: Run Behavior\WriteHtmlCacheBehavior [ RunTime:0.000399s ]
INFO: [ view_filter ] --END-- [ RunTime:0.000425s ]
INFO: [ app_end ] --START--
INFO: Run Behavior\ShowPageTraceBehavior [ RunTime:0.000901s ]
INFO: [ app_end ] --END-- [ RunTime:0.000966s ]

[ 2019-06-27T19:04:23+08:00 ] ::1 /A00/admin.php/Priviledges/showSinglePriviledge?prevelidgeId=6
INFO: [ app_init ] --START--
INFO: Run Behavior\BuildLiteBehavior [ RunTime:0.000011s ]
INFO: [ app_init ] --END-- [ RunTime:0.000341s ]
INFO: [ app_begin ] --START--
INFO: Run Behavior\ReadHtmlCacheBehavior [ RunTime:0.000538s ]
INFO: [ app_begin ] --END-- [ RunTime:0.000577s ]
NOTIC: [2048] Declaration of Common\Model\BaseModel::select() should be compatible with Think\Model::select($options = Array) D:\phpStudy\WWW\A00\Application\Common\Model\BaseModel.class.php 第 11 行.
SQL: SHOW COLUMNS FROM `a00_log` [ RunTime:0.0012s ]
SQL: SHOW COLUMNS FROM `a00_users` [ RunTime:0.0007s ]
SQL: select * from a00_users where `id` =1  and `user_del`=0 [ RunTime:0.0004s ]
SQL: SHOW COLUMNS FROM `a00_prevelidge` [ RunTime:0.0005s ]
SQL: select * from a00_prevelidge where prevelidge_id=6 [ RunTime:0.0003s ]
SQL: SHOW COLUMNS FROM `a00_users` [ RunTime:0.0005s ]
SQL: select * from a00_users where id=1 [ RunTime:0.0003s ]
INFO: [ view_parse ] --START--
INFO: [ template_filter ] --START--
INFO: Run Behavior\ContentReplaceBehavior [ RunTime:0.000093s ]
INFO: [ template_filter ] --END-- [ RunTime:0.000198s ]
INFO: Run Behavior\ParseTemplateBehavior [ RunTime:0.011244s ]
INFO: [ view_parse ] --END-- [ RunTime:0.011330s ]
INFO: [ view_filter ] --START--
INFO: Run Behavior\WriteHtmlCacheBehavior [ RunTime:0.000531s ]
INFO: [ view_filter ] --END-- [ RunTime:0.000575s ]
INFO: [ app_end ] --START--
INFO: Run Behavior\ShowPageTraceBehavior [ RunTime:0.000933s ]
INFO: [ app_end ] --END-- [ RunTime:0.000966s ]

[ 2019-06-27T19:05:38+08:00 ] ::1 /A00/admin.php/Priviledges/showPriviledgesList.html
INFO: [ app_init ] --START--
INFO: Run Behavior\BuildLiteBehavior [ RunTime:0.000012s ]
INFO: [ app_init ] --END-- [ RunTime:0.000409s ]
INFO: [ app_begin ] --START--
INFO: Run Behavior\ReadHtmlCacheBehavior [ RunTime:0.000712s ]
INFO: [ app_begin ] --END-- [ RunTime:0.000754s ]
NOTIC: [2048] Declaration of Common\Model\BaseModel::select() should be compatible with Think\Model::select($options = Array) D:\phpStudy\WWW\A00\Application\Common\Model\BaseModel.class.php 第 11 行.
SQL: SHOW COLUMNS FROM `a00_log` [ RunTime:0.0008s ]
SQL: SHOW COLUMNS FROM `a00_users` [ RunTime:0.0012s ]
SQL: select * from a00_users where `id` =1  and `user_del`=0 [ RunTime:0.0005s ]
NOTIC: [8] Undefined index: p D:\phpStudy\WWW\A00\Application\Admin\Controller\PriviledgesController.class.php 第 22 行.
SQL: SHOW COLUMNS FROM `a00_prevelidge` [ RunTime:0.0006s ]
SQL: select * from  a00_prevelidge where `prevelidge_del`=0  [ RunTime:0.0003s ]
SQL: select * from a00_prevelidge where `prevelidge_del`=0 order by prevelidge_id limit  0  ,10 [ RunTime:0.0003s ]
INFO: [ view_parse ] --START--
INFO: [ template_filter ] --START--
INFO: Run Behavior\ContentReplaceBehavior [ RunTime:0.000141s ]
INFO: [ template_filter ] --END-- [ RunTime:0.000205s ]
NOTIC: [8] Undefined variable: show D:\phpStudy\WWW\A00\Runtime\Cache\Admin\58175ecf9f6bc46fb6f3d28ef7120082.php 第 461 行.
INFO: Run Behavior\ParseTemplateBehavior [ RunTime:0.016908s ]
INFO: [ view_parse ] --END-- [ RunTime:0.016945s ]
INFO: [ view_filter ] --START--
INFO: Run Behavior\WriteHtmlCacheBehavior [ RunTime:0.000491s ]
INFO: [ view_filter ] --END-- [ RunTime:0.000520s ]
INFO: [ app_end ] --START--
INFO: Run Behavior\ShowPageTraceBehavior [ RunTime:0.000842s ]
INFO: [ app_end ] --END-- [ RunTime:0.000880s ]

[ 2019-06-27T19:05:39+08:00 ] ::1 /A00/admin.php/Priviledges/showSinglePriviledge?prevelidgeId=6
INFO: [ app_init ] --START--
INFO: Run Behavior\BuildLiteBehavior [ RunTime:0.000042s ]
INFO: [ app_init ] --END-- [ RunTime:0.000811s ]
INFO: [ app_begin ] --START--
INFO: Run Behavior\ReadHtmlCacheBehavior [ RunTime:0.001004s ]
INFO: [ app_begin ] --END-- [ RunTime:0.001071s ]
NOTIC: [2048] Declaration of Common\Model\BaseModel::select() should be compatible with Think\Model::select($options = Array) D:\phpStudy\WWW\A00\Application\Common\Model\BaseModel.class.php 第 11 行.
SQL: SHOW COLUMNS FROM `a00_log` [ RunTime:0.0009s ]
SQL: SHOW COLUMNS FROM `a00_users` [ RunTime:0.0010s ]
SQL: select * from a00_users where `id` =1  and `user_del`=0 [ RunTime:0.0006s ]
SQL: SHOW COLUMNS FROM `a00_prevelidge` [ RunTime:0.0008s ]
SQL: select * from a00_prevelidge where prevelidge_id=6 [ RunTime:0.0003s ]
SQL: SHOW COLUMNS FROM `a00_users` [ RunTime:0.0006s ]
SQL: select * from a00_users where id=1 [ RunTime:0.0825s ]
INFO: [ view_parse ] --START--
INFO: [ template_filter ] --START--
INFO: Run Behavior\ContentReplaceBehavior [ RunTime:0.000070s ]
INFO: [ template_filter ] --END-- [ RunTime:0.000108s ]
INFO: Run Behavior\ParseTemplateBehavior [ RunTime:0.010575s ]
INFO: [ view_parse ] --END-- [ RunTime:0.010621s ]
INFO: [ view_filter ] --START--
INFO: Run Behavior\WriteHtmlCacheBehavior [ RunTime:0.000626s ]
INFO: [ view_filter ] --END-- [ RunTime:0.000661s ]
INFO: [ app_end ] --START--
INFO: Run Behavior\ShowPageTraceBehavior [ RunTime:0.000921s ]
INFO: [ app_end ] --END-- [ RunTime:0.000981s ]

[ 2019-06-27T19:09:06+08:00 ] ::1 /A00/admin.php/Priviledges/showPriviledgesList.html
INFO: [ app_init ] --START--
INFO: Run Behavior\BuildLiteBehavior [ RunTime:0.000012s ]
INFO: [ app_init ] --END-- [ RunTime:0.000530s ]
INFO: [ app_begin ] --START--
INFO: Run Behavior\ReadHtmlCacheBehavior [ RunTime:0.001004s ]
INFO: [ app_begin ] --END-- [ RunTime:0.001089s ]
NOTIC: [2048] Declaration of Common\Model\BaseModel::select() should be compatible with Think\Model::select($options = Array) D:\phpStudy\WWW\A00\Application\Common\Model\BaseModel.class.php 第 11 行.
SQL: SHOW COLUMNS FROM `a00_log` [ RunTime:0.0009s ]
SQL: SHOW COLUMNS FROM `a00_users` [ RunTime:0.0006s ]
SQL: select * from a00_users where `id` =1  and `user_del`=0 [ RunTime:0.0004s ]
NOTIC: [8] Undefined index: p D:\phpStudy\WWW\A00\Application\Admin\Controller\PriviledgesController.class.php 第 22 行.
SQL: SHOW COLUMNS FROM `a00_prevelidge` [ RunTime:0.0008s ]
SQL: select * from  a00_prevelidge where `prevelidge_del`=0  [ RunTime:0.0003s ]
SQL: select * from a00_prevelidge where `prevelidge_del`=0 order by prevelidge_id limit  0  ,10 [ RunTime:0.0004s ]
INFO: [ view_parse ] --START--
INFO: [ template_filter ] --START--
INFO: Run Behavior\ContentReplaceBehavior [ RunTime:0.000140s ]
INFO: [ template_filter ] --END-- [ RunTime:0.000183s ]
NOTIC: [8] Undefined variable: show D:\phpStudy\WWW\A00\Runtime\Cache\Admin\58175ecf9f6bc46fb6f3d28ef7120082.php 第 461 行.
INFO: Run Behavior\ParseTemplateBehavior [ RunTime:0.018218s ]
INFO: [ view_parse ] --END-- [ RunTime:0.018256s ]
INFO: [ view_filter ] --START--
INFO: Run Behavior\WriteHtmlCacheBehavior [ RunTime:0.000743s ]
INFO: [ view_filter ] --END-- [ RunTime:0.000775s ]
INFO: [ app_end ] --START--
INFO: Run Behavior\ShowPageTraceBehavior [ RunTime:0.001122s ]
INFO: [ app_end ] --END-- [ RunTime:0.001189s ]

[ 2019-06-27T19:09:08+08:00 ] ::1 /A00/admin.php/Priviledges/showSinglePriviledge?prevelidgeId=4
INFO: [ app_init ] --START--
INFO: Run Behavior\BuildLiteBehavior [ RunTime:0.000013s ]
INFO: [ app_init ] --END-- [ RunTime:0.000549s ]
INFO: [ app_begin ] --START--
INFO: Run Behavior\ReadHtmlCacheBehavior [ RunTime:0.000933s ]
INFO: [ app_begin ] --END-- [ RunTime:0.001028s ]
NOTIC: [2048] Declaration of Common\Model\BaseModel::select() should be compatible with Think\Model::select($options = Array) D:\phpStudy\WWW\A00\Application\Common\Model\BaseModel.class.php 第 11 行.
SQL: SHOW COLUMNS FROM `a00_log` [ RunTime:0.0011s ]
SQL: SHOW COLUMNS FROM `a00_users` [ RunTime:0.0009s ]
SQL: select * from a00_users where `id` =1  and `user_del`=0 [ RunTime:0.0007s ]
SQL: SHOW COLUMNS FROM `a00_prevelidge` [ RunTime:0.0006s ]
SQL: select * from a00_prevelidge where prevelidge_id=4 [ RunTime:0.0003s ]
INFO: [ view_parse ] --START--
INFO: [ template_filter ] --START--
INFO: Run Behavior\ContentReplaceBehavior [ RunTime:0.000071s ]
INFO: [ template_filter ] --END-- [ RunTime:0.000104s ]
INFO: Run Behavior\ParseTemplateBehavior [ RunTime:0.010083s ]
INFO: [ view_parse ] --END-- [ RunTime:0.010129s ]
INFO: [ view_filter ] --START--
INFO: Run Behavior\WriteHtmlCacheBehavior [ RunTime:0.000668s ]
INFO: [ view_filter ] --END-- [ RunTime:0.000718s ]
INFO: [ app_end ] --START--
INFO: Run Behavior\ShowPageTraceBehavior [ RunTime:0.000941s ]
INFO: [ app_end ] --END-- [ RunTime:0.001010s ]

[ 2019-06-27T19:09:27+08:00 ] ::1 /A00/admin.php/Priviledges/showPriviledgesList.html
INFO: [ app_init ] --START--
INFO: Run Behavior\BuildLiteBehavior [ RunTime:0.000012s ]
INFO: [ app_init ] --END-- [ RunTime:0.000397s ]
INFO: [ app_begin ] --START--
INFO: Run Behavior\ReadHtmlCacheBehavior [ RunTime:0.000632s ]
INFO: [ app_begin ] --END-- [ RunTime:0.000676s ]
NOTIC: [2048] Declaration of Common\Model\BaseModel::select() should be compatible with Think\Model::select($options = Array) D:\phpStudy\WWW\A00\Application\Common\Model\BaseModel.class.php 第 11 行.
SQL: SHOW COLUMNS FROM `a00_log` [ RunTime:0.0011s ]
SQL: SHOW COLUMNS FROM `a00_users` [ RunTime:0.0011s ]
SQL: select * from a00_users where `id` =1  and `user_del`=0 [ RunTime:0.0004s ]
NOTIC: [8] Undefined index: p D:\phpStudy\WWW\A00\Application\Admin\Controller\PriviledgesController.class.php 第 22 行.
SQL: SHOW COLUMNS FROM `a00_prevelidge` [ RunTime:0.0007s ]
SQL: select * from  a00_prevelidge where `prevelidge_del`=0  [ RunTime:0.0004s ]
SQL: select * from a00_prevelidge where `prevelidge_del`=0 order by prevelidge_id limit  0  ,10 [ RunTime:0.0006s ]
INFO: [ view_parse ] --START--
INFO: [ template_filter ] --START--
INFO: Run Behavior\ContentReplaceBehavior [ RunTime:0.000141s ]
INFO: [ template_filter ] --END-- [ RunTime:0.000186s ]
NOTIC: [8] Undefined variable: show D:\phpStudy\WWW\A00\Runtime\Cache\Admin\58175ecf9f6bc46fb6f3d28ef7120082.php 第 461 行.
INFO: Run Behavior\ParseTemplateBehavior [ RunTime:0.016856s ]
INFO: [ view_parse ] --END-- [ RunTime:0.016904s ]
INFO: [ view_filter ] --START--
INFO: Run Behavior\WriteHtmlCacheBehavior [ RunTime:0.000436s ]
INFO: [ view_filter ] --END-- [ RunTime:0.000479s ]
INFO: [ app_end ] --START--
INFO: Run Behavior\ShowPageTraceBehavior [ RunTime:0.001147s ]
INFO: [ app_end ] --END-- [ RunTime:0.001233s ]

[ 2019-06-27T19:09:29+08:00 ] ::1 /A00/admin.php/Priviledges/showSinglePriviledge?prevelidgeId=5
INFO: [ app_init ] --START--
INFO: Run Behavior\BuildLiteBehavior [ RunTime:0.000017s ]
INFO: [ app_init ] --END-- [ RunTime:0.000715s ]
INFO: [ app_begin ] --START--
INFO: Run Behavior\ReadHtmlCacheBehavior [ RunTime:0.000918s ]
INFO: [ app_begin ] --END-- [ RunTime:0.000981s ]
NOTIC: [2048] Declaration of Common\Model\BaseModel::select() should be compatible with Think\Model::select($options = Array) D:\phpStudy\WWW\A00\Application\Common\Model\BaseModel.class.php 第 11 行.
SQL: SHOW COLUMNS FROM `a00_log` [ RunTime:0.0008s ]
SQL: SHOW COLUMNS FROM `a00_users` [ RunTime:0.0007s ]
SQL: select * from a00_users where `id` =1  and `user_del`=0 [ RunTime:0.0005s ]
SQL: SHOW COLUMNS FROM `a00_prevelidge` [ RunTime:0.0007s ]
SQL: select * from a00_prevelidge where prevelidge_id=5 [ RunTime:0.0004s ]
SQL: SHOW COLUMNS FROM `a00_users` [ RunTime:0.0006s ]
SQL: select * from a00_users where id=1 [ RunTime:0.0003s ]
INFO: [ view_parse ] --START--
INFO: [ template_filter ] --START--
INFO: Run Behavior\ContentReplaceBehavior [ RunTime:0.000134s ]
INFO: [ template_filter ] --END-- [ RunTime:0.000203s ]
INFO: Run Behavior\ParseTemplateBehavior [ RunTime:0.012852s ]
INFO: [ view_parse ] --END-- [ RunTime:0.012921s ]
INFO: [ view_filter ] --START--
INFO: Run Behavior\WriteHtmlCacheBehavior [ RunTime:0.000516s ]
INFO: [ view_filter ] --END-- [ RunTime:0.000545s ]
INFO: [ app_end ] --START--
INFO: Run Behavior\ShowPageTraceBehavior [ RunTime:0.000897s ]
INFO: [ app_end ] --END-- [ RunTime:0.000940s ]

[ 2019-06-27T19:09:32+08:00 ] ::1 /A00/admin.php/Priviledges/showSinglePriviledge?prevelidgeId=5
INFO: [ app_init ] --START--
INFO: Run Behavior\BuildLiteBehavior [ RunTime:0.000014s ]
INFO: [ app_init ] --END-- [ RunTime:0.000417s ]
INFO: [ app_begin ] --START--
INFO: Run Behavior\ReadHtmlCacheBehavior [ RunTime:0.000694s ]
INFO: [ app_begin ] --END-- [ RunTime:0.000748s ]
NOTIC: [2048] Declaration of Common\Model\BaseModel::select() should be compatible with Think\Model::select($options = Array) D:\phpStudy\WWW\A00\Application\Common\Model\BaseModel.class.php 第 11 行.
SQL: SHOW COLUMNS FROM `a00_log` [ RunTime:0.0006s ]
SQL: SHOW COLUMNS FROM `a00_users` [ RunTime:0.0005s ]
SQL: select * from a00_users where `id` =1  and `user_del`=0 [ RunTime:0.0004s ]
SQL: SHOW COLUMNS FROM `a00_prevelidge` [ RunTime:0.0005s ]
SQL: select * from a00_prevelidge where prevelidge_id=5 [ RunTime:0.0003s ]
SQL: SHOW COLUMNS FROM `a00_users` [ RunTime:0.0005s ]
SQL: select * from a00_users where id=1 [ RunTime:0.0003s ]
INFO: [ view_parse ] --START--
INFO: [ template_filter ] --START--
INFO: Run Behavior\ContentReplaceBehavior [ RunTime:0.000069s ]
INFO: [ template_filter ] --END-- [ RunTime:0.000101s ]
INFO: Run Behavior\ParseTemplateBehavior [ RunTime:0.009086s ]
INFO: [ view_parse ] --END-- [ RunTime:0.009125s ]
INFO: [ view_filter ] --START--
INFO: Run Behavior\WriteHtmlCacheBehavior [ RunTime:0.000297s ]
INFO: [ view_filter ] --END-- [ RunTime:0.000325s ]
INFO: [ app_end ] --START--
INFO: Run Behavior\ShowPageTraceBehavior [ RunTime:0.000744s ]
INFO: [ app_end ] --END-- [ RunTime:0.000777s ]

[ 2019-06-27T19:23:03+08:00 ] ::1 /A00/admin.php/Priviledges/showPriviledgesList.html
INFO: [ app_init ] --START--
INFO: Run Behavior\BuildLiteBehavior [ RunTime:0.000037s ]
INFO: [ app_init ] --END-- [ RunTime:0.034105s ]
INFO: [ app_begin ] --START--
INFO: Run Behavior\ReadHtmlCacheBehavior [ RunTime:0.013660s ]
INFO: [ app_begin ] --END-- [ RunTime:0.013792s ]

[ 2019-06-27T19:23:03+08:00 ] ::1 /A00/admin.php/Index/index.html
INFO: [ app_init ] --START--
INFO: Run Behavior\BuildLiteBehavior [ RunTime:0.000015s ]
INFO: [ app_init ] --END-- [ RunTime:0.000460s ]
INFO: [ app_begin ] --START--
INFO: Run Behavior\ReadHtmlCacheBehavior [ RunTime:0.000764s ]
INFO: [ app_begin ] --END-- [ RunTime:0.000822s ]
INFO: [ view_parse ] --START--
INFO: [ template_filter ] --START--
INFO: Run Behavior\ContentReplaceBehavior [ RunTime:0.026886s ]
INFO: [ template_filter ] --END-- [ RunTime:0.026942s ]
INFO: Run Behavior\ParseTemplateBehavior [ RunTime:0.151105s ]
INFO: [ view_parse ] --END-- [ RunTime:0.151164s ]
INFO: [ view_filter ] --START--
INFO: Run Behavior\WriteHtmlCacheBehavior [ RunTime:0.025684s ]
INFO: [ view_filter ] --END-- [ RunTime:0.025744s ]
INFO: [ app_end ] --START--
INFO: Run Behavior\ShowPageTraceBehavior [ RunTime:0.025818s ]
INFO: [ app_end ] --END-- [ RunTime:0.025909s ]

[ 2019-06-27T19:23:08+08:00 ] ::1 /A00/admin.php/Index/checkLoginIn.html
INFO: [ app_init ] --START--
INFO: Run Behavior\BuildLiteBehavior [ RunTime:0.000012s ]
INFO: [ app_init ] --END-- [ RunTime:0.000332s ]
INFO: [ app_begin ] --START--
INFO: Run Behavior\ReadHtmlCacheBehavior [ RunTime:0.000530s ]
INFO: [ app_begin ] --END-- [ RunTime:0.000569s ]
NOTIC: [2048] Declaration of Common\Model\BaseModel::select() should be compatible with Think\Model::select($options = Array) D:\phpStudy\WWW\A00\Application\Common\Model\BaseModel.class.php 第 11 行.
SQL: SHOW COLUMNS FROM `a00_users` [ RunTime:0.0463s ]
SQL: select * from a00_users where   username='aaa'  [ RunTime:0.0015s ]
INFO: [ view_parse ] --START--
INFO: [ template_filter ] --START--
INFO: Run Behavior\ContentReplaceBehavior [ RunTime:0.000221s ]
INFO: [ template_filter ] --END-- [ RunTime:0.000277s ]
INFO: Run Behavior\ParseTemplateBehavior [ RunTime:0.214892s ]
INFO: [ view_parse ] --END-- [ RunTime:0.215002s ]
INFO: [ view_filter ] --START--
INFO: Run Behavior\WriteHtmlCacheBehavior [ RunTime:0.001089s ]
INFO: [ view_filter ] --END-- [ RunTime:0.001188s ]
INFO: [ app_end ] --START--
INFO: Run Behavior\ShowPageTraceBehavior [ RunTime:0.001897s ]
INFO: [ app_end ] --END-- [ RunTime:0.002017s ]

[ 2019-06-27T19:23:11+08:00 ] ::1 /A00/admin.php/Priviledges/showPriviledgesList.html
INFO: [ app_init ] --START--
INFO: Run Behavior\BuildLiteBehavior [ RunTime:0.000010s ]
INFO: [ app_init ] --END-- [ RunTime:0.000320s ]
INFO: [ app_begin ] --START--
INFO: Run Behavior\ReadHtmlCacheBehavior [ RunTime:0.000678s ]
INFO: [ app_begin ] --END-- [ RunTime:0.000719s ]
NOTIC: [2048] Declaration of Common\Model\BaseModel::select() should be compatible with Think\Model::select($options = Array) D:\phpStudy\WWW\A00\Application\Common\Model\BaseModel.class.php 第 11 行.
SQL: SHOW COLUMNS FROM `a00_log` [ RunTime:0.0225s ]
SQL: SHOW COLUMNS FROM `a00_users` [ RunTime:0.0015s ]
SQL: select * from a00_users where `id` =1  and `user_del`=0 [ RunTime:0.0230s ]
NOTIC: [8] Undefined index: p D:\phpStudy\WWW\A00\Application\Admin\Controller\PriviledgesController.class.php 第 22 行.
SQL: SHOW COLUMNS FROM `a00_prevelidge` [ RunTime:0.0154s ]
SQL: select * from  a00_prevelidge where `prevelidge_del`=0  [ RunTime:0.0004s ]
SQL: select * from a00_prevelidge where `prevelidge_del`=0 order by prevelidge_id limit  0  ,10 [ RunTime:0.0010s ]
INFO: [ view_parse ] --START--
INFO: [ template_filter ] --START--
INFO: Run Behavior\ContentReplaceBehavior [ RunTime:0.000472s ]
INFO: [ template_filter ] --END-- [ RunTime:0.000620s ]
NOTIC: [8] Undefined variable: show D:\phpStudy\WWW\A00\Runtime\Cache\Admin\58175ecf9f6bc46fb6f3d28ef7120082.php 第 461 行.
INFO: Run Behavior\ParseTemplateBehavior [ RunTime:0.062838s ]
INFO: [ view_parse ] --END-- [ RunTime:0.062936s ]
INFO: [ view_filter ] --START--
INFO: Run Behavior\WriteHtmlCacheBehavior [ RunTime:0.000924s ]
INFO: [ view_filter ] --END-- [ RunTime:0.000968s ]
INFO: [ app_end ] --START--
INFO: Run Behavior\ShowPageTraceBehavior [ RunTime:0.001113s ]
INFO: [ app_end ] --END-- [ RunTime:0.001162s ]

[ 2019-06-27T19:42:06+08:00 ] ::1 /A00/admin.php/Priviledges/showPriviledgesList.html
INFO: [ app_init ] --START--
INFO: Run Behavior\BuildLiteBehavior [ RunTime:0.000014s ]
INFO: [ app_init ] --END-- [ RunTime:0.000466s ]
INFO: [ app_begin ] --START--
INFO: Run Behavior\ReadHtmlCacheBehavior [ RunTime:0.000794s ]
INFO: [ app_begin ] --END-- [ RunTime:0.000851s ]
NOTIC: [2048] Declaration of Common\Model\BaseModel::select() should be compatible with Think\Model::select($options = Array) D:\phpStudy\WWW\A00\Application\Common\Model\BaseModel.class.php 第 11 行.
SQL: SHOW COLUMNS FROM `a00_log` [ RunTime:0.0021s ]
SQL: SHOW COLUMNS FROM `a00_users` [ RunTime:0.0022s ]
SQL: select * from a00_users where `id` =1  and `user_del`=0 [ RunTime:0.0004s ]
NOTIC: [8] Undefined index: p D:\phpStudy\WWW\A00\Application\Admin\Controller\PriviledgesController.class.php 第 22 行.
SQL: SHOW COLUMNS FROM `a00_prevelidge` [ RunTime:0.0018s ]
SQL: select * from  a00_prevelidge where `prevelidge_del`=0  [ RunTime:0.0003s ]
SQL: select * from a00_prevelidge where `prevelidge_del`=0 order by prevelidge_id limit  0  ,10 [ RunTime:0.0004s ]
INFO: [ view_parse ] --START--
INFO: [ template_filter ] --START--
INFO: Run Behavior\ContentReplaceBehavior [ RunTime:0.000146s ]
INFO: [ template_filter ] --END-- [ RunTime:0.000192s ]
NOTIC: [8] Undefined variable: show D:\phpStudy\WWW\A00\Runtime\Cache\Admin\58175ecf9f6bc46fb6f3d28ef7120082.php 第 461 行.
INFO: Run Behavior\ParseTemplateBehavior [ RunTime:0.016276s ]
INFO: [ view_parse ] --END-- [ RunTime:0.016316s ]
INFO: [ view_filter ] --START--
INFO: Run Behavior\WriteHtmlCacheBehavior [ RunTime:0.000613s ]
INFO: [ view_filter ] --END-- [ RunTime:0.000644s ]
INFO: [ app_end ] --START--
INFO: Run Behavior\ShowPageTraceBehavior [ RunTime:0.000987s ]
INFO: [ app_end ] --END-- [ RunTime:0.001033s ]

[ 2019-06-27T19:42:07+08:00 ] ::1 /A00/admin.php/Priviledges/showSinglePriviledge?prevelidgeId=6
INFO: [ app_init ] --START--
INFO: Run Behavior\BuildLiteBehavior [ RunTime:0.000014s ]
INFO: [ app_init ] --END-- [ RunTime:0.000554s ]
INFO: [ app_begin ] --START--
INFO: Run Behavior\ReadHtmlCacheBehavior [ RunTime:0.000962s ]
INFO: [ app_begin ] --END-- [ RunTime:0.001029s ]
NOTIC: [2048] Declaration of Common\Model\BaseModel::select() should be compatible with Think\Model::select($options = Array) D:\phpStudy\WWW\A00\Application\Common\Model\BaseModel.class.php 第 11 行.
SQL: SHOW COLUMNS FROM `a00_log` [ RunTime:0.0017s ]
SQL: SHOW COLUMNS FROM `a00_users` [ RunTime:0.0023s ]
SQL: select * from a00_users where `id` =1  and `user_del`=0 [ RunTime:0.0005s ]
SQL: SHOW COLUMNS FROM `a00_prevelidge` [ RunTime:0.0026s ]
SQL: select * from a00_prevelidge where prevelidge_id=6 [ RunTime:0.0007s ]
SQL: SHOW COLUMNS FROM `a00_users` [ RunTime:0.0015s ]
SQL: select * from a00_users where id=1 [ RunTime:0.0005s ]
INFO: [ view_parse ] --START--
INFO: [ template_filter ] --START--
INFO: Run Behavior\ContentReplaceBehavior [ RunTime:0.000078s ]
INFO: [ template_filter ] --END-- [ RunTime:0.000123s ]
INFO: Run Behavior\ParseTemplateBehavior [ RunTime:0.029699s ]
INFO: [ view_parse ] --END-- [ RunTime:0.029802s ]
INFO: [ view_filter ] --START--
INFO: Run Behavior\WriteHtmlCacheBehavior [ RunTime:0.000783s ]
INFO: [ view_filter ] --END-- [ RunTime:0.000836s ]
INFO: [ app_end ] --START--
INFO: Run Behavior\ShowPageTraceBehavior [ RunTime:0.001357s ]
INFO: [ app_end ] --END-- [ RunTime:0.001421s ]

[ 2019-06-27T19:42:10+08:00 ] ::1 /A00/admin.php/Priviledges/changePrevelidgeDesc
INFO: [ app_init ] --START--
INFO: Run Behavior\BuildLiteBehavior [ RunTime:0.000012s ]
INFO: [ app_init ] --END-- [ RunTime:0.000329s ]
INFO: [ app_begin ] --START--
INFO: Run Behavior\ReadHtmlCacheBehavior [ RunTime:0.000527s ]
INFO: [ app_begin ] --END-- [ RunTime:0.000564s ]
NOTIC: [2048] Declaration of Common\Model\BaseModel::select() should be compatible with Think\Model::select($options = Array) D:\phpStudy\WWW\A00\Application\Common\Model\BaseModel.class.php 第 11 行.
SQL: SHOW COLUMNS FROM `a00_log` [ RunTime:0.0018s ]
SQL: SHOW COLUMNS FROM `a00_prevelidge` [ RunTime:0.0014s ]
SQL: select * from a00_prevelidge where prevelidge_id=6 [ RunTime:0.0003s ]
INFO: [ app_end ] --START--
INFO: Run Behavior\ShowPageTraceBehavior [ RunTime:0.002094s ]
INFO: [ app_end ] --END-- [ RunTime:0.002228s ]

[ 2019-06-27T19:42:13+08:00 ] ::1 /A00/admin.php/Priviledges/showSinglePriviledge?prevelidgeId=6
INFO: [ app_init ] --START--
INFO: Run Behavior\BuildLiteBehavior [ RunTime:0.000017s ]
INFO: [ app_init ] --END-- [ RunTime:0.000512s ]
INFO: [ app_begin ] --START--
INFO: Run Behavior\ReadHtmlCacheBehavior [ RunTime:0.000844s ]
INFO: [ app_begin ] --END-- [ RunTime:0.000908s ]
NOTIC: [2048] Declaration of Common\Model\BaseModel::select() should be compatible with Think\Model::select($options = Array) D:\phpStudy\WWW\A00\Application\Common\Model\BaseModel.class.php 第 11 行.
SQL: SHOW COLUMNS FROM `a00_log` [ RunTime:0.0017s ]
SQL: SHOW COLUMNS FROM `a00_users` [ RunTime:0.0015s ]
SQL: select * from a00_users where `id` =1  and `user_del`=0 [ RunTime:0.0004s ]
SQL: SHOW COLUMNS FROM `a00_prevelidge` [ RunTime:0.0016s ]
SQL: select * from a00_prevelidge where prevelidge_id=6 [ RunTime:0.0003s ]
SQL: SHOW COLUMNS FROM `a00_users` [ RunTime:0.0005s ]
SQL: select * from a00_users where id=1 [ RunTime:0.0003s ]
INFO: [ view_parse ] --START--
INFO: [ template_filter ] --START--
INFO: Run Behavior\ContentReplaceBehavior [ RunTime:0.000084s ]
INFO: [ template_filter ] --END-- [ RunTime:0.000118s ]
INFO: Run Behavior\ParseTemplateBehavior [ RunTime:0.008646s ]
INFO: [ view_parse ] --END-- [ RunTime:0.008685s ]
INFO: [ view_filter ] --START--
INFO: Run Behavior\WriteHtmlCacheBehavior [ RunTime:0.000296s ]
INFO: [ view_filter ] --END-- [ RunTime:0.000344s ]
INFO: [ app_end ] --START--
INFO: Run Behavior\ShowPageTraceBehavior [ RunTime:0.000713s ]
INFO: [ app_end ] --END-- [ RunTime:0.000762s ]

[ 2019-06-27T19:43:04+08:00 ] ::1 /A00/admin.php/Priviledges/showPriviledgesList.html
INFO: [ app_init ] --START--
INFO: Run Behavior\BuildLiteBehavior [ RunTime:0.000011s ]
INFO: [ app_init ] --END-- [ RunTime:0.000333s ]
INFO: [ app_begin ] --START--
INFO: Run Behavior\ReadHtmlCacheBehavior [ RunTime:0.000535s ]
INFO: [ app_begin ] --END-- [ RunTime:0.000575s ]
NOTIC: [2048] Declaration of Common\Model\BaseModel::select() should be compatible with Think\Model::select($options = Array) D:\phpStudy\WWW\A00\Application\Common\Model\BaseModel.class.php 第 11 行.
SQL: SHOW COLUMNS FROM `a00_log` [ RunTime:0.0016s ]
SQL: SHOW COLUMNS FROM `a00_users` [ RunTime:0.0015s ]
SQL: select * from a00_users where `id` =1  and `user_del`=0 [ RunTime:0.0003s ]
NOTIC: [8] Undefined index: p D:\phpStudy\WWW\A00\Application\Admin\Controller\PriviledgesController.class.php 第 22 行.
SQL: SHOW COLUMNS FROM `a00_prevelidge` [ RunTime:0.0018s ]
SQL: select * from  a00_prevelidge where `prevelidge_del`=0  [ RunTime:0.0004s ]
SQL: select * from a00_prevelidge where `prevelidge_del`=0 order by prevelidge_id limit  0  ,10 [ RunTime:0.0004s ]
INFO: [ view_parse ] --START--
INFO: [ template_filter ] --START--
INFO: Run Behavior\ContentReplaceBehavior [ RunTime:0.000132s ]
INFO: [ template_filter ] --END-- [ RunTime:0.000172s ]
NOTIC: [8] Undefined variable: show D:\phpStudy\WWW\A00\Runtime\Cache\Admin\58175ecf9f6bc46fb6f3d28ef7120082.php 第 461 行.
INFO: Run Behavior\ParseTemplateBehavior [ RunTime:0.015077s ]
INFO: [ view_parse ] --END-- [ RunTime:0.015134s ]
INFO: [ view_filter ] --START--
INFO: Run Behavior\WriteHtmlCacheBehavior [ RunTime:0.000621s ]
INFO: [ view_filter ] --END-- [ RunTime:0.000664s ]
INFO: [ app_end ] --START--
INFO: Run Behavior\ShowPageTraceBehavior [ RunTime:0.001006s ]
INFO: [ app_end ] --END-- [ RunTime:0.001091s ]

[ 2019-06-27T19:43:05+08:00 ] ::1 /A00/admin.php/Priviledges/showSinglePriviledge?prevelidgeId=6
INFO: [ app_init ] --START--
INFO: Run Behavior\BuildLiteBehavior [ RunTime:0.000015s ]
INFO: [ app_init ] --END-- [ RunTime:0.000506s ]
INFO: [ app_begin ] --START--
INFO: Run Behavior\ReadHtmlCacheBehavior [ RunTime:0.000673s ]
INFO: [ app_begin ] --END-- [ RunTime:0.000732s ]
NOTIC: [2048] Declaration of Common\Model\BaseModel::select() should be compatible with Think\Model::select($options = Array) D:\phpStudy\WWW\A00\Application\Common\Model\BaseModel.class.php 第 11 行.
SQL: SHOW COLUMNS FROM `a00_log` [ RunTime:0.0033s ]
SQL: SHOW COLUMNS FROM `a00_users` [ RunTime:0.0015s ]
SQL: select * from a00_users where `id` =1  and `user_del`=0 [ RunTime:0.0003s ]
SQL: SHOW COLUMNS FROM `a00_prevelidge` [ RunTime:0.0014s ]
SQL: select * from a00_prevelidge where prevelidge_id=6 [ RunTime:0.0003s ]
SQL: SHOW COLUMNS FROM `a00_users` [ RunTime:0.0005s ]
SQL: select * from a00_users where id=1 [ RunTime:0.0003s ]
INFO: [ view_parse ] --START--
INFO: [ template_filter ] --START--
INFO: Run Behavior\ContentReplaceBehavior [ RunTime:0.000073s ]
INFO: [ template_filter ] --END-- [ RunTime:0.000113s ]
INFO: Run Behavior\ParseTemplateBehavior [ RunTime:0.009790s ]
INFO: [ view_parse ] --END-- [ RunTime:0.009828s ]
INFO: [ view_filter ] --START--
INFO: Run Behavior\WriteHtmlCacheBehavior [ RunTime:0.000483s ]
INFO: [ view_filter ] --END-- [ RunTime:0.000510s ]
INFO: [ app_end ] --START--
INFO: Run Behavior\ShowPageTraceBehavior [ RunTime:0.000937s ]
INFO: [ app_end ] --END-- [ RunTime:0.000987s ]

[ 2019-06-27T19:43:08+08:00 ] ::1 /A00/admin.php/Priviledges/changePrevelidgeDesc
INFO: [ app_init ] --START--
INFO: Run Behavior\BuildLiteBehavior [ RunTime:0.000012s ]
INFO: [ app_init ] --END-- [ RunTime:0.000344s ]
INFO: [ app_begin ] --START--
INFO: Run Behavior\ReadHtmlCacheBehavior [ RunTime:0.000493s ]
INFO: [ app_begin ] --END-- [ RunTime:0.000526s ]
NOTIC: [2048] Declaration of Common\Model\BaseModel::select() should be compatible with Think\Model::select($options = Array) D:\phpStudy\WWW\A00\Application\Common\Model\BaseModel.class.php 第 11 行.
SQL: SHOW COLUMNS FROM `a00_log` [ RunTime:0.0017s ]
SQL: SHOW COLUMNS FROM `a00_prevelidge` [ RunTime:0.0014s ]
SQL: select * from a00_prevelidge where prevelidge_id=6 [ RunTime:0.0003s ]
INFO: [ app_end ] --START--
INFO: Run Behavior\ShowPageTraceBehavior [ RunTime:0.000754s ]
INFO: [ app_end ] --END-- [ RunTime:0.000783s ]

[ 2019-06-27T19:43:14+08:00 ] ::1 /A00/admin.php/Priviledges/changePrevelidgeDesc
INFO: [ app_init ] --START--
INFO: Run Behavior\BuildLiteBehavior [ RunTime:0.000011s ]
INFO: [ app_init ] --END-- [ RunTime:0.000310s ]
INFO: [ app_begin ] --START--
INFO: Run Behavior\ReadHtmlCacheBehavior [ RunTime:0.000545s ]
INFO: [ app_begin ] --END-- [ RunTime:0.000580s ]
NOTIC: [2048] Declaration of Common\Model\BaseModel::select() should be compatible with Think\Model::select($options = Array) D:\phpStudy\WWW\A00\Application\Common\Model\BaseModel.class.php 第 11 行.
SQL: SHOW COLUMNS FROM `a00_log` [ RunTime:0.0017s ]
SQL: SHOW COLUMNS FROM `a00_prevelidge` [ RunTime:0.0016s ]
SQL: select * from a00_prevelidge where prevelidge_id=6 [ RunTime:0.0004s ]
INFO: [ app_end ] --START--
INFO: Run Behavior\ShowPageTraceBehavior [ RunTime:0.000961s ]
INFO: [ app_end ] --END-- [ RunTime:0.000991s ]

[ 2019-06-27T19:44:28+08:00 ] ::1 /A00/admin.php/Priviledges/showPriviledgesList.html
INFO: [ app_init ] --START--
INFO: Run Behavior\BuildLiteBehavior [ RunTime:0.000011s ]
INFO: [ app_init ] --END-- [ RunTime:0.000367s ]
INFO: [ app_begin ] --START--
INFO: Run Behavior\ReadHtmlCacheBehavior [ RunTime:0.000681s ]
INFO: [ app_begin ] --END-- [ RunTime:0.000721s ]
NOTIC: [2048] Declaration of Common\Model\BaseModel::select() should be compatible with Think\Model::select($options = Array) D:\phpStudy\WWW\A00\Application\Common\Model\BaseModel.class.php 第 11 行.
SQL: SHOW COLUMNS FROM `a00_log` [ RunTime:0.0021s ]
SQL: SHOW COLUMNS FROM `a00_users` [ RunTime:0.0019s ]
SQL: select * from a00_users where `id` =1  and `user_del`=0 [ RunTime:0.0004s ]
NOTIC: [8] Undefined index: p D:\phpStudy\WWW\A00\Application\Admin\Controller\PriviledgesController.class.php 第 22 行.
SQL: SHOW COLUMNS FROM `a00_prevelidge` [ RunTime:0.0019s ]
SQL: select * from  a00_prevelidge where `prevelidge_del`=0  [ RunTime:0.0004s ]
SQL: select * from a00_prevelidge where `prevelidge_del`=0 order by prevelidge_id limit  0  ,10 [ RunTime:0.0004s ]
INFO: [ view_parse ] --START--
INFO: [ template_filter ] --START--
INFO: Run Behavior\ContentReplaceBehavior [ RunTime:0.000149s ]
INFO: [ template_filter ] --END-- [ RunTime:0.000211s ]
NOTIC: [8] Undefined variable: show D:\phpStudy\WWW\A00\Runtime\Cache\Admin\58175ecf9f6bc46fb6f3d28ef7120082.php 第 461 行.
INFO: Run Behavior\ParseTemplateBehavior [ RunTime:0.017414s ]
INFO: [ view_parse ] --END-- [ RunTime:0.017451s ]
INFO: [ view_filter ] --START--
INFO: Run Behavior\WriteHtmlCacheBehavior [ RunTime:0.000543s ]
INFO: [ view_filter ] --END-- [ RunTime:0.000573s ]
INFO: [ app_end ] --START--
INFO: Run Behavior\ShowPageTraceBehavior [ RunTime:0.000821s ]
INFO: [ app_end ] --END-- [ RunTime:0.000865s ]

[ 2019-06-27T19:44:30+08:00 ] ::1 /A00/admin.php/Priviledges/showSinglePriviledge?prevelidgeId=6
INFO: [ app_init ] --START--
INFO: Run Behavior\BuildLiteBehavior [ RunTime:0.000014s ]
INFO: [ app_init ] --END-- [ RunTime:0.000419s ]
INFO: [ app_begin ] --START--
INFO: Run Behavior\ReadHtmlCacheBehavior [ RunTime:0.001213s ]
INFO: [ app_begin ] --END-- [ RunTime:0.001295s ]
NOTIC: [2048] Declaration of Common\Model\BaseModel::select() should be compatible with Think\Model::select($options = Array) D:\phpStudy\WWW\A00\Application\Common\Model\BaseModel.class.php 第 11 行.
SQL: SHOW COLUMNS FROM `a00_log` [ RunTime:0.0019s ]
SQL: SHOW COLUMNS FROM `a00_users` [ RunTime:0.0007s ]
SQL: select * from a00_users where `id` =1  and `user_del`=0 [ RunTime:0.0004s ]
SQL: SHOW COLUMNS FROM `a00_prevelidge` [ RunTime:0.0018s ]
SQL: select * from a00_prevelidge where prevelidge_id=6 [ RunTime:0.0005s ]
SQL: SHOW COLUMNS FROM `a00_users` [ RunTime:0.0010s ]
SQL: select * from a00_users where id=1 [ RunTime:0.0006s ]
INFO: [ view_parse ] --START--
INFO: [ template_filter ] --START--
INFO: Run Behavior\ContentReplaceBehavior [ RunTime:0.000070s ]
INFO: [ template_filter ] --END-- [ RunTime:0.000107s ]
INFO: Run Behavior\ParseTemplateBehavior [ RunTime:0.010718s ]
INFO: [ view_parse ] --END-- [ RunTime:0.010770s ]
INFO: [ view_filter ] --START--
INFO: Run Behavior\WriteHtmlCacheBehavior [ RunTime:0.000486s ]
INFO: [ view_filter ] --END-- [ RunTime:0.000519s ]
INFO: [ app_end ] --START--
INFO: Run Behavior\ShowPageTraceBehavior [ RunTime:0.001045s ]
INFO: [ app_end ] --END-- [ RunTime:0.001100s ]

[ 2019-06-27T19:44:32+08:00 ] ::1 /A00/admin.php/Priviledges/changePrevelidgeDesc
INFO: [ app_init ] --START--
INFO: Run Behavior\BuildLiteBehavior [ RunTime:0.000013s ]
INFO: [ app_init ] --END-- [ RunTime:0.000391s ]
INFO: [ app_begin ] --START--
INFO: Run Behavior\ReadHtmlCacheBehavior [ RunTime:0.000557s ]
INFO: [ app_begin ] --END-- [ RunTime:0.000596s ]
NOTIC: [2048] Declaration of Common\Model\BaseModel::select() should be compatible with Think\Model::select($options = Array) D:\phpStudy\WWW\A00\Application\Common\Model\BaseModel.class.php 第 11 行.
SQL: SHOW COLUMNS FROM `a00_log` [ RunTime:0.0007s ]
SQL: SHOW COLUMNS FROM `a00_prevelidge` [ RunTime:0.0005s ]
SQL: select * from a00_prevelidge where prevelidge_id=6 [ RunTime:0.0003s ]
INFO: [ app_end ] --START--
INFO: Run Behavior\ShowPageTraceBehavior [ RunTime:0.000719s ]
INFO: [ app_end ] --END-- [ RunTime:0.000767s ]

[ 2019-06-27T19:45:14+08:00 ] ::1 /A00/admin.php/Priviledges/showPriviledgesList.html
INFO: [ app_init ] --START--
INFO: Run Behavior\BuildLiteBehavior [ RunTime:0.000012s ]
INFO: [ app_init ] --END-- [ RunTime:0.000924s ]
INFO: [ app_begin ] --START--
INFO: Run Behavior\ReadHtmlCacheBehavior [ RunTime:0.000573s ]
INFO: [ app_begin ] --END-- [ RunTime:0.000613s ]
NOTIC: [2048] Declaration of Common\Model\BaseModel::select() should be compatible with Think\Model::select($options = Array) D:\phpStudy\WWW\A00\Application\Common\Model\BaseModel.class.php 第 11 行.
SQL: SHOW COLUMNS FROM `a00_log` [ RunTime:0.0019s ]
SQL: SHOW COLUMNS FROM `a00_users` [ RunTime:0.0020s ]
SQL: select * from a00_users where `id` =1  and `user_del`=0 [ RunTime:0.0003s ]
NOTIC: [8] Undefined index: p D:\phpStudy\WWW\A00\Application\Admin\Controller\PriviledgesController.class.php 第 22 行.
SQL: SHOW COLUMNS FROM `a00_prevelidge` [ RunTime:0.0017s ]
SQL: select * from  a00_prevelidge where `prevelidge_del`=0  [ RunTime:0.0005s ]
SQL: select * from a00_prevelidge where `prevelidge_del`=0 order by prevelidge_id limit  0  ,10 [ RunTime:0.0003s ]
INFO: [ view_parse ] --START--
INFO: [ template_filter ] --START--
INFO: Run Behavior\ContentReplaceBehavior [ RunTime:0.000139s ]
INFO: [ template_filter ] --END-- [ RunTime:0.000184s ]
NOTIC: [8] Undefined variable: show D:\phpStudy\WWW\A00\Runtime\Cache\Admin\58175ecf9f6bc46fb6f3d28ef7120082.php 第 461 行.
INFO: Run Behavior\ParseTemplateBehavior [ RunTime:0.013477s ]
INFO: [ view_parse ] --END-- [ RunTime:0.013513s ]
INFO: [ view_filter ] --START--
INFO: Run Behavior\WriteHtmlCacheBehavior [ RunTime:0.000527s ]
INFO: [ view_filter ] --END-- [ RunTime:0.000555s ]
INFO: [ app_end ] --START--
INFO: Run Behavior\ShowPageTraceBehavior [ RunTime:0.001010s ]
INFO: [ app_end ] --END-- [ RunTime:0.001081s ]

[ 2019-06-27T19:45:18+08:00 ] ::1 /A00/admin.php/Priviledges/showSinglePriviledge?prevelidgeId=6
INFO: [ app_init ] --START--
INFO: Run Behavior\BuildLiteBehavior [ RunTime:0.000013s ]
INFO: [ app_init ] --END-- [ RunTime:0.000571s ]
INFO: [ app_begin ] --START--
INFO: Run Behavior\ReadHtmlCacheBehavior [ RunTime:0.000742s ]
INFO: [ app_begin ] --END-- [ RunTime:0.000825s ]
NOTIC: [2048] Declaration of Common\Model\BaseModel::select() should be compatible with Think\Model::select($options = Array) D:\phpStudy\WWW\A00\Application\Common\Model\BaseModel.class.php 第 11 行.
SQL: SHOW COLUMNS FROM `a00_log` [ RunTime:0.0017s ]
SQL: SHOW COLUMNS FROM `a00_users` [ RunTime:0.0015s ]
SQL: select * from a00_users where `id` =1  and `user_del`=0 [ RunTime:0.0004s ]
SQL: SHOW COLUMNS FROM `a00_prevelidge` [ RunTime:0.0014s ]
SQL: select * from a00_prevelidge where prevelidge_id=6 [ RunTime:0.0004s ]
SQL: SHOW COLUMNS FROM `a00_users` [ RunTime:0.0005s ]
SQL: select * from a00_users where id=1 [ RunTime:0.0004s ]
INFO: [ view_parse ] --START--
INFO: [ template_filter ] --START--
INFO: Run Behavior\ContentReplaceBehavior [ RunTime:0.000089s ]
INFO: [ template_filter ] --END-- [ RunTime:0.000142s ]
INFO: Run Behavior\ParseTemplateBehavior [ RunTime:0.009000s ]
INFO: [ view_parse ] --END-- [ RunTime:0.009044s ]
INFO: [ view_filter ] --START--
INFO: Run Behavior\WriteHtmlCacheBehavior [ RunTime:0.000405s ]
INFO: [ view_filter ] --END-- [ RunTime:0.000434s ]
INFO: [ app_end ] --START--
INFO: Run Behavior\ShowPageTraceBehavior [ RunTime:0.000899s ]
INFO: [ app_end ] --END-- [ RunTime:0.000961s ]

[ 2019-06-27T19:45:20+08:00 ] ::1 /A00/admin.php/Priviledges/changePrevelidgeDesc
INFO: [ app_init ] --START--
INFO: Run Behavior\BuildLiteBehavior [ RunTime:0.000013s ]
INFO: [ app_init ] --END-- [ RunTime:0.000663s ]
INFO: [ app_begin ] --START--
INFO: Run Behavior\ReadHtmlCacheBehavior [ RunTime:0.000571s ]
INFO: [ app_begin ] --END-- [ RunTime:0.000610s ]
NOTIC: [2048] Declaration of Common\Model\BaseModel::select() should be compatible with Think\Model::select($options = Array) D:\phpStudy\WWW\A00\Application\Common\Model\BaseModel.class.php 第 11 行.
SQL: SHOW COLUMNS FROM `a00_log` [ RunTime:0.0017s ]
SQL: SHOW COLUMNS FROM `a00_prevelidge` [ RunTime:0.0005s ]
SQL: select * from a00_prevelidge where prevelidge_id=6 [ RunTime:0.0003s ]
INFO: [ app_end ] --START--
INFO: Run Behavior\ShowPageTraceBehavior [ RunTime:0.001053s ]
INFO: [ app_end ] --END-- [ RunTime:0.001096s ]

[ 2019-06-27T19:45:24+08:00 ] ::1 /A00/admin.php/Priviledges/showSinglePriviledge?prevelidgeId=6
INFO: [ app_init ] --START--
INFO: Run Behavior\BuildLiteBehavior [ RunTime:0.000016s ]
INFO: [ app_init ] --END-- [ RunTime:0.000446s ]
INFO: [ app_begin ] --START--
INFO: Run Behavior\ReadHtmlCacheBehavior [ RunTime:0.000757s ]
INFO: [ app_begin ] --END-- [ RunTime:0.000816s ]
NOTIC: [2048] Declaration of Common\Model\BaseModel::select() should be compatible with Think\Model::select($options = Array) D:\phpStudy\WWW\A00\Application\Common\Model\BaseModel.class.php 第 11 行.
SQL: SHOW COLUMNS FROM `a00_log` [ RunTime:0.0017s ]
SQL: SHOW COLUMNS FROM `a00_users` [ RunTime:0.0015s ]
SQL: select * from a00_users where `id` =1  and `user_del`=0 [ RunTime:0.0004s ]
SQL: SHOW COLUMNS FROM `a00_prevelidge` [ RunTime:0.0015s ]
SQL: select * from a00_prevelidge where prevelidge_id=6 [ RunTime:0.0003s ]
SQL: SHOW COLUMNS FROM `a00_users` [ RunTime:0.0007s ]
SQL: select * from a00_users where id=1 [ RunTime:0.0005s ]
INFO: [ view_parse ] --START--
INFO: [ template_filter ] --START--
INFO: Run Behavior\ContentReplaceBehavior [ RunTime:0.000070s ]
INFO: [ template_filter ] --END-- [ RunTime:0.000109s ]
INFO: Run Behavior\ParseTemplateBehavior [ RunTime:0.021892s ]
INFO: [ view_parse ] --END-- [ RunTime:0.021941s ]
INFO: [ view_filter ] --START--
INFO: Run Behavior\WriteHtmlCacheBehavior [ RunTime:0.000288s ]
INFO: [ view_filter ] --END-- [ RunTime:0.000312s ]
INFO: [ app_end ] --START--
INFO: Run Behavior\ShowPageTraceBehavior [ RunTime:0.000827s ]
INFO: [ app_end ] --END-- [ RunTime:0.000861s ]

[ 2019-06-27T19:45:47+08:00 ] ::1 /A00/admin.php/Priviledges/showPriviledgesList.html
INFO: [ app_init ] --START--
INFO: Run Behavior\BuildLiteBehavior [ RunTime:0.000011s ]
INFO: [ app_init ] --END-- [ RunTime:0.000376s ]
INFO: [ app_begin ] --START--
INFO: Run Behavior\ReadHtmlCacheBehavior [ RunTime:0.000629s ]
INFO: [ app_begin ] --END-- [ RunTime:0.000672s ]
NOTIC: [2048] Declaration of Common\Model\BaseModel::select() should be compatible with Think\Model::select($options = Array) D:\phpStudy\WWW\A00\Application\Common\Model\BaseModel.class.php 第 11 行.
SQL: SHOW COLUMNS FROM `a00_log` [ RunTime:0.0019s ]
SQL: SHOW COLUMNS FROM `a00_users` [ RunTime:0.0027s ]
SQL: select * from a00_users where `id` =1  and `user_del`=0 [ RunTime:0.0004s ]
NOTIC: [8] Undefined index: p D:\phpStudy\WWW\A00\Application\Admin\Controller\PriviledgesController.class.php 第 22 行.
SQL: SHOW COLUMNS FROM `a00_prevelidge` [ RunTime:0.0006s ]
SQL: select * from  a00_prevelidge where `prevelidge_del`=0  [ RunTime:0.0003s ]
SQL: select * from a00_prevelidge where `prevelidge_del`=0 order by prevelidge_id limit  0  ,10 [ RunTime:0.0003s ]
INFO: [ view_parse ] --START--
INFO: [ template_filter ] --START--
INFO: Run Behavior\ContentReplaceBehavior [ RunTime:0.000135s ]
INFO: [ template_filter ] --END-- [ RunTime:0.000186s ]
NOTIC: [8] Undefined variable: show D:\phpStudy\WWW\A00\Runtime\Cache\Admin\58175ecf9f6bc46fb6f3d28ef7120082.php 第 461 行.
INFO: Run Behavior\ParseTemplateBehavior [ RunTime:0.014736s ]
INFO: [ view_parse ] --END-- [ RunTime:0.014772s ]
INFO: [ view_filter ] --START--
INFO: Run Behavior\WriteHtmlCacheBehavior [ RunTime:0.000455s ]
INFO: [ view_filter ] --END-- [ RunTime:0.000515s ]
INFO: [ app_end ] --START--
INFO: Run Behavior\ShowPageTraceBehavior [ RunTime:0.000872s ]
INFO: [ app_end ] --END-- [ RunTime:0.000937s ]

[ 2019-06-27T19:45:48+08:00 ] ::1 /A00/admin.php/Priviledges/showSinglePriviledge?prevelidgeId=6
INFO: [ app_init ] --START--
INFO: Run Behavior\BuildLiteBehavior [ RunTime:0.000012s ]
INFO: [ app_init ] --END-- [ RunTime:0.000335s ]
INFO: [ app_begin ] --START--
INFO: Run Behavior\ReadHtmlCacheBehavior [ RunTime:0.000547s ]
INFO: [ app_begin ] --END-- [ RunTime:0.000588s ]
NOTIC: [2048] Declaration of Common\Model\BaseModel::select() should be compatible with Think\Model::select($options = Array) D:\phpStudy\WWW\A00\Application\Common\Model\BaseModel.class.php 第 11 行.
SQL: SHOW COLUMNS FROM `a00_log` [ RunTime:0.0008s ]
SQL: SHOW COLUMNS FROM `a00_users` [ RunTime:0.0009s ]
SQL: select * from a00_users where `id` =1  and `user_del`=0 [ RunTime:0.0006s ]
SQL: SHOW COLUMNS FROM `a00_prevelidge` [ RunTime:0.0010s ]
SQL: select * from a00_prevelidge where prevelidge_id=6 [ RunTime:0.0004s ]
SQL: SHOW COLUMNS FROM `a00_users` [ RunTime:0.0005s ]
SQL: select * from a00_users where id=1 [ RunTime:0.0003s ]
INFO: [ view_parse ] --START--
INFO: [ template_filter ] --START--
INFO: Run Behavior\ContentReplaceBehavior [ RunTime:0.000076s ]
INFO: [ template_filter ] --END-- [ RunTime:0.000122s ]
INFO: Run Behavior\ParseTemplateBehavior [ RunTime:0.010670s ]
INFO: [ view_parse ] --END-- [ RunTime:0.010716s ]
INFO: [ view_filter ] --START--
INFO: Run Behavior\WriteHtmlCacheBehavior [ RunTime:0.000536s ]
INFO: [ view_filter ] --END-- [ RunTime:0.000567s ]
INFO: [ app_end ] --START--
INFO: Run Behavior\ShowPageTraceBehavior [ RunTime:0.001045s ]
INFO: [ app_end ] --END-- [ RunTime:0.001091s ]

[ 2019-06-27T19:45:50+08:00 ] ::1 /A00/admin.php/Priviledges/changePrevelidgeDesc
INFO: [ app_init ] --START--
INFO: Run Behavior\BuildLiteBehavior [ RunTime:0.000030s ]
INFO: [ app_init ] --END-- [ RunTime:0.000408s ]
INFO: [ app_begin ] --START--
INFO: Run Behavior\ReadHtmlCacheBehavior [ RunTime:0.000481s ]
INFO: [ app_begin ] --END-- [ RunTime:0.000515s ]
NOTIC: [2048] Declaration of Common\Model\BaseModel::select() should be compatible with Think\Model::select($options = Array) D:\phpStudy\WWW\A00\Application\Common\Model\BaseModel.class.php 第 11 行.
SQL: SHOW COLUMNS FROM `a00_log` [ RunTime:0.0007s ]
SQL: SHOW COLUMNS FROM `a00_prevelidge` [ RunTime:0.0005s ]
SQL: select * from a00_prevelidge where prevelidge_id=6 [ RunTime:0.0004s ]
INFO: [ app_end ] --START--
INFO: Run Behavior\ShowPageTraceBehavior [ RunTime:0.000732s ]
INFO: [ app_end ] --END-- [ RunTime:0.000759s ]

[ 2019-06-27T19:46:05+08:00 ] ::1 /A00/admin.php/Priviledges/showPriviledgesList.html
INFO: [ app_init ] --START--
INFO: Run Behavior\BuildLiteBehavior [ RunTime:0.000012s ]
INFO: [ app_init ] --END-- [ RunTime:0.000332s ]
INFO: [ app_begin ] --START--
INFO: Run Behavior\ReadHtmlCacheBehavior [ RunTime:0.000543s ]
INFO: [ app_begin ] --END-- [ RunTime:0.000584s ]
NOTIC: [2048] Declaration of Common\Model\BaseModel::select() should be compatible with Think\Model::select($options = Array) D:\phpStudy\WWW\A00\Application\Common\Model\BaseModel.class.php 第 11 行.
SQL: SHOW COLUMNS FROM `a00_log` [ RunTime:0.0008s ]
SQL: SHOW COLUMNS FROM `a00_users` [ RunTime:0.0020s ]
SQL: select * from a00_users where `id` =1  and `user_del`=0 [ RunTime:0.0003s ]
NOTIC: [8] Undefined index: p D:\phpStudy\WWW\A00\Application\Admin\Controller\PriviledgesController.class.php 第 22 行.
SQL: SHOW COLUMNS FROM `a00_prevelidge` [ RunTime:0.0006s ]
SQL: select * from  a00_prevelidge where `prevelidge_del`=0  [ RunTime:0.0004s ]
SQL: select * from a00_prevelidge where `prevelidge_del`=0 order by prevelidge_id limit  0  ,10 [ RunTime:0.0004s ]
INFO: [ view_parse ] --START--
INFO: [ template_filter ] --START--
INFO: Run Behavior\ContentReplaceBehavior [ RunTime:0.000159s ]
INFO: [ template_filter ] --END-- [ RunTime:0.000206s ]
NOTIC: [8] Undefined variable: show D:\phpStudy\WWW\A00\Runtime\Cache\Admin\58175ecf9f6bc46fb6f3d28ef7120082.php 第 461 行.
INFO: Run Behavior\ParseTemplateBehavior [ RunTime:0.014852s ]
INFO: [ view_parse ] --END-- [ RunTime:0.014901s ]
INFO: [ view_filter ] --START--
INFO: Run Behavior\WriteHtmlCacheBehavior [ RunTime:0.000557s ]
INFO: [ view_filter ] --END-- [ RunTime:0.000586s ]
INFO: [ app_end ] --START--
INFO: Run Behavior\ShowPageTraceBehavior [ RunTime:0.000884s ]
INFO: [ app_end ] --END-- [ RunTime:0.000922s ]

[ 2019-06-27T19:46:06+08:00 ] ::1 /A00/admin.php/Priviledges/showSinglePriviledge?prevelidgeId=6
INFO: [ app_init ] --START--
INFO: Run Behavior\BuildLiteBehavior [ RunTime:0.000026s ]
INFO: [ app_init ] --END-- [ RunTime:0.000632s ]
INFO: [ app_begin ] --START--
INFO: Run Behavior\ReadHtmlCacheBehavior [ RunTime:0.000891s ]
INFO: [ app_begin ] --END-- [ RunTime:0.000954s ]
NOTIC: [2048] Declaration of Common\Model\BaseModel::select() should be compatible with Think\Model::select($options = Array) D:\phpStudy\WWW\A00\Application\Common\Model\BaseModel.class.php 第 11 行.
SQL: SHOW COLUMNS FROM `a00_log` [ RunTime:0.0010s ]
SQL: SHOW COLUMNS FROM `a00_users` [ RunTime:0.0011s ]
SQL: select * from a00_users where `id` =1  and `user_del`=0 [ RunTime:0.0004s ]
SQL: SHOW COLUMNS FROM `a00_prevelidge` [ RunTime:0.0005s ]
SQL: select * from a00_prevelidge where prevelidge_id=6 [ RunTime:0.0003s ]
SQL: SHOW COLUMNS FROM `a00_users` [ RunTime:0.0005s ]
SQL: select * from a00_users where id=1 [ RunTime:0.0003s ]
INFO: [ view_parse ] --START--
INFO: [ template_filter ] --START--
INFO: Run Behavior\ContentReplaceBehavior [ RunTime:0.000068s ]
INFO: [ template_filter ] --END-- [ RunTime:0.000102s ]
INFO: Run Behavior\ParseTemplateBehavior [ RunTime:0.008723s ]
INFO: [ view_parse ] --END-- [ RunTime:0.008769s ]
INFO: [ view_filter ] --START--
INFO: Run Behavior\WriteHtmlCacheBehavior [ RunTime:0.000743s ]
INFO: [ view_filter ] --END-- [ RunTime:0.000787s ]
INFO: [ app_end ] --START--
INFO: Run Behavior\ShowPageTraceBehavior [ RunTime:0.001083s ]
INFO: [ app_end ] --END-- [ RunTime:0.001163s ]

[ 2019-06-27T19:46:08+08:00 ] ::1 /A00/admin.php/Priviledges/changePrevelidgeDesc
INFO: [ app_init ] --START--
INFO: Run Behavior\BuildLiteBehavior [ RunTime:0.000011s ]
INFO: [ app_init ] --END-- [ RunTime:0.000338s ]
INFO: [ app_begin ] --START--
INFO: Run Behavior\ReadHtmlCacheBehavior [ RunTime:0.000505s ]
INFO: [ app_begin ] --END-- [ RunTime:0.000541s ]
NOTIC: [2048] Declaration of Common\Model\BaseModel::select() should be compatible with Think\Model::select($options = Array) D:\phpStudy\WWW\A00\Application\Common\Model\BaseModel.class.php 第 11 行.
SQL: SHOW COLUMNS FROM `a00_log` [ RunTime:0.0007s ]
SQL: SHOW COLUMNS FROM `a00_prevelidge` [ RunTime:0.0005s ]
SQL: select * from a00_prevelidge where prevelidge_id=6 [ RunTime:0.0003s ]
INFO: [ app_end ] --START--
INFO: Run Behavior\ShowPageTraceBehavior [ RunTime:0.000742s ]
INFO: [ app_end ] --END-- [ RunTime:0.000786s ]

[ 2019-06-27T19:47:57+08:00 ] ::1 /A00/admin.php/Priviledges/showPriviledgesList.html
INFO: [ app_init ] --START--
INFO: Run Behavior\BuildLiteBehavior [ RunTime:0.000011s ]
INFO: [ app_init ] --END-- [ RunTime:0.000365s ]
INFO: [ app_begin ] --START--
INFO: Run Behavior\ReadHtmlCacheBehavior [ RunTime:0.000660s ]
INFO: [ app_begin ] --END-- [ RunTime:0.000700s ]
NOTIC: [2048] Declaration of Common\Model\BaseModel::select() should be compatible with Think\Model::select($options = Array) D:\phpStudy\WWW\A00\Application\Common\Model\BaseModel.class.php 第 11 行.
SQL: SHOW COLUMNS FROM `a00_log` [ RunTime:0.0007s ]
SQL: SHOW COLUMNS FROM `a00_users` [ RunTime:0.0006s ]
SQL: select * from a00_users where `id` =1  and `user_del`=0 [ RunTime:0.0004s ]
NOTIC: [8] Undefined index: p D:\phpStudy\WWW\A00\Application\Admin\Controller\PriviledgesController.class.php 第 22 行.
SQL: SHOW COLUMNS FROM `a00_prevelidge` [ RunTime:0.0006s ]
SQL: select * from  a00_prevelidge where `prevelidge_del`=0  [ RunTime:0.0004s ]
SQL: select * from a00_prevelidge where `prevelidge_del`=0 order by prevelidge_id limit  0  ,10 [ RunTime:0.0004s ]
INFO: [ view_parse ] --START--
INFO: [ template_filter ] --START--
INFO: Run Behavior\ContentReplaceBehavior [ RunTime:0.000135s ]
INFO: [ template_filter ] --END-- [ RunTime:0.000211s ]
NOTIC: [8] Undefined variable: show D:\phpStudy\WWW\A00\Runtime\Cache\Admin\58175ecf9f6bc46fb6f3d28ef7120082.php 第 461 行.
INFO: Run Behavior\ParseTemplateBehavior [ RunTime:0.014501s ]
INFO: [ view_parse ] --END-- [ RunTime:0.014535s ]
INFO: [ view_filter ] --START--
INFO: Run Behavior\WriteHtmlCacheBehavior [ RunTime:0.000511s ]
INFO: [ view_filter ] --END-- [ RunTime:0.000540s ]
INFO: [ app_end ] --START--
INFO: Run Behavior\ShowPageTraceBehavior [ RunTime:0.000984s ]
INFO: [ app_end ] --END-- [ RunTime:0.001022s ]

[ 2019-06-27T19:47:58+08:00 ] ::1 /A00/admin.php/Priviledges/showSinglePriviledge?prevelidgeId=6
INFO: [ app_init ] --START--
INFO: Run Behavior\BuildLiteBehavior [ RunTime:0.000012s ]
INFO: [ app_init ] --END-- [ RunTime:0.000319s ]
INFO: [ app_begin ] --START--
INFO: Run Behavior\ReadHtmlCacheBehavior [ RunTime:0.000555s ]
INFO: [ app_begin ] --END-- [ RunTime:0.000593s ]
NOTIC: [2048] Declaration of Common\Model\BaseModel::select() should be compatible with Think\Model::select($options = Array) D:\phpStudy\WWW\A00\Application\Common\Model\BaseModel.class.php 第 11 行.
SQL: SHOW COLUMNS FROM `a00_log` [ RunTime:0.0007s ]
SQL: SHOW COLUMNS FROM `a00_users` [ RunTime:0.0015s ]
SQL: select * from a00_users where `id` =1  and `user_del`=0 [ RunTime:0.0004s ]
SQL: SHOW COLUMNS FROM `a00_prevelidge` [ RunTime:0.0006s ]
SQL: select * from a00_prevelidge where prevelidge_id=6 [ RunTime:0.0003s ]
SQL: SHOW COLUMNS FROM `a00_users` [ RunTime:0.0007s ]
SQL: select * from a00_users where id=1 [ RunTime:0.0003s ]
INFO: [ view_parse ] --START--
INFO: [ template_filter ] --START--
INFO: Run Behavior\ContentReplaceBehavior [ RunTime:0.000074s ]
INFO: [ template_filter ] --END-- [ RunTime:0.000114s ]
INFO: Run Behavior\ParseTemplateBehavior [ RunTime:0.008339s ]
INFO: [ view_parse ] --END-- [ RunTime:0.008397s ]
INFO: [ view_filter ] --START--
INFO: Run Behavior\WriteHtmlCacheBehavior [ RunTime:0.000520s ]
INFO: [ view_filter ] --END-- [ RunTime:0.000549s ]
INFO: [ app_end ] --START--
INFO: Run Behavior\ShowPageTraceBehavior [ RunTime:0.000778s ]
INFO: [ app_end ] --END-- [ RunTime:0.000814s ]

[ 2019-06-27T19:48:05+08:00 ] ::1 /A00/admin.php/Priviledges/showSinglePriviledge?prevelidgeId=4
INFO: [ app_init ] --START--
INFO: Run Behavior\BuildLiteBehavior [ RunTime:0.000013s ]
INFO: [ app_init ] --END-- [ RunTime:0.000475s ]
INFO: [ app_begin ] --START--
INFO: Run Behavior\ReadHtmlCacheBehavior [ RunTime:0.000667s ]
INFO: [ app_begin ] --END-- [ RunTime:0.000707s ]
NOTIC: [2048] Declaration of Common\Model\BaseModel::select() should be compatible with Think\Model::select($options = Array) D:\phpStudy\WWW\A00\Application\Common\Model\BaseModel.class.php 第 11 行.
SQL: SHOW COLUMNS FROM `a00_log` [ RunTime:0.0007s ]
SQL: SHOW COLUMNS FROM `a00_users` [ RunTime:0.0017s ]
SQL: select * from a00_users where `id` =1  and `user_del`=0 [ RunTime:0.0003s ]
SQL: SHOW COLUMNS FROM `a00_prevelidge` [ RunTime:0.0005s ]
SQL: select * from a00_prevelidge where prevelidge_id=4 [ RunTime:0.0004s ]
INFO: [ view_parse ] --START--
INFO: [ template_filter ] --START--
INFO: Run Behavior\ContentReplaceBehavior [ RunTime:0.000070s ]
INFO: [ template_filter ] --END-- [ RunTime:0.000106s ]
INFO: Run Behavior\ParseTemplateBehavior [ RunTime:0.009360s ]
INFO: [ view_parse ] --END-- [ RunTime:0.009416s ]
INFO: [ view_filter ] --START--
INFO: Run Behavior\WriteHtmlCacheBehavior [ RunTime:0.000504s ]
INFO: [ view_filter ] --END-- [ RunTime:0.000532s ]
INFO: [ app_end ] --START--
INFO: Run Behavior\ShowPageTraceBehavior [ RunTime:0.001062s ]
INFO: [ app_end ] --END-- [ RunTime:0.001097s ]

[ 2019-06-27T19:48:46+08:00 ] ::1 /A00/admin.php/Priviledges/showSinglePriviledge?prevelidgeId=6
INFO: [ app_init ] --START--
INFO: Run Behavior\BuildLiteBehavior [ RunTime:0.000013s ]
INFO: [ app_init ] --END-- [ RunTime:0.000394s ]
INFO: [ app_begin ] --START--
INFO: Run Behavior\ReadHtmlCacheBehavior [ RunTime:0.000853s ]
INFO: [ app_begin ] --END-- [ RunTime:0.000920s ]
NOTIC: [2048] Declaration of Common\Model\BaseModel::select() should be compatible with Think\Model::select($options = Array) D:\phpStudy\WWW\A00\Application\Common\Model\BaseModel.class.php 第 11 行.
SQL: SHOW COLUMNS FROM `a00_log` [ RunTime:0.0015s ]
SQL: SHOW COLUMNS FROM `a00_users` [ RunTime:0.0006s ]
SQL: select * from a00_users where `id` =1  and `user_del`=0 [ RunTime:0.0004s ]
SQL: SHOW COLUMNS FROM `a00_prevelidge` [ RunTime:0.0005s ]
SQL: select * from a00_prevelidge where prevelidge_id=6 [ RunTime:0.0003s ]
SQL: SHOW COLUMNS FROM `a00_users` [ RunTime:0.0005s ]
SQL: select * from a00_users where id=1 [ RunTime:0.0003s ]
INFO: [ view_parse ] --START--
INFO: [ template_filter ] --START--
INFO: Run Behavior\ContentReplaceBehavior [ RunTime:0.000078s ]
INFO: [ template_filter ] --END-- [ RunTime:0.000123s ]
INFO: Run Behavior\ParseTemplateBehavior [ RunTime:0.010439s ]
INFO: [ view_parse ] --END-- [ RunTime:0.010492s ]
INFO: [ view_filter ] --START--
INFO: Run Behavior\WriteHtmlCacheBehavior [ RunTime:0.000616s ]
INFO: [ view_filter ] --END-- [ RunTime:0.000648s ]
INFO: [ app_end ] --START--
INFO: Run Behavior\ShowPageTraceBehavior [ RunTime:0.001005s ]
INFO: [ app_end ] --END-- [ RunTime:0.001055s ]

[ 2019-06-27T19:48:48+08:00 ] ::1 /A00/admin.php/Priviledges/changePrevelidgeDesc
INFO: [ app_init ] --START--
INFO: Run Behavior\BuildLiteBehavior [ RunTime:0.000010s ]
INFO: [ app_init ] --END-- [ RunTime:0.000296s ]
INFO: [ app_begin ] --START--
INFO: Run Behavior\ReadHtmlCacheBehavior [ RunTime:0.000484s ]
INFO: [ app_begin ] --END-- [ RunTime:0.000517s ]
NOTIC: [2048] Declaration of Common\Model\BaseModel::select() should be compatible with Think\Model::select($options = Array) D:\phpStudy\WWW\A00\Application\Common\Model\BaseModel.class.php 第 11 行.
SQL: SHOW COLUMNS FROM `a00_log` [ RunTime:0.0007s ]
SQL: SHOW COLUMNS FROM `a00_prevelidge` [ RunTime:0.0005s ]
SQL: select * from a00_prevelidge where prevelidge_id=6 [ RunTime:0.0003s ]
SQL:  update  a00_prevelidge set  prevelidge_desc='用户权限a'  where `prevelidge_id`=6 [ RunTime:0.1305s ]
SQL: insert into a00_log(log_level,log_message,log_date,log_user) values('20','天一|::1|修改权限成功','2019_06_27_19:48:48','天一') [ RunTime:0.0410s ]
INFO: [ app_end ] --START--
INFO: Run Behavior\ShowPageTraceBehavior [ RunTime:0.003047s ]
INFO: [ app_end ] --END-- [ RunTime:0.003172s ]

[ 2019-06-27T19:48:50+08:00 ] ::1 /A00/admin.php/Priviledges/showSinglePriviledge?prevelidgeId=6
INFO: [ app_init ] --START--
INFO: Run Behavior\BuildLiteBehavior [ RunTime:0.000012s ]
INFO: [ app_init ] --END-- [ RunTime:0.000344s ]
INFO: [ app_begin ] --START--
INFO: Run Behavior\ReadHtmlCacheBehavior [ RunTime:0.000562s ]
INFO: [ app_begin ] --END-- [ RunTime:0.000604s ]
NOTIC: [2048] Declaration of Common\Model\BaseModel::select() should be compatible with Think\Model::select($options = Array) D:\phpStudy\WWW\A00\Application\Common\Model\BaseModel.class.php 第 11 行.
SQL: SHOW COLUMNS FROM `a00_log` [ RunTime:0.0007s ]
SQL: SHOW COLUMNS FROM `a00_users` [ RunTime:0.0005s ]
SQL: select * from a00_users where `id` =1  and `user_del`=0 [ RunTime:0.0004s ]
SQL: SHOW COLUMNS FROM `a00_prevelidge` [ RunTime:0.0006s ]
SQL: select * from a00_prevelidge where prevelidge_id=6 [ RunTime:0.0003s ]
SQL: SHOW COLUMNS FROM `a00_users` [ RunTime:0.0006s ]
SQL: select * from a00_users where id=1 [ RunTime:0.0003s ]
INFO: [ view_parse ] --START--
INFO: [ template_filter ] --START--
INFO: Run Behavior\ContentReplaceBehavior [ RunTime:0.000064s ]
INFO: [ template_filter ] --END-- [ RunTime:0.000095s ]
INFO: Run Behavior\ParseTemplateBehavior [ RunTime:0.011538s ]
INFO: [ view_parse ] --END-- [ RunTime:0.011572s ]
INFO: [ view_filter ] --START--
INFO: Run Behavior\WriteHtmlCacheBehavior [ RunTime:0.000452s ]
INFO: [ view_filter ] --END-- [ RunTime:0.000479s ]
INFO: [ app_end ] --START--
INFO: Run Behavior\ShowPageTraceBehavior [ RunTime:0.001028s ]
INFO: [ app_end ] --END-- [ RunTime:0.001081s ]

[ 2019-06-27T19:48:54+08:00 ] ::1 /A00/admin.php/Priviledges/showPriviledgesList.html
INFO: [ app_init ] --START--
INFO: Run Behavior\BuildLiteBehavior [ RunTime:0.000011s ]
INFO: [ app_init ] --END-- [ RunTime:0.000316s ]
INFO: [ app_begin ] --START--
INFO: Run Behavior\ReadHtmlCacheBehavior [ RunTime:0.000509s ]
INFO: [ app_begin ] --END-- [ RunTime:0.000546s ]
NOTIC: [2048] Declaration of Common\Model\BaseModel::select() should be compatible with Think\Model::select($options = Array) D:\phpStudy\WWW\A00\Application\Common\Model\BaseModel.class.php 第 11 行.
SQL: SHOW COLUMNS FROM `a00_log` [ RunTime:0.0007s ]
SQL: SHOW COLUMNS FROM `a00_users` [ RunTime:0.0005s ]
SQL: select * from a00_users where `id` =1  and `user_del`=0 [ RunTime:0.0003s ]
NOTIC: [8] Undefined index: p D:\phpStudy\WWW\A00\Application\Admin\Controller\PriviledgesController.class.php 第 22 行.
SQL: SHOW COLUMNS FROM `a00_prevelidge` [ RunTime:0.0005s ]
SQL: select * from  a00_prevelidge where `prevelidge_del`=0  [ RunTime:0.0003s ]
SQL: select * from a00_prevelidge where `prevelidge_del`=0 order by prevelidge_id limit  0  ,10 [ RunTime:0.0003s ]
INFO: [ view_parse ] --START--
INFO: [ template_filter ] --START--
INFO: Run Behavior\ContentReplaceBehavior [ RunTime:0.000124s ]
INFO: [ template_filter ] --END-- [ RunTime:0.000161s ]
NOTIC: [8] Undefined variable: show D:\phpStudy\WWW\A00\Runtime\Cache\Admin\58175ecf9f6bc46fb6f3d28ef7120082.php 第 461 行.
INFO: Run Behavior\ParseTemplateBehavior [ RunTime:0.012831s ]
INFO: [ view_parse ] --END-- [ RunTime:0.012864s ]
INFO: [ view_filter ] --START--
INFO: Run Behavior\WriteHtmlCacheBehavior [ RunTime:0.000613s ]
INFO: [ view_filter ] --END-- [ RunTime:0.000641s ]
INFO: [ app_end ] --START--
INFO: Run Behavior\ShowPageTraceBehavior [ RunTime:0.000933s ]
INFO: [ app_end ] --END-- [ RunTime:0.001002s ]

[ 2019-06-27T19:48:56+08:00 ] ::1 /A00/admin.php/Priviledges/showSinglePriviledge?prevelidgeId=6
INFO: [ app_init ] --START--
INFO: Run Behavior\BuildLiteBehavior [ RunTime:0.000016s ]
INFO: [ app_init ] --END-- [ RunTime:0.000450s ]
INFO: [ app_begin ] --START--
INFO: Run Behavior\ReadHtmlCacheBehavior [ RunTime:0.000762s ]
INFO: [ app_begin ] --END-- [ RunTime:0.000888s ]
NOTIC: [2048] Declaration of Common\Model\BaseModel::select() should be compatible with Think\Model::select($options = Array) D:\phpStudy\WWW\A00\Application\Common\Model\BaseModel.class.php 第 11 行.
SQL: SHOW COLUMNS FROM `a00_log` [ RunTime:0.0006s ]
SQL: SHOW COLUMNS FROM `a00_users` [ RunTime:0.0005s ]
SQL: select * from a00_users where `id` =1  and `user_del`=0 [ RunTime:0.0003s ]
SQL: SHOW COLUMNS FROM `a00_prevelidge` [ RunTime:0.0006s ]
SQL: select * from a00_prevelidge where prevelidge_id=6 [ RunTime:0.0003s ]
SQL: SHOW COLUMNS FROM `a00_users` [ RunTime:0.0005s ]
SQL: select * from a00_users where id=1 [ RunTime:0.0003s ]
INFO: [ view_parse ] --START--
INFO: [ template_filter ] --START--
INFO: Run Behavior\ContentReplaceBehavior [ RunTime:0.000071s ]
INFO: [ template_filter ] --END-- [ RunTime:0.000106s ]
INFO: Run Behavior\ParseTemplateBehavior [ RunTime:0.009517s ]
INFO: [ view_parse ] --END-- [ RunTime:0.009589s ]
INFO: [ view_filter ] --START--
INFO: Run Behavior\WriteHtmlCacheBehavior [ RunTime:0.000957s ]
INFO: [ view_filter ] --END-- [ RunTime:0.001008s ]
INFO: [ app_end ] --START--
INFO: Run Behavior\ShowPageTraceBehavior [ RunTime:0.001433s ]
INFO: [ app_end ] --END-- [ RunTime:0.001546s ]

[ 2019-06-27T19:49:01+08:00 ] ::1 /A00/admin.php/Priviledges/changePrevelidgeDesc
INFO: [ app_init ] --START--
INFO: Run Behavior\BuildLiteBehavior [ RunTime:0.000011s ]
INFO: [ app_init ] --END-- [ RunTime:0.000322s ]
INFO: [ app_begin ] --START--
INFO: Run Behavior\ReadHtmlCacheBehavior [ RunTime:0.000511s ]
INFO: [ app_begin ] --END-- [ RunTime:0.000547s ]
NOTIC: [2048] Declaration of Common\Model\BaseModel::select() should be compatible with Think\Model::select($options = Array) D:\phpStudy\WWW\A00\Application\Common\Model\BaseModel.class.php 第 11 行.
SQL: SHOW COLUMNS FROM `a00_log` [ RunTime:0.0007s ]
SQL: SHOW COLUMNS FROM `a00_prevelidge` [ RunTime:0.0005s ]
SQL: select * from a00_prevelidge where prevelidge_id=6 [ RunTime:0.0003s ]
SQL:  update  a00_prevelidge set  prevelidge_desc='用户权限'  where `prevelidge_id`=6 [ RunTime:0.0912s ]
SQL: insert into a00_log(log_level,log_message,log_date,log_user) values('20','天一|::1|修改权限成功','2019_06_27_19:49:01','天一') [ RunTime:0.0409s ]
INFO: [ app_end ] --START--
INFO: Run Behavior\ShowPageTraceBehavior [ RunTime:0.002835s ]
INFO: [ app_end ] --END-- [ RunTime:0.002951s ]

[ 2019-06-27T19:49:03+08:00 ] ::1 /A00/admin.php/Priviledges/showSinglePriviledge?prevelidgeId=6
INFO: [ app_init ] --START--
INFO: Run Behavior\BuildLiteBehavior [ RunTime:0.000014s ]
INFO: [ app_init ] --END-- [ RunTime:0.000447s ]
INFO: [ app_begin ] --START--
INFO: Run Behavior\ReadHtmlCacheBehavior [ RunTime:0.000643s ]
INFO: [ app_begin ] --END-- [ RunTime:0.000689s ]
NOTIC: [2048] Declaration of Common\Model\BaseModel::select() should be compatible with Think\Model::select($options = Array) D:\phpStudy\WWW\A00\Application\Common\Model\BaseModel.class.php 第 11 行.
SQL: SHOW COLUMNS FROM `a00_log` [ RunTime:0.0007s ]
SQL: SHOW COLUMNS FROM `a00_users` [ RunTime:0.0005s ]
SQL: select * from a00_users where `id` =1  and `user_del`=0 [ RunTime:0.0004s ]
SQL: SHOW COLUMNS FROM `a00_prevelidge` [ RunTime:0.0005s ]
SQL: select * from a00_prevelidge where prevelidge_id=6 [ RunTime:0.0003s ]
SQL: SHOW COLUMNS FROM `a00_users` [ RunTime:0.0005s ]
SQL: select * from a00_users where id=1 [ RunTime:0.0003s ]
INFO: [ view_parse ] --START--
INFO: [ template_filter ] --START--
INFO: Run Behavior\ContentReplaceBehavior [ RunTime:0.000081s ]
INFO: [ template_filter ] --END-- [ RunTime:0.000111s ]
INFO: Run Behavior\ParseTemplateBehavior [ RunTime:0.007895s ]
INFO: [ view_parse ] --END-- [ RunTime:0.007932s ]
INFO: [ view_filter ] --START--
INFO: Run Behavior\WriteHtmlCacheBehavior [ RunTime:0.000621s ]
INFO: [ view_filter ] --END-- [ RunTime:0.000647s ]
INFO: [ app_end ] --START--
INFO: Run Behavior\ShowPageTraceBehavior [ RunTime:0.001016s ]
INFO: [ app_end ] --END-- [ RunTime:0.001070s ]

[ 2019-06-27T19:49:06+08:00 ] ::1 /A00/admin.php/Priviledges/showPriviledgesList.html
INFO: [ app_init ] --START--
INFO: Run Behavior\BuildLiteBehavior [ RunTime:0.000025s ]
INFO: [ app_init ] --END-- [ RunTime:0.000323s ]
INFO: [ app_begin ] --START--
INFO: Run Behavior\ReadHtmlCacheBehavior [ RunTime:0.000515s ]
INFO: [ app_begin ] --END-- [ RunTime:0.000553s ]
NOTIC: [2048] Declaration of Common\Model\BaseModel::select() should be compatible with Think\Model::select($options = Array) D:\phpStudy\WWW\A00\Application\Common\Model\BaseModel.class.php 第 11 行.
SQL: SHOW COLUMNS FROM `a00_log` [ RunTime:0.0007s ]
SQL: SHOW COLUMNS FROM `a00_users` [ RunTime:0.0006s ]
SQL: select * from a00_users where `id` =1  and `user_del`=0 [ RunTime:0.0003s ]
NOTIC: [8] Undefined index: p D:\phpStudy\WWW\A00\Application\Admin\Controller\PriviledgesController.class.php 第 22 行.
SQL: SHOW COLUMNS FROM `a00_prevelidge` [ RunTime:0.0007s ]
SQL: select * from  a00_prevelidge where `prevelidge_del`=0  [ RunTime:0.0004s ]
SQL: select * from a00_prevelidge where `prevelidge_del`=0 order by prevelidge_id limit  0  ,10 [ RunTime:0.0004s ]
INFO: [ view_parse ] --START--
INFO: [ template_filter ] --START--
INFO: Run Behavior\ContentReplaceBehavior [ RunTime:0.000136s ]
INFO: [ template_filter ] --END-- [ RunTime:0.000179s ]
NOTIC: [8] Undefined variable: show D:\phpStudy\WWW\A00\Runtime\Cache\Admin\58175ecf9f6bc46fb6f3d28ef7120082.php 第 461 行.
INFO: Run Behavior\ParseTemplateBehavior [ RunTime:0.014627s ]
INFO: [ view_parse ] --END-- [ RunTime:0.014664s ]
INFO: [ view_filter ] --START--
INFO: Run Behavior\WriteHtmlCacheBehavior [ RunTime:0.000424s ]
INFO: [ view_filter ] --END-- [ RunTime:0.000452s ]
INFO: [ app_end ] --START--
INFO: Run Behavior\ShowPageTraceBehavior [ RunTime:0.000846s ]
INFO: [ app_end ] --END-- [ RunTime:0.000885s ]

[ 2019-06-27T19:50:29+08:00 ] ::1 /A00/admin.php/Bussiness/showAddsellProduct.html
INFO: [ app_init ] --START--
INFO: Run Behavior\BuildLiteBehavior [ RunTime:0.000011s ]
INFO: [ app_init ] --END-- [ RunTime:0.000367s ]
INFO: [ app_begin ] --START--
INFO: Run Behavior\ReadHtmlCacheBehavior [ RunTime:0.000687s ]
INFO: [ app_begin ] --END-- [ RunTime:0.000727s ]
NOTIC: [2048] Declaration of Common\Model\BaseModel::select() should be compatible with Think\Model::select($options = Array) D:\phpStudy\WWW\A00\Application\Common\Model\BaseModel.class.php 第 11 行.
SQL: SHOW COLUMNS FROM `a00_log` [ RunTime:0.0008s ]
INFO: [ view_parse ] --START--
INFO: [ template_filter ] --START--
INFO: Run Behavior\ContentReplaceBehavior [ RunTime:0.000210s ]
INFO: [ template_filter ] --END-- [ RunTime:0.000265s ]
INFO: Run Behavior\ParseTemplateBehavior [ RunTime:0.047112s ]
INFO: [ view_parse ] --END-- [ RunTime:0.047180s ]
INFO: [ view_filter ] --START--
INFO: Run Behavior\WriteHtmlCacheBehavior [ RunTime:0.000636s ]
INFO: [ view_filter ] --END-- [ RunTime:0.000675s ]
INFO: [ app_end ] --START--
INFO: Run Behavior\ShowPageTraceBehavior [ RunTime:0.001054s ]
INFO: [ app_end ] --END-- [ RunTime:0.001102s ]

[ 2019-06-27T20:08:42+08:00 ] ::1 /A00/admin.php/Bussiness/showAddsellProduct.html
INFO: [ app_init ] --START--
INFO: Run Behavior\BuildLiteBehavior [ RunTime:0.000012s ]
INFO: [ app_init ] --END-- [ RunTime:0.000434s ]
INFO: [ app_begin ] --START--
INFO: Run Behavior\ReadHtmlCacheBehavior [ RunTime:0.000743s ]
INFO: [ app_begin ] --END-- [ RunTime:0.000788s ]
NOTIC: [2048] Declaration of Common\Model\BaseModel::select() should be compatible with Think\Model::select($options = Array) D:\phpStudy\WWW\A00\Application\Common\Model\BaseModel.class.php 第 11 行.
SQL: SHOW COLUMNS FROM `a00_log` [ RunTime:0.0006s ]
INFO: [ view_parse ] --START--
INFO: [ template_filter ] --START--
INFO: Run Behavior\ContentReplaceBehavior [ RunTime:0.000142s ]
INFO: [ template_filter ] --END-- [ RunTime:0.000185s ]
INFO: Run Behavior\ParseTemplateBehavior [ RunTime:0.013839s ]
INFO: [ view_parse ] --END-- [ RunTime:0.013879s ]
INFO: [ view_filter ] --START--
INFO: Run Behavior\WriteHtmlCacheBehavior [ RunTime:0.000414s ]
INFO: [ view_filter ] --END-- [ RunTime:0.000441s ]
INFO: [ app_end ] --START--
INFO: Run Behavior\ShowPageTraceBehavior [ RunTime:0.000698s ]
INFO: [ app_end ] --END-- [ RunTime:0.000753s ]

[ 2019-06-27T20:11:02+08:00 ] ::1 /A00/admin.php/Bussiness/showAddsellProduct.html
INFO: [ app_init ] --START--
INFO: Run Behavior\BuildLiteBehavior [ RunTime:0.000025s ]
INFO: [ app_init ] --END-- [ RunTime:0.000430s ]
INFO: [ app_begin ] --START--
INFO: Run Behavior\ReadHtmlCacheBehavior [ RunTime:0.000720s ]
INFO: [ app_begin ] --END-- [ RunTime:0.000759s ]
NOTIC: [2048] Declaration of Common\Model\BaseModel::select() should be compatible with Think\Model::select($options = Array) D:\phpStudy\WWW\A00\Application\Common\Model\BaseModel.class.php 第 11 行.
SQL: SHOW COLUMNS FROM `a00_log` [ RunTime:0.0007s ]
INFO: [ view_parse ] --START--
INFO: [ template_filter ] --START--
INFO: Run Behavior\ContentReplaceBehavior [ RunTime:0.000298s ]
INFO: [ template_filter ] --END-- [ RunTime:0.000342s ]
INFO: Run Behavior\ParseTemplateBehavior [ RunTime:0.026290s ]
INFO: [ view_parse ] --END-- [ RunTime:0.026381s ]
INFO: [ view_filter ] --START--
INFO: Run Behavior\WriteHtmlCacheBehavior [ RunTime:0.000612s ]
INFO: [ view_filter ] --END-- [ RunTime:0.000641s ]
INFO: [ app_end ] --START--
INFO: Run Behavior\ShowPageTraceBehavior [ RunTime:0.000938s ]
INFO: [ app_end ] --END-- [ RunTime:0.000983s ]

[ 2019-06-27T20:11:03+08:00 ] ::1 /A00/admin.php/Priviledges/showAddPrevelidgeInfo.html
INFO: [ app_init ] --START--
INFO: Run Behavior\BuildLiteBehavior [ RunTime:0.000011s ]
INFO: [ app_init ] --END-- [ RunTime:0.000367s ]
INFO: [ app_begin ] --START--
INFO: Run Behavior\ReadHtmlCacheBehavior [ RunTime:0.000652s ]
INFO: [ app_begin ] --END-- [ RunTime:0.000691s ]
NOTIC: [2048] Declaration of Common\Model\BaseModel::select() should be compatible with Think\Model::select($options = Array) D:\phpStudy\WWW\A00\Application\Common\Model\BaseModel.class.php 第 11 行.
SQL: SHOW COLUMNS FROM `a00_log` [ RunTime:0.0006s ]
INFO: [ view_parse ] --START--
INFO: [ template_filter ] --START--
INFO: Run Behavior\ContentReplaceBehavior [ RunTime:0.000182s ]
INFO: [ template_filter ] --END-- [ RunTime:0.000239s ]
INFO: Run Behavior\ParseTemplateBehavior [ RunTime:0.013675s ]
INFO: [ view_parse ] --END-- [ RunTime:0.013716s ]
INFO: [ view_filter ] --START--
INFO: Run Behavior\WriteHtmlCacheBehavior [ RunTime:0.000506s ]
INFO: [ view_filter ] --END-- [ RunTime:0.000534s ]
INFO: [ app_end ] --START--
INFO: Run Behavior\ShowPageTraceBehavior [ RunTime:0.000827s ]
INFO: [ app_end ] --END-- [ RunTime:0.000862s ]

[ 2019-06-27T20:11:08+08:00 ] ::1 /A00/admin.php/Index/logout.html
INFO: [ app_init ] --START--
INFO: Run Behavior\BuildLiteBehavior [ RunTime:0.000011s ]
INFO: [ app_init ] --END-- [ RunTime:0.000311s ]
INFO: [ app_begin ] --START--
INFO: Run Behavior\ReadHtmlCacheBehavior [ RunTime:0.000661s ]
INFO: [ app_begin ] --END-- [ RunTime:0.000701s ]
INFO: [ view_parse ] --START--
INFO: [ template_filter ] --START--
INFO: Run Behavior\ContentReplaceBehavior [ RunTime:0.000056s ]
INFO: [ template_filter ] --END-- [ RunTime:0.000090s ]
INFO: Run Behavior\ParseTemplateBehavior [ RunTime:0.007721s ]
INFO: [ view_parse ] --END-- [ RunTime:0.007760s ]
INFO: [ view_filter ] --START--
INFO: Run Behavior\WriteHtmlCacheBehavior [ RunTime:0.000673s ]
INFO: [ view_filter ] --END-- [ RunTime:0.000702s ]
INFO: [ app_end ] --START--
INFO: Run Behavior\ShowPageTraceBehavior [ RunTime:0.000992s ]
INFO: [ app_end ] --END-- [ RunTime:0.001025s ]

