[ 2019-06-17T19:14:04+08:00 ] ::1 /A00/admin.php
INFO: [ app_init ] --START--
INFO: Run Behavior\BuildLiteBehavior [ RunTime:0.000020s ]
INFO: [ app_init ] --END-- [ RunTime:0.151906s ]
INFO: [ app_begin ] --START--
INFO: Run Behavior\ReadHtmlCacheBehavior [ RunTime:0.014194s ]
INFO: [ app_begin ] --END-- [ RunTime:0.014262s ]
INFO: [ view_parse ] --START--
INFO: [ template_filter ] --START--
INFO: Run Behavior\ContentReplaceBehavior [ RunTime:0.047273s ]
INFO: [ template_filter ] --END-- [ RunTime:0.047345s ]
INFO: Run Behavior\ParseTemplateBehavior [ RunTime:0.460511s ]
INFO: [ view_parse ] --END-- [ RunTime:0.460614s ]
INFO: [ view_filter ] --START--
INFO: Run Behavior\WriteHtmlCacheBehavior [ RunTime:0.088794s ]
INFO: [ view_filter ] --END-- [ RunTime:0.088832s ]
INFO: [ app_end ] --START--
INFO: Run Behavior\ShowPageTraceBehavior [ RunTime:0.028045s ]
INFO: [ app_end ] --END-- [ RunTime:0.028179s ]

[ 2019-06-17T19:14:15+08:00 ] ::1 /A00/admin.php/Index/checkLoginIn.html
INFO: [ app_init ] --START--
INFO: Run Behavior\BuildLiteBehavior [ RunTime:0.000011s ]
INFO: [ app_init ] --END-- [ RunTime:0.000325s ]
INFO: [ app_begin ] --START--
INFO: Run Behavior\ReadHtmlCacheBehavior [ RunTime:0.000687s ]
INFO: [ app_begin ] --END-- [ RunTime:0.000732s ]
NOTIC: [2048] Declaration of Common\Model\BaseModel::select() should be compatible with Think\Model::select($options = Array) D:\phpStudy\WWW\A00\Application\Common\Model\BaseModel.class.php 第 11 行.
SQL: SHOW COLUMNS FROM `a00_users` [ RunTime:0.0108s ]
SQL: select * from a00_users where   username='aaa'  [ RunTime:0.0007s ]
INFO: [ view_parse ] --START--
INFO: [ template_filter ] --START--
INFO: Run Behavior\ContentReplaceBehavior [ RunTime:0.000133s ]
INFO: [ template_filter ] --END-- [ RunTime:0.000180s ]
INFO: Run Behavior\ParseTemplateBehavior [ RunTime:0.167306s ]
INFO: [ view_parse ] --END-- [ RunTime:0.167365s ]
INFO: [ view_filter ] --START--
INFO: Run Behavior\WriteHtmlCacheBehavior [ RunTime:0.000658s ]
INFO: [ view_filter ] --END-- [ RunTime:0.000696s ]
INFO: [ app_end ] --START--
INFO: Run Behavior\ShowPageTraceBehavior [ RunTime:0.001614s ]
INFO: [ app_end ] --END-- [ RunTime:0.001707s ]

[ 2019-06-17T19:19:16+08:00 ] ::1 /A00/admin.php/Index/checkLoginIn.html
INFO: [ app_init ] --START--
INFO: Run Behavior\BuildLiteBehavior [ RunTime:0.000012s ]
INFO: [ app_init ] --END-- [ RunTime:0.000475s ]
INFO: [ app_begin ] --START--
INFO: Run Behavior\ReadHtmlCacheBehavior [ RunTime:0.000830s ]
INFO: [ app_begin ] --END-- [ RunTime:0.000882s ]
NOTIC: [2048] Declaration of Common\Model\BaseModel::select() should be compatible with Think\Model::select($options = Array) D:\phpStudy\WWW\A00\Application\Common\Model\BaseModel.class.php 第 11 行.
SQL: SHOW COLUMNS FROM `a00_users` [ RunTime:0.0017s ]
SQL: select * from a00_users where   username='aaa'  [ RunTime:0.0004s ]
INFO: [ view_parse ] --START--
INFO: [ template_filter ] --START--
INFO: Run Behavior\ContentReplaceBehavior [ RunTime:0.000149s ]
INFO: [ template_filter ] --END-- [ RunTime:0.000202s ]
INFO: Run Behavior\ParseTemplateBehavior [ RunTime:0.074686s ]
INFO: [ view_parse ] --END-- [ RunTime:0.074726s ]
INFO: [ view_filter ] --START--
INFO: Run Behavior\WriteHtmlCacheBehavior [ RunTime:0.000488s ]
INFO: [ view_filter ] --END-- [ RunTime:0.000517s ]
INFO: [ app_end ] --START--
INFO: Run Behavior\ShowPageTraceBehavior [ RunTime:0.000746s ]
INFO: [ app_end ] --END-- [ RunTime:0.000782s ]

[ 2019-06-17T19:19:28+08:00 ] ::1 /A00/admin.php/User/showUserInfo?userId=1
INFO: [ app_init ] --START--
INFO: Run Behavior\BuildLiteBehavior [ RunTime:0.000013s ]
INFO: [ app_init ] --END-- [ RunTime:0.000361s ]
INFO: [ app_begin ] --START--
INFO: Run Behavior\ReadHtmlCacheBehavior [ RunTime:0.000852s ]
INFO: [ app_begin ] --END-- [ RunTime:0.000917s ]
NOTIC: [2048] Declaration of Common\Model\BaseModel::select() should be compatible with Think\Model::select($options = Array) D:\phpStudy\WWW\A00\Application\Common\Model\BaseModel.class.php 第 11 行.
SQL: SHOW COLUMNS FROM `a00_log` [ RunTime:0.0067s ]
SQL: SHOW COLUMNS FROM `a00_users` [ RunTime:0.0008s ]
SQL: select * from a00_users where `id`=1 and `user_del`=0 [ RunTime:2.0236s ]
INFO: [ view_parse ] --START--
INFO: [ template_filter ] --START--
INFO: Run Behavior\ContentReplaceBehavior [ RunTime:0.000095s ]
INFO: [ template_filter ] --END-- [ RunTime:0.000134s ]
INFO: Run Behavior\ParseTemplateBehavior [ RunTime:0.020805s ]
INFO: [ view_parse ] --END-- [ RunTime:0.020868s ]
INFO: [ view_filter ] --START--
INFO: Run Behavior\WriteHtmlCacheBehavior [ RunTime:0.000652s ]
INFO: [ view_filter ] --END-- [ RunTime:0.000696s ]

[ 2019-06-17T19:19:30+08:00 ] ::1 /A00/admin.php/Index/checkLoginIn.html
INFO: [ app_init ] --START--
INFO: Run Behavior\BuildLiteBehavior [ RunTime:0.000022s ]
INFO: [ app_init ] --END-- [ RunTime:0.000584s ]
INFO: [ app_begin ] --START--
INFO: Run Behavior\ReadHtmlCacheBehavior [ RunTime:0.000658s ]
INFO: [ app_begin ] --END-- [ RunTime:0.000701s ]
NOTIC: [2048] Declaration of Common\Model\BaseModel::select() should be compatible with Think\Model::select($options = Array) D:\phpStudy\WWW\A00\Application\Common\Model\BaseModel.class.php 第 11 行.
SQL: SHOW COLUMNS FROM `a00_users` [ RunTime:0.0011s ]
SQL: select * from a00_users where   username='aaa'  [ RunTime:0.0004s ]
INFO: [ view_parse ] --START--
INFO: [ template_filter ] --START--
INFO: Run Behavior\ContentReplaceBehavior [ RunTime:0.000143s ]
INFO: [ template_filter ] --END-- [ RunTime:0.000187s ]
INFO: Run Behavior\ParseTemplateBehavior [ RunTime:0.027020s ]
INFO: [ view_parse ] --END-- [ RunTime:0.027061s ]
INFO: [ view_filter ] --START--
INFO: Run Behavior\WriteHtmlCacheBehavior [ RunTime:0.000497s ]
INFO: [ view_filter ] --END-- [ RunTime:0.000527s ]
INFO: [ app_end ] --START--
INFO: Run Behavior\ShowPageTraceBehavior [ RunTime:0.000935s ]
INFO: [ app_end ] --END-- [ RunTime:0.000972s ]

[ 2019-06-17T19:19:46+08:00 ] ::1 /A00/admin.php/Index/checkLoginIn.html
INFO: [ app_init ] --START--
INFO: Run Behavior\BuildLiteBehavior [ RunTime:0.000012s ]
INFO: [ app_init ] --END-- [ RunTime:0.000558s ]
INFO: [ app_begin ] --START--
INFO: Run Behavior\ReadHtmlCacheBehavior [ RunTime:0.000768s ]
INFO: [ app_begin ] --END-- [ RunTime:0.000829s ]
NOTIC: [2048] Declaration of Common\Model\BaseModel::select() should be compatible with Think\Model::select($options = Array) D:\phpStudy\WWW\A00\Application\Common\Model\BaseModel.class.php 第 11 行.
SQL: SHOW COLUMNS FROM `a00_users` [ RunTime:0.0009s ]
SQL: select * from a00_users where   username='aaa'  [ RunTime:0.0004s ]
INFO: [ view_parse ] --START--
INFO: [ template_filter ] --START--
INFO: Run Behavior\ContentReplaceBehavior [ RunTime:0.000125s ]
INFO: [ template_filter ] --END-- [ RunTime:0.000165s ]
INFO: Run Behavior\ParseTemplateBehavior [ RunTime:0.014250s ]
INFO: [ view_parse ] --END-- [ RunTime:0.014286s ]
INFO: [ view_filter ] --START--
INFO: Run Behavior\WriteHtmlCacheBehavior [ RunTime:0.000517s ]
INFO: [ view_filter ] --END-- [ RunTime:0.000546s ]
INFO: [ app_end ] --START--
INFO: Run Behavior\ShowPageTraceBehavior [ RunTime:0.000764s ]
INFO: [ app_end ] --END-- [ RunTime:0.000804s ]

[ 2019-06-17T19:19:48+08:00 ] ::1 /A00/admin.php/User/showUserInfo?userId=1
INFO: [ app_init ] --START--
INFO: Run Behavior\BuildLiteBehavior [ RunTime:0.000012s ]
INFO: [ app_init ] --END-- [ RunTime:0.000562s ]
INFO: [ app_begin ] --START--
INFO: Run Behavior\ReadHtmlCacheBehavior [ RunTime:0.000757s ]
INFO: [ app_begin ] --END-- [ RunTime:0.000827s ]
NOTIC: [2048] Declaration of Common\Model\BaseModel::select() should be compatible with Think\Model::select($options = Array) D:\phpStudy\WWW\A00\Application\Common\Model\BaseModel.class.php 第 11 行.
SQL: SHOW COLUMNS FROM `a00_log` [ RunTime:0.0018s ]
SQL: SHOW COLUMNS FROM `a00_users` [ RunTime:0.0009s ]
SQL: select * from a00_users where `id`=1 and `user_del`=0 [ RunTime:0.0003s ]
INFO: [ view_parse ] --START--
INFO: [ template_filter ] --START--
INFO: Run Behavior\ContentReplaceBehavior [ RunTime:0.000068s ]
INFO: [ template_filter ] --END-- [ RunTime:0.000103s ]
INFO: Run Behavior\ParseTemplateBehavior [ RunTime:0.009230s ]
INFO: [ view_parse ] --END-- [ RunTime:0.009287s ]
INFO: [ view_filter ] --START--
INFO: Run Behavior\WriteHtmlCacheBehavior [ RunTime:0.000587s ]
INFO: [ view_filter ] --END-- [ RunTime:0.000620s ]
INFO: [ app_end ] --START--
INFO: Run Behavior\ShowPageTraceBehavior [ RunTime:0.000915s ]
INFO: [ app_end ] --END-- [ RunTime:0.000973s ]

[ 2019-06-17T19:20:12+08:00 ] ::1 /A00/admin.php/Index/checkLoginIn.html
INFO: [ app_init ] --START--
INFO: Run Behavior\BuildLiteBehavior [ RunTime:0.000013s ]
INFO: [ app_init ] --END-- [ RunTime:0.000637s ]
INFO: [ app_begin ] --START--
INFO: Run Behavior\ReadHtmlCacheBehavior [ RunTime:0.000635s ]
INFO: [ app_begin ] --END-- [ RunTime:0.000705s ]
NOTIC: [2048] Declaration of Common\Model\BaseModel::select() should be compatible with Think\Model::select($options = Array) D:\phpStudy\WWW\A00\Application\Common\Model\BaseModel.class.php 第 11 行.
SQL: SHOW COLUMNS FROM `a00_users` [ RunTime:0.0008s ]
SQL: select * from a00_users where   username='aaa'  [ RunTime:0.0004s ]
INFO: [ view_parse ] --START--
INFO: [ template_filter ] --START--
INFO: Run Behavior\ContentReplaceBehavior [ RunTime:0.000126s ]
INFO: [ template_filter ] --END-- [ RunTime:0.000167s ]
INFO: Run Behavior\ParseTemplateBehavior [ RunTime:0.014850s ]
INFO: [ view_parse ] --END-- [ RunTime:0.014889s ]
INFO: [ view_filter ] --START--
INFO: Run Behavior\WriteHtmlCacheBehavior [ RunTime:0.000587s ]
INFO: [ view_filter ] --END-- [ RunTime:0.000620s ]
INFO: [ app_end ] --START--
INFO: Run Behavior\ShowPageTraceBehavior [ RunTime:0.000831s ]
INFO: [ app_end ] --END-- [ RunTime:0.000867s ]

[ 2019-06-17T19:20:14+08:00 ] ::1 /A00/admin.php/User/showUserInfo?userId=1
INFO: [ app_init ] --START--
INFO: Run Behavior\BuildLiteBehavior [ RunTime:0.000015s ]
INFO: [ app_init ] --END-- [ RunTime:0.000484s ]
INFO: [ app_begin ] --START--
INFO: Run Behavior\ReadHtmlCacheBehavior [ RunTime:0.000729s ]
INFO: [ app_begin ] --END-- [ RunTime:0.000786s ]
NOTIC: [2048] Declaration of Common\Model\BaseModel::select() should be compatible with Think\Model::select($options = Array) D:\phpStudy\WWW\A00\Application\Common\Model\BaseModel.class.php 第 11 行.
SQL: SHOW COLUMNS FROM `a00_log` [ RunTime:0.0014s ]
SQL: SHOW COLUMNS FROM `a00_users` [ RunTime:0.0017s ]
SQL: select * from a00_users where `id`=1 and `user_del`=0 [ RunTime:0.0005s ]
INFO: [ view_parse ] --START--
INFO: [ template_filter ] --START--
INFO: Run Behavior\ContentReplaceBehavior [ RunTime:0.000066s ]
INFO: [ template_filter ] --END-- [ RunTime:0.000099s ]
INFO: Run Behavior\ParseTemplateBehavior [ RunTime:0.008130s ]
INFO: [ view_parse ] --END-- [ RunTime:0.008178s ]
INFO: [ view_filter ] --START--
INFO: Run Behavior\WriteHtmlCacheBehavior [ RunTime:0.000665s ]
INFO: [ view_filter ] --END-- [ RunTime:0.000739s ]
INFO: [ app_end ] --START--
INFO: Run Behavior\ShowPageTraceBehavior [ RunTime:0.001678s ]
INFO: [ app_end ] --END-- [ RunTime:0.001771s ]

[ 2019-06-17T19:21:03+08:00 ] ::1 /A00/admin.php/Index/checkLoginIn.html
INFO: [ app_init ] --START--
INFO: Run Behavior\BuildLiteBehavior [ RunTime:0.000010s ]
INFO: [ app_init ] --END-- [ RunTime:0.000308s ]
INFO: [ app_begin ] --START--
INFO: Run Behavior\ReadHtmlCacheBehavior [ RunTime:0.000502s ]
INFO: [ app_begin ] --END-- [ RunTime:0.000542s ]
NOTIC: [2048] Declaration of Common\Model\BaseModel::select() should be compatible with Think\Model::select($options = Array) D:\phpStudy\WWW\A00\Application\Common\Model\BaseModel.class.php 第 11 行.
SQL: SHOW COLUMNS FROM `a00_users` [ RunTime:0.0010s ]
SQL: select * from a00_users where   username='aaa'  [ RunTime:0.0007s ]
INFO: [ view_parse ] --START--
INFO: [ template_filter ] --START--
INFO: Run Behavior\ContentReplaceBehavior [ RunTime:0.000315s ]
INFO: [ template_filter ] --END-- [ RunTime:0.000363s ]
INFO: Run Behavior\ParseTemplateBehavior [ RunTime:0.013409s ]
INFO: [ view_parse ] --END-- [ RunTime:0.013463s ]
INFO: [ view_filter ] --START--
INFO: Run Behavior\WriteHtmlCacheBehavior [ RunTime:0.000552s ]
INFO: [ view_filter ] --END-- [ RunTime:0.000589s ]
INFO: [ app_end ] --START--
INFO: Run Behavior\ShowPageTraceBehavior [ RunTime:0.000866s ]
INFO: [ app_end ] --END-- [ RunTime:0.000901s ]

[ 2019-06-17T19:21:04+08:00 ] ::1 /A00/admin.php/User/showUserInfo?userId=1
INFO: [ app_init ] --START--
INFO: Run Behavior\BuildLiteBehavior [ RunTime:0.000013s ]
INFO: [ app_init ] --END-- [ RunTime:0.000671s ]
INFO: [ app_begin ] --START--
INFO: Run Behavior\ReadHtmlCacheBehavior [ RunTime:0.001108s ]
INFO: [ app_begin ] --END-- [ RunTime:0.001212s ]
NOTIC: [2048] Declaration of Common\Model\BaseModel::select() should be compatible with Think\Model::select($options = Array) D:\phpStudy\WWW\A00\Application\Common\Model\BaseModel.class.php 第 11 行.
SQL: SHOW COLUMNS FROM `a00_log` [ RunTime:0.0023s ]
SQL: SHOW COLUMNS FROM `a00_users` [ RunTime:0.0010s ]
SQL: select * from a00_users where `id`=1 and `user_del`=0 [ RunTime:0.0003s ]
INFO: [ view_parse ] --START--
INFO: [ template_filter ] --START--
INFO: Run Behavior\ContentReplaceBehavior [ RunTime:0.000072s ]
INFO: [ template_filter ] --END-- [ RunTime:0.000121s ]
INFO: Run Behavior\ParseTemplateBehavior [ RunTime:0.020336s ]
INFO: [ view_parse ] --END-- [ RunTime:0.020382s ]
INFO: [ view_filter ] --START--
INFO: Run Behavior\WriteHtmlCacheBehavior [ RunTime:0.000418s ]
INFO: [ view_filter ] --END-- [ RunTime:0.000449s ]
INFO: [ app_end ] --START--
INFO: Run Behavior\ShowPageTraceBehavior [ RunTime:0.000827s ]
INFO: [ app_end ] --END-- [ RunTime:0.000861s ]

[ 2019-06-17T19:23:05+08:00 ] ::1 /A00/admin.php/Index/checkLoginIn.html
INFO: [ app_init ] --START--
INFO: Run Behavior\BuildLiteBehavior [ RunTime:0.000018s ]
INFO: [ app_init ] --END-- [ RunTime:0.000840s ]
INFO: [ app_begin ] --START--
INFO: Run Behavior\ReadHtmlCacheBehavior [ RunTime:0.000738s ]
INFO: [ app_begin ] --END-- [ RunTime:0.000782s ]
NOTIC: [2048] Declaration of Common\Model\BaseModel::select() should be compatible with Think\Model::select($options = Array) D:\phpStudy\WWW\A00\Application\Common\Model\BaseModel.class.php 第 11 行.
SQL: SHOW COLUMNS FROM `a00_users` [ RunTime:0.0009s ]
SQL: select * from a00_users where   username='aaa'  [ RunTime:0.0005s ]
INFO: [ view_parse ] --START--
INFO: [ template_filter ] --START--
INFO: Run Behavior\ContentReplaceBehavior [ RunTime:0.000141s ]
INFO: [ template_filter ] --END-- [ RunTime:0.000183s ]
INFO: Run Behavior\ParseTemplateBehavior [ RunTime:0.015698s ]
INFO: [ view_parse ] --END-- [ RunTime:0.015743s ]
INFO: [ view_filter ] --START--
INFO: Run Behavior\WriteHtmlCacheBehavior [ RunTime:0.000485s ]
INFO: [ view_filter ] --END-- [ RunTime:0.000572s ]
INFO: [ app_end ] --START--
INFO: Run Behavior\ShowPageTraceBehavior [ RunTime:0.001117s ]
INFO: [ app_end ] --END-- [ RunTime:0.001178s ]

[ 2019-06-17T19:23:32+08:00 ] ::1 /A00/admin.php/Index/checkLoginIn.html
INFO: [ app_init ] --START--
INFO: Run Behavior\BuildLiteBehavior [ RunTime:0.000017s ]
INFO: [ app_init ] --END-- [ RunTime:0.000742s ]
INFO: [ app_begin ] --START--
INFO: Run Behavior\ReadHtmlCacheBehavior [ RunTime:0.000916s ]
INFO: [ app_begin ] --END-- [ RunTime:0.001001s ]
NOTIC: [2048] Declaration of Common\Model\BaseModel::select() should be compatible with Think\Model::select($options = Array) D:\phpStudy\WWW\A00\Application\Common\Model\BaseModel.class.php 第 11 行.
SQL: SHOW COLUMNS FROM `a00_users` [ RunTime:0.0349s ]
SQL: select * from a00_users where   username='aaa'  [ RunTime:0.0006s ]
INFO: [ view_parse ] --START--
INFO: [ template_filter ] --START--
INFO: Run Behavior\ContentReplaceBehavior [ RunTime:0.000171s ]
INFO: [ template_filter ] --END-- [ RunTime:0.000221s ]
INFO: Run Behavior\ParseTemplateBehavior [ RunTime:0.022075s ]
INFO: [ view_parse ] --END-- [ RunTime:0.022130s ]
INFO: [ view_filter ] --START--
INFO: Run Behavior\WriteHtmlCacheBehavior [ RunTime:0.000536s ]
INFO: [ view_filter ] --END-- [ RunTime:0.000568s ]
INFO: [ app_end ] --START--
INFO: Run Behavior\ShowPageTraceBehavior [ RunTime:0.000885s ]
INFO: [ app_end ] --END-- [ RunTime:0.000925s ]

[ 2019-06-17T19:23:37+08:00 ] ::1 /A00/admin.php/User/showUserInfo?userId=1
INFO: [ app_init ] --START--
INFO: Run Behavior\BuildLiteBehavior [ RunTime:0.000013s ]
INFO: [ app_init ] --END-- [ RunTime:0.000852s ]
INFO: [ app_begin ] --START--
INFO: Run Behavior\ReadHtmlCacheBehavior [ RunTime:0.001046s ]
INFO: [ app_begin ] --END-- [ RunTime:0.001148s ]
NOTIC: [2048] Declaration of Common\Model\BaseModel::select() should be compatible with Think\Model::select($options = Array) D:\phpStudy\WWW\A00\Application\Common\Model\BaseModel.class.php 第 11 行.
SQL: SHOW COLUMNS FROM `a00_log` [ RunTime:0.0009s ]
SQL: SHOW COLUMNS FROM `a00_users` [ RunTime:0.0008s ]
SQL: select * from a00_users where `id`=1 and `user_del`=0 [ RunTime:0.0008s ]
INFO: [ view_parse ] --START--
INFO: [ template_filter ] --START--
INFO: Run Behavior\ContentReplaceBehavior [ RunTime:0.000098s ]
INFO: [ template_filter ] --END-- [ RunTime:0.000152s ]
INFO: Run Behavior\ParseTemplateBehavior [ RunTime:0.009474s ]
INFO: [ view_parse ] --END-- [ RunTime:0.009517s ]
INFO: [ view_filter ] --START--
INFO: Run Behavior\WriteHtmlCacheBehavior [ RunTime:0.000497s ]
INFO: [ view_filter ] --END-- [ RunTime:0.000528s ]
INFO: [ app_end ] --START--
INFO: Run Behavior\ShowPageTraceBehavior [ RunTime:0.000816s ]
INFO: [ app_end ] --END-- [ RunTime:0.000848s ]

[ 2019-06-17T19:28:45+08:00 ] ::1 /A00/admin.php/Index/checkLoginIn.html
INFO: [ app_init ] --START--
INFO: Run Behavior\BuildLiteBehavior [ RunTime:0.000025s ]
INFO: [ app_init ] --END-- [ RunTime:0.000709s ]
INFO: [ app_begin ] --START--
INFO: Run Behavior\ReadHtmlCacheBehavior [ RunTime:0.000714s ]
INFO: [ app_begin ] --END-- [ RunTime:0.000762s ]
NOTIC: [2048] Declaration of Common\Model\BaseModel::select() should be compatible with Think\Model::select($options = Array) D:\phpStudy\WWW\A00\Application\Common\Model\BaseModel.class.php 第 11 行.
SQL: SHOW COLUMNS FROM `a00_users` [ RunTime:0.0020s ]
SQL: select * from a00_users where   username='aaa'  [ RunTime:0.0012s ]
INFO: [ view_parse ] --START--
INFO: [ template_filter ] --START--
INFO: Run Behavior\ContentReplaceBehavior [ RunTime:0.000348s ]
INFO: [ template_filter ] --END-- [ RunTime:0.000428s ]
INFO: Run Behavior\ParseTemplateBehavior [ RunTime:0.268679s ]
INFO: [ view_parse ] --END-- [ RunTime:0.268791s ]
INFO: [ view_filter ] --START--
INFO: Run Behavior\WriteHtmlCacheBehavior [ RunTime:0.000629s ]
INFO: [ view_filter ] --END-- [ RunTime:0.000665s ]
INFO: [ app_end ] --START--
INFO: Run Behavior\ShowPageTraceBehavior [ RunTime:0.000967s ]
INFO: [ app_end ] --END-- [ RunTime:0.001014s ]

[ 2019-06-17T19:31:43+08:00 ] ::1 /A00/admin.php/Index/checkLoginIn.html
INFO: [ app_init ] --START--
INFO: Run Behavior\BuildLiteBehavior [ RunTime:0.000011s ]
INFO: [ app_init ] --END-- [ RunTime:0.000361s ]
INFO: [ app_begin ] --START--
INFO: Run Behavior\ReadHtmlCacheBehavior [ RunTime:0.000759s ]
INFO: [ app_begin ] --END-- [ RunTime:0.000805s ]
NOTIC: [2048] Declaration of Common\Model\BaseModel::select() should be compatible with Think\Model::select($options = Array) D:\phpStudy\WWW\A00\Application\Common\Model\BaseModel.class.php 第 11 行.
SQL: SHOW COLUMNS FROM `a00_users` [ RunTime:0.0008s ]
SQL: select * from a00_users where   username='aaa'  [ RunTime:0.0004s ]
INFO: [ view_parse ] --START--
INFO: [ template_filter ] --START--
INFO: Run Behavior\ContentReplaceBehavior [ RunTime:0.000206s ]
INFO: [ template_filter ] --END-- [ RunTime:0.000251s ]
INFO: Run Behavior\ParseTemplateBehavior [ RunTime:0.017413s ]
INFO: [ view_parse ] --END-- [ RunTime:0.017452s ]
INFO: [ view_filter ] --START--
INFO: Run Behavior\WriteHtmlCacheBehavior [ RunTime:0.000510s ]
INFO: [ view_filter ] --END-- [ RunTime:0.000539s ]
INFO: [ app_end ] --START--
INFO: Run Behavior\ShowPageTraceBehavior [ RunTime:0.001198s ]
INFO: [ app_end ] --END-- [ RunTime:0.001273s ]

[ 2019-06-17T19:31:44+08:00 ] ::1 /A00/admin.php/User/showChangePwdInfo?userId=1
INFO: [ app_init ] --START--
INFO: Run Behavior\BuildLiteBehavior [ RunTime:0.000014s ]
INFO: [ app_init ] --END-- [ RunTime:0.000417s ]
INFO: [ app_begin ] --START--
INFO: Run Behavior\ReadHtmlCacheBehavior [ RunTime:0.000549s ]
INFO: [ app_begin ] --END-- [ RunTime:0.000597s ]
NOTIC: [2048] Declaration of Common\Model\BaseModel::select() should be compatible with Think\Model::select($options = Array) D:\phpStudy\WWW\A00\Application\Common\Model\BaseModel.class.php 第 11 行.
SQL: SHOW COLUMNS FROM `a00_log` [ RunTime:0.0011s ]
INFO: [ view_parse ] --START--
INFO: [ template_filter ] --START--
INFO: Run Behavior\ContentReplaceBehavior [ RunTime:0.000072s ]
INFO: [ template_filter ] --END-- [ RunTime:0.000110s ]
INFO: Run Behavior\ParseTemplateBehavior [ RunTime:0.010440s ]
INFO: [ view_parse ] --END-- [ RunTime:0.010494s ]
INFO: [ view_filter ] --START--
INFO: Run Behavior\WriteHtmlCacheBehavior [ RunTime:0.000568s ]
INFO: [ view_filter ] --END-- [ RunTime:0.000602s ]
INFO: [ app_end ] --START--
INFO: Run Behavior\ShowPageTraceBehavior [ RunTime:0.001057s ]
INFO: [ app_end ] --END-- [ RunTime:0.001098s ]

[ 2019-06-17T19:32:05+08:00 ] ::1 /A00/admin.php/Index/checkLoginIn.html
INFO: [ app_init ] --START--
INFO: Run Behavior\BuildLiteBehavior [ RunTime:0.000010s ]
INFO: [ app_init ] --END-- [ RunTime:0.000326s ]
INFO: [ app_begin ] --START--
INFO: Run Behavior\ReadHtmlCacheBehavior [ RunTime:0.000783s ]
INFO: [ app_begin ] --END-- [ RunTime:0.000854s ]
NOTIC: [2048] Declaration of Common\Model\BaseModel::select() should be compatible with Think\Model::select($options = Array) D:\phpStudy\WWW\A00\Application\Common\Model\BaseModel.class.php 第 11 行.
SQL: SHOW COLUMNS FROM `a00_users` [ RunTime:0.0020s ]
SQL: select * from a00_users where   username='aaa'  [ RunTime:0.0011s ]
INFO: [ view_parse ] --START--
INFO: [ template_filter ] --START--
INFO: Run Behavior\ContentReplaceBehavior [ RunTime:0.000149s ]
INFO: [ template_filter ] --END-- [ RunTime:0.000201s ]
INFO: Run Behavior\ParseTemplateBehavior [ RunTime:0.017841s ]
INFO: [ view_parse ] --END-- [ RunTime:0.017982s ]
INFO: [ view_filter ] --START--
INFO: Run Behavior\WriteHtmlCacheBehavior [ RunTime:0.000548s ]
INFO: [ view_filter ] --END-- [ RunTime:0.000579s ]
INFO: [ app_end ] --START--
INFO: Run Behavior\ShowPageTraceBehavior [ RunTime:0.001028s ]
INFO: [ app_end ] --END-- [ RunTime:0.001109s ]

[ 2019-06-17T19:32:07+08:00 ] ::1 /A00/admin.php/User/showChangePwdInfo?userId=1
INFO: [ app_init ] --START--
INFO: Run Behavior\BuildLiteBehavior [ RunTime:0.000035s ]
INFO: [ app_init ] --END-- [ RunTime:0.000493s ]
INFO: [ app_begin ] --START--
INFO: Run Behavior\ReadHtmlCacheBehavior [ RunTime:0.000554s ]
INFO: [ app_begin ] --END-- [ RunTime:0.000599s ]
NOTIC: [2048] Declaration of Common\Model\BaseModel::select() should be compatible with Think\Model::select($options = Array) D:\phpStudy\WWW\A00\Application\Common\Model\BaseModel.class.php 第 11 行.
SQL: SHOW COLUMNS FROM `a00_log` [ RunTime:0.0008s ]
INFO: [ view_parse ] --START--
INFO: [ template_filter ] --START--
INFO: Run Behavior\ContentReplaceBehavior [ RunTime:0.000101s ]
INFO: [ template_filter ] --END-- [ RunTime:0.000173s ]
INFO: Run Behavior\ParseTemplateBehavior [ RunTime:0.022260s ]
INFO: [ view_parse ] --END-- [ RunTime:0.022423s ]
INFO: [ view_filter ] --START--
INFO: Run Behavior\WriteHtmlCacheBehavior [ RunTime:0.000539s ]
INFO: [ view_filter ] --END-- [ RunTime:0.000570s ]
INFO: [ app_end ] --START--
INFO: Run Behavior\ShowPageTraceBehavior [ RunTime:0.001068s ]
INFO: [ app_end ] --END-- [ RunTime:0.001118s ]

[ 2019-06-17T19:33:05+08:00 ] ::1 /A00/admin.php/Index/checkLoginIn.html
INFO: [ app_init ] --START--
INFO: Run Behavior\BuildLiteBehavior [ RunTime:0.000013s ]
INFO: [ app_init ] --END-- [ RunTime:0.000375s ]
INFO: [ app_begin ] --START--
INFO: Run Behavior\ReadHtmlCacheBehavior [ RunTime:0.000533s ]
INFO: [ app_begin ] --END-- [ RunTime:0.000575s ]
NOTIC: [2048] Declaration of Common\Model\BaseModel::select() should be compatible with Think\Model::select($options = Array) D:\phpStudy\WWW\A00\Application\Common\Model\BaseModel.class.php 第 11 行.
SQL: SHOW COLUMNS FROM `a00_users` [ RunTime:0.0009s ]
SQL: select * from a00_users where   username='aaa'  [ RunTime:0.0003s ]
INFO: [ view_parse ] --START--
INFO: [ template_filter ] --START--
INFO: Run Behavior\ContentReplaceBehavior [ RunTime:0.000147s ]
INFO: [ template_filter ] --END-- [ RunTime:0.000184s ]
INFO: Run Behavior\ParseTemplateBehavior [ RunTime:0.013226s ]
INFO: [ view_parse ] --END-- [ RunTime:0.013268s ]
INFO: [ view_filter ] --START--
INFO: Run Behavior\WriteHtmlCacheBehavior [ RunTime:0.000381s ]
INFO: [ view_filter ] --END-- [ RunTime:0.000411s ]
INFO: [ app_end ] --START--
INFO: Run Behavior\ShowPageTraceBehavior [ RunTime:0.001178s ]
INFO: [ app_end ] --END-- [ RunTime:0.001275s ]

[ 2019-06-17T19:33:55+08:00 ] ::1 /A00/admin.php/Index/checkLoginIn.html
INFO: [ app_init ] --START--
INFO: Run Behavior\BuildLiteBehavior [ RunTime:0.000011s ]
INFO: [ app_init ] --END-- [ RunTime:0.000315s ]
INFO: [ app_begin ] --START--
INFO: Run Behavior\ReadHtmlCacheBehavior [ RunTime:0.000681s ]
INFO: [ app_begin ] --END-- [ RunTime:0.000720s ]
NOTIC: [2048] Declaration of Common\Model\BaseModel::select() should be compatible with Think\Model::select($options = Array) D:\phpStudy\WWW\A00\Application\Common\Model\BaseModel.class.php 第 11 行.
SQL: SHOW COLUMNS FROM `a00_users` [ RunTime:0.0010s ]
SQL: select * from a00_users where   username='aaa'  [ RunTime:0.0005s ]
INFO: [ view_parse ] --START--
INFO: [ template_filter ] --START--
INFO: Run Behavior\ContentReplaceBehavior [ RunTime:0.000120s ]
INFO: [ template_filter ] --END-- [ RunTime:0.000156s ]
INFO: Run Behavior\ParseTemplateBehavior [ RunTime:0.013232s ]
INFO: [ view_parse ] --END-- [ RunTime:0.013272s ]
INFO: [ view_filter ] --START--
INFO: Run Behavior\WriteHtmlCacheBehavior [ RunTime:0.000555s ]
INFO: [ view_filter ] --END-- [ RunTime:0.000588s ]
INFO: [ app_end ] --START--
INFO: Run Behavior\ShowPageTraceBehavior [ RunTime:0.001580s ]
INFO: [ app_end ] --END-- [ RunTime:0.001637s ]

[ 2019-06-17T19:34:13+08:00 ] ::1 /A00/admin.php/Index/checkLoginIn.html
INFO: [ app_init ] --START--
INFO: Run Behavior\BuildLiteBehavior [ RunTime:0.000011s ]
INFO: [ app_init ] --END-- [ RunTime:0.000316s ]
INFO: [ app_begin ] --START--
INFO: Run Behavior\ReadHtmlCacheBehavior [ RunTime:0.000748s ]
INFO: [ app_begin ] --END-- [ RunTime:0.000810s ]
NOTIC: [2048] Declaration of Common\Model\BaseModel::select() should be compatible with Think\Model::select($options = Array) D:\phpStudy\WWW\A00\Application\Common\Model\BaseModel.class.php 第 11 行.
SQL: SHOW COLUMNS FROM `a00_users` [ RunTime:0.0007s ]
SQL: select * from a00_users where   username='aaa'  [ RunTime:0.0003s ]
INFO: [ view_parse ] --START--
INFO: [ template_filter ] --START--
INFO: Run Behavior\ContentReplaceBehavior [ RunTime:0.000227s ]
INFO: [ template_filter ] --END-- [ RunTime:0.000297s ]
INFO: Run Behavior\ParseTemplateBehavior [ RunTime:0.194791s ]
INFO: [ view_parse ] --END-- [ RunTime:0.194843s ]
INFO: [ view_filter ] --START--
INFO: Run Behavior\WriteHtmlCacheBehavior [ RunTime:0.000875s ]
INFO: [ view_filter ] --END-- [ RunTime:0.000928s ]
INFO: [ app_end ] --START--
INFO: Run Behavior\ShowPageTraceBehavior [ RunTime:0.001419s ]
INFO: [ app_end ] --END-- [ RunTime:0.001480s ]

[ 2019-06-17T19:34:15+08:00 ] ::1 /A00/admin.php/Index/checkLoginIn.html
INFO: [ app_init ] --START--
INFO: Run Behavior\BuildLiteBehavior [ RunTime:0.000010s ]
INFO: [ app_init ] --END-- [ RunTime:0.000309s ]
INFO: [ app_begin ] --START--
INFO: Run Behavior\ReadHtmlCacheBehavior [ RunTime:0.000801s ]
INFO: [ app_begin ] --END-- [ RunTime:0.000850s ]
NOTIC: [2048] Declaration of Common\Model\BaseModel::select() should be compatible with Think\Model::select($options = Array) D:\phpStudy\WWW\A00\Application\Common\Model\BaseModel.class.php 第 11 行.
SQL: SHOW COLUMNS FROM `a00_users` [ RunTime:0.0007s ]
SQL: select * from a00_users where   username='aaa'  [ RunTime:0.0003s ]
INFO: [ view_parse ] --START--
INFO: [ template_filter ] --START--
INFO: Run Behavior\ContentReplaceBehavior [ RunTime:0.000128s ]
INFO: [ template_filter ] --END-- [ RunTime:0.000172s ]
INFO: Run Behavior\ParseTemplateBehavior [ RunTime:0.015071s ]
INFO: [ view_parse ] --END-- [ RunTime:0.015112s ]
INFO: [ view_filter ] --START--
INFO: Run Behavior\WriteHtmlCacheBehavior [ RunTime:0.000729s ]
INFO: [ view_filter ] --END-- [ RunTime:0.000760s ]
INFO: [ app_end ] --START--
INFO: Run Behavior\ShowPageTraceBehavior [ RunTime:0.001128s ]
INFO: [ app_end ] --END-- [ RunTime:0.001181s ]

[ 2019-06-17T19:34:41+08:00 ] ::1 /A00/admin.php/Index/checkLoginIn.html
INFO: [ app_init ] --START--
INFO: Run Behavior\BuildLiteBehavior [ RunTime:0.000010s ]
INFO: [ app_init ] --END-- [ RunTime:0.000310s ]
INFO: [ app_begin ] --START--
INFO: Run Behavior\ReadHtmlCacheBehavior [ RunTime:0.000610s ]
INFO: [ app_begin ] --END-- [ RunTime:0.000689s ]
NOTIC: [2048] Declaration of Common\Model\BaseModel::select() should be compatible with Think\Model::select($options = Array) D:\phpStudy\WWW\A00\Application\Common\Model\BaseModel.class.php 第 11 行.
SQL: SHOW COLUMNS FROM `a00_users` [ RunTime:0.0008s ]
SQL: select * from a00_users where   username='aaa'  [ RunTime:0.0003s ]
INFO: [ view_parse ] --START--
INFO: [ template_filter ] --START--
INFO: Run Behavior\ContentReplaceBehavior [ RunTime:0.000256s ]
INFO: [ template_filter ] --END-- [ RunTime:0.000293s ]
INFO: Run Behavior\ParseTemplateBehavior [ RunTime:0.012820s ]
INFO: [ view_parse ] --END-- [ RunTime:0.012963s ]
INFO: [ view_filter ] --START--
INFO: Run Behavior\WriteHtmlCacheBehavior [ RunTime:0.000504s ]
INFO: [ view_filter ] --END-- [ RunTime:0.000534s ]
INFO: [ app_end ] --START--
INFO: Run Behavior\ShowPageTraceBehavior [ RunTime:0.001469s ]
INFO: [ app_end ] --END-- [ RunTime:0.001549s ]

[ 2019-06-17T19:34:51+08:00 ] ::1 /A00/admin.php/Index/checkLoginIn.html
INFO: [ app_init ] --START--
INFO: Run Behavior\BuildLiteBehavior [ RunTime:0.000013s ]
INFO: [ app_init ] --END-- [ RunTime:0.000351s ]
INFO: [ app_begin ] --START--
INFO: Run Behavior\ReadHtmlCacheBehavior [ RunTime:0.000572s ]
INFO: [ app_begin ] --END-- [ RunTime:0.000619s ]
NOTIC: [2048] Declaration of Common\Model\BaseModel::select() should be compatible with Think\Model::select($options = Array) D:\phpStudy\WWW\A00\Application\Common\Model\BaseModel.class.php 第 11 行.
SQL: SHOW COLUMNS FROM `a00_users` [ RunTime:0.0007s ]
SQL: select * from a00_users where   username='aaa'  [ RunTime:0.0003s ]
INFO: [ view_parse ] --START--
INFO: [ template_filter ] --START--
INFO: Run Behavior\ContentReplaceBehavior [ RunTime:0.000118s ]
INFO: [ template_filter ] --END-- [ RunTime:0.000155s ]
INFO: Run Behavior\ParseTemplateBehavior [ RunTime:0.012188s ]
INFO: [ view_parse ] --END-- [ RunTime:0.012235s ]
INFO: [ view_filter ] --START--
INFO: Run Behavior\WriteHtmlCacheBehavior [ RunTime:0.000551s ]
INFO: [ view_filter ] --END-- [ RunTime:0.000583s ]
INFO: [ app_end ] --START--
INFO: Run Behavior\ShowPageTraceBehavior [ RunTime:0.001648s ]
INFO: [ app_end ] --END-- [ RunTime:0.001746s ]

[ 2019-06-17T19:35:02+08:00 ] ::1 /A00/admin.php/Index/checkLoginIn.html
INFO: [ app_init ] --START--
INFO: Run Behavior\BuildLiteBehavior [ RunTime:0.000011s ]
INFO: [ app_init ] --END-- [ RunTime:0.000335s ]
INFO: [ app_begin ] --START--
INFO: Run Behavior\ReadHtmlCacheBehavior [ RunTime:0.000681s ]
INFO: [ app_begin ] --END-- [ RunTime:0.000724s ]
NOTIC: [2048] Declaration of Common\Model\BaseModel::select() should be compatible with Think\Model::select($options = Array) D:\phpStudy\WWW\A00\Application\Common\Model\BaseModel.class.php 第 11 行.
SQL: SHOW COLUMNS FROM `a00_users` [ RunTime:0.0007s ]
SQL: select * from a00_users where   username='aaa'  [ RunTime:0.0004s ]
INFO: [ view_parse ] --START--
INFO: [ template_filter ] --START--
INFO: Run Behavior\ContentReplaceBehavior [ RunTime:0.000128s ]
INFO: [ template_filter ] --END-- [ RunTime:0.000175s ]
INFO: Run Behavior\ParseTemplateBehavior [ RunTime:0.013229s ]
INFO: [ view_parse ] --END-- [ RunTime:0.013300s ]
INFO: [ view_filter ] --START--
INFO: Run Behavior\WriteHtmlCacheBehavior [ RunTime:0.000583s ]
INFO: [ view_filter ] --END-- [ RunTime:0.000612s ]
INFO: [ app_end ] --START--
INFO: Run Behavior\ShowPageTraceBehavior [ RunTime:0.001140s ]
INFO: [ app_end ] --END-- [ RunTime:0.001176s ]

[ 2019-06-17T19:35:45+08:00 ] ::1 /A00/admin.php/User/showUserInfo?userId=1
INFO: [ app_init ] --START--
INFO: Run Behavior\BuildLiteBehavior [ RunTime:0.000030s ]
INFO: [ app_init ] --END-- [ RunTime:0.000521s ]
INFO: [ app_begin ] --START--
INFO: Run Behavior\ReadHtmlCacheBehavior [ RunTime:0.000868s ]
INFO: [ app_begin ] --END-- [ RunTime:0.000920s ]
NOTIC: [2048] Declaration of Common\Model\BaseModel::select() should be compatible with Think\Model::select($options = Array) D:\phpStudy\WWW\A00\Application\Common\Model\BaseModel.class.php 第 11 行.
SQL: SHOW COLUMNS FROM `a00_log` [ RunTime:0.0007s ]
SQL: SHOW COLUMNS FROM `a00_users` [ RunTime:0.0009s ]
SQL: select * from a00_users where `id`=1 and `user_del`=0 [ RunTime:0.0005s ]
INFO: [ view_parse ] --START--
INFO: [ template_filter ] --START--
INFO: Run Behavior\ContentReplaceBehavior [ RunTime:0.000066s ]
INFO: [ template_filter ] --END-- [ RunTime:0.000100s ]
INFO: Run Behavior\ParseTemplateBehavior [ RunTime:0.007616s ]
INFO: [ view_parse ] --END-- [ RunTime:0.007656s ]
INFO: [ view_filter ] --START--
INFO: Run Behavior\WriteHtmlCacheBehavior [ RunTime:0.000450s ]
INFO: [ view_filter ] --END-- [ RunTime:0.000479s ]
INFO: [ app_end ] --START--
INFO: Run Behavior\ShowPageTraceBehavior [ RunTime:0.000948s ]
INFO: [ app_end ] --END-- [ RunTime:0.000986s ]

[ 2019-06-17T19:43:28+08:00 ] ::1 /A00/admin.php/Index/checkLoginIn.html
INFO: [ app_init ] --START--
INFO: Run Behavior\BuildLiteBehavior [ RunTime:0.000017s ]
INFO: [ app_init ] --END-- [ RunTime:0.000591s ]
INFO: [ app_begin ] --START--
INFO: Run Behavior\ReadHtmlCacheBehavior [ RunTime:0.000805s ]
INFO: [ app_begin ] --END-- [ RunTime:0.000854s ]
NOTIC: [2048] Declaration of Common\Model\BaseModel::select() should be compatible with Think\Model::select($options = Array) D:\phpStudy\WWW\A00\Application\Common\Model\BaseModel.class.php 第 11 行.
SQL: SHOW COLUMNS FROM `a00_users` [ RunTime:0.0014s ]
SQL: select * from a00_users where   username='aaa'  [ RunTime:0.0005s ]
INFO: [ view_parse ] --START--
INFO: [ template_filter ] --START--
INFO: Run Behavior\ContentReplaceBehavior [ RunTime:0.000130s ]
INFO: [ template_filter ] --END-- [ RunTime:0.000171s ]
INFO: Run Behavior\ParseTemplateBehavior [ RunTime:0.023616s ]
INFO: [ view_parse ] --END-- [ RunTime:0.023659s ]
INFO: [ view_filter ] --START--
INFO: Run Behavior\WriteHtmlCacheBehavior [ RunTime:0.000725s ]
INFO: [ view_filter ] --END-- [ RunTime:0.000759s ]
INFO: [ app_end ] --START--
INFO: Run Behavior\ShowPageTraceBehavior [ RunTime:0.001211s ]
INFO: [ app_end ] --END-- [ RunTime:0.001283s ]

[ 2019-06-17T19:43:29+08:00 ] ::1 /A00/admin.php/User/showUserInfo?userId=1
INFO: [ app_init ] --START--
INFO: Run Behavior\BuildLiteBehavior [ RunTime:0.000012s ]
INFO: [ app_init ] --END-- [ RunTime:0.000515s ]
INFO: [ app_begin ] --START--
INFO: Run Behavior\ReadHtmlCacheBehavior [ RunTime:0.001187s ]
INFO: [ app_begin ] --END-- [ RunTime:0.001334s ]
NOTIC: [2048] Declaration of Common\Model\BaseModel::select() should be compatible with Think\Model::select($options = Array) D:\phpStudy\WWW\A00\Application\Common\Model\BaseModel.class.php 第 11 行.
SQL: SHOW COLUMNS FROM `a00_log` [ RunTime:0.0010s ]
SQL: SHOW COLUMNS FROM `a00_users` [ RunTime:0.0007s ]
SQL: select * from a00_users where `id`=1 and `user_del`=0 [ RunTime:0.0007s ]
INFO: [ view_parse ] --START--
INFO: [ template_filter ] --START--
INFO: Run Behavior\ContentReplaceBehavior [ RunTime:0.000069s ]
INFO: [ template_filter ] --END-- [ RunTime:0.000111s ]
INFO: Run Behavior\ParseTemplateBehavior [ RunTime:0.011501s ]
INFO: [ view_parse ] --END-- [ RunTime:0.011555s ]
INFO: [ view_filter ] --START--
INFO: Run Behavior\WriteHtmlCacheBehavior [ RunTime:0.000492s ]
INFO: [ view_filter ] --END-- [ RunTime:0.000533s ]
INFO: [ app_end ] --START--
INFO: Run Behavior\ShowPageTraceBehavior [ RunTime:0.000773s ]
INFO: [ app_end ] --END-- [ RunTime:0.000810s ]

[ 2019-06-17T19:44:18+08:00 ] ::1 /A00/admin.php/Index/checkLoginIn.html
INFO: [ app_init ] --START--
INFO: Run Behavior\BuildLiteBehavior [ RunTime:0.000013s ]
INFO: [ app_init ] --END-- [ RunTime:0.000595s ]
INFO: [ app_begin ] --START--
INFO: Run Behavior\ReadHtmlCacheBehavior [ RunTime:0.000556s ]
INFO: [ app_begin ] --END-- [ RunTime:0.000603s ]
NOTIC: [2048] Declaration of Common\Model\BaseModel::select() should be compatible with Think\Model::select($options = Array) D:\phpStudy\WWW\A00\Application\Common\Model\BaseModel.class.php 第 11 行.
SQL: SHOW COLUMNS FROM `a00_users` [ RunTime:0.0008s ]
SQL: select * from a00_users where   username='aaa'  [ RunTime:0.0003s ]
INFO: [ view_parse ] --START--
INFO: [ template_filter ] --START--
INFO: Run Behavior\ContentReplaceBehavior [ RunTime:0.000149s ]
INFO: [ template_filter ] --END-- [ RunTime:0.000211s ]
INFO: Run Behavior\ParseTemplateBehavior [ RunTime:0.017003s ]
INFO: [ view_parse ] --END-- [ RunTime:0.017047s ]
INFO: [ view_filter ] --START--
INFO: Run Behavior\WriteHtmlCacheBehavior [ RunTime:0.000419s ]
INFO: [ view_filter ] --END-- [ RunTime:0.000450s ]
INFO: [ app_end ] --START--
INFO: Run Behavior\ShowPageTraceBehavior [ RunTime:0.000819s ]
INFO: [ app_end ] --END-- [ RunTime:0.000860s ]

[ 2019-06-17T19:44:20+08:00 ] ::1 /A00/admin.php/User/showUserInfo?userId=1
INFO: [ app_init ] --START--
INFO: Run Behavior\BuildLiteBehavior [ RunTime:0.000012s ]
INFO: [ app_init ] --END-- [ RunTime:0.000347s ]
INFO: [ app_begin ] --START--
INFO: Run Behavior\ReadHtmlCacheBehavior [ RunTime:0.001187s ]
INFO: [ app_begin ] --END-- [ RunTime:0.001264s ]
NOTIC: [2048] Declaration of Common\Model\BaseModel::select() should be compatible with Think\Model::select($options = Array) D:\phpStudy\WWW\A00\Application\Common\Model\BaseModel.class.php 第 11 行.
SQL: SHOW COLUMNS FROM `a00_log` [ RunTime:0.0006s ]
SQL: SHOW COLUMNS FROM `a00_users` [ RunTime:0.0005s ]
SQL: select * from a00_users where `id`=1 and `user_del`=0 [ RunTime:0.0003s ]
INFO: [ view_parse ] --START--
INFO: [ template_filter ] --START--
INFO: Run Behavior\ContentReplaceBehavior [ RunTime:0.000067s ]
INFO: [ template_filter ] --END-- [ RunTime:0.000103s ]
INFO: Run Behavior\ParseTemplateBehavior [ RunTime:0.008897s ]
INFO: [ view_parse ] --END-- [ RunTime:0.008946s ]
INFO: [ view_filter ] --START--
INFO: Run Behavior\WriteHtmlCacheBehavior [ RunTime:0.000458s ]
INFO: [ view_filter ] --END-- [ RunTime:0.000505s ]
INFO: [ app_end ] --START--
INFO: Run Behavior\ShowPageTraceBehavior [ RunTime:0.000757s ]
INFO: [ app_end ] --END-- [ RunTime:0.000820s ]

[ 2019-06-17T19:45:06+08:00 ] ::1 /A00/admin.php/Index/checkLoginIn.html
INFO: [ app_init ] --START--
INFO: Run Behavior\BuildLiteBehavior [ RunTime:0.000015s ]
INFO: [ app_init ] --END-- [ RunTime:0.000354s ]
INFO: [ app_begin ] --START--
INFO: Run Behavior\ReadHtmlCacheBehavior [ RunTime:0.001010s ]
INFO: [ app_begin ] --END-- [ RunTime:0.001075s ]
NOTIC: [2048] Declaration of Common\Model\BaseModel::select() should be compatible with Think\Model::select($options = Array) D:\phpStudy\WWW\A00\Application\Common\Model\BaseModel.class.php 第 11 行.
SQL: SHOW COLUMNS FROM `a00_users` [ RunTime:0.0006s ]
SQL: select * from a00_users where   username='aaa'  [ RunTime:0.0004s ]
INFO: [ view_parse ] --START--
INFO: [ template_filter ] --START--
INFO: Run Behavior\ContentReplaceBehavior [ RunTime:0.000129s ]
INFO: [ template_filter ] --END-- [ RunTime:0.000172s ]
INFO: Run Behavior\ParseTemplateBehavior [ RunTime:0.015856s ]
INFO: [ view_parse ] --END-- [ RunTime:0.015897s ]
INFO: [ view_filter ] --START--
INFO: Run Behavior\WriteHtmlCacheBehavior [ RunTime:0.000319s ]
INFO: [ view_filter ] --END-- [ RunTime:0.000350s ]
INFO: [ app_end ] --START--
INFO: Run Behavior\ShowPageTraceBehavior [ RunTime:0.000848s ]
INFO: [ app_end ] --END-- [ RunTime:0.000886s ]

[ 2019-06-17T19:45:07+08:00 ] ::1 /A00/admin.php/User/showUserInfo?userId=1
INFO: [ app_init ] --START--
INFO: Run Behavior\BuildLiteBehavior [ RunTime:0.000012s ]
INFO: [ app_init ] --END-- [ RunTime:0.000354s ]
INFO: [ app_begin ] --START--
INFO: Run Behavior\ReadHtmlCacheBehavior [ RunTime:0.000817s ]
INFO: [ app_begin ] --END-- [ RunTime:0.000872s ]
NOTIC: [2048] Declaration of Common\Model\BaseModel::select() should be compatible with Think\Model::select($options = Array) D:\phpStudy\WWW\A00\Application\Common\Model\BaseModel.class.php 第 11 行.
SQL: SHOW COLUMNS FROM `a00_log` [ RunTime:0.0007s ]
SQL: SHOW COLUMNS FROM `a00_users` [ RunTime:0.0009s ]
SQL: select * from a00_users where `id`=1 and `user_del`=0 [ RunTime:0.0005s ]
INFO: [ view_parse ] --START--
INFO: [ template_filter ] --START--
INFO: Run Behavior\ContentReplaceBehavior [ RunTime:0.000067s ]
INFO: [ template_filter ] --END-- [ RunTime:0.000105s ]
INFO: Run Behavior\ParseTemplateBehavior [ RunTime:0.010215s ]
INFO: [ view_parse ] --END-- [ RunTime:0.010261s ]
INFO: [ view_filter ] --START--
INFO: Run Behavior\WriteHtmlCacheBehavior [ RunTime:0.000712s ]
INFO: [ view_filter ] --END-- [ RunTime:0.000798s ]
INFO: [ app_end ] --START--
INFO: Run Behavior\ShowPageTraceBehavior [ RunTime:0.000974s ]
INFO: [ app_end ] --END-- [ RunTime:0.001049s ]

[ 2019-06-17T19:46:21+08:00 ] ::1 /A00/admin.php/Index/checkLoginIn.html
INFO: [ app_init ] --START--
INFO: Run Behavior\BuildLiteBehavior [ RunTime:0.000010s ]
INFO: [ app_init ] --END-- [ RunTime:0.000367s ]
INFO: [ app_begin ] --START--
INFO: Run Behavior\ReadHtmlCacheBehavior [ RunTime:0.000641s ]
INFO: [ app_begin ] --END-- [ RunTime:0.000682s ]
NOTIC: [2048] Declaration of Common\Model\BaseModel::select() should be compatible with Think\Model::select($options = Array) D:\phpStudy\WWW\A00\Application\Common\Model\BaseModel.class.php 第 11 行.
SQL: SHOW COLUMNS FROM `a00_users` [ RunTime:0.0013s ]
SQL: select * from a00_users where   username='aaa'  [ RunTime:0.0010s ]
INFO: [ view_parse ] --START--
INFO: [ template_filter ] --START--
INFO: Run Behavior\ContentReplaceBehavior [ RunTime:0.000126s ]
INFO: [ template_filter ] --END-- [ RunTime:0.000168s ]
INFO: Run Behavior\ParseTemplateBehavior [ RunTime:0.019636s ]
INFO: [ view_parse ] --END-- [ RunTime:0.019758s ]
INFO: [ view_filter ] --START--
INFO: Run Behavior\WriteHtmlCacheBehavior [ RunTime:0.000483s ]
INFO: [ view_filter ] --END-- [ RunTime:0.000513s ]
INFO: [ app_end ] --START--
INFO: Run Behavior\ShowPageTraceBehavior [ RunTime:0.000773s ]
INFO: [ app_end ] --END-- [ RunTime:0.000808s ]

[ 2019-06-17T19:46:22+08:00 ] ::1 /A00/admin.php/User/showUserInfo?userId=1
INFO: [ app_init ] --START--
INFO: Run Behavior\BuildLiteBehavior [ RunTime:0.000018s ]
INFO: [ app_init ] --END-- [ RunTime:0.000572s ]
INFO: [ app_begin ] --START--
INFO: Run Behavior\ReadHtmlCacheBehavior [ RunTime:0.001142s ]
INFO: [ app_begin ] --END-- [ RunTime:0.001221s ]
NOTIC: [2048] Declaration of Common\Model\BaseModel::select() should be compatible with Think\Model::select($options = Array) D:\phpStudy\WWW\A00\Application\Common\Model\BaseModel.class.php 第 11 行.
SQL: SHOW COLUMNS FROM `a00_log` [ RunTime:0.0008s ]
SQL: SHOW COLUMNS FROM `a00_users` [ RunTime:0.0006s ]
SQL: select * from a00_users where `id`=1 and `user_del`=0 [ RunTime:0.0005s ]
INFO: [ view_parse ] --START--
INFO: [ template_filter ] --START--
INFO: Run Behavior\ContentReplaceBehavior [ RunTime:0.000092s ]
INFO: [ template_filter ] --END-- [ RunTime:0.000153s ]
INFO: Run Behavior\ParseTemplateBehavior [ RunTime:0.011412s ]
INFO: [ view_parse ] --END-- [ RunTime:0.011460s ]
INFO: [ view_filter ] --START--
INFO: Run Behavior\WriteHtmlCacheBehavior [ RunTime:0.000509s ]
INFO: [ view_filter ] --END-- [ RunTime:0.000538s ]
INFO: [ app_end ] --START--
INFO: Run Behavior\ShowPageTraceBehavior [ RunTime:0.001016s ]
INFO: [ app_end ] --END-- [ RunTime:0.001055s ]

[ 2019-06-17T19:47:06+08:00 ] ::1 /A00/admin.php/Index/checkLoginIn.html
INFO: [ app_init ] --START--
INFO: Run Behavior\BuildLiteBehavior [ RunTime:0.000013s ]
INFO: [ app_init ] --END-- [ RunTime:0.000371s ]
INFO: [ app_begin ] --START--
INFO: Run Behavior\ReadHtmlCacheBehavior [ RunTime:0.001638s ]
INFO: [ app_begin ] --END-- [ RunTime:0.001784s ]
NOTIC: [2048] Declaration of Common\Model\BaseModel::select() should be compatible with Think\Model::select($options = Array) D:\phpStudy\WWW\A00\Application\Common\Model\BaseModel.class.php 第 11 行.
SQL: SHOW COLUMNS FROM `a00_users` [ RunTime:0.0006s ]
SQL: select * from a00_users where   username='aaa'  [ RunTime:0.0003s ]
INFO: [ view_parse ] --START--
INFO: [ template_filter ] --START--
INFO: Run Behavior\ContentReplaceBehavior [ RunTime:0.000332s ]
INFO: [ template_filter ] --END-- [ RunTime:0.000446s ]
INFO: Run Behavior\ParseTemplateBehavior [ RunTime:0.015688s ]
INFO: [ view_parse ] --END-- [ RunTime:0.015731s ]
INFO: [ view_filter ] --START--
INFO: Run Behavior\WriteHtmlCacheBehavior [ RunTime:0.000524s ]
INFO: [ view_filter ] --END-- [ RunTime:0.000554s ]
INFO: [ app_end ] --START--
INFO: Run Behavior\ShowPageTraceBehavior [ RunTime:0.000902s ]
INFO: [ app_end ] --END-- [ RunTime:0.000940s ]

[ 2019-06-17T19:47:06+08:00 ] ::1 /A00/admin.php/User/showUserInfo?userId=1
INFO: [ app_init ] --START--
INFO: Run Behavior\BuildLiteBehavior [ RunTime:0.000012s ]
INFO: [ app_init ] --END-- [ RunTime:0.000392s ]
INFO: [ app_begin ] --START--
INFO: Run Behavior\ReadHtmlCacheBehavior [ RunTime:0.000588s ]
INFO: [ app_begin ] --END-- [ RunTime:0.000643s ]
NOTIC: [2048] Declaration of Common\Model\BaseModel::select() should be compatible with Think\Model::select($options = Array) D:\phpStudy\WWW\A00\Application\Common\Model\BaseModel.class.php 第 11 行.
SQL: SHOW COLUMNS FROM `a00_log` [ RunTime:0.0009s ]
SQL: SHOW COLUMNS FROM `a00_users` [ RunTime:0.0006s ]
SQL: select * from a00_users where `id`=1 and `user_del`=0 [ RunTime:0.0005s ]
INFO: [ view_parse ] --START--
INFO: [ template_filter ] --START--
INFO: Run Behavior\ContentReplaceBehavior [ RunTime:0.000068s ]
INFO: [ template_filter ] --END-- [ RunTime:0.000108s ]
INFO: Run Behavior\ParseTemplateBehavior [ RunTime:0.017292s ]
INFO: [ view_parse ] --END-- [ RunTime:0.017337s ]
INFO: [ view_filter ] --START--
INFO: Run Behavior\WriteHtmlCacheBehavior [ RunTime:0.000501s ]
INFO: [ view_filter ] --END-- [ RunTime:0.000531s ]
INFO: [ app_end ] --START--
INFO: Run Behavior\ShowPageTraceBehavior [ RunTime:0.000934s ]
INFO: [ app_end ] --END-- [ RunTime:0.000987s ]

