[ 2019-06-21T18:01:17+08:00 ] ::1 /A00/admin.php
INFO: [ app_init ] --START--
INFO: Run Behavior\BuildLiteBehavior [ RunTime:0.000018s ]
INFO: [ app_init ] --END-- [ RunTime:0.032765s ]
INFO: [ app_begin ] --START--
INFO: Run Behavior\ReadHtmlCacheBehavior [ RunTime:0.014961s ]
INFO: [ app_begin ] --END-- [ RunTime:0.015038s ]
INFO: [ view_parse ] --START--
INFO: [ template_filter ] --START--
INFO: Run Behavior\ContentReplaceBehavior [ RunTime:0.002681s ]
INFO: [ template_filter ] --END-- [ RunTime:0.002774s ]
INFO: Run Behavior\ParseTemplateBehavior [ RunTime:0.172314s ]
INFO: [ view_parse ] --END-- [ RunTime:0.172372s ]
INFO: [ view_filter ] --START--
INFO: Run Behavior\WriteHtmlCacheBehavior [ RunTime:0.011126s ]
INFO: [ view_filter ] --END-- [ RunTime:0.011181s ]
INFO: [ app_end ] --START--
INFO: Run Behavior\ShowPageTraceBehavior [ RunTime:0.027976s ]
INFO: [ app_end ] --END-- [ RunTime:0.028034s ]

[ 2019-06-21T18:05:38+08:00 ] ::1 /A00/admin.php/Index/checkLoginIn.html
INFO: [ app_init ] --START--
INFO: Run Behavior\BuildLiteBehavior [ RunTime:0.000011s ]
INFO: [ app_init ] --END-- [ RunTime:0.000392s ]
INFO: [ app_begin ] --START--
INFO: Run Behavior\ReadHtmlCacheBehavior [ RunTime:0.000669s ]
INFO: [ app_begin ] --END-- [ RunTime:0.000717s ]
NOTIC: [2048] Declaration of Common\Model\BaseModel::select() should be compatible with Think\Model::select($options = Array) D:\phpStudy\WWW\A00\Application\Common\Model\BaseModel.class.php 第 11 行.
SQL: SHOW COLUMNS FROM `a00_users` [ RunTime:0.0469s ]
SQL: select * from a00_users where   username='aaa'  [ RunTime:0.0024s ]
INFO: [ view_parse ] --START--
INFO: [ template_filter ] --START--
INFO: Run Behavior\ContentReplaceBehavior [ RunTime:0.000573s ]
INFO: [ template_filter ] --END-- [ RunTime:0.000701s ]
INFO: Run Behavior\ParseTemplateBehavior [ RunTime:0.199248s ]
INFO: [ view_parse ] --END-- [ RunTime:0.199346s ]
INFO: [ view_filter ] --START--
INFO: Run Behavior\WriteHtmlCacheBehavior [ RunTime:0.000726s ]
INFO: [ view_filter ] --END-- [ RunTime:0.000768s ]
INFO: [ app_end ] --START--
INFO: Run Behavior\ShowPageTraceBehavior [ RunTime:0.001059s ]
INFO: [ app_end ] --END-- [ RunTime:0.001109s ]

[ 2019-06-21T18:05:40+08:00 ] ::1 /A00/admin.php/Bussiness/showAddProduct.html
INFO: [ app_init ] --START--
INFO: Run Behavior\BuildLiteBehavior [ RunTime:0.000010s ]
INFO: [ app_init ] --END-- [ RunTime:0.000317s ]
INFO: [ app_begin ] --START--
INFO: Run Behavior\ReadHtmlCacheBehavior [ RunTime:0.000502s ]
INFO: [ app_begin ] --END-- [ RunTime:0.000541s ]
NOTIC: [2048] Declaration of Common\Model\BaseModel::select() should be compatible with Think\Model::select($options = Array) D:\phpStudy\WWW\A00\Application\Common\Model\BaseModel.class.php 第 11 行.
SQL: SHOW COLUMNS FROM `a00_log` [ RunTime:0.0019s ]
INFO: [ view_parse ] --START--
INFO: [ template_filter ] --START--
INFO: Run Behavior\ContentReplaceBehavior [ RunTime:0.000144s ]
INFO: [ template_filter ] --END-- [ RunTime:0.000190s ]
NOTIC: [8] Undefined variable: data D:\phpStudy\WWW\A00\Runtime\Cache\Admin\6369c8f9f1d151cf15186cd50cdc65c1.php 第 459 行.
INFO: Run Behavior\ParseTemplateBehavior [ RunTime:0.040247s ]
INFO: [ view_parse ] --END-- [ RunTime:0.040310s ]
INFO: [ view_filter ] --START--
INFO: Run Behavior\WriteHtmlCacheBehavior [ RunTime:0.000598s ]
INFO: [ view_filter ] --END-- [ RunTime:0.000634s ]
INFO: [ app_end ] --START--
INFO: Run Behavior\ShowPageTraceBehavior [ RunTime:0.000873s ]
INFO: [ app_end ] --END-- [ RunTime:0.000915s ]

[ 2019-06-21T18:08:11+08:00 ] ::1 /A00/admin.php/Bussiness/showAddProduct.html
INFO: [ app_init ] --START--
INFO: Run Behavior\BuildLiteBehavior [ RunTime:0.000010s ]
INFO: [ app_init ] --END-- [ RunTime:0.000334s ]
INFO: [ app_begin ] --START--
INFO: Run Behavior\ReadHtmlCacheBehavior [ RunTime:0.000694s ]
INFO: [ app_begin ] --END-- [ RunTime:0.000732s ]
NOTIC: [2048] Declaration of Common\Model\BaseModel::select() should be compatible with Think\Model::select($options = Array) D:\phpStudy\WWW\A00\Application\Common\Model\BaseModel.class.php 第 11 行.
SQL: SHOW COLUMNS FROM `a00_log` [ RunTime:0.0016s ]
INFO: [ view_parse ] --START--
INFO: [ template_filter ] --START--
INFO: Run Behavior\ContentReplaceBehavior [ RunTime:0.000132s ]
INFO: [ template_filter ] --END-- [ RunTime:0.000164s ]
NOTIC: [8] Undefined variable: data D:\phpStudy\WWW\A00\Runtime\Cache\Admin\6369c8f9f1d151cf15186cd50cdc65c1.php 第 453 行.
NOTIC: [8] Undefined variable: data D:\phpStudy\WWW\A00\Runtime\Cache\Admin\6369c8f9f1d151cf15186cd50cdc65c1.php 第 461 行.
INFO: Run Behavior\ParseTemplateBehavior [ RunTime:0.012428s ]
INFO: [ view_parse ] --END-- [ RunTime:0.012466s ]
INFO: [ view_filter ] --START--
INFO: Run Behavior\WriteHtmlCacheBehavior [ RunTime:0.000458s ]
INFO: [ view_filter ] --END-- [ RunTime:0.000488s ]
INFO: [ app_end ] --START--
INFO: Run Behavior\ShowPageTraceBehavior [ RunTime:0.000670s ]
INFO: [ app_end ] --END-- [ RunTime:0.000705s ]

[ 2019-06-21T18:09:03+08:00 ] ::1 /A00/admin.php/Bussiness/showAddProduct.html
INFO: [ app_init ] --START--
INFO: Run Behavior\BuildLiteBehavior [ RunTime:0.000012s ]
INFO: [ app_init ] --END-- [ RunTime:0.000334s ]
INFO: [ app_begin ] --START--
INFO: Run Behavior\ReadHtmlCacheBehavior [ RunTime:0.000512s ]
INFO: [ app_begin ] --END-- [ RunTime:0.000552s ]
NOTIC: [2048] Declaration of Common\Model\BaseModel::select() should be compatible with Think\Model::select($options = Array) D:\phpStudy\WWW\A00\Application\Common\Model\BaseModel.class.php 第 11 行.
SQL: SHOW COLUMNS FROM `a00_log` [ RunTime:0.0016s ]
INFO: [ view_parse ] --START--
INFO: [ template_filter ] --START--
INFO: Run Behavior\ContentReplaceBehavior [ RunTime:0.000126s ]
INFO: [ template_filter ] --END-- [ RunTime:0.000161s ]
NOTIC: [8] Undefined variable: data D:\phpStudy\WWW\A00\Runtime\Cache\Admin\6369c8f9f1d151cf15186cd50cdc65c1.php 第 453 行.
INFO: Run Behavior\ParseTemplateBehavior [ RunTime:0.011608s ]
INFO: [ view_parse ] --END-- [ RunTime:0.011642s ]
INFO: [ view_filter ] --START--
INFO: Run Behavior\WriteHtmlCacheBehavior [ RunTime:0.000425s ]
INFO: [ view_filter ] --END-- [ RunTime:0.000452s ]
INFO: [ app_end ] --START--
INFO: Run Behavior\ShowPageTraceBehavior [ RunTime:0.008751s ]
INFO: [ app_end ] --END-- [ RunTime:0.008852s ]

[ 2019-06-21T18:09:21+08:00 ] ::1 /A00/admin.php/Bussiness/showAddProduct.html
INFO: [ app_init ] --START--
INFO: Run Behavior\BuildLiteBehavior [ RunTime:0.000010s ]
INFO: [ app_init ] --END-- [ RunTime:0.000359s ]
INFO: [ app_begin ] --START--
INFO: Run Behavior\ReadHtmlCacheBehavior [ RunTime:0.000887s ]
INFO: [ app_begin ] --END-- [ RunTime:0.000988s ]
NOTIC: [2048] Declaration of Common\Model\BaseModel::select() should be compatible with Think\Model::select($options = Array) D:\phpStudy\WWW\A00\Application\Common\Model\BaseModel.class.php 第 11 行.
SQL: SHOW COLUMNS FROM `a00_log` [ RunTime:0.0018s ]
INFO: [ view_parse ] --START--
INFO: [ template_filter ] --START--
INFO: Run Behavior\ContentReplaceBehavior [ RunTime:0.000134s ]
INFO: [ template_filter ] --END-- [ RunTime:0.000165s ]
NOTIC: [8] Undefined variable: data D:\phpStudy\WWW\A00\Runtime\Cache\Admin\6369c8f9f1d151cf15186cd50cdc65c1.php 第 447 行.
INFO: Run Behavior\ParseTemplateBehavior [ RunTime:0.012356s ]
INFO: [ view_parse ] --END-- [ RunTime:0.012410s ]
INFO: [ view_filter ] --START--
INFO: Run Behavior\WriteHtmlCacheBehavior [ RunTime:0.000427s ]
INFO: [ view_filter ] --END-- [ RunTime:0.000454s ]
INFO: [ app_end ] --START--
INFO: Run Behavior\ShowPageTraceBehavior [ RunTime:0.000862s ]
INFO: [ app_end ] --END-- [ RunTime:0.000895s ]

[ 2019-06-21T18:09:45+08:00 ] ::1 /A00/admin.php/Bussiness/showAddProduct.html
INFO: [ app_init ] --START--
INFO: Run Behavior\BuildLiteBehavior [ RunTime:0.000011s ]
INFO: [ app_init ] --END-- [ RunTime:0.000317s ]
INFO: [ app_begin ] --START--
INFO: Run Behavior\ReadHtmlCacheBehavior [ RunTime:0.000529s ]
INFO: [ app_begin ] --END-- [ RunTime:0.000568s ]
NOTIC: [2048] Declaration of Common\Model\BaseModel::select() should be compatible with Think\Model::select($options = Array) D:\phpStudy\WWW\A00\Application\Common\Model\BaseModel.class.php 第 11 行.
SQL: SHOW COLUMNS FROM `a00_log` [ RunTime:0.0015s ]
INFO: [ view_parse ] --START--
INFO: [ template_filter ] --START--
INFO: Run Behavior\ContentReplaceBehavior [ RunTime:0.000219s ]
INFO: [ template_filter ] --END-- [ RunTime:0.000276s ]
INFO: Run Behavior\ParseTemplateBehavior [ RunTime:0.010820s ]
INFO: [ view_parse ] --END-- [ RunTime:0.010858s ]
INFO: [ view_filter ] --START--
INFO: Run Behavior\WriteHtmlCacheBehavior [ RunTime:0.000288s ]
INFO: [ view_filter ] --END-- [ RunTime:0.000313s ]
INFO: [ app_end ] --START--
INFO: Run Behavior\ShowPageTraceBehavior [ RunTime:0.000730s ]
INFO: [ app_end ] --END-- [ RunTime:0.000812s ]

[ 2019-06-21T18:10:03+08:00 ] ::1 /A00/admin.php/Bussiness/showAddProduct.html
INFO: [ app_init ] --START--
INFO: Run Behavior\BuildLiteBehavior [ RunTime:0.000011s ]
INFO: [ app_init ] --END-- [ RunTime:0.000413s ]
INFO: [ app_begin ] --START--
INFO: Run Behavior\ReadHtmlCacheBehavior [ RunTime:0.000505s ]
INFO: [ app_begin ] --END-- [ RunTime:0.000543s ]
NOTIC: [2048] Declaration of Common\Model\BaseModel::select() should be compatible with Think\Model::select($options = Array) D:\phpStudy\WWW\A00\Application\Common\Model\BaseModel.class.php 第 11 行.
SQL: SHOW COLUMNS FROM `a00_log` [ RunTime:0.0014s ]
INFO: [ view_parse ] --START--
INFO: [ template_filter ] --START--
INFO: Run Behavior\ContentReplaceBehavior [ RunTime:0.000131s ]
INFO: [ template_filter ] --END-- [ RunTime:0.000163s ]
INFO: Run Behavior\ParseTemplateBehavior [ RunTime:0.011253s ]
INFO: [ view_parse ] --END-- [ RunTime:0.011287s ]
INFO: [ view_filter ] --START--
INFO: Run Behavior\WriteHtmlCacheBehavior [ RunTime:0.000380s ]
INFO: [ view_filter ] --END-- [ RunTime:0.000406s ]
INFO: [ app_end ] --START--
INFO: Run Behavior\ShowPageTraceBehavior [ RunTime:0.001151s ]
INFO: [ app_end ] --END-- [ RunTime:0.001223s ]

[ 2019-06-21T18:10:42+08:00 ] ::1 /A00/admin.php/Bussiness/showAddProduct.html
INFO: [ app_init ] --START--
INFO: Run Behavior\BuildLiteBehavior [ RunTime:0.000011s ]
INFO: [ app_init ] --END-- [ RunTime:0.000361s ]
INFO: [ app_begin ] --START--
INFO: Run Behavior\ReadHtmlCacheBehavior [ RunTime:0.000650s ]
INFO: [ app_begin ] --END-- [ RunTime:0.000690s ]
NOTIC: [2048] Declaration of Common\Model\BaseModel::select() should be compatible with Think\Model::select($options = Array) D:\phpStudy\WWW\A00\Application\Common\Model\BaseModel.class.php 第 11 行.
SQL: SHOW COLUMNS FROM `a00_log` [ RunTime:0.0024s ]
INFO: [ view_parse ] --START--
INFO: [ template_filter ] --START--
INFO: Run Behavior\ContentReplaceBehavior [ RunTime:0.000139s ]
INFO: [ template_filter ] --END-- [ RunTime:0.000181s ]
INFO: Run Behavior\ParseTemplateBehavior [ RunTime:0.013465s ]
INFO: [ view_parse ] --END-- [ RunTime:0.013507s ]
INFO: [ view_filter ] --START--
INFO: Run Behavior\WriteHtmlCacheBehavior [ RunTime:0.000438s ]
INFO: [ view_filter ] --END-- [ RunTime:0.000465s ]
INFO: [ app_end ] --START--
INFO: Run Behavior\ShowPageTraceBehavior [ RunTime:0.000755s ]
INFO: [ app_end ] --END-- [ RunTime:0.000796s ]

[ 2019-06-21T18:11:20+08:00 ] ::1 /A00/admin.php/Bussiness/showAddProduct.html
INFO: [ app_init ] --START--
INFO: Run Behavior\BuildLiteBehavior [ RunTime:0.000011s ]
INFO: [ app_init ] --END-- [ RunTime:0.000301s ]
INFO: [ app_begin ] --START--
INFO: Run Behavior\ReadHtmlCacheBehavior [ RunTime:0.000478s ]
INFO: [ app_begin ] --END-- [ RunTime:0.000515s ]
NOTIC: [2048] Declaration of Common\Model\BaseModel::select() should be compatible with Think\Model::select($options = Array) D:\phpStudy\WWW\A00\Application\Common\Model\BaseModel.class.php 第 11 行.
SQL: SHOW COLUMNS FROM `a00_log` [ RunTime:0.0020s ]
INFO: [ view_parse ] --START--
INFO: [ template_filter ] --START--
INFO: Run Behavior\ContentReplaceBehavior [ RunTime:0.000209s ]
INFO: [ template_filter ] --END-- [ RunTime:0.000301s ]
INFO: Run Behavior\ParseTemplateBehavior [ RunTime:0.014464s ]
INFO: [ view_parse ] --END-- [ RunTime:0.014530s ]
INFO: [ view_filter ] --START--
INFO: Run Behavior\WriteHtmlCacheBehavior [ RunTime:0.000544s ]
INFO: [ view_filter ] --END-- [ RunTime:0.000615s ]
INFO: [ app_end ] --START--
INFO: Run Behavior\ShowPageTraceBehavior [ RunTime:0.000628s ]
INFO: [ app_end ] --END-- [ RunTime:0.000668s ]

[ 2019-06-21T18:11:51+08:00 ] ::1 /A00/admin.php/Clothes/show.html
INFO: [ app_init ] --START--
INFO: Run Behavior\BuildLiteBehavior [ RunTime:0.000010s ]
INFO: [ app_init ] --END-- [ RunTime:0.000303s ]
INFO: [ app_begin ] --START--
INFO: Run Behavior\ReadHtmlCacheBehavior [ RunTime:0.000499s ]
INFO: [ app_begin ] --END-- [ RunTime:0.000537s ]
NOTIC: [2048] Declaration of Admin\Controller\ClothesController::show() should be compatible with Think\Controller::show($content, $charset = '', $contentType = '', $prefix = '') D:\phpStudy\WWW\A00\Application\Admin\Controller\ClothesController.class.php 第 19 行.
NOTIC: [2048] Declaration of Common\Model\BaseModel::select() should be compatible with Think\Model::select($options = Array) D:\phpStudy\WWW\A00\Application\Common\Model\BaseModel.class.php 第 11 行.
SQL: SHOW COLUMNS FROM `a00_log` [ RunTime:0.0018s ]
SQL: SHOW COLUMNS FROM `a00_categories` [ RunTime:0.0204s ]
SQL: select * from a00_categories where category_del=0 [ RunTime:0.0163s ]
INFO: [ view_parse ] --START--
INFO: [ template_filter ] --START--
INFO: Run Behavior\ContentReplaceBehavior [ RunTime:0.000173s ]
INFO: [ template_filter ] --END-- [ RunTime:0.000220s ]
INFO: Run Behavior\ParseTemplateBehavior [ RunTime:0.049519s ]
INFO: [ view_parse ] --END-- [ RunTime:0.049573s ]
INFO: [ view_filter ] --START--
INFO: Run Behavior\WriteHtmlCacheBehavior [ RunTime:0.000378s ]
INFO: [ view_filter ] --END-- [ RunTime:0.000412s ]
INFO: [ app_end ] --START--
INFO: Run Behavior\ShowPageTraceBehavior [ RunTime:0.000655s ]
INFO: [ app_end ] --END-- [ RunTime:0.000696s ]

[ 2019-06-21T18:11:54+08:00 ] ::1 /A00/admin.php/Bussiness/showAddProduct.html
INFO: [ app_init ] --START--
INFO: Run Behavior\BuildLiteBehavior [ RunTime:0.000011s ]
INFO: [ app_init ] --END-- [ RunTime:0.000305s ]
INFO: [ app_begin ] --START--
INFO: Run Behavior\ReadHtmlCacheBehavior [ RunTime:0.000515s ]
INFO: [ app_begin ] --END-- [ RunTime:0.000556s ]
NOTIC: [2048] Declaration of Common\Model\BaseModel::select() should be compatible with Think\Model::select($options = Array) D:\phpStudy\WWW\A00\Application\Common\Model\BaseModel.class.php 第 11 行.
SQL: SHOW COLUMNS FROM `a00_log` [ RunTime:0.0015s ]
INFO: [ view_parse ] --START--
INFO: [ template_filter ] --START--
INFO: Run Behavior\ContentReplaceBehavior [ RunTime:0.000130s ]
INFO: [ template_filter ] --END-- [ RunTime:0.000171s ]
INFO: Run Behavior\ParseTemplateBehavior [ RunTime:0.010879s ]
INFO: [ view_parse ] --END-- [ RunTime:0.010914s ]
INFO: [ view_filter ] --START--
INFO: Run Behavior\WriteHtmlCacheBehavior [ RunTime:0.000285s ]
INFO: [ view_filter ] --END-- [ RunTime:0.000310s ]
INFO: [ app_end ] --START--
INFO: Run Behavior\ShowPageTraceBehavior [ RunTime:0.000625s ]
INFO: [ app_end ] --END-- [ RunTime:0.000679s ]

[ 2019-06-21T18:18:52+08:00 ] ::1 /A00/admin.php/Category/showCatgeoryList.html
INFO: [ app_init ] --START--
INFO: Run Behavior\BuildLiteBehavior [ RunTime:0.000011s ]
INFO: [ app_init ] --END-- [ RunTime:0.000362s ]
INFO: [ app_begin ] --START--
INFO: Run Behavior\ReadHtmlCacheBehavior [ RunTime:0.000650s ]
INFO: [ app_begin ] --END-- [ RunTime:0.000690s ]
NOTIC: [2048] Declaration of Common\Model\BaseModel::select() should be compatible with Think\Model::select($options = Array) D:\phpStudy\WWW\A00\Application\Common\Model\BaseModel.class.php 第 11 行.
SQL: SHOW COLUMNS FROM `a00_log` [ RunTime:0.0031s ]
NOTIC: [8] Undefined index: p D:\phpStudy\WWW\A00\Application\Admin\Controller\CategoryController.class.php 第 60 行.
SQL: SHOW COLUMNS FROM `a00_categories` [ RunTime:0.0023s ]
SQL: SHOW COLUMNS FROM `a00_users` [ RunTime:0.0023s ]
SQL: select * from a00_categories where category_del=0 [ RunTime:0.0004s ]
SQL: select * from a00_categories where category_del=0 order by category_id limit  0,10 [ RunTime:0.0140s ]
SQL: select username,real_name from  a00_users [ RunTime:0.0008s ]
INFO: [ view_parse ] --START--
INFO: [ template_filter ] --START--
INFO: Run Behavior\ContentReplaceBehavior [ RunTime:0.000494s ]
INFO: [ template_filter ] --END-- [ RunTime:0.000671s ]
INFO: Run Behavior\ParseTemplateBehavior [ RunTime:0.076256s ]
INFO: [ view_parse ] --END-- [ RunTime:0.076342s ]
INFO: [ view_filter ] --START--
INFO: Run Behavior\WriteHtmlCacheBehavior [ RunTime:0.000649s ]
INFO: [ view_filter ] --END-- [ RunTime:0.000696s ]
INFO: [ app_end ] --START--
INFO: Run Behavior\ShowPageTraceBehavior [ RunTime:0.001007s ]
INFO: [ app_end ] --END-- [ RunTime:0.001064s ]

[ 2019-06-21T18:18:55+08:00 ] ::1 /A00/admin.php/Category/add.html
INFO: [ app_init ] --START--
INFO: Run Behavior\BuildLiteBehavior [ RunTime:0.000010s ]
INFO: [ app_init ] --END-- [ RunTime:0.000390s ]
INFO: [ app_begin ] --START--
INFO: Run Behavior\ReadHtmlCacheBehavior [ RunTime:0.000505s ]
INFO: [ app_begin ] --END-- [ RunTime:0.000544s ]
NOTIC: [2048] Declaration of Common\Model\BaseModel::select() should be compatible with Think\Model::select($options = Array) D:\phpStudy\WWW\A00\Application\Common\Model\BaseModel.class.php 第 11 行.
SQL: SHOW COLUMNS FROM `a00_log` [ RunTime:0.0021s ]
INFO: [ view_parse ] --START--
INFO: [ template_filter ] --START--
INFO: Run Behavior\ContentReplaceBehavior [ RunTime:0.000128s ]
INFO: [ template_filter ] --END-- [ RunTime:0.000192s ]
INFO: Run Behavior\ParseTemplateBehavior [ RunTime:0.016579s ]
INFO: [ view_parse ] --END-- [ RunTime:0.016622s ]
INFO: [ view_filter ] --START--
INFO: Run Behavior\WriteHtmlCacheBehavior [ RunTime:0.000300s ]
INFO: [ view_filter ] --END-- [ RunTime:0.000326s ]
INFO: [ app_end ] --START--
INFO: Run Behavior\ShowPageTraceBehavior [ RunTime:0.000673s ]
INFO: [ app_end ] --END-- [ RunTime:0.000706s ]

[ 2019-06-21T18:18:57+08:00 ] ::1 /A00/admin.php/Clothes/show.html
INFO: [ app_init ] --START--
INFO: Run Behavior\BuildLiteBehavior [ RunTime:0.000010s ]
INFO: [ app_init ] --END-- [ RunTime:0.000337s ]
INFO: [ app_begin ] --START--
INFO: Run Behavior\ReadHtmlCacheBehavior [ RunTime:0.000476s ]
INFO: [ app_begin ] --END-- [ RunTime:0.000512s ]
NOTIC: [2048] Declaration of Admin\Controller\ClothesController::show() should be compatible with Think\Controller::show($content, $charset = '', $contentType = '', $prefix = '') D:\phpStudy\WWW\A00\Application\Admin\Controller\ClothesController.class.php 第 19 行.
NOTIC: [2048] Declaration of Common\Model\BaseModel::select() should be compatible with Think\Model::select($options = Array) D:\phpStudy\WWW\A00\Application\Common\Model\BaseModel.class.php 第 11 行.
SQL: SHOW COLUMNS FROM `a00_log` [ RunTime:0.0016s ]
SQL: SHOW COLUMNS FROM `a00_categories` [ RunTime:0.0016s ]
SQL: select * from a00_categories where category_del=0 [ RunTime:0.0004s ]
INFO: [ view_parse ] --START--
INFO: [ template_filter ] --START--
INFO: Run Behavior\ContentReplaceBehavior [ RunTime:0.000214s ]
INFO: [ template_filter ] --END-- [ RunTime:0.000246s ]
INFO: Run Behavior\ParseTemplateBehavior [ RunTime:0.012382s ]
INFO: [ view_parse ] --END-- [ RunTime:0.012416s ]
INFO: [ view_filter ] --START--
INFO: Run Behavior\WriteHtmlCacheBehavior [ RunTime:0.000359s ]
INFO: [ view_filter ] --END-- [ RunTime:0.000384s ]
INFO: [ app_end ] --START--
INFO: Run Behavior\ShowPageTraceBehavior [ RunTime:0.000709s ]
INFO: [ app_end ] --END-- [ RunTime:0.000774s ]

[ 2019-06-21T18:20:34+08:00 ] ::1 /A00/admin.php/Clothes/show.html
INFO: [ app_init ] --START--
INFO: Run Behavior\BuildLiteBehavior [ RunTime:0.000011s ]
INFO: [ app_init ] --END-- [ RunTime:0.000382s ]
INFO: [ app_begin ] --START--
INFO: Run Behavior\ReadHtmlCacheBehavior [ RunTime:0.000699s ]
INFO: [ app_begin ] --END-- [ RunTime:0.000739s ]
NOTIC: [2048] Declaration of Admin\Controller\ClothesController::show() should be compatible with Think\Controller::show($content, $charset = '', $contentType = '', $prefix = '') D:\phpStudy\WWW\A00\Application\Admin\Controller\ClothesController.class.php 第 19 行.
NOTIC: [2048] Declaration of Common\Model\BaseModel::select() should be compatible with Think\Model::select($options = Array) D:\phpStudy\WWW\A00\Application\Common\Model\BaseModel.class.php 第 11 行.
SQL: SHOW COLUMNS FROM `a00_log` [ RunTime:0.0007s ]
SQL: SHOW COLUMNS FROM `a00_categories` [ RunTime:0.0016s ]
SQL: select * from a00_categories where category_del=0 [ RunTime:0.0004s ]
INFO: [ view_parse ] --START--
INFO: [ template_filter ] --START--
INFO: Run Behavior\ContentReplaceBehavior [ RunTime:0.000138s ]
INFO: [ template_filter ] --END-- [ RunTime:0.000177s ]
INFO: Run Behavior\ParseTemplateBehavior [ RunTime:0.014735s ]
INFO: [ view_parse ] --END-- [ RunTime:0.014775s ]
INFO: [ view_filter ] --START--
INFO: Run Behavior\WriteHtmlCacheBehavior [ RunTime:0.000642s ]
INFO: [ view_filter ] --END-- [ RunTime:0.000670s ]
INFO: [ app_end ] --START--
INFO: Run Behavior\ShowPageTraceBehavior [ RunTime:0.000969s ]
INFO: [ app_end ] --END-- [ RunTime:0.001040s ]

[ 2019-06-21T18:20:35+08:00 ] ::1 /A00/admin.php/Bussiness/showAddsellProduct.html
INFO: [ app_init ] --START--
INFO: Run Behavior\BuildLiteBehavior [ RunTime:0.000010s ]
INFO: [ app_init ] --END-- [ RunTime:0.000353s ]
INFO: [ app_begin ] --START--
INFO: Run Behavior\ReadHtmlCacheBehavior [ RunTime:0.000645s ]
INFO: [ app_begin ] --END-- [ RunTime:0.000684s ]
NOTIC: [2048] Declaration of Common\Model\BaseModel::select() should be compatible with Think\Model::select($options = Array) D:\phpStudy\WWW\A00\Application\Common\Model\BaseModel.class.php 第 11 行.
SQL: SHOW COLUMNS FROM `a00_log` [ RunTime:0.0007s ]
INFO: [ view_parse ] --START--
INFO: [ template_filter ] --START--
INFO: Run Behavior\ContentReplaceBehavior [ RunTime:0.000177s ]
INFO: [ template_filter ] --END-- [ RunTime:0.000226s ]
INFO: Run Behavior\ParseTemplateBehavior [ RunTime:0.068811s ]
INFO: [ view_parse ] --END-- [ RunTime:0.068859s ]
INFO: [ view_filter ] --START--
INFO: Run Behavior\WriteHtmlCacheBehavior [ RunTime:0.000524s ]
INFO: [ view_filter ] --END-- [ RunTime:0.000557s ]
INFO: [ app_end ] --START--
INFO: Run Behavior\ShowPageTraceBehavior [ RunTime:0.000834s ]
INFO: [ app_end ] --END-- [ RunTime:0.000878s ]

[ 2019-06-21T18:20:36+08:00 ] ::1 /A00/admin.php/Bussiness/showAddProduct.html
INFO: [ app_init ] --START--
INFO: Run Behavior\BuildLiteBehavior [ RunTime:0.000011s ]
INFO: [ app_init ] --END-- [ RunTime:0.000394s ]
INFO: [ app_begin ] --START--
INFO: Run Behavior\ReadHtmlCacheBehavior [ RunTime:0.000592s ]
INFO: [ app_begin ] --END-- [ RunTime:0.000632s ]
NOTIC: [2048] Declaration of Common\Model\BaseModel::select() should be compatible with Think\Model::select($options = Array) D:\phpStudy\WWW\A00\Application\Common\Model\BaseModel.class.php 第 11 行.
SQL: SHOW COLUMNS FROM `a00_log` [ RunTime:0.0007s ]
NOTIC: [2048] Declaration of Admin\Model\ProductModel::find() should be compatible with Think\Model::find($options = Array) D:\phpStudy\WWW\A00\Application\Admin\Model\ProductModel.class.php 第 38 行.
SQL: SHOW COLUMNS FROM `a00_product` [ RunTime:0.0017s ]
SQL: select `product_id`,`product_name` from a00_product [ RunTime:0.0003s ]
INFO: [ view_parse ] --START--
INFO: [ template_filter ] --START--
INFO: Run Behavior\ContentReplaceBehavior [ RunTime:0.000157s ]
INFO: [ template_filter ] --END-- [ RunTime:0.000190s ]
INFO: Run Behavior\ParseTemplateBehavior [ RunTime:0.012025s ]
INFO: [ view_parse ] --END-- [ RunTime:0.012087s ]
INFO: [ view_filter ] --START--
INFO: Run Behavior\WriteHtmlCacheBehavior [ RunTime:0.000611s ]
INFO: [ view_filter ] --END-- [ RunTime:0.000681s ]
INFO: [ app_end ] --START--
INFO: Run Behavior\ShowPageTraceBehavior [ RunTime:0.000816s ]
INFO: [ app_end ] --END-- [ RunTime:0.000872s ]

[ 2019-06-21T18:21:01+08:00 ] ::1 /A00/admin.php/Bussiness/showAddProduct.html
INFO: [ app_init ] --START--
INFO: Run Behavior\BuildLiteBehavior [ RunTime:0.000011s ]
INFO: [ app_init ] --END-- [ RunTime:0.000327s ]
INFO: [ app_begin ] --START--
INFO: Run Behavior\ReadHtmlCacheBehavior [ RunTime:0.000523s ]
INFO: [ app_begin ] --END-- [ RunTime:0.000563s ]
NOTIC: [2048] Declaration of Common\Model\BaseModel::select() should be compatible with Think\Model::select($options = Array) D:\phpStudy\WWW\A00\Application\Common\Model\BaseModel.class.php 第 11 行.
SQL: SHOW COLUMNS FROM `a00_log` [ RunTime:0.0007s ]
NOTIC: [2048] Declaration of Admin\Model\ProductModel::find() should be compatible with Think\Model::find($options = Array) D:\phpStudy\WWW\A00\Application\Admin\Model\ProductModel.class.php 第 38 行.
SQL: SHOW COLUMNS FROM `a00_product` [ RunTime:0.0016s ]
SQL: select `product_id`,`product_name` from a00_product [ RunTime:0.0003s ]
INFO: [ view_parse ] --START--
INFO: [ template_filter ] --START--
INFO: Run Behavior\ContentReplaceBehavior [ RunTime:0.000336s ]
INFO: [ template_filter ] --END-- [ RunTime:0.000416s ]
INFO: Run Behavior\ParseTemplateBehavior [ RunTime:0.023111s ]
INFO: [ view_parse ] --END-- [ RunTime:0.023173s ]
INFO: [ view_filter ] --START--
INFO: Run Behavior\WriteHtmlCacheBehavior [ RunTime:0.000683s ]
INFO: [ view_filter ] --END-- [ RunTime:0.000745s ]
INFO: [ app_end ] --START--
INFO: Run Behavior\ShowPageTraceBehavior [ RunTime:0.001231s ]
INFO: [ app_end ] --END-- [ RunTime:0.001308s ]

[ 2019-06-21T18:27:37+08:00 ] ::1 /A00/admin.php/Bussiness/showAddProduct.html
INFO: [ app_init ] --START--
INFO: Run Behavior\BuildLiteBehavior [ RunTime:0.000012s ]
INFO: [ app_init ] --END-- [ RunTime:0.000425s ]
INFO: [ app_begin ] --START--
INFO: Run Behavior\ReadHtmlCacheBehavior [ RunTime:0.000679s ]
INFO: [ app_begin ] --END-- [ RunTime:0.000736s ]
NOTIC: [2048] Declaration of Common\Model\BaseModel::select() should be compatible with Think\Model::select($options = Array) D:\phpStudy\WWW\A00\Application\Common\Model\BaseModel.class.php 第 11 行.
SQL: SHOW COLUMNS FROM `a00_log` [ RunTime:0.0007s ]
NOTIC: [2048] Declaration of Admin\Model\ProductModel::find() should be compatible with Think\Model::find($options = Array) D:\phpStudy\WWW\A00\Application\Admin\Model\ProductModel.class.php 第 38 行.
SQL: SHOW COLUMNS FROM `a00_product` [ RunTime:0.0015s ]
SQL: select `product_id`,`product_name` from a00_product [ RunTime:0.0003s ]
INFO: [ view_parse ] --START--
INFO: [ template_filter ] --START--
INFO: Run Behavior\ContentReplaceBehavior [ RunTime:0.000140s ]
INFO: [ template_filter ] --END-- [ RunTime:0.000189s ]
INFO: Run Behavior\ParseTemplateBehavior [ RunTime:0.013017s ]
INFO: [ view_parse ] --END-- [ RunTime:0.013051s ]
INFO: [ view_filter ] --START--
INFO: Run Behavior\WriteHtmlCacheBehavior [ RunTime:0.000409s ]
INFO: [ view_filter ] --END-- [ RunTime:0.000435s ]
INFO: [ app_end ] --START--
INFO: Run Behavior\ShowPageTraceBehavior [ RunTime:0.000819s ]
INFO: [ app_end ] --END-- [ RunTime:0.000867s ]

[ 2019-06-21T18:27:39+08:00 ] ::1 /A00/admin.php/User/showUserInfo?userId=1
INFO: [ app_init ] --START--
INFO: Run Behavior\BuildLiteBehavior [ RunTime:0.000013s ]
INFO: [ app_init ] --END-- [ RunTime:0.000413s ]
INFO: [ app_begin ] --START--
INFO: Run Behavior\ReadHtmlCacheBehavior [ RunTime:0.000864s ]
INFO: [ app_begin ] --END-- [ RunTime:0.000915s ]
NOTIC: [2048] Declaration of Common\Model\BaseModel::select() should be compatible with Think\Model::select($options = Array) D:\phpStudy\WWW\A00\Application\Common\Model\BaseModel.class.php 第 11 行.
SQL: SHOW COLUMNS FROM `a00_log` [ RunTime:0.0017s ]
SQL: SHOW COLUMNS FROM `a00_users` [ RunTime:0.0019s ]
SQL: select * from a00_users where `id`=1 and `user_del`=0 [ RunTime:0.0005s ]
INFO: [ view_parse ] --START--
INFO: [ template_filter ] --START--
INFO: Run Behavior\ContentReplaceBehavior [ RunTime:0.000106s ]
INFO: [ template_filter ] --END-- [ RunTime:0.000148s ]
INFO: Run Behavior\ParseTemplateBehavior [ RunTime:0.019437s ]
INFO: [ view_parse ] --END-- [ RunTime:0.019494s ]
INFO: [ view_filter ] --START--
INFO: Run Behavior\WriteHtmlCacheBehavior [ RunTime:0.000729s ]
INFO: [ view_filter ] --END-- [ RunTime:0.000844s ]
INFO: [ app_end ] --START--
INFO: Run Behavior\ShowPageTraceBehavior [ RunTime:0.001202s ]
INFO: [ app_end ] --END-- [ RunTime:0.001302s ]

[ 2019-06-21T18:27:44+08:00 ] ::1 /A00/admin.php/User/changeUserName
INFO: [ app_init ] --START--
INFO: Run Behavior\BuildLiteBehavior [ RunTime:0.000010s ]
INFO: [ app_init ] --END-- [ RunTime:0.000307s ]
INFO: [ app_begin ] --START--
INFO: Run Behavior\ReadHtmlCacheBehavior [ RunTime:0.000500s ]
INFO: [ app_begin ] --END-- [ RunTime:0.000535s ]
NOTIC: [2048] Declaration of Common\Model\BaseModel::select() should be compatible with Think\Model::select($options = Array) D:\phpStudy\WWW\A00\Application\Common\Model\BaseModel.class.php 第 11 行.
SQL: SHOW COLUMNS FROM `a00_log` [ RunTime:0.0011s ]
SQL: SHOW COLUMNS FROM `a00_users` [ RunTime:0.0019s ]
SQL: select * from a00_users where `id`=1 and `user_del`=0 [ RunTime:0.0003s ]
SQL: update a00_users set useralis='天一'  where `id`=1 [ RunTime:0.1317s ]
SQL: insert into a00_log(log_level,log_message,log_date,log_user) values('15','天水|::1|修改用户信息,将用户名从aaa 转化为天一','2019_06_21_18:27:44','天水') [ RunTime:0.0396s ]
INFO: [ app_end ] --START--
INFO: Run Behavior\ShowPageTraceBehavior [ RunTime:0.002263s ]
INFO: [ app_end ] --END-- [ RunTime:0.002381s ]

[ 2019-06-21T18:27:46+08:00 ] ::1 /A00/admin.php/User/showUserInfo?userId=1
INFO: [ app_init ] --START--
INFO: Run Behavior\BuildLiteBehavior [ RunTime:0.000016s ]
INFO: [ app_init ] --END-- [ RunTime:0.000460s ]
INFO: [ app_begin ] --START--
INFO: Run Behavior\ReadHtmlCacheBehavior [ RunTime:0.000763s ]
INFO: [ app_begin ] --END-- [ RunTime:0.000822s ]
NOTIC: [2048] Declaration of Common\Model\BaseModel::select() should be compatible with Think\Model::select($options = Array) D:\phpStudy\WWW\A00\Application\Common\Model\BaseModel.class.php 第 11 行.
SQL: SHOW COLUMNS FROM `a00_log` [ RunTime:0.0016s ]
SQL: SHOW COLUMNS FROM `a00_users` [ RunTime:0.0015s ]
SQL: select * from a00_users where `id`=1 and `user_del`=0 [ RunTime:0.0004s ]
INFO: [ view_parse ] --START--
INFO: [ template_filter ] --START--
INFO: Run Behavior\ContentReplaceBehavior [ RunTime:0.000062s ]
INFO: [ template_filter ] --END-- [ RunTime:0.000092s ]
INFO: Run Behavior\ParseTemplateBehavior [ RunTime:0.007671s ]
INFO: [ view_parse ] --END-- [ RunTime:0.007705s ]
INFO: [ view_filter ] --START--
INFO: Run Behavior\WriteHtmlCacheBehavior [ RunTime:0.000270s ]
INFO: [ view_filter ] --END-- [ RunTime:0.000295s ]
INFO: [ app_end ] --START--
INFO: Run Behavior\ShowPageTraceBehavior [ RunTime:0.000736s ]
INFO: [ app_end ] --END-- [ RunTime:0.000825s ]

[ 2019-06-21T18:27:50+08:00 ] ::1 /A00/admin.php/Bussiness/showAddProduct.html
INFO: [ app_init ] --START--
INFO: Run Behavior\BuildLiteBehavior [ RunTime:0.000010s ]
INFO: [ app_init ] --END-- [ RunTime:0.000305s ]
INFO: [ app_begin ] --START--
INFO: Run Behavior\ReadHtmlCacheBehavior [ RunTime:0.000521s ]
INFO: [ app_begin ] --END-- [ RunTime:0.000561s ]
NOTIC: [2048] Declaration of Common\Model\BaseModel::select() should be compatible with Think\Model::select($options = Array) D:\phpStudy\WWW\A00\Application\Common\Model\BaseModel.class.php 第 11 行.
SQL: SHOW COLUMNS FROM `a00_log` [ RunTime:0.0020s ]
NOTIC: [2048] Declaration of Admin\Model\ProductModel::find() should be compatible with Think\Model::find($options = Array) D:\phpStudy\WWW\A00\Application\Admin\Model\ProductModel.class.php 第 38 行.
SQL: SHOW COLUMNS FROM `a00_product` [ RunTime:0.0006s ]
SQL: select `product_id`,`product_name` from a00_product [ RunTime:0.0003s ]
INFO: [ view_parse ] --START--
INFO: [ template_filter ] --START--
INFO: Run Behavior\ContentReplaceBehavior [ RunTime:0.000147s ]
INFO: [ template_filter ] --END-- [ RunTime:0.000180s ]
INFO: Run Behavior\ParseTemplateBehavior [ RunTime:0.013141s ]
INFO: [ view_parse ] --END-- [ RunTime:0.013180s ]
INFO: [ view_filter ] --START--
INFO: Run Behavior\WriteHtmlCacheBehavior [ RunTime:0.000815s ]
INFO: [ view_filter ] --END-- [ RunTime:0.000842s ]
INFO: [ app_end ] --START--
INFO: Run Behavior\ShowPageTraceBehavior [ RunTime:0.000808s ]
INFO: [ app_end ] --END-- [ RunTime:0.000857s ]

[ 2019-06-21T18:29:14+08:00 ] ::1 /A00/admin.php/Bussiness/showAddProduct.html
INFO: [ app_init ] --START--
INFO: Run Behavior\BuildLiteBehavior [ RunTime:0.000010s ]
INFO: [ app_init ] --END-- [ RunTime:0.000347s ]
INFO: [ app_begin ] --START--
INFO: Run Behavior\ReadHtmlCacheBehavior [ RunTime:0.000608s ]
INFO: [ app_begin ] --END-- [ RunTime:0.000645s ]
NOTIC: [2048] Declaration of Common\Model\BaseModel::select() should be compatible with Think\Model::select($options = Array) D:\phpStudy\WWW\A00\Application\Common\Model\BaseModel.class.php 第 11 行.
SQL: SHOW COLUMNS FROM `a00_log` [ RunTime:0.0020s ]
NOTIC: [2048] Declaration of Admin\Model\ProductModel::find() should be compatible with Think\Model::find($options = Array) D:\phpStudy\WWW\A00\Application\Admin\Model\ProductModel.class.php 第 38 行.
SQL: SHOW COLUMNS FROM `a00_product` [ RunTime:0.0006s ]
SQL: select `product_id`,`product_name` from a00_product [ RunTime:0.0003s ]
INFO: [ view_parse ] --START--
INFO: [ template_filter ] --START--
INFO: Run Behavior\ContentReplaceBehavior [ RunTime:0.000152s ]
INFO: [ template_filter ] --END-- [ RunTime:0.000192s ]
INFO: Run Behavior\ParseTemplateBehavior [ RunTime:0.015755s ]
INFO: [ view_parse ] --END-- [ RunTime:0.015795s ]
INFO: [ view_filter ] --START--
INFO: Run Behavior\WriteHtmlCacheBehavior [ RunTime:0.000739s ]
INFO: [ view_filter ] --END-- [ RunTime:0.000768s ]
INFO: [ app_end ] --START--
INFO: Run Behavior\ShowPageTraceBehavior [ RunTime:0.001060s ]
INFO: [ app_end ] --END-- [ RunTime:0.001129s ]

[ 2019-06-21T18:29:15+08:00 ] ::1 /A00/admin.php/User/showUserInfo?userId=1
INFO: [ app_init ] --START--
INFO: Run Behavior\BuildLiteBehavior [ RunTime:0.000013s ]
INFO: [ app_init ] --END-- [ RunTime:0.000378s ]
INFO: [ app_begin ] --START--
INFO: Run Behavior\ReadHtmlCacheBehavior [ RunTime:0.000561s ]
INFO: [ app_begin ] --END-- [ RunTime:0.000681s ]
NOTIC: [2048] Declaration of Common\Model\BaseModel::select() should be compatible with Think\Model::select($options = Array) D:\phpStudy\WWW\A00\Application\Common\Model\BaseModel.class.php 第 11 行.
SQL: SHOW COLUMNS FROM `a00_log` [ RunTime:0.0007s ]
SQL: SHOW COLUMNS FROM `a00_users` [ RunTime:0.0015s ]
SQL: select * from a00_users where `id`=1 and `user_del`=0 [ RunTime:0.0004s ]
INFO: [ view_parse ] --START--
INFO: [ template_filter ] --START--
INFO: Run Behavior\ContentReplaceBehavior [ RunTime:0.000070s ]
INFO: [ template_filter ] --END-- [ RunTime:0.000110s ]
INFO: Run Behavior\ParseTemplateBehavior [ RunTime:0.008359s ]
INFO: [ view_parse ] --END-- [ RunTime:0.008395s ]
INFO: [ view_filter ] --START--
INFO: Run Behavior\WriteHtmlCacheBehavior [ RunTime:0.000336s ]
INFO: [ view_filter ] --END-- [ RunTime:0.000364s ]
INFO: [ app_end ] --START--
INFO: Run Behavior\ShowPageTraceBehavior [ RunTime:0.000842s ]
INFO: [ app_end ] --END-- [ RunTime:0.000908s ]

[ 2019-06-21T18:29:24+08:00 ] ::1 /A00/admin.php/User/changeUserName
INFO: [ app_init ] --START--
INFO: Run Behavior\BuildLiteBehavior [ RunTime:0.000011s ]
INFO: [ app_init ] --END-- [ RunTime:0.000399s ]
INFO: [ app_begin ] --START--
INFO: Run Behavior\ReadHtmlCacheBehavior [ RunTime:0.000601s ]
INFO: [ app_begin ] --END-- [ RunTime:0.000685s ]
NOTIC: [2048] Declaration of Common\Model\BaseModel::select() should be compatible with Think\Model::select($options = Array) D:\phpStudy\WWW\A00\Application\Common\Model\BaseModel.class.php 第 11 行.
SQL: SHOW COLUMNS FROM `a00_log` [ RunTime:0.0007s ]
SQL: SHOW COLUMNS FROM `a00_users` [ RunTime:0.0014s ]
SQL: select * from a00_users where `id`=1 and `user_del`=0 [ RunTime:0.0004s ]
SQL: update a00_users set useralis='天水',user_change_date='2019_06_21_18:29:24'  where `id`=1 [ RunTime:0.0801s ]
SQL: insert into a00_log(log_level,log_message,log_date,log_user) values('15','天一|::1|修改用户信息,将用户名从aaa 转化为天水','2019_06_21_18:29:24','天一') [ RunTime:0.0396s ]
INFO: [ app_end ] --START--
INFO: Run Behavior\ShowPageTraceBehavior [ RunTime:0.002311s ]
INFO: [ app_end ] --END-- [ RunTime:0.002430s ]

[ 2019-06-21T18:29:26+08:00 ] ::1 /A00/admin.php/User/showUserInfo?userId=1
INFO: [ app_init ] --START--
INFO: Run Behavior\BuildLiteBehavior [ RunTime:0.000015s ]
INFO: [ app_init ] --END-- [ RunTime:0.000468s ]
INFO: [ app_begin ] --START--
INFO: Run Behavior\ReadHtmlCacheBehavior [ RunTime:0.000765s ]
INFO: [ app_begin ] --END-- [ RunTime:0.000822s ]
NOTIC: [2048] Declaration of Common\Model\BaseModel::select() should be compatible with Think\Model::select($options = Array) D:\phpStudy\WWW\A00\Application\Common\Model\BaseModel.class.php 第 11 行.
SQL: SHOW COLUMNS FROM `a00_log` [ RunTime:0.0006s ]
SQL: SHOW COLUMNS FROM `a00_users` [ RunTime:0.0014s ]
SQL: select * from a00_users where `id`=1 and `user_del`=0 [ RunTime:0.0004s ]
INFO: [ view_parse ] --START--
INFO: [ template_filter ] --START--
INFO: Run Behavior\ContentReplaceBehavior [ RunTime:0.000065s ]
INFO: [ template_filter ] --END-- [ RunTime:0.000099s ]
INFO: Run Behavior\ParseTemplateBehavior [ RunTime:0.007905s ]
INFO: [ view_parse ] --END-- [ RunTime:0.007943s ]
INFO: [ view_filter ] --START--
INFO: Run Behavior\WriteHtmlCacheBehavior [ RunTime:0.000296s ]
INFO: [ view_filter ] --END-- [ RunTime:0.000323s ]
INFO: [ app_end ] --START--
INFO: Run Behavior\ShowPageTraceBehavior [ RunTime:0.000815s ]
INFO: [ app_end ] --END-- [ RunTime:0.000882s ]

[ 2019-06-21T18:31:54+08:00 ] ::1 /A00/admin.php/Bussiness/showAddProduct.html
INFO: [ app_init ] --START--
INFO: Run Behavior\BuildLiteBehavior [ RunTime:0.000010s ]
INFO: [ app_init ] --END-- [ RunTime:0.000372s ]
INFO: [ app_begin ] --START--
INFO: Run Behavior\ReadHtmlCacheBehavior [ RunTime:0.000803s ]
INFO: [ app_begin ] --END-- [ RunTime:0.000853s ]
NOTIC: [2048] Declaration of Common\Model\BaseModel::select() should be compatible with Think\Model::select($options = Array) D:\phpStudy\WWW\A00\Application\Common\Model\BaseModel.class.php 第 11 行.
SQL: SHOW COLUMNS FROM `a00_log` [ RunTime:0.0007s ]
NOTIC: [2048] Declaration of Admin\Model\ProductModel::find() should be compatible with Think\Model::find($options = Array) D:\phpStudy\WWW\A00\Application\Admin\Model\ProductModel.class.php 第 38 行.
SQL: SHOW COLUMNS FROM `a00_product` [ RunTime:0.0014s ]
SQL: select `product_id`,`product_name` from a00_product [ RunTime:0.0003s ]
INFO: [ view_parse ] --START--
INFO: [ template_filter ] --START--
INFO: Run Behavior\ContentReplaceBehavior [ RunTime:0.000148s ]
INFO: [ template_filter ] --END-- [ RunTime:0.000188s ]
INFO: Run Behavior\ParseTemplateBehavior [ RunTime:0.015046s ]
INFO: [ view_parse ] --END-- [ RunTime:0.015085s ]
INFO: [ view_filter ] --START--
INFO: Run Behavior\WriteHtmlCacheBehavior [ RunTime:0.000457s ]
INFO: [ view_filter ] --END-- [ RunTime:0.000497s ]
INFO: [ app_end ] --START--
INFO: Run Behavior\ShowPageTraceBehavior [ RunTime:0.000914s ]
INFO: [ app_end ] --END-- [ RunTime:0.000992s ]

[ 2019-06-21T18:34:07+08:00 ] ::1 /A00/admin.php/Bussiness/showAddProduct.html
INFO: [ app_init ] --START--
INFO: Run Behavior\BuildLiteBehavior [ RunTime:0.000012s ]
INFO: [ app_init ] --END-- [ RunTime:0.000481s ]
INFO: [ app_begin ] --START--
INFO: Run Behavior\ReadHtmlCacheBehavior [ RunTime:0.000653s ]
INFO: [ app_begin ] --END-- [ RunTime:0.000693s ]
NOTIC: [2048] Declaration of Common\Model\BaseModel::select() should be compatible with Think\Model::select($options = Array) D:\phpStudy\WWW\A00\Application\Common\Model\BaseModel.class.php 第 11 行.
SQL: SHOW COLUMNS FROM `a00_log` [ RunTime:0.0007s ]
NOTIC: [2048] Declaration of Admin\Model\ProductModel::find() should be compatible with Think\Model::find($options = Array) D:\phpStudy\WWW\A00\Application\Admin\Model\ProductModel.class.php 第 38 行.
SQL: SHOW COLUMNS FROM `a00_product` [ RunTime:0.0017s ]
SQL: select `product_id`,`product_name` from a00_product [ RunTime:0.0003s ]
INFO: [ view_parse ] --START--
INFO: [ template_filter ] --START--
INFO: Run Behavior\ContentReplaceBehavior [ RunTime:0.000143s ]
INFO: [ template_filter ] --END-- [ RunTime:0.000174s ]
INFO: Run Behavior\ParseTemplateBehavior [ RunTime:0.012683s ]
INFO: [ view_parse ] --END-- [ RunTime:0.012718s ]
INFO: [ view_filter ] --START--
INFO: Run Behavior\WriteHtmlCacheBehavior [ RunTime:0.000425s ]
INFO: [ view_filter ] --END-- [ RunTime:0.000453s ]
INFO: [ app_end ] --START--
INFO: Run Behavior\ShowPageTraceBehavior [ RunTime:0.000817s ]
INFO: [ app_end ] --END-- [ RunTime:0.000863s ]

[ 2019-06-21T18:36:42+08:00 ] ::1 /A00/admin.php/Bussiness/showAddProduct.html
INFO: [ app_init ] --START--
INFO: Run Behavior\BuildLiteBehavior [ RunTime:0.000010s ]
INFO: [ app_init ] --END-- [ RunTime:0.000358s ]
INFO: [ app_begin ] --START--
INFO: Run Behavior\ReadHtmlCacheBehavior [ RunTime:0.000649s ]
INFO: [ app_begin ] --END-- [ RunTime:0.000688s ]
NOTIC: [2048] Declaration of Common\Model\BaseModel::select() should be compatible with Think\Model::select($options = Array) D:\phpStudy\WWW\A00\Application\Common\Model\BaseModel.class.php 第 11 行.
SQL: SHOW COLUMNS FROM `a00_log` [ RunTime:0.0007s ]
NOTIC: [2048] Declaration of Admin\Model\ProductModel::find() should be compatible with Think\Model::find($options = Array) D:\phpStudy\WWW\A00\Application\Admin\Model\ProductModel.class.php 第 38 行.
SQL: SHOW COLUMNS FROM `a00_product` [ RunTime:0.0008s ]
SQL: select `product_id`,`product_name` from a00_product [ RunTime:0.0004s ]
INFO: [ view_parse ] --START--
INFO: [ template_filter ] --START--
INFO: Run Behavior\ContentReplaceBehavior [ RunTime:0.000141s ]
INFO: [ template_filter ] --END-- [ RunTime:0.000174s ]
INFO: Run Behavior\ParseTemplateBehavior [ RunTime:0.012999s ]
INFO: [ view_parse ] --END-- [ RunTime:0.013033s ]
INFO: [ view_filter ] --START--
INFO: Run Behavior\WriteHtmlCacheBehavior [ RunTime:0.000484s ]
INFO: [ view_filter ] --END-- [ RunTime:0.000512s ]
INFO: [ app_end ] --START--
INFO: Run Behavior\ShowPageTraceBehavior [ RunTime:0.001011s ]
INFO: [ app_end ] --END-- [ RunTime:0.001113s ]

[ 2019-06-21T18:40:03+08:00 ] ::1 /A00/admin.php/Bussiness/showAddProduct.html
INFO: [ app_init ] --START--
INFO: Run Behavior\BuildLiteBehavior [ RunTime:0.000011s ]
INFO: [ app_init ] --END-- [ RunTime:0.000362s ]
INFO: [ app_begin ] --START--
INFO: Run Behavior\ReadHtmlCacheBehavior [ RunTime:0.000726s ]
INFO: [ app_begin ] --END-- [ RunTime:0.000764s ]
NOTIC: [2048] Declaration of Common\Model\BaseModel::select() should be compatible with Think\Model::select($options = Array) D:\phpStudy\WWW\A00\Application\Common\Model\BaseModel.class.php 第 11 行.
SQL: SHOW COLUMNS FROM `a00_log` [ RunTime:0.0007s ]
NOTIC: [2048] Declaration of Admin\Model\ProductModel::find() should be compatible with Think\Model::find($options = Array) D:\phpStudy\WWW\A00\Application\Admin\Model\ProductModel.class.php 第 38 行.
SQL: SHOW COLUMNS FROM `a00_product` [ RunTime:0.0016s ]
SQL: select `product_id`,`product_name` from a00_product [ RunTime:0.0003s ]
INFO: [ view_parse ] --START--
INFO: [ template_filter ] --START--
INFO: Run Behavior\ContentReplaceBehavior [ RunTime:0.000196s ]
INFO: [ template_filter ] --END-- [ RunTime:0.000267s ]
INFO: Run Behavior\ParseTemplateBehavior [ RunTime:0.015716s ]
INFO: [ view_parse ] --END-- [ RunTime:0.015753s ]
INFO: [ view_filter ] --START--
INFO: Run Behavior\WriteHtmlCacheBehavior [ RunTime:0.000401s ]
INFO: [ view_filter ] --END-- [ RunTime:0.000428s ]
INFO: [ app_end ] --START--
INFO: Run Behavior\ShowPageTraceBehavior [ RunTime:0.000700s ]
INFO: [ app_end ] --END-- [ RunTime:0.000771s ]

[ 2019-06-21T18:40:06+08:00 ] ::1 /A00/admin.php/Bussiness/showAddProduct.html
INFO: [ app_init ] --START--
INFO: Run Behavior\BuildLiteBehavior [ RunTime:0.000010s ]
INFO: [ app_init ] --END-- [ RunTime:0.000360s ]
INFO: [ app_begin ] --START--
INFO: Run Behavior\ReadHtmlCacheBehavior [ RunTime:0.000647s ]
INFO: [ app_begin ] --END-- [ RunTime:0.000685s ]
NOTIC: [2048] Declaration of Common\Model\BaseModel::select() should be compatible with Think\Model::select($options = Array) D:\phpStudy\WWW\A00\Application\Common\Model\BaseModel.class.php 第 11 行.
SQL: SHOW COLUMNS FROM `a00_log` [ RunTime:0.0007s ]
NOTIC: [2048] Declaration of Admin\Model\ProductModel::find() should be compatible with Think\Model::find($options = Array) D:\phpStudy\WWW\A00\Application\Admin\Model\ProductModel.class.php 第 38 行.
SQL: SHOW COLUMNS FROM `a00_product` [ RunTime:0.0014s ]
SQL: select `product_id`,`product_name` from a00_product [ RunTime:0.0003s ]
INFO: [ view_parse ] --START--
INFO: [ template_filter ] --START--
INFO: Run Behavior\ContentReplaceBehavior [ RunTime:0.000150s ]
INFO: [ template_filter ] --END-- [ RunTime:0.000190s ]
INFO: Run Behavior\ParseTemplateBehavior [ RunTime:0.013883s ]
INFO: [ view_parse ] --END-- [ RunTime:0.013918s ]
INFO: [ view_filter ] --START--
INFO: Run Behavior\WriteHtmlCacheBehavior [ RunTime:0.000677s ]
INFO: [ view_filter ] --END-- [ RunTime:0.000729s ]
INFO: [ app_end ] --START--
INFO: Run Behavior\ShowPageTraceBehavior [ RunTime:0.001710s ]
INFO: [ app_end ] --END-- [ RunTime:0.001795s ]

[ 2019-06-21T18:40:37+08:00 ] ::1 /A00/admin.php/Bussiness/showAddProduct.html
INFO: [ app_init ] --START--
INFO: Run Behavior\BuildLiteBehavior [ RunTime:0.000011s ]
INFO: [ app_init ] --END-- [ RunTime:0.000321s ]
INFO: [ app_begin ] --START--
INFO: Run Behavior\ReadHtmlCacheBehavior [ RunTime:0.000529s ]
INFO: [ app_begin ] --END-- [ RunTime:0.000567s ]
NOTIC: [2048] Declaration of Common\Model\BaseModel::select() should be compatible with Think\Model::select($options = Array) D:\phpStudy\WWW\A00\Application\Common\Model\BaseModel.class.php 第 11 行.
SQL: SHOW COLUMNS FROM `a00_log` [ RunTime:0.0008s ]
NOTIC: [2048] Declaration of Admin\Model\ProductModel::find() should be compatible with Think\Model::find($options = Array) D:\phpStudy\WWW\A00\Application\Admin\Model\ProductModel.class.php 第 38 行.
SQL: SHOW COLUMNS FROM `a00_product` [ RunTime:0.0021s ]
SQL: select `product_id`,`product_name` from a00_product [ RunTime:0.0003s ]
INFO: [ view_parse ] --START--
INFO: [ template_filter ] --START--
INFO: Run Behavior\ContentReplaceBehavior [ RunTime:0.000160s ]
INFO: [ template_filter ] --END-- [ RunTime:0.000201s ]
INFO: Run Behavior\ParseTemplateBehavior [ RunTime:0.014363s ]
INFO: [ view_parse ] --END-- [ RunTime:0.014400s ]
INFO: [ view_filter ] --START--
INFO: Run Behavior\WriteHtmlCacheBehavior [ RunTime:0.000486s ]
INFO: [ view_filter ] --END-- [ RunTime:0.000512s ]
INFO: [ app_end ] --START--
INFO: Run Behavior\ShowPageTraceBehavior [ RunTime:0.000798s ]
INFO: [ app_end ] --END-- [ RunTime:0.000895s ]

[ 2019-06-21T18:40:40+08:00 ] ::1 /A00/admin.php/Clothes/show.html
INFO: [ app_init ] --START--
INFO: Run Behavior\BuildLiteBehavior [ RunTime:0.000011s ]
INFO: [ app_init ] --END-- [ RunTime:0.000361s ]
INFO: [ app_begin ] --START--
INFO: Run Behavior\ReadHtmlCacheBehavior [ RunTime:0.000650s ]
INFO: [ app_begin ] --END-- [ RunTime:0.000689s ]
NOTIC: [2048] Declaration of Admin\Controller\ClothesController::show() should be compatible with Think\Controller::show($content, $charset = '', $contentType = '', $prefix = '') D:\phpStudy\WWW\A00\Application\Admin\Controller\ClothesController.class.php 第 19 行.
NOTIC: [2048] Declaration of Common\Model\BaseModel::select() should be compatible with Think\Model::select($options = Array) D:\phpStudy\WWW\A00\Application\Common\Model\BaseModel.class.php 第 11 行.
SQL: SHOW COLUMNS FROM `a00_log` [ RunTime:0.0006s ]
SQL: SHOW COLUMNS FROM `a00_categories` [ RunTime:0.0015s ]
SQL: select * from a00_categories where category_del=0 [ RunTime:0.0004s ]
INFO: [ view_parse ] --START--
INFO: [ template_filter ] --START--
INFO: Run Behavior\ContentReplaceBehavior [ RunTime:0.000132s ]
INFO: [ template_filter ] --END-- [ RunTime:0.000169s ]
INFO: Run Behavior\ParseTemplateBehavior [ RunTime:0.014057s ]
INFO: [ view_parse ] --END-- [ RunTime:0.014092s ]
INFO: [ view_filter ] --START--
INFO: Run Behavior\WriteHtmlCacheBehavior [ RunTime:0.000421s ]
INFO: [ view_filter ] --END-- [ RunTime:0.000447s ]
INFO: [ app_end ] --START--
INFO: Run Behavior\ShowPageTraceBehavior [ RunTime:0.000670s ]
INFO: [ app_end ] --END-- [ RunTime:0.000741s ]

[ 2019-06-21T18:40:41+08:00 ] ::1 /A00/admin.php/Index/admin.html
INFO: [ app_init ] --START--
INFO: Run Behavior\BuildLiteBehavior [ RunTime:0.000011s ]
INFO: [ app_init ] --END-- [ RunTime:0.000324s ]
INFO: [ app_begin ] --START--
INFO: Run Behavior\ReadHtmlCacheBehavior [ RunTime:0.000539s ]
INFO: [ app_begin ] --END-- [ RunTime:0.000579s ]
INFO: [ view_parse ] --START--
INFO: [ template_filter ] --START--
INFO: Run Behavior\ContentReplaceBehavior [ RunTime:0.000163s ]
INFO: [ template_filter ] --END-- [ RunTime:0.000203s ]
INFO: Run Behavior\ParseTemplateBehavior [ RunTime:0.015120s ]
INFO: [ view_parse ] --END-- [ RunTime:0.015204s ]
INFO: [ view_filter ] --START--
INFO: Run Behavior\WriteHtmlCacheBehavior [ RunTime:0.000585s ]
INFO: [ view_filter ] --END-- [ RunTime:0.000615s ]
INFO: [ app_end ] --START--
INFO: Run Behavior\ShowPageTraceBehavior [ RunTime:0.000657s ]
INFO: [ app_end ] --END-- [ RunTime:0.000694s ]

[ 2019-06-21T18:40:43+08:00 ] ::1 /A00/admin.php/Priviledges/showPriviledgesList.html
INFO: [ app_init ] --START--
INFO: Run Behavior\BuildLiteBehavior [ RunTime:0.000011s ]
INFO: [ app_init ] --END-- [ RunTime:0.000323s ]
INFO: [ app_begin ] --START--
INFO: Run Behavior\ReadHtmlCacheBehavior [ RunTime:0.000549s ]
INFO: [ app_begin ] --END-- [ RunTime:0.000590s ]

[ 2019-06-21T18:41:25+08:00 ] ::1 /A00/admin.php/Index/admin.html
INFO: [ app_init ] --START--
INFO: Run Behavior\BuildLiteBehavior [ RunTime:0.000009s ]
INFO: [ app_init ] --END-- [ RunTime:0.000305s ]
INFO: [ app_begin ] --START--
INFO: Run Behavior\ReadHtmlCacheBehavior [ RunTime:0.000511s ]
INFO: [ app_begin ] --END-- [ RunTime:0.000550s ]
INFO: [ view_parse ] --START--
INFO: [ template_filter ] --START--
INFO: Run Behavior\ContentReplaceBehavior [ RunTime:0.000178s ]
INFO: [ template_filter ] --END-- [ RunTime:0.000220s ]
INFO: Run Behavior\ParseTemplateBehavior [ RunTime:0.015307s ]
INFO: [ view_parse ] --END-- [ RunTime:0.015344s ]
INFO: [ view_filter ] --START--
INFO: Run Behavior\WriteHtmlCacheBehavior [ RunTime:0.000564s ]
INFO: [ view_filter ] --END-- [ RunTime:0.000591s ]
INFO: [ app_end ] --START--
INFO: Run Behavior\ShowPageTraceBehavior [ RunTime:0.000695s ]
INFO: [ app_end ] --END-- [ RunTime:0.000751s ]

[ 2019-06-21T18:41:25+08:00 ] ::1 /A00/admin.php/Priviledges/showPriviledgesList.html
INFO: [ app_init ] --START--
INFO: Run Behavior\BuildLiteBehavior [ RunTime:0.000011s ]
INFO: [ app_init ] --END-- [ RunTime:0.000312s ]
INFO: [ app_begin ] --START--
INFO: Run Behavior\ReadHtmlCacheBehavior [ RunTime:0.000509s ]
INFO: [ app_begin ] --END-- [ RunTime:0.000547s ]
NOTIC: [2048] Declaration of Common\Model\BaseModel::select() should be compatible with Think\Model::select($options = Array) D:\phpStudy\WWW\A00\Application\Common\Model\BaseModel.class.php 第 11 行.
SQL: SHOW COLUMNS FROM `a00_log` [ RunTime:0.0007s ]
INFO: [ view_parse ] --START--
INFO: [ template_filter ] --START--
INFO: Run Behavior\ContentReplaceBehavior [ RunTime:0.000136s ]
INFO: [ template_filter ] --END-- [ RunTime:0.000173s ]
NOTIC: [8] Undefined variable: productData D:\phpStudy\WWW\A00\Runtime\Cache\Admin\58175ecf9f6bc46fb6f3d28ef7120082.php 第 450 行.
INFO: Run Behavior\ParseTemplateBehavior [ RunTime:0.012975s ]
INFO: [ view_parse ] --END-- [ RunTime:0.013012s ]
INFO: [ view_filter ] --START--
INFO: Run Behavior\WriteHtmlCacheBehavior [ RunTime:0.000351s ]
INFO: [ view_filter ] --END-- [ RunTime:0.000378s ]
INFO: [ app_end ] --START--
INFO: Run Behavior\ShowPageTraceBehavior [ RunTime:0.000727s ]
INFO: [ app_end ] --END-- [ RunTime:0.000775s ]

[ 2019-06-21T18:42:13+08:00 ] ::1 /A00/admin.php/Priviledges/showPriviledgesList.html
INFO: [ app_init ] --START--
INFO: Run Behavior\BuildLiteBehavior [ RunTime:0.000011s ]
INFO: [ app_init ] --END-- [ RunTime:0.000360s ]
INFO: [ app_begin ] --START--
INFO: Run Behavior\ReadHtmlCacheBehavior [ RunTime:0.000686s ]
INFO: [ app_begin ] --END-- [ RunTime:0.000727s ]
NOTIC: [2048] Declaration of Common\Model\BaseModel::select() should be compatible with Think\Model::select($options = Array) D:\phpStudy\WWW\A00\Application\Common\Model\BaseModel.class.php 第 11 行.
SQL: SHOW COLUMNS FROM `a00_log` [ RunTime:0.0008s ]
INFO: [ view_parse ] --START--
INFO: [ template_filter ] --START--
INFO: Run Behavior\ContentReplaceBehavior [ RunTime:0.000170s ]
INFO: [ template_filter ] --END-- [ RunTime:0.000246s ]
NOTIC: [8] Undefined variable: data D:\phpStudy\WWW\A00\Runtime\Cache\Admin\58175ecf9f6bc46fb6f3d28ef7120082.php 第 453 行.
NOTIC: [8] Undefined variable: show D:\phpStudy\WWW\A00\Runtime\Cache\Admin\58175ecf9f6bc46fb6f3d28ef7120082.php 第 465 行.
INFO: Run Behavior\ParseTemplateBehavior [ RunTime:0.015095s ]
INFO: [ view_parse ] --END-- [ RunTime:0.015134s ]
INFO: [ view_filter ] --START--
INFO: Run Behavior\WriteHtmlCacheBehavior [ RunTime:0.000528s ]
INFO: [ view_filter ] --END-- [ RunTime:0.000558s ]
INFO: [ app_end ] --START--
INFO: Run Behavior\ShowPageTraceBehavior [ RunTime:0.000830s ]
INFO: [ app_end ] --END-- [ RunTime:0.000865s ]

[ 2019-06-21T18:42:33+08:00 ] ::1 /A00/admin.php/Clothes/show.html
INFO: [ app_init ] --START--
INFO: Run Behavior\BuildLiteBehavior [ RunTime:0.000011s ]
INFO: [ app_init ] --END-- [ RunTime:0.000312s ]
INFO: [ app_begin ] --START--
INFO: Run Behavior\ReadHtmlCacheBehavior [ RunTime:0.000732s ]
INFO: [ app_begin ] --END-- [ RunTime:0.000785s ]
NOTIC: [2048] Declaration of Admin\Controller\ClothesController::show() should be compatible with Think\Controller::show($content, $charset = '', $contentType = '', $prefix = '') D:\phpStudy\WWW\A00\Application\Admin\Controller\ClothesController.class.php 第 19 行.
NOTIC: [2048] Declaration of Common\Model\BaseModel::select() should be compatible with Think\Model::select($options = Array) D:\phpStudy\WWW\A00\Application\Common\Model\BaseModel.class.php 第 11 行.
SQL: SHOW COLUMNS FROM `a00_log` [ RunTime:0.0007s ]
SQL: SHOW COLUMNS FROM `a00_categories` [ RunTime:0.0014s ]
SQL: select * from a00_categories where category_del=0 [ RunTime:0.0004s ]
INFO: [ view_parse ] --START--
INFO: [ template_filter ] --START--
INFO: Run Behavior\ContentReplaceBehavior [ RunTime:0.000132s ]
INFO: [ template_filter ] --END-- [ RunTime:0.000165s ]
INFO: Run Behavior\ParseTemplateBehavior [ RunTime:0.013556s ]
INFO: [ view_parse ] --END-- [ RunTime:0.013590s ]
INFO: [ view_filter ] --START--
INFO: Run Behavior\WriteHtmlCacheBehavior [ RunTime:0.000407s ]
INFO: [ view_filter ] --END-- [ RunTime:0.000432s ]
INFO: [ app_end ] --START--
INFO: Run Behavior\ShowPageTraceBehavior [ RunTime:0.000798s ]
INFO: [ app_end ] --END-- [ RunTime:0.000847s ]

[ 2019-06-21T18:42:35+08:00 ] ::1 /A00/admin.php/Clothes/showProduct.html
INFO: [ app_init ] --START--
INFO: Run Behavior\BuildLiteBehavior [ RunTime:0.000011s ]
INFO: [ app_init ] --END-- [ RunTime:0.000312s ]
INFO: [ app_begin ] --START--
INFO: Run Behavior\ReadHtmlCacheBehavior [ RunTime:0.000506s ]
INFO: [ app_begin ] --END-- [ RunTime:0.000544s ]
NOTIC: [2048] Declaration of Admin\Controller\ClothesController::show() should be compatible with Think\Controller::show($content, $charset = '', $contentType = '', $prefix = '') D:\phpStudy\WWW\A00\Application\Admin\Controller\ClothesController.class.php 第 19 行.
NOTIC: [2048] Declaration of Common\Model\BaseModel::select() should be compatible with Think\Model::select($options = Array) D:\phpStudy\WWW\A00\Application\Common\Model\BaseModel.class.php 第 11 行.
SQL: SHOW COLUMNS FROM `a00_log` [ RunTime:0.0010s ]
NOTIC: [8] Undefined index: p D:\phpStudy\WWW\A00\Application\Admin\Controller\ClothesController.class.php 第 108 行.
NOTIC: [2048] Declaration of Admin\Model\ProductModel::find() should be compatible with Think\Model::find($options = Array) D:\phpStudy\WWW\A00\Application\Admin\Model\ProductModel.class.php 第 38 行.
SQL: SHOW COLUMNS FROM `a00_product` [ RunTime:0.0007s ]
SQL: select * from a00_product where product_del=0  [ RunTime:0.0004s ]
SQL: select * from a00_product where product_del=0 order by product_id  limit 0 ,10 [ RunTime:0.0007s ]
SQL: SHOW COLUMNS FROM `a00_categories` [ RunTime:0.0019s ]
SQL: select * from a00_categories where category_id in (6,2) [ RunTime:0.0257s ]
INFO: [ view_parse ] --START--
INFO: [ template_filter ] --START--
INFO: Run Behavior\ContentReplaceBehavior [ RunTime:0.000160s ]
INFO: [ template_filter ] --END-- [ RunTime:0.000206s ]
INFO: Run Behavior\ParseTemplateBehavior [ RunTime:0.036654s ]
INFO: [ view_parse ] --END-- [ RunTime:0.036705s ]
INFO: [ view_filter ] --START--
INFO: Run Behavior\WriteHtmlCacheBehavior [ RunTime:0.000441s ]
INFO: [ view_filter ] --END-- [ RunTime:0.000474s ]
INFO: [ app_end ] --START--
INFO: Run Behavior\ShowPageTraceBehavior [ RunTime:0.000735s ]
INFO: [ app_end ] --END-- [ RunTime:0.000777s ]

[ 2019-06-21T18:44:09+08:00 ] ::1 /A00/admin.php/Priviledges/showPriviledgesList.html
INFO: [ app_init ] --START--
INFO: Run Behavior\BuildLiteBehavior [ RunTime:0.000010s ]
INFO: [ app_init ] --END-- [ RunTime:0.000307s ]
INFO: [ app_begin ] --START--
INFO: Run Behavior\ReadHtmlCacheBehavior [ RunTime:0.000527s ]
INFO: [ app_begin ] --END-- [ RunTime:0.000565s ]
NOTIC: [2048] Declaration of Common\Model\BaseModel::select() should be compatible with Think\Model::select($options = Array) D:\phpStudy\WWW\A00\Application\Common\Model\BaseModel.class.php 第 11 行.
SQL: SHOW COLUMNS FROM `a00_log` [ RunTime:0.0009s ]
INFO: [ view_parse ] --START--
INFO: [ template_filter ] --START--
INFO: Run Behavior\ContentReplaceBehavior [ RunTime:0.000166s ]
INFO: [ template_filter ] --END-- [ RunTime:0.000222s ]
NOTIC: [8] Undefined variable: data D:\phpStudy\WWW\A00\Runtime\Cache\Admin\58175ecf9f6bc46fb6f3d28ef7120082.php 第 453 行.
NOTIC: [8] Undefined variable: show D:\phpStudy\WWW\A00\Runtime\Cache\Admin\58175ecf9f6bc46fb6f3d28ef7120082.php 第 465 行.
INFO: Run Behavior\ParseTemplateBehavior [ RunTime:0.013640s ]
INFO: [ view_parse ] --END-- [ RunTime:0.013677s ]
INFO: [ view_filter ] --START--
INFO: Run Behavior\WriteHtmlCacheBehavior [ RunTime:0.000370s ]
INFO: [ view_filter ] --END-- [ RunTime:0.000396s ]
INFO: [ app_end ] --START--
INFO: Run Behavior\ShowPageTraceBehavior [ RunTime:0.000693s ]
INFO: [ app_end ] --END-- [ RunTime:0.000761s ]

[ 2019-06-21T18:44:42+08:00 ] ::1 /A00/admin.php/Priviledges/showPriviledgesList.html
INFO: [ app_init ] --START--
INFO: Run Behavior\BuildLiteBehavior [ RunTime:0.000011s ]
INFO: [ app_init ] --END-- [ RunTime:0.000435s ]
INFO: [ app_begin ] --START--
INFO: Run Behavior\ReadHtmlCacheBehavior [ RunTime:0.000748s ]
INFO: [ app_begin ] --END-- [ RunTime:0.000796s ]
NOTIC: [2048] Declaration of Common\Model\BaseModel::select() should be compatible with Think\Model::select($options = Array) D:\phpStudy\WWW\A00\Application\Common\Model\BaseModel.class.php 第 11 行.
SQL: SHOW COLUMNS FROM `a00_log` [ RunTime:0.0007s ]
INFO: [ view_parse ] --START--
INFO: [ template_filter ] --START--
INFO: Run Behavior\ContentReplaceBehavior [ RunTime:0.000117s ]
INFO: [ template_filter ] --END-- [ RunTime:0.000152s ]
NOTIC: [8] Undefined variable: data D:\phpStudy\WWW\A00\Runtime\Cache\Admin\58175ecf9f6bc46fb6f3d28ef7120082.php 第 451 行.
NOTIC: [8] Undefined variable: show D:\phpStudy\WWW\A00\Runtime\Cache\Admin\58175ecf9f6bc46fb6f3d28ef7120082.php 第 463 行.
INFO: Run Behavior\ParseTemplateBehavior [ RunTime:0.027717s ]
INFO: [ view_parse ] --END-- [ RunTime:0.027752s ]
INFO: [ view_filter ] --START--
INFO: Run Behavior\WriteHtmlCacheBehavior [ RunTime:0.000384s ]
INFO: [ view_filter ] --END-- [ RunTime:0.000411s ]
INFO: [ app_end ] --START--
INFO: Run Behavior\ShowPageTraceBehavior [ RunTime:0.000887s ]
INFO: [ app_end ] --END-- [ RunTime:0.000954s ]

[ 2019-06-21T18:45:20+08:00 ] ::1 /A00/admin.php/Priviledges/showPriviledgesList.html
INFO: [ app_init ] --START--
INFO: Run Behavior\BuildLiteBehavior [ RunTime:0.000011s ]
INFO: [ app_init ] --END-- [ RunTime:0.000410s ]
INFO: [ app_begin ] --START--
INFO: Run Behavior\ReadHtmlCacheBehavior [ RunTime:0.000523s ]
INFO: [ app_begin ] --END-- [ RunTime:0.000561s ]
NOTIC: [2048] Declaration of Common\Model\BaseModel::select() should be compatible with Think\Model::select($options = Array) D:\phpStudy\WWW\A00\Application\Common\Model\BaseModel.class.php 第 11 行.
SQL: SHOW COLUMNS FROM `a00_log` [ RunTime:0.0007s ]
INFO: [ view_parse ] --START--
INFO: [ template_filter ] --START--
INFO: Run Behavior\ContentReplaceBehavior [ RunTime:0.000121s ]
INFO: [ template_filter ] --END-- [ RunTime:0.000158s ]
NOTIC: [8] Undefined variable: data D:\phpStudy\WWW\A00\Runtime\Cache\Admin\58175ecf9f6bc46fb6f3d28ef7120082.php 第 452 行.
NOTIC: [8] Undefined variable: show D:\phpStudy\WWW\A00\Runtime\Cache\Admin\58175ecf9f6bc46fb6f3d28ef7120082.php 第 463 行.
INFO: Run Behavior\ParseTemplateBehavior [ RunTime:0.013379s ]
INFO: [ view_parse ] --END-- [ RunTime:0.013415s ]
INFO: [ view_filter ] --START--
INFO: Run Behavior\WriteHtmlCacheBehavior [ RunTime:0.000466s ]
INFO: [ view_filter ] --END-- [ RunTime:0.000491s ]
INFO: [ app_end ] --START--
INFO: Run Behavior\ShowPageTraceBehavior [ RunTime:0.000962s ]
INFO: [ app_end ] --END-- [ RunTime:0.001009s ]

[ 2019-06-21T18:45:40+08:00 ] ::1 /A00/admin.php/Priviledges/showPriviledgesList.html
INFO: [ app_init ] --START--
INFO: Run Behavior\BuildLiteBehavior [ RunTime:0.000011s ]
INFO: [ app_init ] --END-- [ RunTime:0.000369s ]
INFO: [ app_begin ] --START--
INFO: Run Behavior\ReadHtmlCacheBehavior [ RunTime:0.000728s ]
INFO: [ app_begin ] --END-- [ RunTime:0.000768s ]
NOTIC: [2048] Declaration of Common\Model\BaseModel::select() should be compatible with Think\Model::select($options = Array) D:\phpStudy\WWW\A00\Application\Common\Model\BaseModel.class.php 第 11 行.
SQL: SHOW COLUMNS FROM `a00_log` [ RunTime:0.0006s ]
INFO: [ view_parse ] --START--
INFO: [ template_filter ] --START--
INFO: Run Behavior\ContentReplaceBehavior [ RunTime:0.000127s ]
INFO: [ template_filter ] --END-- [ RunTime:0.000160s ]
NOTIC: [8] Undefined variable: data D:\phpStudy\WWW\A00\Runtime\Cache\Admin\58175ecf9f6bc46fb6f3d28ef7120082.php 第 452 行.
NOTIC: [8] Undefined variable: show D:\phpStudy\WWW\A00\Runtime\Cache\Admin\58175ecf9f6bc46fb6f3d28ef7120082.php 第 463 行.
INFO: Run Behavior\ParseTemplateBehavior [ RunTime:0.013233s ]
INFO: [ view_parse ] --END-- [ RunTime:0.013269s ]
INFO: [ view_filter ] --START--
INFO: Run Behavior\WriteHtmlCacheBehavior [ RunTime:0.000555s ]
INFO: [ view_filter ] --END-- [ RunTime:0.000582s ]
INFO: [ app_end ] --START--
INFO: Run Behavior\ShowPageTraceBehavior [ RunTime:0.000936s ]
INFO: [ app_end ] --END-- [ RunTime:0.000977s ]

[ 2019-06-21T18:45:57+08:00 ] ::1 /A00/admin.php/Priviledges/showPriviledgesList.html
INFO: [ app_init ] --START--
INFO: Run Behavior\BuildLiteBehavior [ RunTime:0.000011s ]
INFO: [ app_init ] --END-- [ RunTime:0.000334s ]
INFO: [ app_begin ] --START--
INFO: Run Behavior\ReadHtmlCacheBehavior [ RunTime:0.000527s ]
INFO: [ app_begin ] --END-- [ RunTime:0.000570s ]
NOTIC: [2048] Declaration of Common\Model\BaseModel::select() should be compatible with Think\Model::select($options = Array) D:\phpStudy\WWW\A00\Application\Common\Model\BaseModel.class.php 第 11 行.
SQL: SHOW COLUMNS FROM `a00_log` [ RunTime:0.0007s ]
INFO: [ view_parse ] --START--
INFO: [ template_filter ] --START--
INFO: Run Behavior\ContentReplaceBehavior [ RunTime:0.000199s ]
INFO: [ template_filter ] --END-- [ RunTime:0.000237s ]
NOTIC: [8] Undefined variable: data D:\phpStudy\WWW\A00\Runtime\Cache\Admin\58175ecf9f6bc46fb6f3d28ef7120082.php 第 452 行.
NOTIC: [8] Undefined variable: show D:\phpStudy\WWW\A00\Runtime\Cache\Admin\58175ecf9f6bc46fb6f3d28ef7120082.php 第 463 行.
INFO: Run Behavior\ParseTemplateBehavior [ RunTime:0.022941s ]
INFO: [ view_parse ] --END-- [ RunTime:0.022991s ]
INFO: [ view_filter ] --START--
INFO: Run Behavior\WriteHtmlCacheBehavior [ RunTime:0.000584s ]
INFO: [ view_filter ] --END-- [ RunTime:0.000644s ]
INFO: [ app_end ] --START--
INFO: Run Behavior\ShowPageTraceBehavior [ RunTime:0.000910s ]
INFO: [ app_end ] --END-- [ RunTime:0.000955s ]

[ 2019-06-21T19:07:55+08:00 ] ::1 /A00/admin.php/Priviledges/showPriviledgesList.html
INFO: [ app_init ] --START--
INFO: Run Behavior\BuildLiteBehavior [ RunTime:0.000011s ]
INFO: [ app_init ] --END-- [ RunTime:0.000369s ]
INFO: [ app_begin ] --START--
INFO: Run Behavior\ReadHtmlCacheBehavior [ RunTime:0.000763s ]
INFO: [ app_begin ] --END-- [ RunTime:0.000805s ]
NOTIC: [2048] Declaration of Common\Model\BaseModel::select() should be compatible with Think\Model::select($options = Array) D:\phpStudy\WWW\A00\Application\Common\Model\BaseModel.class.php 第 11 行.
SQL: SHOW COLUMNS FROM `a00_log` [ RunTime:0.0006s ]
NOTIC: [8] Undefined index: p D:\phpStudy\WWW\A00\Application\Admin\Controller\PriviledgesController.class.php 第 17 行.
SQL: SHOW COLUMNS FROM `a00_prevelidge` [ RunTime:0.0014s ]
SQL: select * from  a00_prevelidge where `prevelidge_del`=0  [ RunTime:0.0005s ]
ERR: 1064:You have an error in your SQL syntax; check the manual that corresponds to your MySQL server version for the right syntax to use near '=0 order by prevelidge_id limit  0  ,10' at line 1
 [ SQL语句 ] : select * from a00_prevelidgewhere `prevelidge_del`=0 order by prevelidge_id limit  0  ,10
ERR: 1064:You have an error in your SQL syntax; check the manual that corresponds to your MySQL server version for the right syntax to use near '=0 order by prevelidge_id limit  0  ,10' at line 1
 [ SQL语句 ] : select * from a00_prevelidgewhere `prevelidge_del`=0 order by prevelidge_id limit  0  ,10

[ 2019-06-21T19:08:20+08:00 ] ::1 /A00/admin.php/Clothes/showProduct.html
INFO: [ app_init ] --START--
INFO: Run Behavior\BuildLiteBehavior [ RunTime:0.000011s ]
INFO: [ app_init ] --END-- [ RunTime:0.000307s ]
INFO: [ app_begin ] --START--
INFO: Run Behavior\ReadHtmlCacheBehavior [ RunTime:0.000508s ]
INFO: [ app_begin ] --END-- [ RunTime:0.000546s ]
NOTIC: [2048] Declaration of Admin\Controller\ClothesController::show() should be compatible with Think\Controller::show($content, $charset = '', $contentType = '', $prefix = '') D:\phpStudy\WWW\A00\Application\Admin\Controller\ClothesController.class.php 第 19 行.
NOTIC: [2048] Declaration of Common\Model\BaseModel::select() should be compatible with Think\Model::select($options = Array) D:\phpStudy\WWW\A00\Application\Common\Model\BaseModel.class.php 第 11 行.
SQL: SHOW COLUMNS FROM `a00_log` [ RunTime:0.0009s ]
NOTIC: [8] Undefined index: p D:\phpStudy\WWW\A00\Application\Admin\Controller\ClothesController.class.php 第 108 行.
NOTIC: [2048] Declaration of Admin\Model\ProductModel::find() should be compatible with Think\Model::find($options = Array) D:\phpStudy\WWW\A00\Application\Admin\Model\ProductModel.class.php 第 38 行.
SQL: SHOW COLUMNS FROM `a00_product` [ RunTime:0.0007s ]
SQL: select * from a00_product where product_del=0  [ RunTime:0.0003s ]
SQL: select * from a00_product where product_del=0 order by product_id  limit 0 ,10 [ RunTime:0.0004s ]
SQL: SHOW COLUMNS FROM `a00_categories` [ RunTime:0.0014s ]
SQL: select * from a00_categories where category_id in (6,2) [ RunTime:0.0003s ]
INFO: [ view_parse ] --START--
INFO: [ template_filter ] --START--
INFO: Run Behavior\ContentReplaceBehavior [ RunTime:0.000172s ]
INFO: [ template_filter ] --END-- [ RunTime:0.000210s ]
INFO: Run Behavior\ParseTemplateBehavior [ RunTime:0.014137s ]
INFO: [ view_parse ] --END-- [ RunTime:0.014176s ]
INFO: [ view_filter ] --START--
INFO: Run Behavior\WriteHtmlCacheBehavior [ RunTime:0.000407s ]
INFO: [ view_filter ] --END-- [ RunTime:0.000436s ]
INFO: [ app_end ] --START--
INFO: Run Behavior\ShowPageTraceBehavior [ RunTime:0.000802s ]
INFO: [ app_end ] --END-- [ RunTime:0.000853s ]

[ 2019-06-21T19:08:22+08:00 ] ::1 /A00/admin.php/User/showUserInfo?userId=1
INFO: [ app_init ] --START--
INFO: Run Behavior\BuildLiteBehavior [ RunTime:0.000014s ]
INFO: [ app_init ] --END-- [ RunTime:0.000370s ]
INFO: [ app_begin ] --START--
INFO: Run Behavior\ReadHtmlCacheBehavior [ RunTime:0.000727s ]
INFO: [ app_begin ] --END-- [ RunTime:0.000785s ]
NOTIC: [2048] Declaration of Common\Model\BaseModel::select() should be compatible with Think\Model::select($options = Array) D:\phpStudy\WWW\A00\Application\Common\Model\BaseModel.class.php 第 11 行.
SQL: SHOW COLUMNS FROM `a00_log` [ RunTime:0.0008s ]
SQL: SHOW COLUMNS FROM `a00_users` [ RunTime:0.0041s ]
SQL: select * from a00_users where `id`=1 and `user_del`=0 [ RunTime:0.0005s ]
INFO: [ view_parse ] --START--
INFO: [ template_filter ] --START--
INFO: Run Behavior\ContentReplaceBehavior [ RunTime:0.000065s ]
INFO: [ template_filter ] --END-- [ RunTime:0.000103s ]
INFO: Run Behavior\ParseTemplateBehavior [ RunTime:0.008116s ]
INFO: [ view_parse ] --END-- [ RunTime:0.008171s ]
INFO: [ view_filter ] --START--
INFO: Run Behavior\WriteHtmlCacheBehavior [ RunTime:0.000425s ]
INFO: [ view_filter ] --END-- [ RunTime:0.000462s ]
INFO: [ app_end ] --START--
INFO: Run Behavior\ShowPageTraceBehavior [ RunTime:0.000648s ]
INFO: [ app_end ] --END-- [ RunTime:0.000685s ]

[ 2019-06-21T19:08:28+08:00 ] ::1 /A00/admin.php/User/changeUserName
INFO: [ app_init ] --START--
INFO: Run Behavior\BuildLiteBehavior [ RunTime:0.000011s ]
INFO: [ app_init ] --END-- [ RunTime:0.000368s ]
INFO: [ app_begin ] --START--
INFO: Run Behavior\ReadHtmlCacheBehavior [ RunTime:0.000665s ]
INFO: [ app_begin ] --END-- [ RunTime:0.000702s ]
NOTIC: [2048] Declaration of Common\Model\BaseModel::select() should be compatible with Think\Model::select($options = Array) D:\phpStudy\WWW\A00\Application\Common\Model\BaseModel.class.php 第 11 行.
SQL: SHOW COLUMNS FROM `a00_log` [ RunTime:0.0007s ]
SQL: SHOW COLUMNS FROM `a00_users` [ RunTime:0.0017s ]
SQL: select * from a00_users where `id`=1 and `user_del`=0 [ RunTime:0.0003s ]
SQL: update a00_users set useralis='天一',user_change_date='2019_06_21_19:08:28'  where `id`=1 [ RunTime:0.0802s ]
SQL: insert into a00_log(log_level,log_message,log_date,log_user) values('15','天水|::1|修改用户信息,将用户名从aaa 转化为天一','2019_06_21_19:08:28','天水') [ RunTime:0.0289s ]
INFO: [ app_end ] --START--
INFO: Run Behavior\ShowPageTraceBehavior [ RunTime:0.002204s ]
INFO: [ app_end ] --END-- [ RunTime:0.002298s ]

[ 2019-06-21T19:08:30+08:00 ] ::1 /A00/admin.php/User/showUserInfo?userId=1
INFO: [ app_init ] --START--
INFO: Run Behavior\BuildLiteBehavior [ RunTime:0.000020s ]
INFO: [ app_init ] --END-- [ RunTime:0.000620s ]
INFO: [ app_begin ] --START--
INFO: Run Behavior\ReadHtmlCacheBehavior [ RunTime:0.001057s ]
INFO: [ app_begin ] --END-- [ RunTime:0.001135s ]
NOTIC: [2048] Declaration of Common\Model\BaseModel::select() should be compatible with Think\Model::select($options = Array) D:\phpStudy\WWW\A00\Application\Common\Model\BaseModel.class.php 第 11 行.
SQL: SHOW COLUMNS FROM `a00_log` [ RunTime:0.0007s ]
SQL: SHOW COLUMNS FROM `a00_users` [ RunTime:0.0016s ]
SQL: select * from a00_users where `id`=1 and `user_del`=0 [ RunTime:0.0003s ]
INFO: [ view_parse ] --START--
INFO: [ template_filter ] --START--
INFO: Run Behavior\ContentReplaceBehavior [ RunTime:0.000060s ]
INFO: [ template_filter ] --END-- [ RunTime:0.000090s ]
INFO: Run Behavior\ParseTemplateBehavior [ RunTime:0.008400s ]
INFO: [ view_parse ] --END-- [ RunTime:0.008435s ]
INFO: [ view_filter ] --START--
INFO: Run Behavior\WriteHtmlCacheBehavior [ RunTime:0.000363s ]
INFO: [ view_filter ] --END-- [ RunTime:0.000389s ]
INFO: [ app_end ] --START--
INFO: Run Behavior\ShowPageTraceBehavior [ RunTime:0.000805s ]
INFO: [ app_end ] --END-- [ RunTime:0.000854s ]

[ 2019-06-21T19:08:31+08:00 ] ::1 /A00/admin.php/Clothes/showProduct.html
INFO: [ app_init ] --START--
INFO: Run Behavior\BuildLiteBehavior [ RunTime:0.000012s ]
INFO: [ app_init ] --END-- [ RunTime:0.000315s ]
INFO: [ app_begin ] --START--
INFO: Run Behavior\ReadHtmlCacheBehavior [ RunTime:0.000510s ]
INFO: [ app_begin ] --END-- [ RunTime:0.000562s ]
NOTIC: [2048] Declaration of Admin\Controller\ClothesController::show() should be compatible with Think\Controller::show($content, $charset = '', $contentType = '', $prefix = '') D:\phpStudy\WWW\A00\Application\Admin\Controller\ClothesController.class.php 第 19 行.
NOTIC: [2048] Declaration of Common\Model\BaseModel::select() should be compatible with Think\Model::select($options = Array) D:\phpStudy\WWW\A00\Application\Common\Model\BaseModel.class.php 第 11 行.
SQL: SHOW COLUMNS FROM `a00_log` [ RunTime:0.0008s ]
NOTIC: [8] Undefined index: p D:\phpStudy\WWW\A00\Application\Admin\Controller\ClothesController.class.php 第 108 行.
NOTIC: [2048] Declaration of Admin\Model\ProductModel::find() should be compatible with Think\Model::find($options = Array) D:\phpStudy\WWW\A00\Application\Admin\Model\ProductModel.class.php 第 38 行.
SQL: SHOW COLUMNS FROM `a00_product` [ RunTime:0.0020s ]
SQL: select * from a00_product where product_del=0  [ RunTime:0.0003s ]
SQL: select * from a00_product where product_del=0 order by product_id  limit 0 ,10 [ RunTime:0.0004s ]
SQL: SHOW COLUMNS FROM `a00_categories` [ RunTime:0.0007s ]
SQL: select * from a00_categories where category_id in (6,2) [ RunTime:0.0003s ]
INFO: [ view_parse ] --START--
INFO: [ template_filter ] --START--
INFO: Run Behavior\ContentReplaceBehavior [ RunTime:0.000172s ]
INFO: [ template_filter ] --END-- [ RunTime:0.000216s ]
INFO: Run Behavior\ParseTemplateBehavior [ RunTime:0.014714s ]
INFO: [ view_parse ] --END-- [ RunTime:0.014801s ]
INFO: [ view_filter ] --START--
INFO: Run Behavior\WriteHtmlCacheBehavior [ RunTime:0.000433s ]
INFO: [ view_filter ] --END-- [ RunTime:0.000462s ]
INFO: [ app_end ] --START--
INFO: Run Behavior\ShowPageTraceBehavior [ RunTime:0.000979s ]
INFO: [ app_end ] --END-- [ RunTime:0.001029s ]

[ 2019-06-21T19:08:33+08:00 ] ::1 /A00/admin.php/Priviledges/showPriviledgesList.html
INFO: [ app_init ] --START--
INFO: Run Behavior\BuildLiteBehavior [ RunTime:0.000010s ]
INFO: [ app_init ] --END-- [ RunTime:0.000302s ]
INFO: [ app_begin ] --START--
INFO: Run Behavior\ReadHtmlCacheBehavior [ RunTime:0.000504s ]
INFO: [ app_begin ] --END-- [ RunTime:0.000542s ]
NOTIC: [2048] Declaration of Common\Model\BaseModel::select() should be compatible with Think\Model::select($options = Array) D:\phpStudy\WWW\A00\Application\Common\Model\BaseModel.class.php 第 11 行.
SQL: SHOW COLUMNS FROM `a00_log` [ RunTime:0.0006s ]
NOTIC: [8] Undefined index: p D:\phpStudy\WWW\A00\Application\Admin\Controller\PriviledgesController.class.php 第 17 行.
SQL: SHOW COLUMNS FROM `a00_prevelidge` [ RunTime:0.0005s ]
SQL: select * from  a00_prevelidge where `prevelidge_del`=0  [ RunTime:0.0003s ]
SQL: select * from a00_prevelidge where `prevelidge_del`=0 order by prevelidge_id limit  0  ,10 [ RunTime:0.0003s ]
INFO: [ view_parse ] --START--
INFO: [ template_filter ] --START--
INFO: Run Behavior\ContentReplaceBehavior [ RunTime:0.000130s ]
INFO: [ template_filter ] --END-- [ RunTime:0.000164s ]
NOTIC: [8] Undefined index: category_id D:\phpStudy\WWW\A00\Runtime\Cache\Admin\58175ecf9f6bc46fb6f3d28ef7120082.php 第 452 行.
NOTIC: [8] Undefined index: category_id D:\phpStudy\WWW\A00\Runtime\Cache\Admin\58175ecf9f6bc46fb6f3d28ef7120082.php 第 453 行.
NOTIC: [8] Undefined index: category_name D:\phpStudy\WWW\A00\Runtime\Cache\Admin\58175ecf9f6bc46fb6f3d28ef7120082.php 第 454 行.
NOTIC: [8] Undefined index: category_date D:\phpStudy\WWW\A00\Runtime\Cache\Admin\58175ecf9f6bc46fb6f3d28ef7120082.php 第 455 行.
NOTIC: [8] Undefined index: category_change_date D:\phpStudy\WWW\A00\Runtime\Cache\Admin\58175ecf9f6bc46fb6f3d28ef7120082.php 第 456 行.
NOTIC: [8] Undefined index: category_id D:\phpStudy\WWW\A00\Runtime\Cache\Admin\58175ecf9f6bc46fb6f3d28ef7120082.php 第 457 行.
NOTIC: [8] Undefined index: category_id D:\phpStudy\WWW\A00\Runtime\Cache\Admin\58175ecf9f6bc46fb6f3d28ef7120082.php 第 458 行.
NOTIC: [8] Undefined index: category_id D:\phpStudy\WWW\A00\Runtime\Cache\Admin\58175ecf9f6bc46fb6f3d28ef7120082.php 第 452 行.
NOTIC: [8] Undefined index: category_id D:\phpStudy\WWW\A00\Runtime\Cache\Admin\58175ecf9f6bc46fb6f3d28ef7120082.php 第 453 行.
NOTIC: [8] Undefined index: category_name D:\phpStudy\WWW\A00\Runtime\Cache\Admin\58175ecf9f6bc46fb6f3d28ef7120082.php 第 454 行.
NOTIC: [8] Undefined index: category_date D:\phpStudy\WWW\A00\Runtime\Cache\Admin\58175ecf9f6bc46fb6f3d28ef7120082.php 第 455 行.
NOTIC: [8] Undefined index: category_change_date D:\phpStudy\WWW\A00\Runtime\Cache\Admin\58175ecf9f6bc46fb6f3d28ef7120082.php 第 456 行.
NOTIC: [8] Undefined index: category_id D:\phpStudy\WWW\A00\Runtime\Cache\Admin\58175ecf9f6bc46fb6f3d28ef7120082.php 第 457 行.
NOTIC: [8] Undefined index: category_id D:\phpStudy\WWW\A00\Runtime\Cache\Admin\58175ecf9f6bc46fb6f3d28ef7120082.php 第 458 行.
NOTIC: [8] Undefined variable: show D:\phpStudy\WWW\A00\Runtime\Cache\Admin\58175ecf9f6bc46fb6f3d28ef7120082.php 第 463 行.
INFO: Run Behavior\ParseTemplateBehavior [ RunTime:0.012825s ]
INFO: [ view_parse ] --END-- [ RunTime:0.012857s ]
INFO: [ view_filter ] --START--
INFO: Run Behavior\WriteHtmlCacheBehavior [ RunTime:0.000293s ]
INFO: [ view_filter ] --END-- [ RunTime:0.000319s ]
INFO: [ app_end ] --START--
INFO: Run Behavior\ShowPageTraceBehavior [ RunTime:0.000930s ]
INFO: [ app_end ] --END-- [ RunTime:0.000987s ]

[ 2019-06-21T19:18:54+08:00 ] ::1 /A00/admin.php/Priviledges/showPriviledgesList.html
INFO: [ app_init ] --START--
INFO: Run Behavior\BuildLiteBehavior [ RunTime:0.000035s ]
INFO: [ app_init ] --END-- [ RunTime:0.000679s ]
INFO: [ app_begin ] --START--
INFO: Run Behavior\ReadHtmlCacheBehavior [ RunTime:0.000698s ]
INFO: [ app_begin ] --END-- [ RunTime:0.000746s ]
NOTIC: [2048] Declaration of Common\Model\BaseModel::select() should be compatible with Think\Model::select($options = Array) D:\phpStudy\WWW\A00\Application\Common\Model\BaseModel.class.php 第 11 行.
SQL: SHOW COLUMNS FROM `a00_log` [ RunTime:0.0007s ]
SQL: SHOW COLUMNS FROM `a00_users` [ RunTime:0.0018s ]
SQL: select * from a00_users where `id` =1  and `user_del`=0 [ RunTime:0.0004s ]
NOTIC: [8] Undefined index: p D:\phpStudy\WWW\A00\Application\Admin\Controller\PriviledgesController.class.php 第 22 行.
SQL: SHOW COLUMNS FROM `a00_prevelidge` [ RunTime:0.0015s ]
SQL: select * from  a00_prevelidge where `prevelidge_del`=0  [ RunTime:0.0004s ]
SQL: select * from a00_prevelidge where `prevelidge_del`=0 order by prevelidge_id limit  0  ,10 [ RunTime:0.0005s ]
INFO: [ view_parse ] --START--
INFO: [ template_filter ] --START--
INFO: Run Behavior\ContentReplaceBehavior [ RunTime:0.000127s ]
INFO: [ template_filter ] --END-- [ RunTime:0.000166s ]
NOTIC: [8] Undefined index: category_id D:\phpStudy\WWW\A00\Runtime\Cache\Admin\58175ecf9f6bc46fb6f3d28ef7120082.php 第 452 行.
NOTIC: [8] Undefined index: category_id D:\phpStudy\WWW\A00\Runtime\Cache\Admin\58175ecf9f6bc46fb6f3d28ef7120082.php 第 453 行.
NOTIC: [8] Undefined index: category_name D:\phpStudy\WWW\A00\Runtime\Cache\Admin\58175ecf9f6bc46fb6f3d28ef7120082.php 第 454 行.
NOTIC: [8] Undefined index: category_date D:\phpStudy\WWW\A00\Runtime\Cache\Admin\58175ecf9f6bc46fb6f3d28ef7120082.php 第 455 行.
NOTIC: [8] Undefined index: category_change_date D:\phpStudy\WWW\A00\Runtime\Cache\Admin\58175ecf9f6bc46fb6f3d28ef7120082.php 第 456 行.
NOTIC: [8] Undefined index: category_id D:\phpStudy\WWW\A00\Runtime\Cache\Admin\58175ecf9f6bc46fb6f3d28ef7120082.php 第 457 行.
NOTIC: [8] Undefined index: category_id D:\phpStudy\WWW\A00\Runtime\Cache\Admin\58175ecf9f6bc46fb6f3d28ef7120082.php 第 458 行.
NOTIC: [8] Undefined index: category_id D:\phpStudy\WWW\A00\Runtime\Cache\Admin\58175ecf9f6bc46fb6f3d28ef7120082.php 第 452 行.
NOTIC: [8] Undefined index: category_id D:\phpStudy\WWW\A00\Runtime\Cache\Admin\58175ecf9f6bc46fb6f3d28ef7120082.php 第 453 行.
NOTIC: [8] Undefined index: category_name D:\phpStudy\WWW\A00\Runtime\Cache\Admin\58175ecf9f6bc46fb6f3d28ef7120082.php 第 454 行.
NOTIC: [8] Undefined index: category_date D:\phpStudy\WWW\A00\Runtime\Cache\Admin\58175ecf9f6bc46fb6f3d28ef7120082.php 第 455 行.
NOTIC: [8] Undefined index: category_change_date D:\phpStudy\WWW\A00\Runtime\Cache\Admin\58175ecf9f6bc46fb6f3d28ef7120082.php 第 456 行.
NOTIC: [8] Undefined index: category_id D:\phpStudy\WWW\A00\Runtime\Cache\Admin\58175ecf9f6bc46fb6f3d28ef7120082.php 第 457 行.
NOTIC: [8] Undefined index: category_id D:\phpStudy\WWW\A00\Runtime\Cache\Admin\58175ecf9f6bc46fb6f3d28ef7120082.php 第 458 行.
NOTIC: [8] Undefined variable: show D:\phpStudy\WWW\A00\Runtime\Cache\Admin\58175ecf9f6bc46fb6f3d28ef7120082.php 第 463 行.
INFO: Run Behavior\ParseTemplateBehavior [ RunTime:0.013810s ]
INFO: [ view_parse ] --END-- [ RunTime:0.013859s ]
INFO: [ view_filter ] --START--
INFO: Run Behavior\WriteHtmlCacheBehavior [ RunTime:0.000386s ]
INFO: [ view_filter ] --END-- [ RunTime:0.000411s ]
INFO: [ app_end ] --START--
INFO: Run Behavior\ShowPageTraceBehavior [ RunTime:0.000905s ]
INFO: [ app_end ] --END-- [ RunTime:0.000954s ]

[ 2019-06-21T19:18:56+08:00 ] ::1 /A00/admin.php/Priviledges/showPriviledgesList.html
INFO: [ app_init ] --START--
INFO: Run Behavior\BuildLiteBehavior [ RunTime:0.000010s ]
INFO: [ app_init ] --END-- [ RunTime:0.000358s ]
INFO: [ app_begin ] --START--
INFO: Run Behavior\ReadHtmlCacheBehavior [ RunTime:0.000643s ]
INFO: [ app_begin ] --END-- [ RunTime:0.000685s ]
NOTIC: [2048] Declaration of Common\Model\BaseModel::select() should be compatible with Think\Model::select($options = Array) D:\phpStudy\WWW\A00\Application\Common\Model\BaseModel.class.php 第 11 行.
SQL: SHOW COLUMNS FROM `a00_log` [ RunTime:0.0007s ]
SQL: SHOW COLUMNS FROM `a00_users` [ RunTime:0.0015s ]
SQL: select * from a00_users where `id` =1  and `user_del`=0 [ RunTime:0.0003s ]
NOTIC: [8] Undefined index: p D:\phpStudy\WWW\A00\Application\Admin\Controller\PriviledgesController.class.php 第 22 行.
SQL: SHOW COLUMNS FROM `a00_prevelidge` [ RunTime:0.0005s ]
SQL: select * from  a00_prevelidge where `prevelidge_del`=0  [ RunTime:0.0004s ]
SQL: select * from a00_prevelidge where `prevelidge_del`=0 order by prevelidge_id limit  0  ,10 [ RunTime:0.0003s ]
INFO: [ view_parse ] --START--
INFO: [ template_filter ] --START--
INFO: Run Behavior\ContentReplaceBehavior [ RunTime:0.000139s ]
INFO: [ template_filter ] --END-- [ RunTime:0.000177s ]
NOTIC: [8] Undefined index: category_id D:\phpStudy\WWW\A00\Runtime\Cache\Admin\58175ecf9f6bc46fb6f3d28ef7120082.php 第 452 行.
NOTIC: [8] Undefined index: category_id D:\phpStudy\WWW\A00\Runtime\Cache\Admin\58175ecf9f6bc46fb6f3d28ef7120082.php 第 453 行.
NOTIC: [8] Undefined index: category_name D:\phpStudy\WWW\A00\Runtime\Cache\Admin\58175ecf9f6bc46fb6f3d28ef7120082.php 第 454 行.
NOTIC: [8] Undefined index: category_date D:\phpStudy\WWW\A00\Runtime\Cache\Admin\58175ecf9f6bc46fb6f3d28ef7120082.php 第 455 行.
NOTIC: [8] Undefined index: category_change_date D:\phpStudy\WWW\A00\Runtime\Cache\Admin\58175ecf9f6bc46fb6f3d28ef7120082.php 第 456 行.
NOTIC: [8] Undefined index: category_id D:\phpStudy\WWW\A00\Runtime\Cache\Admin\58175ecf9f6bc46fb6f3d28ef7120082.php 第 457 行.
NOTIC: [8] Undefined index: category_id D:\phpStudy\WWW\A00\Runtime\Cache\Admin\58175ecf9f6bc46fb6f3d28ef7120082.php 第 458 行.
NOTIC: [8] Undefined index: category_id D:\phpStudy\WWW\A00\Runtime\Cache\Admin\58175ecf9f6bc46fb6f3d28ef7120082.php 第 452 行.
NOTIC: [8] Undefined index: category_id D:\phpStudy\WWW\A00\Runtime\Cache\Admin\58175ecf9f6bc46fb6f3d28ef7120082.php 第 453 行.
NOTIC: [8] Undefined index: category_name D:\phpStudy\WWW\A00\Runtime\Cache\Admin\58175ecf9f6bc46fb6f3d28ef7120082.php 第 454 行.
NOTIC: [8] Undefined index: category_date D:\phpStudy\WWW\A00\Runtime\Cache\Admin\58175ecf9f6bc46fb6f3d28ef7120082.php 第 455 行.
NOTIC: [8] Undefined index: category_change_date D:\phpStudy\WWW\A00\Runtime\Cache\Admin\58175ecf9f6bc46fb6f3d28ef7120082.php 第 456 行.
NOTIC: [8] Undefined index: category_id D:\phpStudy\WWW\A00\Runtime\Cache\Admin\58175ecf9f6bc46fb6f3d28ef7120082.php 第 457 行.
NOTIC: [8] Undefined index: category_id D:\phpStudy\WWW\A00\Runtime\Cache\Admin\58175ecf9f6bc46fb6f3d28ef7120082.php 第 458 行.
NOTIC: [8] Undefined variable: show D:\phpStudy\WWW\A00\Runtime\Cache\Admin\58175ecf9f6bc46fb6f3d28ef7120082.php 第 463 行.
INFO: Run Behavior\ParseTemplateBehavior [ RunTime:0.013511s ]
INFO: [ view_parse ] --END-- [ RunTime:0.013544s ]
INFO: [ view_filter ] --START--
INFO: Run Behavior\WriteHtmlCacheBehavior [ RunTime:0.000400s ]
INFO: [ view_filter ] --END-- [ RunTime:0.000427s ]
INFO: [ app_end ] --START--
INFO: Run Behavior\ShowPageTraceBehavior [ RunTime:0.000805s ]
INFO: [ app_end ] --END-- [ RunTime:0.000875s ]

[ 2019-06-21T19:18:58+08:00 ] ::1 /A00/admin.php/Index/admin.html
INFO: [ app_init ] --START--
INFO: Run Behavior\BuildLiteBehavior [ RunTime:0.000011s ]
INFO: [ app_init ] --END-- [ RunTime:0.000456s ]
INFO: [ app_begin ] --START--
INFO: Run Behavior\ReadHtmlCacheBehavior [ RunTime:0.000605s ]
INFO: [ app_begin ] --END-- [ RunTime:0.000648s ]
INFO: [ view_parse ] --START--
INFO: [ template_filter ] --START--
INFO: Run Behavior\ContentReplaceBehavior [ RunTime:0.000280s ]
INFO: [ template_filter ] --END-- [ RunTime:0.000317s ]
INFO: Run Behavior\ParseTemplateBehavior [ RunTime:0.015526s ]
INFO: [ view_parse ] --END-- [ RunTime:0.015564s ]
INFO: [ view_filter ] --START--
INFO: Run Behavior\WriteHtmlCacheBehavior [ RunTime:0.000388s ]
INFO: [ view_filter ] --END-- [ RunTime:0.000414s ]
INFO: [ app_end ] --START--
INFO: Run Behavior\ShowPageTraceBehavior [ RunTime:0.000769s ]
INFO: [ app_end ] --END-- [ RunTime:0.000834s ]

[ 2019-06-21T19:18:59+08:00 ] ::1 /A00/admin.php/Priviledges/showPriviledgesList.html
INFO: [ app_init ] --START--
INFO: Run Behavior\BuildLiteBehavior [ RunTime:0.000010s ]
INFO: [ app_init ] --END-- [ RunTime:0.000306s ]
INFO: [ app_begin ] --START--
INFO: Run Behavior\ReadHtmlCacheBehavior [ RunTime:0.000507s ]
INFO: [ app_begin ] --END-- [ RunTime:0.000545s ]
NOTIC: [2048] Declaration of Common\Model\BaseModel::select() should be compatible with Think\Model::select($options = Array) D:\phpStudy\WWW\A00\Application\Common\Model\BaseModel.class.php 第 11 行.
SQL: SHOW COLUMNS FROM `a00_log` [ RunTime:0.0007s ]
SQL: SHOW COLUMNS FROM `a00_users` [ RunTime:0.0015s ]
SQL: select * from a00_users where `id` =1  and `user_del`=0 [ RunTime:0.0004s ]
NOTIC: [8] Undefined index: p D:\phpStudy\WWW\A00\Application\Admin\Controller\PriviledgesController.class.php 第 22 行.
SQL: SHOW COLUMNS FROM `a00_prevelidge` [ RunTime:0.0018s ]
SQL: select * from  a00_prevelidge where `prevelidge_del`=0  [ RunTime:0.0005s ]
SQL: select * from a00_prevelidge where `prevelidge_del`=0 order by prevelidge_id limit  0  ,10 [ RunTime:0.0005s ]
INFO: [ view_parse ] --START--
INFO: [ template_filter ] --START--
INFO: Run Behavior\ContentReplaceBehavior [ RunTime:0.000131s ]
INFO: [ template_filter ] --END-- [ RunTime:0.000169s ]
NOTIC: [8] Undefined index: category_id D:\phpStudy\WWW\A00\Runtime\Cache\Admin\58175ecf9f6bc46fb6f3d28ef7120082.php 第 452 行.
NOTIC: [8] Undefined index: category_id D:\phpStudy\WWW\A00\Runtime\Cache\Admin\58175ecf9f6bc46fb6f3d28ef7120082.php 第 453 行.
NOTIC: [8] Undefined index: category_name D:\phpStudy\WWW\A00\Runtime\Cache\Admin\58175ecf9f6bc46fb6f3d28ef7120082.php 第 454 行.
NOTIC: [8] Undefined index: category_date D:\phpStudy\WWW\A00\Runtime\Cache\Admin\58175ecf9f6bc46fb6f3d28ef7120082.php 第 455 行.
NOTIC: [8] Undefined index: category_change_date D:\phpStudy\WWW\A00\Runtime\Cache\Admin\58175ecf9f6bc46fb6f3d28ef7120082.php 第 456 行.
NOTIC: [8] Undefined index: category_id D:\phpStudy\WWW\A00\Runtime\Cache\Admin\58175ecf9f6bc46fb6f3d28ef7120082.php 第 457 行.
NOTIC: [8] Undefined index: category_id D:\phpStudy\WWW\A00\Runtime\Cache\Admin\58175ecf9f6bc46fb6f3d28ef7120082.php 第 458 行.
NOTIC: [8] Undefined index: category_id D:\phpStudy\WWW\A00\Runtime\Cache\Admin\58175ecf9f6bc46fb6f3d28ef7120082.php 第 452 行.
NOTIC: [8] Undefined index: category_id D:\phpStudy\WWW\A00\Runtime\Cache\Admin\58175ecf9f6bc46fb6f3d28ef7120082.php 第 453 行.
NOTIC: [8] Undefined index: category_name D:\phpStudy\WWW\A00\Runtime\Cache\Admin\58175ecf9f6bc46fb6f3d28ef7120082.php 第 454 行.
NOTIC: [8] Undefined index: category_date D:\phpStudy\WWW\A00\Runtime\Cache\Admin\58175ecf9f6bc46fb6f3d28ef7120082.php 第 455 行.
NOTIC: [8] Undefined index: category_change_date D:\phpStudy\WWW\A00\Runtime\Cache\Admin\58175ecf9f6bc46fb6f3d28ef7120082.php 第 456 行.
NOTIC: [8] Undefined index: category_id D:\phpStudy\WWW\A00\Runtime\Cache\Admin\58175ecf9f6bc46fb6f3d28ef7120082.php 第 457 行.
NOTIC: [8] Undefined index: category_id D:\phpStudy\WWW\A00\Runtime\Cache\Admin\58175ecf9f6bc46fb6f3d28ef7120082.php 第 458 行.
NOTIC: [8] Undefined variable: show D:\phpStudy\WWW\A00\Runtime\Cache\Admin\58175ecf9f6bc46fb6f3d28ef7120082.php 第 463 行.
INFO: Run Behavior\ParseTemplateBehavior [ RunTime:0.013288s ]
INFO: [ view_parse ] --END-- [ RunTime:0.013323s ]
INFO: [ view_filter ] --START--
INFO: Run Behavior\WriteHtmlCacheBehavior [ RunTime:0.000322s ]
INFO: [ view_filter ] --END-- [ RunTime:0.000350s ]
INFO: [ app_end ] --START--
INFO: Run Behavior\ShowPageTraceBehavior [ RunTime:0.000939s ]
INFO: [ app_end ] --END-- [ RunTime:0.000979s ]

[ 2019-06-21T19:19:05+08:00 ] ::1 /A00/admin.php/Index/admin.html
INFO: [ app_init ] --START--
INFO: Run Behavior\BuildLiteBehavior [ RunTime:0.000011s ]
INFO: [ app_init ] --END-- [ RunTime:0.000350s ]
INFO: [ app_begin ] --START--
INFO: Run Behavior\ReadHtmlCacheBehavior [ RunTime:0.000507s ]
INFO: [ app_begin ] --END-- [ RunTime:0.000545s ]
INFO: [ view_parse ] --START--
INFO: [ template_filter ] --START--
INFO: Run Behavior\ContentReplaceBehavior [ RunTime:0.000160s ]
INFO: [ template_filter ] --END-- [ RunTime:0.000200s ]
INFO: Run Behavior\ParseTemplateBehavior [ RunTime:0.014397s ]
INFO: [ view_parse ] --END-- [ RunTime:0.014433s ]
INFO: [ view_filter ] --START--
INFO: Run Behavior\WriteHtmlCacheBehavior [ RunTime:0.000282s ]
INFO: [ view_filter ] --END-- [ RunTime:0.000307s ]
INFO: [ app_end ] --START--
INFO: Run Behavior\ShowPageTraceBehavior [ RunTime:0.000719s ]
INFO: [ app_end ] --END-- [ RunTime:0.000768s ]

[ 2019-06-21T19:19:06+08:00 ] ::1 /A00/admin.php/Index/admin.html
INFO: [ app_init ] --START--
INFO: Run Behavior\BuildLiteBehavior [ RunTime:0.000010s ]
INFO: [ app_init ] --END-- [ RunTime:0.000306s ]
INFO: [ app_begin ] --START--
INFO: Run Behavior\ReadHtmlCacheBehavior [ RunTime:0.000548s ]
INFO: [ app_begin ] --END-- [ RunTime:0.000649s ]
INFO: [ view_parse ] --START--
INFO: [ template_filter ] --START--
INFO: Run Behavior\ContentReplaceBehavior [ RunTime:0.000162s ]
INFO: [ template_filter ] --END-- [ RunTime:0.000196s ]
INFO: Run Behavior\ParseTemplateBehavior [ RunTime:0.014143s ]
INFO: [ view_parse ] --END-- [ RunTime:0.014186s ]
INFO: [ view_filter ] --START--
INFO: Run Behavior\WriteHtmlCacheBehavior [ RunTime:0.000337s ]
INFO: [ view_filter ] --END-- [ RunTime:0.000366s ]
INFO: [ app_end ] --START--
INFO: Run Behavior\ShowPageTraceBehavior [ RunTime:0.000983s ]
INFO: [ app_end ] --END-- [ RunTime:0.001058s ]

[ 2019-06-21T19:19:08+08:00 ] ::1 /A00/admin.php/Priviledges/showPriviledgesList.html
INFO: [ app_init ] --START--
INFO: Run Behavior\BuildLiteBehavior [ RunTime:0.000011s ]
INFO: [ app_init ] --END-- [ RunTime:0.000405s ]
INFO: [ app_begin ] --START--
INFO: Run Behavior\ReadHtmlCacheBehavior [ RunTime:0.000569s ]
INFO: [ app_begin ] --END-- [ RunTime:0.000613s ]
NOTIC: [2048] Declaration of Common\Model\BaseModel::select() should be compatible with Think\Model::select($options = Array) D:\phpStudy\WWW\A00\Application\Common\Model\BaseModel.class.php 第 11 行.
SQL: SHOW COLUMNS FROM `a00_log` [ RunTime:0.0006s ]
SQL: SHOW COLUMNS FROM `a00_users` [ RunTime:0.0015s ]
SQL: select * from a00_users where `id` =1  and `user_del`=0 [ RunTime:0.0003s ]
INFO: [ view_parse ] --START--
INFO: [ template_filter ] --START--
INFO: Run Behavior\ContentReplaceBehavior [ RunTime:0.000048s ]
INFO: [ template_filter ] --END-- [ RunTime:0.000099s ]
INFO: Run Behavior\ParseTemplateBehavior [ RunTime:0.056765s ]
INFO: [ view_parse ] --END-- [ RunTime:0.056810s ]
INFO: [ view_filter ] --START--
INFO: Run Behavior\WriteHtmlCacheBehavior [ RunTime:0.000364s ]
INFO: [ view_filter ] --END-- [ RunTime:0.000399s ]

[ 2019-06-21T19:19:40+08:00 ] ::1 /A00/admin.php/Index/admin.html
INFO: [ app_init ] --START--
INFO: Run Behavior\BuildLiteBehavior [ RunTime:0.000012s ]
INFO: [ app_init ] --END-- [ RunTime:0.000324s ]
INFO: [ app_begin ] --START--
INFO: Run Behavior\ReadHtmlCacheBehavior [ RunTime:0.000507s ]
INFO: [ app_begin ] --END-- [ RunTime:0.000546s ]
INFO: [ view_parse ] --START--
INFO: [ template_filter ] --START--
INFO: Run Behavior\ContentReplaceBehavior [ RunTime:0.000157s ]
INFO: [ template_filter ] --END-- [ RunTime:0.000189s ]
INFO: Run Behavior\ParseTemplateBehavior [ RunTime:0.014853s ]
INFO: [ view_parse ] --END-- [ RunTime:0.014893s ]
INFO: [ view_filter ] --START--
INFO: Run Behavior\WriteHtmlCacheBehavior [ RunTime:0.000282s ]
INFO: [ view_filter ] --END-- [ RunTime:0.000312s ]
INFO: [ app_end ] --START--
INFO: Run Behavior\ShowPageTraceBehavior [ RunTime:0.000761s ]
INFO: [ app_end ] --END-- [ RunTime:0.000797s ]

[ 2019-06-21T19:19:42+08:00 ] ::1 /A00/admin.php/Priviledges/showPriviledgesList.html
INFO: [ app_init ] --START--
INFO: Run Behavior\BuildLiteBehavior [ RunTime:0.000010s ]
INFO: [ app_init ] --END-- [ RunTime:0.000305s ]
INFO: [ app_begin ] --START--
INFO: Run Behavior\ReadHtmlCacheBehavior [ RunTime:0.000594s ]
INFO: [ app_begin ] --END-- [ RunTime:0.000677s ]
NOTIC: [2048] Declaration of Common\Model\BaseModel::select() should be compatible with Think\Model::select($options = Array) D:\phpStudy\WWW\A00\Application\Common\Model\BaseModel.class.php 第 11 行.
SQL: SHOW COLUMNS FROM `a00_log` [ RunTime:0.0007s ]
SQL: SHOW COLUMNS FROM `a00_users` [ RunTime:0.0014s ]
SQL: select * from a00_users where `id` =1  and `user_del`=0 [ RunTime:0.0004s ]
INFO: [ view_parse ] --START--
INFO: [ template_filter ] --START--
INFO: Run Behavior\ContentReplaceBehavior [ RunTime:0.000051s ]
INFO: [ template_filter ] --END-- [ RunTime:0.000083s ]
INFO: Run Behavior\ParseTemplateBehavior [ RunTime:0.005786s ]
INFO: [ view_parse ] --END-- [ RunTime:0.005823s ]
INFO: [ view_filter ] --START--
INFO: Run Behavior\WriteHtmlCacheBehavior [ RunTime:0.000282s ]
INFO: [ view_filter ] --END-- [ RunTime:0.000309s ]

[ 2019-06-21T19:19:45+08:00 ] ::1 /A00/admin.php/Priviledges/%E6%B2%A1%E6%9C%89%E6%9D%83%E9%99%90
INFO: [ app_init ] --START--
INFO: Run Behavior\BuildLiteBehavior [ RunTime:0.000015s ]
INFO: [ app_init ] --END-- [ RunTime:0.000444s ]
INFO: [ app_begin ] --START--
INFO: Run Behavior\ReadHtmlCacheBehavior [ RunTime:0.000725s ]
INFO: [ app_begin ] --END-- [ RunTime:0.000779s ]
NOTIC: [2048] Declaration of Common\Model\BaseModel::select() should be compatible with Think\Model::select($options = Array) D:\phpStudy\WWW\A00\Application\Common\Model\BaseModel.class.php 第 11 行.
SQL: SHOW COLUMNS FROM `a00_log` [ RunTime:0.0007s ]
ERR: 非法操作:没有权限

[ 2019-06-21T19:20:34+08:00 ] ::1 /A00/admin.php/Priviledges/%E6%B2%A1%E6%9C%89%E6%9D%83%E9%99%90
INFO: [ app_init ] --START--
INFO: Run Behavior\BuildLiteBehavior [ RunTime:0.000014s ]
INFO: [ app_init ] --END-- [ RunTime:0.000438s ]
INFO: [ app_begin ] --START--
INFO: Run Behavior\ReadHtmlCacheBehavior [ RunTime:0.000746s ]
INFO: [ app_begin ] --END-- [ RunTime:0.000803s ]
NOTIC: [2048] Declaration of Common\Model\BaseModel::select() should be compatible with Think\Model::select($options = Array) D:\phpStudy\WWW\A00\Application\Common\Model\BaseModel.class.php 第 11 行.
SQL: SHOW COLUMNS FROM `a00_log` [ RunTime:0.0007s ]
ERR: 非法操作:没有权限

[ 2019-06-21T19:20:38+08:00 ] ::1 /A00/admin.php/Index/admin.html
INFO: [ app_init ] --START--
INFO: Run Behavior\BuildLiteBehavior [ RunTime:0.000011s ]
INFO: [ app_init ] --END-- [ RunTime:0.000312s ]
INFO: [ app_begin ] --START--
INFO: Run Behavior\ReadHtmlCacheBehavior [ RunTime:0.000516s ]
INFO: [ app_begin ] --END-- [ RunTime:0.000578s ]
INFO: [ view_parse ] --START--
INFO: [ template_filter ] --START--
INFO: Run Behavior\ContentReplaceBehavior [ RunTime:0.000165s ]
INFO: [ template_filter ] --END-- [ RunTime:0.000225s ]
INFO: Run Behavior\ParseTemplateBehavior [ RunTime:0.014661s ]
INFO: [ view_parse ] --END-- [ RunTime:0.014699s ]
INFO: [ view_filter ] --START--
INFO: Run Behavior\WriteHtmlCacheBehavior [ RunTime:0.000300s ]
INFO: [ view_filter ] --END-- [ RunTime:0.000327s ]
INFO: [ app_end ] --START--
INFO: Run Behavior\ShowPageTraceBehavior [ RunTime:0.000648s ]
INFO: [ app_end ] --END-- [ RunTime:0.000756s ]

[ 2019-06-21T19:20:40+08:00 ] ::1 /A00/admin.php/Priviledges/showPriviledgesList.html
INFO: [ app_init ] --START--
INFO: Run Behavior\BuildLiteBehavior [ RunTime:0.000011s ]
INFO: [ app_init ] --END-- [ RunTime:0.000426s ]
INFO: [ app_begin ] --START--
INFO: Run Behavior\ReadHtmlCacheBehavior [ RunTime:0.000517s ]
INFO: [ app_begin ] --END-- [ RunTime:0.000559s ]
NOTIC: [2048] Declaration of Common\Model\BaseModel::select() should be compatible with Think\Model::select($options = Array) D:\phpStudy\WWW\A00\Application\Common\Model\BaseModel.class.php 第 11 行.
SQL: SHOW COLUMNS FROM `a00_log` [ RunTime:0.0007s ]
SQL: SHOW COLUMNS FROM `a00_users` [ RunTime:0.0005s ]
SQL: select * from a00_users where `id` =1  and `user_del`=0 [ RunTime:0.0004s ]
INFO: [ view_parse ] --START--
INFO: [ template_filter ] --START--
INFO: Run Behavior\ContentReplaceBehavior [ RunTime:0.000035s ]
INFO: [ template_filter ] --END-- [ RunTime:0.000068s ]
INFO: Run Behavior\ParseTemplateBehavior [ RunTime:0.005981s ]
INFO: [ view_parse ] --END-- [ RunTime:0.006015s ]
INFO: [ view_filter ] --START--
INFO: Run Behavior\WriteHtmlCacheBehavior [ RunTime:0.000321s ]
INFO: [ view_filter ] --END-- [ RunTime:0.000348s ]

