[ 2019-06-22T00:27:57+08:00 ] ::1 /A00/admin.php
INFO: [ app_init ] --START--
INFO: Run Behavior\BuildLiteBehavior [ RunTime:0.000017s ]
INFO: [ app_init ] --END-- [ RunTime:0.000595s ]
INFO: [ app_begin ] --START--
INFO: Run Behavior\ReadHtmlCacheBehavior [ RunTime:0.000854s ]
INFO: [ app_begin ] --END-- [ RunTime:0.000914s ]
INFO: [ view_parse ] --START--
INFO: [ template_filter ] --START--
INFO: Run Behavior\ContentReplaceBehavior [ RunTime:0.000077s ]
INFO: [ template_filter ] --END-- [ RunTime:0.000132s ]
INFO: Run Behavior\ParseTemplateBehavior [ RunTime:0.007433s ]
INFO: [ view_parse ] --END-- [ RunTime:0.007474s ]
INFO: [ view_filter ] --START--
INFO: Run Behavior\WriteHtmlCacheBehavior [ RunTime:0.000478s ]
INFO: [ view_filter ] --END-- [ RunTime:0.000509s ]
INFO: [ app_end ] --START--
INFO: Run Behavior\ShowPageTraceBehavior [ RunTime:0.000674s ]
INFO: [ app_end ] --END-- [ RunTime:0.000705s ]

[ 2019-06-22T00:28:01+08:00 ] ::1 /A00/admin.php/Index/checkLoginIn.html
INFO: [ app_init ] --START--
INFO: Run Behavior\BuildLiteBehavior [ RunTime:0.000012s ]
INFO: [ app_init ] --END-- [ RunTime:0.000331s ]
INFO: [ app_begin ] --START--
INFO: Run Behavior\ReadHtmlCacheBehavior [ RunTime:0.000640s ]
INFO: [ app_begin ] --END-- [ RunTime:0.000684s ]
NOTIC: [2048] Declaration of Common\Model\BaseModel::select() should be compatible with Think\Model::select($options = Array) D:\phpStudy\WWW\A00\Application\Common\Model\BaseModel.class.php 第 11 行.
SQL: SHOW COLUMNS FROM `a00_users` [ RunTime:0.0008s ]
SQL: select * from a00_users where   username='aaa'  [ RunTime:0.0004s ]
INFO: [ view_parse ] --START--
INFO: [ template_filter ] --START--
INFO: Run Behavior\ContentReplaceBehavior [ RunTime:0.000332s ]
INFO: [ template_filter ] --END-- [ RunTime:0.000372s ]
INFO: Run Behavior\ParseTemplateBehavior [ RunTime:0.014545s ]
INFO: [ view_parse ] --END-- [ RunTime:0.014584s ]
INFO: [ view_filter ] --START--
INFO: Run Behavior\WriteHtmlCacheBehavior [ RunTime:0.000316s ]
INFO: [ view_filter ] --END-- [ RunTime:0.000345s ]
INFO: [ app_end ] --START--
INFO: Run Behavior\ShowPageTraceBehavior [ RunTime:0.000654s ]
INFO: [ app_end ] --END-- [ RunTime:0.000691s ]

[ 2019-06-22T00:28:04+08:00 ] ::1 /A00/admin.php/Clothes/show.html
INFO: [ app_init ] --START--
INFO: Run Behavior\BuildLiteBehavior [ RunTime:0.000030s ]
INFO: [ app_init ] --END-- [ RunTime:0.000689s ]
INFO: [ app_begin ] --START--
INFO: Run Behavior\ReadHtmlCacheBehavior [ RunTime:0.000694s ]
INFO: [ app_begin ] --END-- [ RunTime:0.000746s ]
NOTIC: [2048] Declaration of Admin\Controller\ClothesController::show() should be compatible with Think\Controller::show($content, $charset = '', $contentType = '', $prefix = '') D:\phpStudy\WWW\A00\Application\Admin\Controller\ClothesController.class.php 第 19 行.
NOTIC: [2048] Declaration of Common\Model\BaseModel::select() should be compatible with Think\Model::select($options = Array) D:\phpStudy\WWW\A00\Application\Common\Model\BaseModel.class.php 第 11 行.
SQL: SHOW COLUMNS FROM `a00_log` [ RunTime:0.0008s ]
SQL: SHOW COLUMNS FROM `a00_categories` [ RunTime:0.0009s ]
SQL: select * from a00_categories where category_del=0 [ RunTime:0.0004s ]
INFO: [ view_parse ] --START--
INFO: [ template_filter ] --START--
INFO: Run Behavior\ContentReplaceBehavior [ RunTime:0.000157s ]
INFO: [ template_filter ] --END-- [ RunTime:0.000199s ]
INFO: Run Behavior\ParseTemplateBehavior [ RunTime:0.016453s ]
INFO: [ view_parse ] --END-- [ RunTime:0.016534s ]
INFO: [ view_filter ] --START--
INFO: Run Behavior\WriteHtmlCacheBehavior [ RunTime:0.000332s ]
INFO: [ view_filter ] --END-- [ RunTime:0.000362s ]
INFO: [ app_end ] --START--
INFO: Run Behavior\ShowPageTraceBehavior [ RunTime:0.000919s ]
INFO: [ app_end ] --END-- [ RunTime:0.000996s ]

[ 2019-06-22T00:28:06+08:00 ] ::1 /A00/admin.php/User/showUserInfo?userId=1
INFO: [ app_init ] --START--
INFO: Run Behavior\BuildLiteBehavior [ RunTime:0.000035s ]
INFO: [ app_init ] --END-- [ RunTime:0.000460s ]
INFO: [ app_begin ] --START--
INFO: Run Behavior\ReadHtmlCacheBehavior [ RunTime:0.000598s ]
INFO: [ app_begin ] --END-- [ RunTime:0.000647s ]
NOTIC: [2048] Declaration of Common\Model\BaseModel::select() should be compatible with Think\Model::select($options = Array) D:\phpStudy\WWW\A00\Application\Common\Model\BaseModel.class.php 第 11 行.
SQL: SHOW COLUMNS FROM `a00_log` [ RunTime:0.0008s ]
SQL: SHOW COLUMNS FROM `a00_users` [ RunTime:0.0010s ]
SQL: select * from a00_users where `id`=1 and `user_del`=0 [ RunTime:0.0009s ]
INFO: [ view_parse ] --START--
INFO: [ template_filter ] --START--
INFO: Run Behavior\ContentReplaceBehavior [ RunTime:0.000065s ]
INFO: [ template_filter ] --END-- [ RunTime:0.000104s ]
INFO: Run Behavior\ParseTemplateBehavior [ RunTime:0.007539s ]
INFO: [ view_parse ] --END-- [ RunTime:0.007594s ]
INFO: [ view_filter ] --START--
INFO: Run Behavior\WriteHtmlCacheBehavior [ RunTime:0.000373s ]
INFO: [ view_filter ] --END-- [ RunTime:0.000401s ]
INFO: [ app_end ] --START--
INFO: Run Behavior\ShowPageTraceBehavior [ RunTime:0.000693s ]
INFO: [ app_end ] --END-- [ RunTime:0.000732s ]

[ 2019-06-22T00:28:13+08:00 ] ::1 /A00/admin.php/Category/showCatgeoryList.html
INFO: [ app_init ] --START--
INFO: Run Behavior\BuildLiteBehavior [ RunTime:0.000010s ]
INFO: [ app_init ] --END-- [ RunTime:0.000431s ]
INFO: [ app_begin ] --START--
INFO: Run Behavior\ReadHtmlCacheBehavior [ RunTime:0.000776s ]
INFO: [ app_begin ] --END-- [ RunTime:0.000821s ]
NOTIC: [2048] Declaration of Common\Model\BaseModel::select() should be compatible with Think\Model::select($options = Array) D:\phpStudy\WWW\A00\Application\Common\Model\BaseModel.class.php 第 11 行.
SQL: SHOW COLUMNS FROM `a00_log` [ RunTime:0.0006s ]
NOTIC: [8] Undefined index: p D:\phpStudy\WWW\A00\Application\Admin\Controller\CategoryController.class.php 第 60 行.
SQL: SHOW COLUMNS FROM `a00_categories` [ RunTime:0.0016s ]
SQL: SHOW COLUMNS FROM `a00_users` [ RunTime:0.0026s ]
SQL: select * from a00_categories where category_del=0 [ RunTime:0.0003s ]
SQL: select * from a00_categories where category_del=0 order by category_id limit  0,10 [ RunTime:0.0003s ]
SQL: select username,real_name from  a00_users [ RunTime:0.0003s ]
INFO: [ view_parse ] --START--
INFO: [ template_filter ] --START--
INFO: Run Behavior\ContentReplaceBehavior [ RunTime:0.000126s ]
INFO: [ template_filter ] --END-- [ RunTime:0.000162s ]
INFO: Run Behavior\ParseTemplateBehavior [ RunTime:0.012683s ]
INFO: [ view_parse ] --END-- [ RunTime:0.012721s ]
INFO: [ view_filter ] --START--
INFO: Run Behavior\WriteHtmlCacheBehavior [ RunTime:0.000414s ]
INFO: [ view_filter ] --END-- [ RunTime:0.000442s ]
INFO: [ app_end ] --START--
INFO: Run Behavior\ShowPageTraceBehavior [ RunTime:0.001027s ]
INFO: [ app_end ] --END-- [ RunTime:0.001083s ]

[ 2019-06-22T00:28:17+08:00 ] ::1 /A00/admin.php/Category/changeCategory?product_id=2
INFO: [ app_init ] --START--
INFO: Run Behavior\BuildLiteBehavior [ RunTime:0.000017s ]
INFO: [ app_init ] --END-- [ RunTime:0.000662s ]
INFO: [ app_begin ] --START--
INFO: Run Behavior\ReadHtmlCacheBehavior [ RunTime:0.000711s ]
INFO: [ app_begin ] --END-- [ RunTime:0.000811s ]
NOTIC: [2048] Declaration of Common\Model\BaseModel::select() should be compatible with Think\Model::select($options = Array) D:\phpStudy\WWW\A00\Application\Common\Model\BaseModel.class.php 第 11 行.
SQL: SHOW COLUMNS FROM `a00_log` [ RunTime:0.0010s ]
SQL: SHOW COLUMNS FROM `a00_categories` [ RunTime:0.0009s ]
SQL: select * from a00_categories where category_id=2 and category_del=0  [ RunTime:0.0006s ]
INFO: [ view_parse ] --START--
INFO: [ template_filter ] --START--
INFO: Run Behavior\ContentReplaceBehavior [ RunTime:0.000077s ]
INFO: [ template_filter ] --END-- [ RunTime:0.000122s ]
INFO: Run Behavior\ParseTemplateBehavior [ RunTime:0.046785s ]
INFO: [ view_parse ] --END-- [ RunTime:0.046880s ]
INFO: [ view_filter ] --START--
INFO: Run Behavior\WriteHtmlCacheBehavior [ RunTime:0.000500s ]
INFO: [ view_filter ] --END-- [ RunTime:0.000534s ]
INFO: [ app_end ] --START--
INFO: Run Behavior\ShowPageTraceBehavior [ RunTime:0.001160s ]
INFO: [ app_end ] --END-- [ RunTime:0.001258s ]

[ 2019-06-22T00:28:22+08:00 ] ::1 /A00/admin.php/Category/changeCategory?product_id=6
INFO: [ app_init ] --START--
INFO: Run Behavior\BuildLiteBehavior [ RunTime:0.000014s ]
INFO: [ app_init ] --END-- [ RunTime:0.000455s ]
INFO: [ app_begin ] --START--
INFO: Run Behavior\ReadHtmlCacheBehavior [ RunTime:0.000692s ]
INFO: [ app_begin ] --END-- [ RunTime:0.000746s ]
NOTIC: [2048] Declaration of Common\Model\BaseModel::select() should be compatible with Think\Model::select($options = Array) D:\phpStudy\WWW\A00\Application\Common\Model\BaseModel.class.php 第 11 行.
SQL: SHOW COLUMNS FROM `a00_log` [ RunTime:0.0013s ]
SQL: SHOW COLUMNS FROM `a00_categories` [ RunTime:0.0031s ]
SQL: select * from a00_categories where category_id=6 and category_del=0  [ RunTime:0.0009s ]
INFO: [ view_parse ] --START--
INFO: [ template_filter ] --START--
INFO: Run Behavior\ContentReplaceBehavior [ RunTime:0.000073s ]
INFO: [ template_filter ] --END-- [ RunTime:0.000113s ]
INFO: Run Behavior\ParseTemplateBehavior [ RunTime:0.009168s ]
INFO: [ view_parse ] --END-- [ RunTime:0.009256s ]
INFO: [ view_filter ] --START--
INFO: Run Behavior\WriteHtmlCacheBehavior [ RunTime:0.000555s ]
INFO: [ view_filter ] --END-- [ RunTime:0.000594s ]
INFO: [ app_end ] --START--
INFO: Run Behavior\ShowPageTraceBehavior [ RunTime:0.000978s ]
INFO: [ app_end ] --END-- [ RunTime:0.001123s ]

[ 2019-06-22T00:28:37+08:00 ] ::1 /A00/admin.php/Index/logout.html
INFO: [ app_init ] --START--
INFO: Run Behavior\BuildLiteBehavior [ RunTime:0.000010s ]
INFO: [ app_init ] --END-- [ RunTime:0.000311s ]
INFO: [ app_begin ] --START--
INFO: Run Behavior\ReadHtmlCacheBehavior [ RunTime:0.000515s ]
INFO: [ app_begin ] --END-- [ RunTime:0.000554s ]
INFO: [ view_parse ] --START--
INFO: [ template_filter ] --START--
INFO: Run Behavior\ContentReplaceBehavior [ RunTime:0.000058s ]
INFO: [ template_filter ] --END-- [ RunTime:0.000096s ]
INFO: Run Behavior\ParseTemplateBehavior [ RunTime:0.007195s ]
INFO: [ view_parse ] --END-- [ RunTime:0.007234s ]
INFO: [ view_filter ] --START--
INFO: Run Behavior\WriteHtmlCacheBehavior [ RunTime:0.000296s ]
INFO: [ view_filter ] --END-- [ RunTime:0.000322s ]
INFO: [ app_end ] --START--
INFO: Run Behavior\ShowPageTraceBehavior [ RunTime:0.000504s ]
INFO: [ app_end ] --END-- [ RunTime:0.000533s ]

[ 2019-06-22T15:14:51+08:00 ] ::1 /A00/admin.php
INFO: [ app_init ] --START--
INFO: Run Behavior\BuildLiteBehavior [ RunTime:0.000021s ]
INFO: [ app_init ] --END-- [ RunTime:0.044631s ]
INFO: [ app_begin ] --START--
INFO: Run Behavior\ReadHtmlCacheBehavior [ RunTime:0.030195s ]
INFO: [ app_begin ] --END-- [ RunTime:0.030253s ]
INFO: [ view_parse ] --START--
INFO: [ template_filter ] --START--
INFO: Run Behavior\ContentReplaceBehavior [ RunTime:0.036199s ]
INFO: [ template_filter ] --END-- [ RunTime:0.036267s ]
INFO: Run Behavior\ParseTemplateBehavior [ RunTime:0.386850s ]
INFO: [ view_parse ] --END-- [ RunTime:0.386903s ]
INFO: [ view_filter ] --START--
INFO: Run Behavior\WriteHtmlCacheBehavior [ RunTime:0.045143s ]
INFO: [ view_filter ] --END-- [ RunTime:0.045188s ]
INFO: [ app_end ] --START--
INFO: Run Behavior\ShowPageTraceBehavior [ RunTime:0.016717s ]
INFO: [ app_end ] --END-- [ RunTime:0.016782s ]

[ 2019-06-22T15:15:07+08:00 ] ::1 /A00/admin.php/Index/checkLoginIn.html
INFO: [ app_init ] --START--
INFO: Run Behavior\BuildLiteBehavior [ RunTime:0.000012s ]
INFO: [ app_init ] --END-- [ RunTime:0.000431s ]
INFO: [ app_begin ] --START--
INFO: Run Behavior\ReadHtmlCacheBehavior [ RunTime:0.000628s ]
INFO: [ app_begin ] --END-- [ RunTime:0.000670s ]
NOTIC: [2048] Declaration of Common\Model\BaseModel::select() should be compatible with Think\Model::select($options = Array) D:\phpStudy\WWW\A00\Application\Common\Model\BaseModel.class.php 第 11 行.
SQL: SHOW COLUMNS FROM `a00_users` [ RunTime:0.0011s ]
SQL: select * from a00_users where   username='aaa'  [ RunTime:0.0004s ]
INFO: [ view_parse ] --START--
INFO: [ template_filter ] --START--
INFO: Run Behavior\ContentReplaceBehavior [ RunTime:0.000071s ]
INFO: [ template_filter ] --END-- [ RunTime:0.000110s ]
INFO: Run Behavior\ParseTemplateBehavior [ RunTime:0.007610s ]
INFO: [ view_parse ] --END-- [ RunTime:0.007652s ]
INFO: [ view_filter ] --START--
INFO: Run Behavior\WriteHtmlCacheBehavior [ RunTime:0.000479s ]
INFO: [ view_filter ] --END-- [ RunTime:0.000514s ]
INFO: [ app_end ] --START--
INFO: Run Behavior\ShowPageTraceBehavior [ RunTime:0.000742s ]
INFO: [ app_end ] --END-- [ RunTime:0.000779s ]

[ 2019-06-22T15:15:15+08:00 ] ::1 /A00/admin.php/Index/checkLoginIn.html
INFO: [ app_init ] --START--
INFO: Run Behavior\BuildLiteBehavior [ RunTime:0.000014s ]
INFO: [ app_init ] --END-- [ RunTime:0.000565s ]
INFO: [ app_begin ] --START--
INFO: Run Behavior\ReadHtmlCacheBehavior [ RunTime:0.000889s ]
INFO: [ app_begin ] --END-- [ RunTime:0.000935s ]
NOTIC: [2048] Declaration of Common\Model\BaseModel::select() should be compatible with Think\Model::select($options = Array) D:\phpStudy\WWW\A00\Application\Common\Model\BaseModel.class.php 第 11 行.
SQL: SHOW COLUMNS FROM `a00_users` [ RunTime:0.0671s ]
SQL: select * from a00_users where   username='aaa'  [ RunTime:0.0004s ]
INFO: [ view_parse ] --START--
INFO: [ template_filter ] --START--
INFO: Run Behavior\ContentReplaceBehavior [ RunTime:0.000154s ]
INFO: [ template_filter ] --END-- [ RunTime:0.000194s ]
INFO: Run Behavior\ParseTemplateBehavior [ RunTime:0.119517s ]
INFO: [ view_parse ] --END-- [ RunTime:0.119562s ]
INFO: [ view_filter ] --START--
INFO: Run Behavior\WriteHtmlCacheBehavior [ RunTime:0.000657s ]
INFO: [ view_filter ] --END-- [ RunTime:0.000698s ]
INFO: [ app_end ] --START--
INFO: Run Behavior\ShowPageTraceBehavior [ RunTime:0.001268s ]
INFO: [ app_end ] --END-- [ RunTime:0.001342s ]

[ 2019-06-22T15:15:28+08:00 ] ::1 /A00/admin.php/Clothes/show.html
INFO: [ app_init ] --START--
INFO: Run Behavior\BuildLiteBehavior [ RunTime:0.000023s ]
INFO: [ app_init ] --END-- [ RunTime:0.000847s ]
INFO: [ app_begin ] --START--
INFO: Run Behavior\ReadHtmlCacheBehavior [ RunTime:0.001519s ]
INFO: [ app_begin ] --END-- [ RunTime:0.001644s ]
NOTIC: [2048] Declaration of Admin\Controller\ClothesController::show() should be compatible with Think\Controller::show($content, $charset = '', $contentType = '', $prefix = '') D:\phpStudy\WWW\A00\Application\Admin\Controller\ClothesController.class.php 第 19 行.
NOTIC: [2048] Declaration of Common\Model\BaseModel::select() should be compatible with Think\Model::select($options = Array) D:\phpStudy\WWW\A00\Application\Common\Model\BaseModel.class.php 第 11 行.
SQL: SHOW COLUMNS FROM `a00_log` [ RunTime:0.0014s ]
SQL: SHOW COLUMNS FROM `a00_categories` [ RunTime:0.0041s ]
SQL: select * from a00_categories where category_del=0 [ RunTime:0.0008s ]
INFO: [ view_parse ] --START--
INFO: [ template_filter ] --START--
INFO: Run Behavior\ContentReplaceBehavior [ RunTime:0.000401s ]
INFO: [ template_filter ] --END-- [ RunTime:0.000503s ]
INFO: Run Behavior\ParseTemplateBehavior [ RunTime:0.079572s ]
INFO: [ view_parse ] --END-- [ RunTime:0.079683s ]
INFO: [ view_filter ] --START--
INFO: Run Behavior\WriteHtmlCacheBehavior [ RunTime:0.001728s ]
INFO: [ view_filter ] --END-- [ RunTime:0.001811s ]
INFO: [ app_end ] --START--
INFO: Run Behavior\ShowPageTraceBehavior [ RunTime:0.002385s ]
INFO: [ app_end ] --END-- [ RunTime:0.002486s ]

[ 2019-06-22T15:15:42+08:00 ] ::1 /A00/admin.php/Clothes/showProduct.html
INFO: [ app_init ] --START--
INFO: Run Behavior\BuildLiteBehavior [ RunTime:0.000035s ]
INFO: [ app_init ] --END-- [ RunTime:0.001557s ]
INFO: [ app_begin ] --START--
INFO: Run Behavior\ReadHtmlCacheBehavior [ RunTime:0.001897s ]
INFO: [ app_begin ] --END-- [ RunTime:0.002003s ]
NOTIC: [2048] Declaration of Admin\Controller\ClothesController::show() should be compatible with Think\Controller::show($content, $charset = '', $contentType = '', $prefix = '') D:\phpStudy\WWW\A00\Application\Admin\Controller\ClothesController.class.php 第 19 行.
NOTIC: [2048] Declaration of Common\Model\BaseModel::select() should be compatible with Think\Model::select($options = Array) D:\phpStudy\WWW\A00\Application\Common\Model\BaseModel.class.php 第 11 行.
SQL: SHOW COLUMNS FROM `a00_log` [ RunTime:0.0010s ]
NOTIC: [8] Undefined index: p D:\phpStudy\WWW\A00\Application\Admin\Controller\ClothesController.class.php 第 108 行.
NOTIC: [2048] Declaration of Admin\Model\ProductModel::find() should be compatible with Think\Model::find($options = Array) D:\phpStudy\WWW\A00\Application\Admin\Model\ProductModel.class.php 第 38 行.
SQL: SHOW COLUMNS FROM `a00_product` [ RunTime:0.0012s ]
SQL: select * from a00_product where product_del=0  [ RunTime:0.0007s ]
SQL: select * from a00_product where product_del=0 order by product_id  limit 0 ,10 [ RunTime:0.0012s ]
SQL: SHOW COLUMNS FROM `a00_categories` [ RunTime:0.0053s ]
SQL: select * from a00_categories where category_id in (6,2) [ RunTime:0.0009s ]
INFO: [ view_parse ] --START--
INFO: [ template_filter ] --START--
INFO: Run Behavior\ContentReplaceBehavior [ RunTime:0.000433s ]
INFO: [ template_filter ] --END-- [ RunTime:0.000547s ]
INFO: Run Behavior\ParseTemplateBehavior [ RunTime:0.051436s ]
INFO: [ view_parse ] --END-- [ RunTime:0.051546s ]
INFO: [ view_filter ] --START--
INFO: Run Behavior\WriteHtmlCacheBehavior [ RunTime:0.001875s ]
INFO: [ view_filter ] --END-- [ RunTime:0.001959s ]
INFO: [ app_end ] --START--
INFO: Run Behavior\ShowPageTraceBehavior [ RunTime:0.001984s ]
INFO: [ app_end ] --END-- [ RunTime:0.002058s ]

[ 2019-06-22T15:15:47+08:00 ] ::1 /A00/admin.php/Clothes/getProductFullInformation?product_id=3
INFO: [ app_init ] --START--
INFO: Run Behavior\BuildLiteBehavior [ RunTime:0.000018s ]
INFO: [ app_init ] --END-- [ RunTime:0.000728s ]
INFO: [ app_begin ] --START--
INFO: Run Behavior\ReadHtmlCacheBehavior [ RunTime:0.001036s ]
INFO: [ app_begin ] --END-- [ RunTime:0.001097s ]
NOTIC: [2048] Declaration of Admin\Controller\ClothesController::show() should be compatible with Think\Controller::show($content, $charset = '', $contentType = '', $prefix = '') D:\phpStudy\WWW\A00\Application\Admin\Controller\ClothesController.class.php 第 19 行.
NOTIC: [2048] Declaration of Common\Model\BaseModel::select() should be compatible with Think\Model::select($options = Array) D:\phpStudy\WWW\A00\Application\Common\Model\BaseModel.class.php 第 11 行.
SQL: SHOW COLUMNS FROM `a00_log` [ RunTime:0.0009s ]
NOTIC: [2048] Declaration of Admin\Model\ProductModel::find() should be compatible with Think\Model::find($options = Array) D:\phpStudy\WWW\A00\Application\Admin\Model\ProductModel.class.php 第 38 行.
SQL: SHOW COLUMNS FROM `a00_product` [ RunTime:0.0011s ]
SQL: select * from a00_product where product_id= 3 and product_del=0 [ RunTime:0.0005s ]
SQL: SHOW COLUMNS FROM `a00_product_image` [ RunTime:0.0886s ]
SQL: select * from  a00_product_image where pid=3 and `pic_del`=0 [ RunTime:0.0009s ]
SQL: SHOW COLUMNS FROM `a00_product_num` [ RunTime:0.0474s ]
SQL: select * from a00_product_num where product_id=3 and `product_del`=0 [ RunTime:0.0011s ]
SQL: SHOW COLUMNS FROM `a00_categories` [ RunTime:0.0056s ]
SQL: select * from a00_categories where category_del=0  [ RunTime:0.0009s ]
INFO: [ view_parse ] --START--
INFO: [ template_filter ] --START--
INFO: Run Behavior\ContentReplaceBehavior [ RunTime:0.000282s ]
INFO: [ template_filter ] --END-- [ RunTime:0.000403s ]
NOTIC: [2] Illegal string offset 'pic_id' D:\phpStudy\WWW\A00\Runtime\Cache\Admin\de34c5ebd2e2ef9a9ffd7959f6101890.php 第 173 行.
INFO: Run Behavior\ParseTemplateBehavior [ RunTime:0.057340s ]
INFO: [ view_parse ] --END-- [ RunTime:0.057471s ]
INFO: [ view_filter ] --START--
INFO: Run Behavior\WriteHtmlCacheBehavior [ RunTime:0.002067s ]
INFO: [ view_filter ] --END-- [ RunTime:0.002199s ]
INFO: [ app_end ] --START--
INFO: Run Behavior\ShowPageTraceBehavior [ RunTime:0.002768s ]
INFO: [ app_end ] --END-- [ RunTime:0.002899s ]

[ 2019-06-22T15:16:04+08:00 ] ::1 /A00/admin.php/Clothes/show.html
INFO: [ app_init ] --START--
INFO: Run Behavior\BuildLiteBehavior [ RunTime:0.000024s ]
INFO: [ app_init ] --END-- [ RunTime:0.000951s ]
INFO: [ app_begin ] --START--
INFO: Run Behavior\ReadHtmlCacheBehavior [ RunTime:0.001483s ]
INFO: [ app_begin ] --END-- [ RunTime:0.001552s ]
NOTIC: [2048] Declaration of Admin\Controller\ClothesController::show() should be compatible with Think\Controller::show($content, $charset = '', $contentType = '', $prefix = '') D:\phpStudy\WWW\A00\Application\Admin\Controller\ClothesController.class.php 第 19 行.
NOTIC: [2048] Declaration of Common\Model\BaseModel::select() should be compatible with Think\Model::select($options = Array) D:\phpStudy\WWW\A00\Application\Common\Model\BaseModel.class.php 第 11 行.
SQL: SHOW COLUMNS FROM `a00_log` [ RunTime:0.0007s ]
SQL: SHOW COLUMNS FROM `a00_categories` [ RunTime:0.0019s ]
SQL: select * from a00_categories where category_del=0 [ RunTime:0.0004s ]
INFO: [ view_parse ] --START--
INFO: [ template_filter ] --START--
INFO: Run Behavior\ContentReplaceBehavior [ RunTime:0.000293s ]
INFO: [ template_filter ] --END-- [ RunTime:0.000377s ]
INFO: Run Behavior\ParseTemplateBehavior [ RunTime:0.027788s ]
INFO: [ view_parse ] --END-- [ RunTime:0.027841s ]
INFO: [ view_filter ] --START--
INFO: Run Behavior\WriteHtmlCacheBehavior [ RunTime:0.001201s ]
INFO: [ view_filter ] --END-- [ RunTime:0.001239s ]
INFO: [ app_end ] --START--
INFO: Run Behavior\ShowPageTraceBehavior [ RunTime:0.001075s ]
INFO: [ app_end ] --END-- [ RunTime:0.001121s ]

[ 2019-06-22T15:16:38+08:00 ] ::1 /A00/admin.php/Bussiness/showAddProduct.html
INFO: [ app_init ] --START--
INFO: Run Behavior\BuildLiteBehavior [ RunTime:0.000034s ]
INFO: [ app_init ] --END-- [ RunTime:0.001597s ]
INFO: [ app_begin ] --START--
INFO: Run Behavior\ReadHtmlCacheBehavior [ RunTime:0.002257s ]
INFO: [ app_begin ] --END-- [ RunTime:0.002385s ]
NOTIC: [2048] Declaration of Common\Model\BaseModel::select() should be compatible with Think\Model::select($options = Array) D:\phpStudy\WWW\A00\Application\Common\Model\BaseModel.class.php 第 11 行.
SQL: SHOW COLUMNS FROM `a00_log` [ RunTime:0.0011s ]
NOTIC: [2048] Declaration of Admin\Model\ProductModel::find() should be compatible with Think\Model::find($options = Array) D:\phpStudy\WWW\A00\Application\Admin\Model\ProductModel.class.php 第 38 行.
SQL: SHOW COLUMNS FROM `a00_product` [ RunTime:0.0011s ]
SQL: select `product_id`,`product_name` from a00_product [ RunTime:0.0005s ]
INFO: [ view_parse ] --START--
INFO: [ template_filter ] --START--
INFO: Run Behavior\ContentReplaceBehavior [ RunTime:0.000322s ]
INFO: [ template_filter ] --END-- [ RunTime:0.000401s ]
INFO: Run Behavior\ParseTemplateBehavior [ RunTime:0.053900s ]
INFO: [ view_parse ] --END-- [ RunTime:0.053989s ]
INFO: [ view_filter ] --START--
INFO: Run Behavior\WriteHtmlCacheBehavior [ RunTime:0.001103s ]
INFO: [ view_filter ] --END-- [ RunTime:0.001165s ]
INFO: [ app_end ] --START--
INFO: Run Behavior\ShowPageTraceBehavior [ RunTime:0.000895s ]
INFO: [ app_end ] --END-- [ RunTime:0.000943s ]

[ 2019-06-22T15:16:50+08:00 ] ::1 /A00/admin.php/Clothes/show.html
INFO: [ app_init ] --START--
INFO: Run Behavior\BuildLiteBehavior [ RunTime:0.000023s ]
INFO: [ app_init ] --END-- [ RunTime:0.001093s ]
INFO: [ app_begin ] --START--
INFO: Run Behavior\ReadHtmlCacheBehavior [ RunTime:0.001527s ]
INFO: [ app_begin ] --END-- [ RunTime:0.001611s ]
NOTIC: [2048] Declaration of Admin\Controller\ClothesController::show() should be compatible with Think\Controller::show($content, $charset = '', $contentType = '', $prefix = '') D:\phpStudy\WWW\A00\Application\Admin\Controller\ClothesController.class.php 第 19 行.
NOTIC: [2048] Declaration of Common\Model\BaseModel::select() should be compatible with Think\Model::select($options = Array) D:\phpStudy\WWW\A00\Application\Common\Model\BaseModel.class.php 第 11 行.
SQL: SHOW COLUMNS FROM `a00_log` [ RunTime:0.0009s ]
SQL: SHOW COLUMNS FROM `a00_categories` [ RunTime:0.0008s ]
SQL: select * from a00_categories where category_del=0 [ RunTime:0.0005s ]
INFO: [ view_parse ] --START--
INFO: [ template_filter ] --START--
INFO: Run Behavior\ContentReplaceBehavior [ RunTime:0.000228s ]
INFO: [ template_filter ] --END-- [ RunTime:0.000280s ]
INFO: Run Behavior\ParseTemplateBehavior [ RunTime:0.024454s ]
INFO: [ view_parse ] --END-- [ RunTime:0.024519s ]
INFO: [ view_filter ] --START--
INFO: Run Behavior\WriteHtmlCacheBehavior [ RunTime:0.001406s ]
INFO: [ view_filter ] --END-- [ RunTime:0.001469s ]
INFO: [ app_end ] --START--
INFO: Run Behavior\ShowPageTraceBehavior [ RunTime:0.001301s ]
INFO: [ app_end ] --END-- [ RunTime:0.001351s ]

[ 2019-06-22T15:17:16+08:00 ] ::1 /A00/admin.php/Bussiness/showAddsellProduct.html
INFO: [ app_init ] --START--
INFO: Run Behavior\BuildLiteBehavior [ RunTime:0.000020s ]
INFO: [ app_init ] --END-- [ RunTime:0.001159s ]
INFO: [ app_begin ] --START--
INFO: Run Behavior\ReadHtmlCacheBehavior [ RunTime:0.001867s ]
INFO: [ app_begin ] --END-- [ RunTime:0.001958s ]
NOTIC: [2048] Declaration of Common\Model\BaseModel::select() should be compatible with Think\Model::select($options = Array) D:\phpStudy\WWW\A00\Application\Common\Model\BaseModel.class.php 第 11 行.
SQL: SHOW COLUMNS FROM `a00_log` [ RunTime:0.0007s ]
INFO: [ view_parse ] --START--
INFO: [ template_filter ] --START--
INFO: Run Behavior\ContentReplaceBehavior [ RunTime:0.000439s ]
INFO: [ template_filter ] --END-- [ RunTime:0.000553s ]
INFO: Run Behavior\ParseTemplateBehavior [ RunTime:0.103443s ]
INFO: [ view_parse ] --END-- [ RunTime:0.103541s ]
INFO: [ view_filter ] --START--
INFO: Run Behavior\WriteHtmlCacheBehavior [ RunTime:0.001890s ]
INFO: [ view_filter ] --END-- [ RunTime:0.001982s ]
INFO: [ app_end ] --START--
INFO: Run Behavior\ShowPageTraceBehavior [ RunTime:0.002643s ]
INFO: [ app_end ] --END-- [ RunTime:0.002758s ]

[ 2019-06-22T15:18:19+08:00 ] ::1 /A00/admin.php/User/showUserInfo?userId=1
INFO: [ app_init ] --START--
INFO: Run Behavior\BuildLiteBehavior [ RunTime:0.000027s ]
INFO: [ app_init ] --END-- [ RunTime:0.001204s ]
INFO: [ app_begin ] --START--
INFO: Run Behavior\ReadHtmlCacheBehavior [ RunTime:0.001662s ]
INFO: [ app_begin ] --END-- [ RunTime:0.001763s ]
NOTIC: [2048] Declaration of Common\Model\BaseModel::select() should be compatible with Think\Model::select($options = Array) D:\phpStudy\WWW\A00\Application\Common\Model\BaseModel.class.php 第 11 行.
SQL: SHOW COLUMNS FROM `a00_log` [ RunTime:0.0025s ]
SQL: SHOW COLUMNS FROM `a00_users` [ RunTime:0.0018s ]
SQL: select * from a00_users where `id`=1 and `user_del`=0 [ RunTime:0.0010s ]
INFO: [ view_parse ] --START--
INFO: [ template_filter ] --START--
INFO: Run Behavior\ContentReplaceBehavior [ RunTime:0.000231s ]
INFO: [ template_filter ] --END-- [ RunTime:0.000367s ]
INFO: Run Behavior\ParseTemplateBehavior [ RunTime:0.035011s ]
INFO: [ view_parse ] --END-- [ RunTime:0.035146s ]
INFO: [ view_filter ] --START--
INFO: Run Behavior\WriteHtmlCacheBehavior [ RunTime:0.001651s ]
INFO: [ view_filter ] --END-- [ RunTime:0.001762s ]
INFO: [ app_end ] --START--
INFO: Run Behavior\ShowPageTraceBehavior [ RunTime:0.003175s ]
INFO: [ app_end ] --END-- [ RunTime:0.003307s ]

[ 2019-06-22T15:18:25+08:00 ] ::1 /A00/admin.php/Clothes/show.html
INFO: [ app_init ] --START--
INFO: Run Behavior\BuildLiteBehavior [ RunTime:0.000035s ]
INFO: [ app_init ] --END-- [ RunTime:0.001779s ]
INFO: [ app_begin ] --START--
INFO: Run Behavior\ReadHtmlCacheBehavior [ RunTime:0.002685s ]
INFO: [ app_begin ] --END-- [ RunTime:0.002815s ]
NOTIC: [2048] Declaration of Admin\Controller\ClothesController::show() should be compatible with Think\Controller::show($content, $charset = '', $contentType = '', $prefix = '') D:\phpStudy\WWW\A00\Application\Admin\Controller\ClothesController.class.php 第 19 行.
NOTIC: [2048] Declaration of Common\Model\BaseModel::select() should be compatible with Think\Model::select($options = Array) D:\phpStudy\WWW\A00\Application\Common\Model\BaseModel.class.php 第 11 行.
SQL: SHOW COLUMNS FROM `a00_log` [ RunTime:0.0011s ]
SQL: SHOW COLUMNS FROM `a00_categories` [ RunTime:0.0031s ]
SQL: select * from a00_categories where category_del=0 [ RunTime:0.0006s ]
INFO: [ view_parse ] --START--
INFO: [ template_filter ] --START--
INFO: Run Behavior\ContentReplaceBehavior [ RunTime:0.000280s ]
INFO: [ template_filter ] --END-- [ RunTime:0.000360s ]
INFO: Run Behavior\ParseTemplateBehavior [ RunTime:0.027981s ]
INFO: [ view_parse ] --END-- [ RunTime:0.028053s ]
INFO: [ view_filter ] --START--
INFO: Run Behavior\WriteHtmlCacheBehavior [ RunTime:0.001527s ]
INFO: [ view_filter ] --END-- [ RunTime:0.001589s ]
INFO: [ app_end ] --START--
INFO: Run Behavior\ShowPageTraceBehavior [ RunTime:0.001865s ]
INFO: [ app_end ] --END-- [ RunTime:0.001949s ]

[ 2019-06-22T15:18:31+08:00 ] ::1 /A00/admin.php/Category/showCatgeoryList.html
INFO: [ app_init ] --START--
INFO: Run Behavior\BuildLiteBehavior [ RunTime:0.000033s ]
INFO: [ app_init ] --END-- [ RunTime:0.001597s ]
INFO: [ app_begin ] --START--
INFO: Run Behavior\ReadHtmlCacheBehavior [ RunTime:0.002232s ]
INFO: [ app_begin ] --END-- [ RunTime:0.002360s ]
NOTIC: [2048] Declaration of Common\Model\BaseModel::select() should be compatible with Think\Model::select($options = Array) D:\phpStudy\WWW\A00\Application\Common\Model\BaseModel.class.php 第 11 行.
SQL: SHOW COLUMNS FROM `a00_log` [ RunTime:0.0014s ]
NOTIC: [8] Undefined index: p D:\phpStudy\WWW\A00\Application\Admin\Controller\CategoryController.class.php 第 60 行.
SQL: SHOW COLUMNS FROM `a00_categories` [ RunTime:0.0013s ]
SQL: SHOW COLUMNS FROM `a00_users` [ RunTime:0.0041s ]
SQL: select * from a00_categories where category_del=0 [ RunTime:0.0008s ]
SQL: select * from a00_categories where category_del=0 order by category_id limit  0,10 [ RunTime:0.0009s ]
SQL: select username,real_name from  a00_users [ RunTime:0.0006s ]
INFO: [ view_parse ] --START--
INFO: [ template_filter ] --START--
INFO: Run Behavior\ContentReplaceBehavior [ RunTime:0.000379s ]
INFO: [ template_filter ] --END-- [ RunTime:0.000482s ]
INFO: Run Behavior\ParseTemplateBehavior [ RunTime:0.036642s ]
INFO: [ view_parse ] --END-- [ RunTime:0.036750s ]
INFO: [ view_filter ] --START--
INFO: Run Behavior\WriteHtmlCacheBehavior [ RunTime:0.001900s ]
INFO: [ view_filter ] --END-- [ RunTime:0.001986s ]
INFO: [ app_end ] --START--
INFO: Run Behavior\ShowPageTraceBehavior [ RunTime:0.002321s ]
INFO: [ app_end ] --END-- [ RunTime:0.002402s ]

[ 2019-06-22T15:18:35+08:00 ] ::1 /A00/admin.php/Category/add.html
INFO: [ app_init ] --START--
INFO: Run Behavior\BuildLiteBehavior [ RunTime:0.000042s ]
INFO: [ app_init ] --END-- [ RunTime:0.001694s ]
INFO: [ app_begin ] --START--
INFO: Run Behavior\ReadHtmlCacheBehavior [ RunTime:0.002461s ]
INFO: [ app_begin ] --END-- [ RunTime:0.002615s ]
NOTIC: [2048] Declaration of Common\Model\BaseModel::select() should be compatible with Think\Model::select($options = Array) D:\phpStudy\WWW\A00\Application\Common\Model\BaseModel.class.php 第 11 行.
SQL: SHOW COLUMNS FROM `a00_log` [ RunTime:0.0018s ]
INFO: [ view_parse ] --START--
INFO: [ template_filter ] --START--
INFO: Run Behavior\ContentReplaceBehavior [ RunTime:0.000461s ]
INFO: [ template_filter ] --END-- [ RunTime:0.000595s ]
INFO: Run Behavior\ParseTemplateBehavior [ RunTime:0.045656s ]
INFO: [ view_parse ] --END-- [ RunTime:0.045795s ]
INFO: [ view_filter ] --START--
INFO: Run Behavior\WriteHtmlCacheBehavior [ RunTime:0.001763s ]
INFO: [ view_filter ] --END-- [ RunTime:0.001869s ]
INFO: [ app_end ] --START--
INFO: Run Behavior\ShowPageTraceBehavior [ RunTime:0.002776s ]
INFO: [ app_end ] --END-- [ RunTime:0.002921s ]

[ 2019-06-22T15:18:42+08:00 ] ::1 /A00/admin.php/Clothes/showProduct.html
INFO: [ app_init ] --START--
INFO: Run Behavior\BuildLiteBehavior [ RunTime:0.000023s ]
INFO: [ app_init ] --END-- [ RunTime:0.001078s ]
INFO: [ app_begin ] --START--
INFO: Run Behavior\ReadHtmlCacheBehavior [ RunTime:0.001521s ]
INFO: [ app_begin ] --END-- [ RunTime:0.001607s ]
NOTIC: [2048] Declaration of Admin\Controller\ClothesController::show() should be compatible with Think\Controller::show($content, $charset = '', $contentType = '', $prefix = '') D:\phpStudy\WWW\A00\Application\Admin\Controller\ClothesController.class.php 第 19 行.
NOTIC: [2048] Declaration of Common\Model\BaseModel::select() should be compatible with Think\Model::select($options = Array) D:\phpStudy\WWW\A00\Application\Common\Model\BaseModel.class.php 第 11 行.
SQL: SHOW COLUMNS FROM `a00_log` [ RunTime:0.0008s ]
NOTIC: [8] Undefined index: p D:\phpStudy\WWW\A00\Application\Admin\Controller\ClothesController.class.php 第 108 行.
NOTIC: [2048] Declaration of Admin\Model\ProductModel::find() should be compatible with Think\Model::find($options = Array) D:\phpStudy\WWW\A00\Application\Admin\Model\ProductModel.class.php 第 38 行.
SQL: SHOW COLUMNS FROM `a00_product` [ RunTime:0.0007s ]
SQL: select * from a00_product where product_del=0  [ RunTime:0.0003s ]
SQL: select * from a00_product where product_del=0 order by product_id  limit 0 ,10 [ RunTime:0.0004s ]
SQL: SHOW COLUMNS FROM `a00_categories` [ RunTime:0.0005s ]
SQL: select * from a00_categories where category_id in (6,2) [ RunTime:0.0004s ]
INFO: [ view_parse ] --START--
INFO: [ template_filter ] --START--
INFO: Run Behavior\ContentReplaceBehavior [ RunTime:0.000269s ]
INFO: [ template_filter ] --END-- [ RunTime:0.000344s ]
INFO: Run Behavior\ParseTemplateBehavior [ RunTime:0.022113s ]
INFO: [ view_parse ] --END-- [ RunTime:0.022191s ]
INFO: [ view_filter ] --START--
INFO: Run Behavior\WriteHtmlCacheBehavior [ RunTime:0.001089s ]
INFO: [ view_filter ] --END-- [ RunTime:0.001151s ]
INFO: [ app_end ] --START--
INFO: Run Behavior\ShowPageTraceBehavior [ RunTime:0.001067s ]
INFO: [ app_end ] --END-- [ RunTime:0.001133s ]

[ 2019-06-22T15:18:47+08:00 ] ::1 /A00/admin.php/Clothes/getProductFullInformation?product_id=3
INFO: [ app_init ] --START--
INFO: Run Behavior\BuildLiteBehavior [ RunTime:0.000026s ]
INFO: [ app_init ] --END-- [ RunTime:0.001175s ]
INFO: [ app_begin ] --START--
INFO: Run Behavior\ReadHtmlCacheBehavior [ RunTime:0.001819s ]
INFO: [ app_begin ] --END-- [ RunTime:0.001925s ]
NOTIC: [2048] Declaration of Admin\Controller\ClothesController::show() should be compatible with Think\Controller::show($content, $charset = '', $contentType = '', $prefix = '') D:\phpStudy\WWW\A00\Application\Admin\Controller\ClothesController.class.php 第 19 行.
NOTIC: [2048] Declaration of Common\Model\BaseModel::select() should be compatible with Think\Model::select($options = Array) D:\phpStudy\WWW\A00\Application\Common\Model\BaseModel.class.php 第 11 行.
SQL: SHOW COLUMNS FROM `a00_log` [ RunTime:0.0011s ]
NOTIC: [2048] Declaration of Admin\Model\ProductModel::find() should be compatible with Think\Model::find($options = Array) D:\phpStudy\WWW\A00\Application\Admin\Model\ProductModel.class.php 第 38 行.
SQL: SHOW COLUMNS FROM `a00_product` [ RunTime:0.0028s ]
SQL: select * from a00_product where product_id= 3 and product_del=0 [ RunTime:0.0006s ]
SQL: SHOW COLUMNS FROM `a00_product_image` [ RunTime:0.0023s ]
SQL: select * from  a00_product_image where pid=3 and `pic_del`=0 [ RunTime:0.0005s ]
SQL: SHOW COLUMNS FROM `a00_product_num` [ RunTime:0.0022s ]
SQL: select * from a00_product_num where product_id=3 and `product_del`=0 [ RunTime:0.0004s ]
SQL: SHOW COLUMNS FROM `a00_categories` [ RunTime:0.0009s ]
SQL: select * from a00_categories where category_del=0  [ RunTime:0.0006s ]
INFO: [ view_parse ] --START--
INFO: [ template_filter ] --START--
INFO: Run Behavior\ContentReplaceBehavior [ RunTime:0.000179s ]
INFO: [ template_filter ] --END-- [ RunTime:0.000262s ]
NOTIC: [2] Illegal string offset 'pic_id' D:\phpStudy\WWW\A00\Runtime\Cache\Admin\de34c5ebd2e2ef9a9ffd7959f6101890.php 第 173 行.
INFO: Run Behavior\ParseTemplateBehavior [ RunTime:0.019637s ]
INFO: [ view_parse ] --END-- [ RunTime:0.019710s ]
INFO: [ view_filter ] --START--
INFO: Run Behavior\WriteHtmlCacheBehavior [ RunTime:0.000994s ]
INFO: [ view_filter ] --END-- [ RunTime:0.001037s ]
INFO: [ app_end ] --START--
INFO: Run Behavior\ShowPageTraceBehavior [ RunTime:0.001378s ]
INFO: [ app_end ] --END-- [ RunTime:0.001433s ]

[ 2019-06-22T15:19:20+08:00 ] ::1 /A00/admin.php/Clothes/changeProduct
INFO: [ app_init ] --START--
INFO: Run Behavior\BuildLiteBehavior [ RunTime:0.000022s ]
INFO: [ app_init ] --END-- [ RunTime:0.001049s ]
INFO: [ app_begin ] --START--
INFO: Run Behavior\ReadHtmlCacheBehavior [ RunTime:0.001472s ]
INFO: [ app_begin ] --END-- [ RunTime:0.001550s ]
NOTIC: [2048] Declaration of Admin\Controller\ClothesController::show() should be compatible with Think\Controller::show($content, $charset = '', $contentType = '', $prefix = '') D:\phpStudy\WWW\A00\Application\Admin\Controller\ClothesController.class.php 第 19 行.
NOTIC: [2048] Declaration of Common\Model\BaseModel::select() should be compatible with Think\Model::select($options = Array) D:\phpStudy\WWW\A00\Application\Common\Model\BaseModel.class.php 第 11 行.
SQL: SHOW COLUMNS FROM `a00_log` [ RunTime:0.0009s ]
NOTIC: [2048] Declaration of Admin\Model\ProductModel::find() should be compatible with Think\Model::find($options = Array) D:\phpStudy\WWW\A00\Application\Admin\Model\ProductModel.class.php 第 38 行.
SQL: SHOW COLUMNS FROM `a00_product` [ RunTime:0.0019s ]
SQL: select * from a00_product where product_id=3 and product_del=0  [ RunTime:0.0005s ]
SQL: SHOW COLUMNS FROM `a00_product_num` [ RunTime:0.0019s ]
SQL: select * from a00_product_num  where `product_id`=3  and `product_del`=0 [ RunTime:0.0004s ]
SQL: update a00_product_num set `product_del`=1  where `num_id`=5 [ RunTime:0.0857s ]
SQL:  insert into a00_product_num  (product_id,product_num,product_change_date)values('3','19','2019/06/22_15:19:20') [ RunTime:0.0405s ]
SQL: insert into a00_log(log_level,log_message,log_date,log_user) values('9','天一|::1|Admin ClothesController changProduct 更新了产品E1的数量，数量为19','2019_06_22_15:19:20','天一') [ RunTime:0.0371s ]
SQL: update a00_product set  product_name='E1',product_description='童装1',product_update_date='2019/06/22_15:19:20' where product_id=3 [ RunTime:0.0399s ]
SQL: insert into a00_log(log_level,log_message,log_date,log_user) values('11','天一|::1|Admin ClothesController changProduct 更新了产品E1的信息','2019_06_22_15:19:20','天一') [ RunTime:0.0370s ]
INFO: [ app_end ] --START--
INFO: Run Behavior\ShowPageTraceBehavior [ RunTime:0.003384s ]
INFO: [ app_end ] --END-- [ RunTime:0.003521s ]

[ 2019-06-22T15:19:22+08:00 ] ::1 /A00/admin.php/Clothes/getProductFullInformation?product_id=3
INFO: [ app_init ] --START--
INFO: Run Behavior\BuildLiteBehavior [ RunTime:0.000023s ]
INFO: [ app_init ] --END-- [ RunTime:0.000850s ]
INFO: [ app_begin ] --START--
INFO: Run Behavior\ReadHtmlCacheBehavior [ RunTime:0.001266s ]
INFO: [ app_begin ] --END-- [ RunTime:0.001337s ]
NOTIC: [2048] Declaration of Admin\Controller\ClothesController::show() should be compatible with Think\Controller::show($content, $charset = '', $contentType = '', $prefix = '') D:\phpStudy\WWW\A00\Application\Admin\Controller\ClothesController.class.php 第 19 行.
NOTIC: [2048] Declaration of Common\Model\BaseModel::select() should be compatible with Think\Model::select($options = Array) D:\phpStudy\WWW\A00\Application\Common\Model\BaseModel.class.php 第 11 行.
SQL: SHOW COLUMNS FROM `a00_log` [ RunTime:0.0008s ]
NOTIC: [2048] Declaration of Admin\Model\ProductModel::find() should be compatible with Think\Model::find($options = Array) D:\phpStudy\WWW\A00\Application\Admin\Model\ProductModel.class.php 第 38 行.
SQL: SHOW COLUMNS FROM `a00_product` [ RunTime:0.0019s ]
SQL: select * from a00_product where product_id= 3 and product_del=0 [ RunTime:0.0005s ]
SQL: SHOW COLUMNS FROM `a00_product_image` [ RunTime:0.0018s ]
SQL: select * from  a00_product_image where pid=3 and `pic_del`=0 [ RunTime:0.0004s ]
SQL: SHOW COLUMNS FROM `a00_product_num` [ RunTime:0.0019s ]
SQL: select * from a00_product_num where product_id=3 and `product_del`=0 [ RunTime:0.0004s ]
SQL: SHOW COLUMNS FROM `a00_categories` [ RunTime:0.0007s ]
SQL: select * from a00_categories where category_del=0  [ RunTime:0.0003s ]
INFO: [ view_parse ] --START--
INFO: [ template_filter ] --START--
INFO: Run Behavior\ContentReplaceBehavior [ RunTime:0.000173s ]
INFO: [ template_filter ] --END-- [ RunTime:0.000243s ]
NOTIC: [2] Illegal string offset 'pic_id' D:\phpStudy\WWW\A00\Runtime\Cache\Admin\de34c5ebd2e2ef9a9ffd7959f6101890.php 第 173 行.
INFO: Run Behavior\ParseTemplateBehavior [ RunTime:0.019512s ]
INFO: [ view_parse ] --END-- [ RunTime:0.019571s ]
INFO: [ view_filter ] --START--
INFO: Run Behavior\WriteHtmlCacheBehavior [ RunTime:0.001314s ]
INFO: [ view_filter ] --END-- [ RunTime:0.001359s ]
INFO: [ app_end ] --START--
INFO: Run Behavior\ShowPageTraceBehavior [ RunTime:0.001167s ]
INFO: [ app_end ] --END-- [ RunTime:0.001213s ]

[ 2019-06-22T15:19:30+08:00 ] ::1 /A00/admin.php/Clothes/showProduct.html
INFO: [ app_init ] --START--
INFO: Run Behavior\BuildLiteBehavior [ RunTime:0.000023s ]
INFO: [ app_init ] --END-- [ RunTime:0.001116s ]
INFO: [ app_begin ] --START--
INFO: Run Behavior\ReadHtmlCacheBehavior [ RunTime:0.001502s ]
INFO: [ app_begin ] --END-- [ RunTime:0.001594s ]
NOTIC: [2048] Declaration of Admin\Controller\ClothesController::show() should be compatible with Think\Controller::show($content, $charset = '', $contentType = '', $prefix = '') D:\phpStudy\WWW\A00\Application\Admin\Controller\ClothesController.class.php 第 19 行.
NOTIC: [2048] Declaration of Common\Model\BaseModel::select() should be compatible with Think\Model::select($options = Array) D:\phpStudy\WWW\A00\Application\Common\Model\BaseModel.class.php 第 11 行.
SQL: SHOW COLUMNS FROM `a00_log` [ RunTime:0.0010s ]
NOTIC: [8] Undefined index: p D:\phpStudy\WWW\A00\Application\Admin\Controller\ClothesController.class.php 第 108 行.
NOTIC: [2048] Declaration of Admin\Model\ProductModel::find() should be compatible with Think\Model::find($options = Array) D:\phpStudy\WWW\A00\Application\Admin\Model\ProductModel.class.php 第 38 行.
SQL: SHOW COLUMNS FROM `a00_product` [ RunTime:0.0010s ]
SQL: select * from a00_product where product_del=0  [ RunTime:0.0006s ]
SQL: select * from a00_product where product_del=0 order by product_id  limit 0 ,10 [ RunTime:0.0006s ]
SQL: SHOW COLUMNS FROM `a00_categories` [ RunTime:0.0009s ]
SQL: select * from a00_categories where category_id in (6,2) [ RunTime:0.0006s ]
INFO: [ view_parse ] --START--
INFO: [ template_filter ] --START--
INFO: Run Behavior\ContentReplaceBehavior [ RunTime:0.000277s ]
INFO: [ template_filter ] --END-- [ RunTime:0.000354s ]
INFO: Run Behavior\ParseTemplateBehavior [ RunTime:0.028149s ]
INFO: [ view_parse ] --END-- [ RunTime:0.028226s ]
INFO: [ view_filter ] --START--
INFO: Run Behavior\WriteHtmlCacheBehavior [ RunTime:0.001510s ]
INFO: [ view_filter ] --END-- [ RunTime:0.001572s ]
INFO: [ app_end ] --START--
INFO: Run Behavior\ShowPageTraceBehavior [ RunTime:0.001167s ]
INFO: [ app_end ] --END-- [ RunTime:0.001212s ]

[ 2019-06-22T15:21:12+08:00 ] ::1 /A00/admin.php/Index/logout.html
INFO: [ app_init ] --START--
INFO: Run Behavior\BuildLiteBehavior [ RunTime:0.000012s ]
INFO: [ app_init ] --END-- [ RunTime:0.000531s ]
INFO: [ app_begin ] --START--
INFO: Run Behavior\ReadHtmlCacheBehavior [ RunTime:0.000717s ]
INFO: [ app_begin ] --END-- [ RunTime:0.000758s ]
INFO: [ view_parse ] --START--
INFO: [ template_filter ] --START--
INFO: Run Behavior\ContentReplaceBehavior [ RunTime:0.000161s ]
INFO: [ template_filter ] --END-- [ RunTime:0.000267s ]
INFO: Run Behavior\ParseTemplateBehavior [ RunTime:0.020583s ]
INFO: [ view_parse ] --END-- [ RunTime:0.020699s ]
INFO: [ view_filter ] --START--
INFO: Run Behavior\WriteHtmlCacheBehavior [ RunTime:0.002035s ]
INFO: [ view_filter ] --END-- [ RunTime:0.002118s ]
INFO: [ app_end ] --START--
INFO: Run Behavior\ShowPageTraceBehavior [ RunTime:0.002638s ]
INFO: [ app_end ] --END-- [ RunTime:0.002729s ]

